#
# A fatal error has been detected by the Java Runtime Environment:
#
#  SIGSEGV (0xb) at pc=0x00007f140e04415b, pid=7761, tid=0x00007f141ea4d740
#
# JRE version: Java(TM) SE Runtime Environment (8.0_121-b13) (build 1.8.0_121-b13)
# Java VM: Java HotSpot(TM) 64-Bit Server VM (25.121-b13 mixed mode linux-amd64 compressed oops)
# Problematic frame:
# C  [libstdc++.so.6+0xbe15b]  std::basic_string<char, std::char_traits<char>, std::allocator<char> >::basic_string(std::string const&)+0xb
#
# Failed to write core dump. Core dumps have been disabled. To enable core dumping, try "ulimit -c unlimited" before starting Java again
#
# If you would like to submit a bug report, please visit:
#   http://bugreport.java.com/bugreport/crash.jsp
#

---------------  T H R E A D  ---------------

Current thread is native thread

siginfo: si_signo: 11 (SIGSEGV), si_code: 1 (SEGV_MAPERR), si_addr: 0xfffffffffffffff8

Registers:
RAX=0x0000000000000000, RBX=0x00007ffd5219fbc0, RCX=0x0000000003728f58, RDX=0x00007f141d8bec7c
RSP=0x00007ffd5219fb80, RBP=0x00007f13eb515570, RSI=0x0000000002496190, RDI=0x00007ffd5219fbc0
R8 =0x0000000000000002, R9 =0x0000000000000004, R10=0x0000000000000000, R11=0x00007f141d8f4790
R12=0x00007f141e8516c0, R13=0x00007ffd5219fc20, R14=0x00007f14060050c0, R15=0x00007f13ea2f5ed0
RIP=0x00007f140e04415b, EFLAGS=0x0000000000010202, CSGSFS=0x0000000000000033, ERR=0x0000000000000005
  TRAPNO=0x000000000000000e

Top of Stack: (sp=0x00007ffd5219fb80)
0x00007ffd5219fb80:   00007f1405dbd590 00007f13eb515570
0x00007ffd5219fb90:   00007f1405dbd590 00007f1405dbd617
0x00007ffd5219fba0:   00007f1404bccb50 00007f141e507f44
0x00007ffd5219fbb0:   00007f13eb515570 00007ffd5219fbe0
0x00007ffd5219fbc0:   00007f1411632cd0 00007f141e5ae2c7
0x00007ffd5219fbd0:   00007f13ea2f5ed0 00007f141e510928
0x00007ffd5219fbe0:   00007f1405fdcf50 0000000003728f58
0x00007ffd5219fbf0:   0000003000000000 00007ffd5219fcf0
0x00007ffd5219fc00:   00007ffd5219fc10 00007f1405d1ea28
0x00007ffd5219fc10:   00007f1405feab70 00007f1405d19390
0x00007ffd5219fc20:   00007f1405fddb50 0000000000000000
0x00007ffd5219fc30:   0000000000000000 0000000000000000
0x00007ffd5219fc40:   0000000000000000 0000000000000000
0x00007ffd5219fc50:   0000000000000000 0000000000000000
0x00007ffd5219fc60:   0000000000000000 0000000000000000
0x00007ffd5219fc70:   0000000000000000 00007f1405dbd590
0x00007ffd5219fc80:   00007f13eb515570 00007f141e8516c0
0x00007ffd5219fc90:   00007f1405ffc9a3 00007f14060050c0
0x00007ffd5219fca0:   00000000ffffffff 00007f141e4a6dc3
0x00007ffd5219fcb0:   00000000015af0a0 00007f13eb50b560
0x00007ffd5219fcc0:   00007f13eb50b3d0 00007f13eb50b568
0x00007ffd5219fcd0:   00007f13eb50b3d0 00000000015af0a0
0x00007ffd5219fce0:   00007f1405ffc9a3 00007f141e5586c7
0x00007ffd5219fcf0:   00007f141e935198 00007f141e9351bc
0x00007ffd5219fd00:   0000000000000001 00007f13ea2f5ed0
0x00007ffd5219fd10:   0000000000000000 00007f1404bccb50
0x00007ffd5219fd20:   00000000ffffffff 00000000015af0a0
0x00007ffd5219fd30:   0000000000000000 d0c3576074d8b0ae
0x00007ffd5219fd40:   00007f13eb515570 00007f141e851240
0x00007ffd5219fd50:   00007f1405ffc994 ffffffff060050f0
0x00007ffd5219fd60:   00007f1405ffeab0 0000000000000000
0x00007ffd5219fd70:   00007f141e80eb50 0000000000000000 

Instructions: (pc=0x00007f140e04415b)
0x00007f140e04413b:   74 06 f0 83 02 01 eb dd 83 c0 01 89 47 10 eb d5
0x00007f140e04414b:   90 90 90 90 90 53 48 89 fb 48 83 ec 10 48 8b 06
0x00007f140e04415b:   8b 50 f8 48 8d 78 e8 85 d2 78 1a 48 3b 3d db 07
0x00007f140e04416b:   24 00 75 26 48 89 03 48 83 c4 10 5b c3 0f 1f 84 

Register to memory mapping:

RAX=0x0000000000000000 is an unknown value
RBX=0x00007ffd5219fbc0 is an unknown value
RCX=0x0000000003728f58 is an unknown value
RDX=0x00007f141d8bec7c: <offset 0x151c7c> in /lib/x86_64-linux-gnu/libc.so.6 at 0x00007f141d76d000
RSP=0x00007ffd5219fb80 is an unknown value
RBP=0x00007f13eb515570 is an unknown value
RSI=0x0000000002496190 is an unknown value
RDI=0x00007ffd5219fbc0 is an unknown value
R8 =0x0000000000000002 is an unknown value
R9 =0x0000000000000004 is an unknown value
R10=0x0000000000000000 is an unknown value
R11=0x00007f141d8f4790: <offset 0x187790> in /lib/x86_64-linux-gnu/libc.so.6 at 0x00007f141d76d000
R12=0x00007f141e8516c0: _PyThreadState_Current+0 in /opt/anaconda2/bin/../lib/libpython2.7.so.1.0 at 0x00007f141e45d000
R13=0x00007ffd5219fc20 is an unknown value
R14=0x00007f14060050c0 is an unknown value
R15=0x00007f13ea2f5ed0 is an unknown value


Stack: [0x00007ffd520a4000,0x00007ffd521a4000],  sp=0x00007ffd5219fb80,  free space=1006k
Native frames: (J=compiled Java code, j=interpreted, Vv=VM code, C=native code)
C  [libstdc++.so.6+0xbe15b]  std::basic_string<char, std::char_traits<char>, std::allocator<char> >::basic_string(std::string const&)+0xb


---------------  P R O C E S S  ---------------

VM state:at safepoint (shutting down)

VM Mutex/Monitor currently owned by a thread:  ([mutex/lock_event])
[0x0000000001e5ce10] Threads_lock - owner thread: 0x000000000234e000

Heap:
 PSYoungGen      total 619520K, used 37708K [0x00000000d6c00000, 0x00000000fef00000, 0x0000000100000000)
  eden space 612352K, 5% used [0x00000000d6c00000,0x00000000d89ed900,0x00000000fc200000)
  from space 7168K, 98% used [0x00000000fcb80000,0x00000000fd2658c0,0x00000000fd280000)
  to   space 23040K, 0% used [0x00000000fd880000,0x00000000fd880000,0x00000000fef00000)
 ParOldGen       total 1351680K, used 1057534K [0x0000000084400000, 0x00000000d6c00000, 0x00000000d6c00000)
  object space 1351680K, 78% used [0x0000000084400000,0x00000000c4cbfb88,0x00000000d6c00000)
 Metaspace       used 10917K, capacity 11148K, committed 11392K, reserved 1058816K
  class space    used 1061K, capacity 1126K, committed 1152K, reserved 1048576K

Card table byte_map: [0x00007f13f2e1a000,0x00007f13f31f9000] byte_map_base: 0x00007f13f29f8000

Marking Bits: (ParMarkBitMap*) 0x00007f14041ffc80
 Begin Bits: [0x00007f13de9a2000, 0x00007f13e0892000)
 End Bits:   [0x00007f13e0892000, 0x00007f13e2782000)

Polling page: 0x00007f141ea6d000

CodeCache: size=245760Kb used=8530Kb max_used=8836Kb free=237229Kb
 bounds [0x00007f13f35b9000, 0x00007f13f3ef9000, 0x00007f14025b9000]
 total_blobs=2659 nmethods=2345 adapters=227
 compilation: enabled

Compilation events (10 events):
Event: 15149.763 Thread 0x0000000002392000 3464 % !   3       jpype.ref.JPypeReferenceQueue::run @ 3 (112 bytes)
Event: 15149.764 Thread 0x0000000002392000 

Event: 21800.438 Thread 0x0000000002390800 3465 %     4       com.sun.org.apache.xerces.internal.util.SymbolTable::rehashCommon @ 61 (114 bytes)
Event: 21800.458 Thread 0x0000000002390800 nmethod 3465% 0x00007f13f3986050 code [0x00007f13f39861c0, 0x00007f13f39866b8]
Event: 21837.131 Thread 0x0000000002392000 3466       3       com.sun.org.apache.xerces.internal.util.SymbolTable::rehash (14 bytes)
Event: 21837.132 Thread 0x0000000002392000 nmethod 3466 0x00007f13f3894810 code [0x00007f13f3894980, 0x00007f13f3894b08]
Event: 21866.526 Thread 0x000000000238d800 3467       4       com.sun.org.apache.xerces.internal.util.SymbolTable::rehashCommon (114 bytes)
Event: 21866.533 Thread 0x000000000238d800 nmethod 3467 0x00007f13f3989a90 code [0x00007f13f3989c00, 0x00007f13f398a038]
Event: 23536.258 Thread 0x0000000002392000 3468       1       java.util.logging.LogManager$LoggerContext::getOwner (5 bytes)
Event: 23536.259 Thread 0x0000000002392000 nmethod 3468 0x00007f13f3962c50 code [0x00007f13f3962da0, 0x00007f13f3962eb0]

GC Heap History (10 events):
Event: 21864.430 GC heap before
{Heap before GC invocations=20335 (full 316):
 PSYoungGen      total 654336K, used 645778K [0x00000000d6c00000, 0x0000000100000000, 0x0000000100000000)
  eden space 633856K, 100% used [0x00000000d6c00000,0x00000000fd700000,0x00000000fd700000)
  from space 20480K, 58% used [0x00000000feb80000,0x00000000ff724a58,0x00000000fff80000)
  to   space 20992K, 0% used [0x00000000fd700000,0x00000000fd700000,0x00000000feb80000)
 ParOldGen       total 1351680K, used 1055350K [0x0000000084400000, 0x00000000d6c00000, 0x00000000d6c00000)
  object space 1351680K, 78% used [0x0000000084400000,0x00000000c4a9db88,0x00000000d6c00000)
 Metaspace       used 10904K, capacity 11148K, committed 11392K, reserved 1058816K
  class space    used 1059K, capacity 1126K, committed 1152K, reserved 1048576K
Event: 21864.440 GC heap after
Heap after GC invocations=20335 (full 316):
 PSYoungGen      total 645120K, used 10778K [0x00000000d6c00000, 0x0000000100000000, 0x0000000100000000)
  eden space 633856K, 0% used [0x00000000d6c00000,0x00000000d6c00000,0x00000000fd700000)
  from space 11264K, 95% used [0x00000000fd700000,0x00000000fe186b20,0x00000000fe200000)
  to   space 21504K, 0% used [0x00000000feb00000,0x00000000feb00000,0x0000000100000000)
 ParOldGen       total 1351680K, used 1055358K [0x0000000084400000, 0x00000000d6c00000, 0x00000000d6c00000)
  object space 1351680K, 78% used [0x0000000084400000,0x00000000c4a9fb88,0x00000000d6c00000)
 Metaspace       used 10904K, capacity 11148K, committed 11392K, reserved 1058816K
  class space    used 1059K, capacity 1126K, committed 1152K, reserved 1048576K
}
Event: 21865.493 GC heap before
{Heap before GC invocations=20336 (full 316):
 PSYoungGen      total 645120K, used 644634K [0x00000000d6c00000, 0x0000000100000000, 0x0000000100000000)
  eden space 633856K, 100% used [0x00000000d6c00000,0x00000000fd700000,0x00000000fd700000)
  from space 11264K, 95% used [0x00000000fd700000,0x00000000fe186b20,0x00000000fe200000)
  to   space 21504K, 0% used [0x00000000feb00000,0x00000000feb00000,0x0000000100000000)
 ParOldGen       total 1351680K, used 1055358K [0x0000000084400000, 0x00000000d6c00000, 0x00000000d6c00000)
  object space 1351680K, 78% used [0x0000000084400000,0x00000000c4a9fb88,0x00000000d6c00000)
 Metaspace       used 10904K, capacity 11148K, committed 11392K, reserved 1058816K
  class space    used 1059K, capacity 1126K, committed 1152K, reserved 1048576K
Event: 21865.503 GC heap after
Heap after GC invocations=20336 (full 316):
 PSYoungGen      total 653312K, used 11578K [0x00000000d6c00000, 0x0000000100000000, 0x0000000100000000)
  eden space 631808K, 0% used [0x00000000d6c00000,0x00000000d6c00000,0x00000000fd500000)
  from space 21504K, 53% used [0x00000000feb00000,0x00000000ff64e8f0,0x0000000100000000)
  to   space 22016K, 0% used [0x00000000fd500000,0x00000000fd500000,0x00000000fea80000)
 ParOldGen       total 1351680K, used 1055366K [0x0000000084400000, 0x00000000d6c00000, 0x00000000d6c00000)
  object space 1351680K, 78% used [0x0000000084400000,0x00000000c4aa1b88,0x00000000d6c00000)
 Metaspace       used 10904K, capacity 11148K, committed 11392K, reserved 1058816K
  class space    used 1059K, capacity 1126K, committed 1152K, reserved 1048576K
}
Event: 21866.568 GC heap before
{Heap before GC invocations=20337 (full 316):
 PSYoungGen      total 653312K, used 643386K [0x00000000d6c00000, 0x0000000100000000, 0x0000000100000000)
  eden space 631808K, 100% used [0x00000000d6c00000,0x00000000fd500000,0x00000000fd500000)
  from space 21504K, 53% used [0x00000000feb00000,0x00000000ff64e8f0,0x0000000100000000)
  to   space 22016K, 0% used [0x00000000fd500000,0x00000000fd500000,0x00000000fea80000)
 ParOldGen       total 1351680K, used 1055366K [0x0000000084400000, 0x00000000d6c00000, 0x00000000d6c00000)
  object space 1351680K, 78% used [0x0000000084400000,0x00000000c4aa1b88,0x00000000d6c00000)
 Metaspace       used 10904K, capacity 11148K, committed 11392K, reserved 1058816K
  class space    used 1059K, capacity 1126K, committed 1152K, reserved 1048576K
Event: 21866.577 GC heap after
Heap after GC invocations=20337 (full 316):
 PSYoungGen      total 653824K, used 11608K [0x00000000d6c00000, 0x0000000100000000, 0x0000000100000000)
  eden space 631808K, 0% used [0x00000000d6c00000,0x00000000d6c00000,0x00000000fd500000)
  from space 22016K, 52% used [0x00000000fd500000,0x00000000fe056150,0x00000000fea80000)
  to   space 22016K, 0% used [0x00000000fea80000,0x00000000fea80000,0x0000000100000000)
 ParOldGen       total 1351680K, used 1055374K [0x0000000084400000, 0x00000000d6c00000, 0x00000000d6c00000)
  object space 1351680K, 78% used [0x0000000084400000,0x00000000c4aa3b88,0x00000000d6c00000)
 Metaspace       used 10904K, capacity 11148K, committed 11392K, reserved 1058816K
  class space    used 1059K, capacity 1126K, committed 1152K, reserved 1048576K
}
Event: 21867.776 GC heap before
{Heap before GC invocations=20338 (full 316):
 PSYoungGen      total 653824K, used 643416K [0x00000000d6c00000, 0x0000000100000000, 0x0000000100000000)
  eden space 631808K, 100% used [0x00000000d6c00000,0x00000000fd500000,0x00000000fd500000)
  from space 22016K, 52% used [0x00000000fd500000,0x00000000fe056150,0x00000000fea80000)
  to   space 22016K, 0% used [0x00000000fea80000,0x00000000fea80000,0x0000000100000000)
 ParOldGen       total 1351680K, used 1055374K [0x0000000084400000, 0x00000000d6c00000, 0x00000000d6c00000)
  object space 1351680K, 78% used [0x0000000084400000,0x00000000c4aa3b88,0x00000000d6c00000)
 Metaspace       used 10904K, capacity 11148K, committed 11392K, reserved 1058816K
  class space    used 1059K, capacity 1126K, committed 1152K, reserved 1048576K
Event: 21867.785 GC heap after
Heap after GC invocations=20338 (full 316):
 PSYoungGen      total 636416K, used 5352K [0x00000000d6c00000, 0x00000000ff880000, 0x0000000100000000)
  eden space 622080K, 0% used [0x00000000d6c00000,0x00000000d6c00000,0x00000000fcb80000)
  from space 14336K, 37% used [0x00000000fea80000,0x00000000fefba3d0,0x00000000ff880000)
  to   space 23040K, 0% used [0x00000000fcb80000,0x00000000fcb80000,0x00000000fe200000)
 ParOldGen       total 1351680K, used 1057518K [0x0000000084400000, 0x00000000d6c00000, 0x00000000d6c00000)
  object space 1351680K, 78% used [0x0000000084400000,0x00000000c4cbbb88,0x00000000d6c00000)
 Metaspace       used 10904K, capacity 11148K, committed 11392K, reserved 1058816K
  class space    used 1059K, capacity 1126K, committed 1152K, reserved 1048576K
}
Event: 21869.067 GC heap before
{Heap before GC invocations=20339 (full 316):
 PSYoungGen      total 636416K, used 627432K [0x00000000d6c00000, 0x00000000ff880000, 0x0000000100000000)
  eden space 622080K, 100% used [0x00000000d6c00000,0x00000000fcb80000,0x00000000fcb80000)
  from space 14336K, 37% used [0x00000000fea80000,0x00000000fefba3d0,0x00000000ff880000)
  to   space 23040K, 0% used [0x00000000fcb80000,0x00000000fcb80000,0x00000000fe200000)
 ParOldGen       total 1351680K, used 1057518K [0x0000000084400000, 0x00000000d6c00000, 0x00000000d6c00000)
  object space 1351680K, 78% used [0x0000000084400000,0x00000000c4cbbb88,0x00000000d6c00000)
 Metaspace       used 10904K, capacity 11148K, committed 11392K, reserved 1058816K
  class space    used 1059K, capacity 1126K, committed 1152K, reserved 1048576K
Event: 21869.076 GC heap after
Heap after GC invocations=20339 (full 316):
 PSYoungGen      total 619520K, used 7062K [0x00000000d6c00000, 0x00000000fef00000, 0x0000000100000000)
  eden space 612352K, 0% used [0x00000000d6c00000,0x00000000d6c00000,0x00000000fc200000)
  from space 7168K, 98% used [0x00000000fcb80000,0x00000000fd2658c0,0x00000000fd280000)
  to   space 23040K, 0% used [0x00000000fd880000,0x00000000fd880000,0x00000000fef00000)
 ParOldGen       total 1351680K, used 1057534K [0x0000000084400000, 0x00000000d6c00000, 0x00000000d6c00000)
  object space 1351680K, 78% used [0x0000000084400000,0x00000000c4cbfb88,0x00000000d6c00000)
 Metaspace       used 10904K, capacity 11148K, committed 11392K, reserved 1058816K
  class space    used 1059K, capacity 1126K, committed 1152K, reserved 1048576K
}

Deoptimization events (10 events):
Event: 2120.411 Thread 0x0000000001696000 Uncommon trap: reason=unstable_if action=reinterpret pc=0x00007f13f3b31754 method=sun.nio.cs.UTF_8$Decoder.decodeArrayLoop(Ljava/nio/ByteBuffer;Ljava/nio/CharBuffer;)Ljava/nio/charset/CoderResult; @ 184
Event: 2459.747 Thread 0x0000000001696000 Uncommon trap: reason=unstable_if action=reinterpret pc=0x00007f13f37c8474 method=sun.nio.cs.UTF_8$Decoder.decodeArrayLoop(Ljava/nio/ByteBuffer;Ljava/nio/CharBuffer;)Ljava/nio/charset/CoderResult; @ 434
Event: 4260.861 Thread 0x0000000001696000 Uncommon trap: reason=bimorphic action=maybe_recompile pc=0x00007f13f39e5fd8 method=java.io.BufferedInputStream.fill()V @ 214
Event: 4278.636 Thread 0x0000000001696000 Uncommon trap: reason=unstable_if action=reinterpret pc=0x00007f13f399eb34 method=java.util.LinkedList$ListItr.<init>(Ljava/util/LinkedList;I)V @ 26
Event: 4278.637 Thread 0x0000000001696000 Uncommon trap: reason=unstable_if action=reinterpret pc=0x00007f13f38f51a8 method=java.util.LinkedList$ListItr.<init>(Ljava/util/LinkedList;I)V @ 26
Event: 4304.597 Thread 0x0000000001696000 Uncommon trap: reason=bimorphic action=maybe_recompile pc=0x00007f13f39e5fd8 method=java.io.BufferedInputStream.fill()V @ 214
Event: 4304.597 Thread 0x0000000001696000 Uncommon trap: reason=bimorphic action=maybe_recompile pc=0x00007f13f39e5fd8 method=java.io.BufferedInputStream.fill()V @ 214
Event: 4304.597 Thread 0x0000000001696000 Uncommon trap: reason=bimorphic action=maybe_recompile pc=0x00007f13f39e5fd8 method=java.io.BufferedInputStream.fill()V @ 214
Event: 9330.618 Thread 0x0000000001696000 Uncommon trap: reason=unstable_if action=reinterpret pc=0x00007f13f3d2d3a4 method=com.github.gumtreediff.actions.ActionGenerator.lcs(Ljava/util/List;Ljava/util/List;)Ljava/util/List; @ 206
Event: 12903.503 Thread 0x0000000001696000 Uncommon trap: reason=unstable_if action=reinterpret pc=0x00007f13f3aa81b0 method=sun.nio.cs.UTF_8$Encoder.encodeArrayLoop(Ljava/nio/CharBuffer;Ljava/nio/ByteBuffer;)Ljava/nio/charset/CoderResult; @ 400

Internal exceptions (10 events):
Event: 0.058 Thread 0x0000000001696000 Exception <a 'java/lang/NoSuchMethodError': Method sun.misc.Unsafe.defineClass(Ljava/lang/String;[BII)Ljava/lang/Class; name or signature does not match> (0x00000000d6c07ca8) thrown at [/HUDSON3/workspace/8-2-build-linux-amd64/jdk8u121/8372/hotspot/src/sh
Event: 0.058 Thread 0x0000000001696000 Exception <a 'java/lang/NoSuchMethodError': Method sun.misc.Unsafe.prefetchRead(Ljava/lang/Object;J)V name or signature does not match> (0x00000000d6c07f90) thrown at [/HUDSON3/workspace/8-2-build-linux-amd64/jdk8u121/8372/hotspot/src/share/vm/prims/jni.c
Event: 0.469 Thread 0x0000000001696000 Exception <a 'java/security/PrivilegedActionException'> (0x00000000d71df9b8) thrown at [/HUDSON3/workspace/8-2-build-linux-amd64/jdk8u121/8372/hotspot/src/share/vm/prims/jvm.cpp, line 1390]
Event: 0.469 Thread 0x0000000001696000 Exception <a 'java/security/PrivilegedActionException'> (0x00000000d71dfbc8) thrown at [/HUDSON3/workspace/8-2-build-linux-amd64/jdk8u121/8372/hotspot/src/share/vm/prims/jvm.cpp, line 1390]
Event: 0.469 Thread 0x0000000001696000 Exception <a 'java/security/PrivilegedActionException'> (0x00000000d71e1ca8) thrown at [/HUDSON3/workspace/8-2-build-linux-amd64/jdk8u121/8372/hotspot/src/share/vm/prims/jvm.cpp, line 1390]
Event: 0.469 Thread 0x0000000001696000 Exception <a 'java/security/PrivilegedActionException'> (0x00000000d71e1eb8) thrown at [/HUDSON3/workspace/8-2-build-linux-amd64/jdk8u121/8372/hotspot/src/share/vm/prims/jvm.cpp, line 1390]
Event: 0.544 Thread 0x0000000001696000 Exception <a 'java/lang/NoSuchFieldError': method resolution failed> (0x00000000d7494710) thrown at [/HUDSON3/workspace/8-2-build-linux-amd64/jdk8u121/8372/hotspot/src/share/vm/prims/methodHandles.cpp, line 1146]
Event: 0.545 Thread 0x0000000001696000 Exception <a 'java/lang/NoSuchFieldError': method resolution failed> (0x00000000d74a1e60) thrown at [/HUDSON3/workspace/8-2-build-linux-amd64/jdk8u121/8372/hotspot/src/share/vm/prims/methodHandles.cpp, line 1146]
Event: 1.622 Thread 0x0000000001696000 Implicit null exception at 0x00007f13f3ab8e85 to 0x00007f13f3ab9231
Event: 1498.122 Thread 0x00000000037bb000 Implicit null exception at 0x00007f13f3a49d08 to 0x00007f13f3a49e31

Events (10 events):
Event: 23536.243 Thread 0x00000000023bd800 Thread exited: 0x00000000023bd800
Event: 23536.246 loading class java/util/IdentityHashMap$KeySet
Event: 23536.252 loading class java/util/IdentityHashMap$KeySet done
Event: 23536.254 loading class java/util/IdentityHashMap$KeyIterator
Event: 23536.254 loading class java/util/IdentityHashMap$IdentityHashMapIterator
Event: 23536.254 loading class java/util/IdentityHashMap$IdentityHashMapIterator done
Event: 23536.254 loading class java/util/IdentityHashMap$KeyIterator done
Event: 23536.255 Thread 0x00000000023b2800 Thread added: 0x00000000023b2800
Event: 23536.258 Thread 0x00000000023b2800 Thread exited: 0x00000000023b2800
Event: 23536.260 Thread 0x0000000001696000 Thread exited: 0x0000000001696000


Dynamic libraries:
00400000-00401000 r-xp 00000000 08:02 6308735                            /opt/anaconda2/bin/python2.7
00600000-00601000 rw-p 00000000 08:02 6308735                            /opt/anaconda2/bin/python2.7
015af000-0739a000 rw-p 00000000 00:00 0                                  [heap]
84400000-d6c00000 rw-p 00000000 00:00 0 
d6c00000-fef00000 rw-p 00000000 00:00 0 
fef00000-100000000 ---p 00000000 00:00 0 
100000000-100120000 rw-p 00000000 00:00 0 
100120000-140000000 ---p 00000000 00:00 0 
7f13a0000000-7f13a0021000 rw-p 00000000 00:00 0 
7f13a0021000-7f13a4000000 ---p 00000000 00:00 0 
7f13a8000000-7f13a8021000 rw-p 00000000 00:00 0 
7f13a8021000-7f13ac000000 ---p 00000000 00:00 0 
7f13ac000000-7f13ac021000 rw-p 00000000 00:00 0 
7f13ac021000-7f13b0000000 ---p 00000000 00:00 0 
7f13b0000000-7f13b0021000 rw-p 00000000 00:00 0 
7f13b0021000-7f13b4000000 ---p 00000000 00:00 0 
7f13b4000000-7f13b4021000 rw-p 00000000 00:00 0 
7f13b4021000-7f13b8000000 ---p 00000000 00:00 0 
7f13b8000000-7f13b9078000 rw-p 00000000 00:00 0 
7f13b9078000-7f13bc000000 ---p 00000000 00:00 0 
7f13bc000000-7f13bcafb000 rw-p 00000000 00:00 0 
7f13bcafb000-7f13c0000000 ---p 00000000 00:00 0 
7f13c0000000-7f13c0021000 rw-p 00000000 00:00 0 
7f13c0021000-7f13c4000000 ---p 00000000 00:00 0 
7f13c4000000-7f13c69e1000 rw-p 00000000 00:00 0 
7f13c69e1000-7f13c8000000 ---p 00000000 00:00 0 
7f13c8000000-7f13c8021000 rw-p 00000000 00:00 0 
7f13c8021000-7f13cc000000 ---p 00000000 00:00 0 
7f13cc000000-7f13cc021000 rw-p 00000000 00:00 0 
7f13cc021000-7f13d0000000 ---p 00000000 00:00 0 
7f13d0000000-7f13d0021000 rw-p 00000000 00:00 0 
7f13d0021000-7f13d4000000 ---p 00000000 00:00 0 
7f13d4000000-7f13d4063000 rw-p 00000000 00:00 0 
7f13d4063000-7f13d8000000 ---p 00000000 00:00 0 
7f13d8000000-7f13d8021000 rw-p 00000000 00:00 0 
7f13d8021000-7f13dc000000 ---p 00000000 00:00 0 
7f13de9a2000-7f13e2782000 rw-p 00000000 00:00 0 
7f13e4000000-7f13e4021000 rw-p 00000000 00:00 0 
7f13e4021000-7f13e8000000 ---p 00000000 00:00 0 
7f13ea2e4000-7f13ea782000 rw-p 00000000 00:00 0 
7f13ea79e000-7f13ea85e000 rw-p 00000000 00:00 0 
7f13eaade000-7f13eab1e000 rw-p 00000000 00:00 0 
7f13eac1e000-7f13eac5e000 rw-p 00000000 00:00 0 
7f13eb05e000-7f13eb09e000 rw-p 00000000 00:00 0 
7f13eb0de000-7f13eb11e000 rw-p 00000000 00:00 0 
7f13eb11e000-7f13eb121000 ---p 00000000 00:00 0 
7f13eb121000-7f13eb357000 rw-p 00000000 00:00 0 
7f13eb357000-7f13eb35a000 ---p 00000000 00:00 0 
7f13eb35a000-7f13eb390000 rw-p 00000000 00:00 0 
7f13eb390000-7f13eb393000 r--s 0001a000 08:02 4204888                    /opt/jdk1.8.0_121/jre/lib/jce.jar
7f13eb393000-7f13eb397000 r--s 0009a000 08:02 4204709                    /opt/jdk1.8.0_121/jre/lib/jsse.jar
7f13eb397000-7f13eb399000 r--s 00008000 08:02 6438480                    /opt/gumtree/gumtree/dist/build/distributions/gumtree-20170703-2.1.0-SNAPSHOT/lib/websocket-server-9.3.6.v20151106.jar
7f13eb399000-7f13eb39d000 r--s 0002a000 08:02 6438504                    /opt/gumtree/gumtree/dist/build/distributions/gumtree-20170703-2.1.0-SNAPSHOT/lib/websocket-common-9.3.6.v20151106.jar
7f13eb39d000-7f13eb3a0000 r--s 00009000 08:02 6438506                    /opt/gumtree/gumtree/dist/build/distributions/gumtree-20170703-2.1.0-SNAPSHOT/lib/websocket-api-9.3.6.v20151106.jar
7f13eb3a0000-7f13eb3c8000 r--s 00241000 08:02 6438462                    /opt/gumtree/gumtree/dist/build/distributions/gumtree-20170703-2.1.0-SNAPSHOT/lib/trove4j-3.0.3.jar
7f13eb3c8000-7f13eb3cc000 r--s 00037000 08:02 6438490                    /opt/gumtree/gumtree/dist/build/distributions/gumtree-20170703-2.1.0-SNAPSHOT/lib/ST4-4.0.8.jar
7f13eb3cc000-7f13eb3db000 r--s 000b0000 08:02 6438485                    /opt/gumtree/gumtree/dist/build/distributions/gumtree-20170703-2.1.0-SNAPSHOT/lib/spring-webmvc-4.1.6.RELEASE.jar
7f13eb3db000-7f13eb3eb000 r--s 000a0000 08:02 6438511                    /opt/gumtree/gumtree/dist/build/distributions/gumtree-20170703-2.1.0-SNAPSHOT/lib/spring-web-4.1.6.RELEASE.jar
7f13eb3eb000-7f13eb3f0000 r--s 0003b000 08:02 6438510                    /opt/gumtree/gumtree/dist/build/distributions/gumtree-20170703-2.1.0-SNAPSHOT/lib/spring-expression-4.1.6.RELEASE.jar
7f13eb3f0000-7f13eb405000 r--s 000e2000 08:02 6438509                    /opt/gumtree/gumtree/dist/build/distributions/gumtree-20170703-2.1.0-SNAPSHOT/lib/spring-core-4.1.6.RELEASE.jar
7f13eb405000-7f13eb41d000 r--s 000e3000 08:02 6438508                    /opt/gumtree/gumtree/dist/build/distributions/gumtree-20170703-2.1.0-SNAPSHOT/lib/spring-context-4.1.6.RELEASE.jar
7f13eb41d000-7f13eb42a000 r--s 000a0000 08:02 6438507                    /opt/gumtree/gumtree/dist/build/distributions/gumtree-20170703-2.1.0-SNAPSHOT/lib/spring-beans-4.1.6.RELEASE.jar
7f13eb42a000-7f13eb433000 r--s 0004f000 08:02 6438517                    /opt/gumtree/gumtree/dist/build/distributions/gumtree-20170703-2.1.0-SNAPSHOT/lib/spring-aop-4.1.6.RELEASE.jar
7f13eb433000-7f13eb437000 r--s 00020000 08:02 6438465                    /opt/gumtree/gumtree/dist/build/distributions/gumtree-20170703-2.1.0-SNAPSHOT/lib/spark-core-2.5.2.jar
7f13eb437000-7f13eb439000 r--s 00009000 08:02 6438520                    /opt/gumtree/gumtree/dist/build/distributions/gumtree-20170703-2.1.0-SNAPSHOT/lib/slf4j-api-1.7.21.jar
7f13eb439000-7f13eb43d000 r--s 00015000 08:02 6438461                    /opt/gumtree/gumtree/dist/build/distributions/gumtree-20170703-2.1.0-SNAPSHOT/lib/simmetrics-core-3.2.3.jar
7f13eb43d000-7f13eb43f000 r--s 00011000 08:02 6438471                    /opt/gumtree/gumtree/dist/build/distributions/gumtree-20170703-2.1.0-SNAPSHOT/lib/runtime-3.10.0-v20140318-2214.jar
7f13eb43f000-7f13eb44c000 r--s 00126000 08:02 6438473                    /opt/gumtree/gumtree/dist/build/distributions/gumtree-20170703-2.1.0-SNAPSHOT/lib/rhino-1.7.7.jar
7f13eb44c000-7f13eb44f000 r--s 00012000 08:02 6438466                    /opt/gumtree/gumtree/dist/build/distributions/gumtree-20170703-2.1.0-SNAPSHOT/lib/rendersnake-1.9.0.jar
7f13eb44f000-7f13eb453000 r--s 00029000 08:02 6438495                    /opt/gumtree/gumtree/dist/build/distributions/gumtree-20170703-2.1.0-SNAPSHOT/lib/registry-3.5.400-v20140428-1507.jar
7f13eb453000-7f13eb456000 r--s 0001d000 08:02 6438464                    /opt/gumtree/gumtree/dist/build/distributions/gumtree-20170703-2.1.0-SNAPSHOT/lib/reflections-0.9.10.jar
7f13eb456000-7f13eb45a000 r--s 0001c000 08:02 6438496                    /opt/gumtree/gumtree/dist/build/distributions/gumtree-20170703-2.1.0-SNAPSHOT/lib/preferences-3.5.200-v20140224-1527.jar
7f13eb45a000-7f13eb460000 r--s 00073000 08:02 6438469                    /opt/gumtree/gumtree/dist/build/distributions/gumtree-20170703-2.1.0-SNAPSHOT/lib/ph-css-5.0.1.jar
7f13eb460000-7f13eb47c000 r--s 0012f000 08:02 6438491                    /opt/gumtree/gumtree/dist/build/distributions/gumtree-20170703-2.1.0-SNAPSHOT/lib/ph-commons-8.3.0.jar
7f13eb47c000-7f13eb490000 r--s 00121000 08:02 6438492                    /opt/gumtree/gumtree/dist/build/distributions/gumtree-20170703-2.1.0-SNAPSHOT/lib/osgi-3.10.0-v20140606-1445.jar
7f13eb490000-7f13eb4c0000 r--s 00544000 08:02 6438470                    /opt/gumtree/gumtree/dist/build/distributions/gumtree-20170703-2.1.0-SNAPSHOT/lib/org.eclipse.jdt.core-3.11.0.v20150602-1242.jar
7f13eb4c0000-7f13eb4cb000 r--s 000cd000 08:02 6438472                    /opt/gumtree/gumtree/dist/build/distributions/gumtree-20170703-2.1.0-SNAPSHOT/lib/org.eclipse.core.resources-3.10.0.v20150423-0755.jar
7f13eb4cb000-7f13eb4d1000 r--s 00034000 08:02 6438482                    /opt/gumtree/gumtree/dist/build/distributions/gumtree-20170703-2.1.0-SNAPSHOT/lib/junit-4.8.2.jar
7f13eb4d1000-7f13eb4d5000 r--s 0003a000 08:02 6438486                    /opt/gumtree/gumtree/dist/build/distributions/gumtree-20170703-2.1.0-SNAPSHOT/lib/jtidy-r938.jar
7f13eb4d5000-7f13eb4d7000 r--s 00003000 08:02 6438514                    /opt/gumtree/gumtree/dist/build/distributions/gumtree-20170703-2.1.0-SNAPSHOT/lib/jsr305-3.0.1.jar
7f13eb4d7000-7f13eb4f7000 r--s 00167000 08:02 6438468                    /opt/gumtree/gumtree/dist/build/distributions/gumtree-20170703-2.1.0-SNAPSHOT/lib/jrubyparser-0.5.3.jar
7f13eb4f7000-7f13eb4f9000 r--s 00016000 08:02 6438494                    /opt/gumtree/gumtree/dist/build/distributions/gumtree-20170703-2.1.0-SNAPSHOT/lib/jobs-3.6.0-v20140424-0053.jar
7f13eb4f9000-7f13eb500000 r--s 0005f000 08:02 6438515                    /opt/gumtree/gumtree/dist/build/distributions/gumtree-20170703-2.1.0-SNAPSHOT/lib/jetty-util-9.3.6.v20151106.jar
7f13eb500000-7f13eb540000 rw-p 00000000 00:00 0 
7f13eb640000-7f13eb680000 rw-p 00000000 00:00 0 
7f13eb700000-7f13eb740000 rw-p 00000000 00:00 0 
7f13ebc00000-7f13ebc40000 rw-p 00000000 00:00 0 
7f13ebdc0000-7f13ebe00000 rw-p 00000000 00:00 0 
7f13ebec0000-7f13ebf40000 rw-p 00000000 00:00 0 
7f13ec000000-7f13ec021000 rw-p 00000000 00:00 0 
7f13ec021000-7f13f0000000 ---p 00000000 00:00 0 
7f13f0000000-7f13f0001000 r--s 00004000 08:02 6438481                    /opt/gumtree/gumtree/dist/build/distributions/gumtree-20170703-2.1.0-SNAPSHOT/lib/websocket-servlet-9.3.6.v20151106.jar
7f13f0001000-7f13f0003000 r--s 0000b000 08:02 6438502                    /opt/gumtree/gumtree/dist/build/distributions/gumtree-20170703-2.1.0-SNAPSHOT/lib/jetty-xml-9.3.6.v20151106.jar
7f13f0003000-7f13f0006000 r--s 00019000 08:02 6438479                    /opt/gumtree/gumtree/dist/build/distributions/gumtree-20170703-2.1.0-SNAPSHOT/lib/jetty-webapp-9.3.6.v20151106.jar
7f13f0006000-7f13f000d000 r--s 0006f000 08:02 6438478                    /opt/gumtree/gumtree/dist/build/distributions/gumtree-20170703-2.1.0-SNAPSHOT/lib/jetty-server-9.3.6.v20151106.jar
7f13f000d000-7f13f0010000 r--s 00014000 08:02 6438516                    /opt/gumtree/gumtree/dist/build/distributions/gumtree-20170703-2.1.0-SNAPSHOT/lib/jetty-security-9.3.6.v20151106.jar
7f13f0490000-7f13f0493000 ---p 00000000 00:00 0 
7f13f0493000-7f13f0591000 rw-p 00000000 00:00 0 
7f13f0591000-7f13f0592000 ---p 00000000 00:00 0 
7f13f0592000-7f13f0692000 rw-p 00000000 00:00 0 
7f13f0692000-7f13f0695000 ---p 00000000 00:00 0 
7f13f0695000-7f13f0793000 rw-p 00000000 00:00 0                          [stack:7776]
7f13f0793000-7f13f0796000 ---p 00000000 00:00 0 
7f13f0796000-7f13f0894000 rw-p 00000000 00:00 0                          [stack:7775]
7f13f0894000-7f13f0897000 ---p 00000000 00:00 0 
7f13f0897000-7f13f0995000 rw-p 00000000 00:00 0                          [stack:7774]
7f13f0995000-7f13f0998000 ---p 00000000 00:00 0 
7f13f0998000-7f13f0a96000 rw-p 00000000 00:00 0                          [stack:7773]
7f13f0a96000-7f13f0a99000 ---p 00000000 00:00 0 
7f13f0a99000-7f13f0b97000 rw-p 00000000 00:00 0                          [stack:7772]
7f13f0b97000-7f13f0b9a000 ---p 00000000 00:00 0 
7f13f0b9a000-7f13f0c98000 rw-p 00000000 00:00 0                          [stack:7771]
7f13f0c98000-7f13f0c9b000 ---p 00000000 00:00 0 
7f13f0c9b000-7f13f0d99000 rw-p 00000000 00:00 0                          [stack:7770]
7f13f0d99000-7f13f0d9a000 ---p 00000000 00:00 0 
7f13f0d9a000-7f13f1da9000 rw-p 00000000 00:00 0 
7f13f1da9000-7f13f1f82000 r--s 03d3e000 08:02 4204757                    /opt/jdk1.8.0_121/jre/lib/rt.jar
7f13f1f82000-7f13f2782000 rw-p 00000000 00:00 0 
7f13f2782000-7f13f2783000 ---p 00000000 00:00 0 
7f13f2783000-7f13f2883000 rw-p 00000000 00:00 0                          [stack:7768]
7f13f2883000-7f13f2884000 ---p 00000000 00:00 0 
7f13f2884000-7f13f2984000 rw-p 00000000 00:00 0                          [stack:7767]
7f13f2984000-7f13f2985000 ---p 00000000 00:00 0 
7f13f2985000-7f13f2a85000 rw-p 00000000 00:00 0                          [stack:7766]
7f13f2a85000-7f13f2a86000 ---p 00000000 00:00 0 
7f13f2a86000-7f13f2e1a000 rw-p 00000000 00:00 0                          [stack:7765]
7f13f2e1a000-7f13f30ae000 rw-p 00000000 00:00 0 
7f13f30ae000-7f13f31f0000 rw-p 00000000 00:00 0 
7f13f31f0000-7f13f31f8000 ---p 00000000 00:00 0 
7f13f31f8000-7f13f321e000 rw-p 00000000 00:00 0 
7f13f321e000-7f13f35b9000 ---p 00000000 00:00 0 
7f13f35b9000-7f13f3ef9000 rwxp 00000000 00:00 0 
7f13f3ef9000-7f14025b9000 ---p 00000000 00:00 0 
7f14025b9000-7f14025d3000 r-xp 00000000 08:02 4204788                    /opt/jdk1.8.0_121/jre/lib/amd64/libzip.so
7f14025d3000-7f14027d3000 ---p 0001a000 08:02 4204788                    /opt/jdk1.8.0_121/jre/lib/amd64/libzip.so
7f14027d3000-7f14027d4000 rw-p 0001a000 08:02 4204788                    /opt/jdk1.8.0_121/jre/lib/amd64/libzip.so
7f14027d4000-7f14027de000 r-xp 00000000 08:02 5249375                    /lib/x86_64-linux-gnu/libnss_files-2.19.so
7f14027de000-7f14029dd000 ---p 0000a000 08:02 5249375                    /lib/x86_64-linux-gnu/libnss_files-2.19.so
7f14029dd000-7f14029de000 r--p 00009000 08:02 5249375                    /lib/x86_64-linux-gnu/libnss_files-2.19.so
7f14029de000-7f14029df000 rw-p 0000a000 08:02 5249375                    /lib/x86_64-linux-gnu/libnss_files-2.19.so
7f14029df000-7f14029ea000 r-xp 00000000 08:02 5249367                    /lib/x86_64-linux-gnu/libnss_nis-2.19.so
7f14029ea000-7f1402be9000 ---p 0000b000 08:02 5249367                    /lib/x86_64-linux-gnu/libnss_nis-2.19.so
7f1402be9000-7f1402bea000 r--p 0000a000 08:02 5249367                    /lib/x86_64-linux-gnu/libnss_nis-2.19.so
7f1402bea000-7f1402beb000 rw-p 0000b000 08:02 5249367                    /lib/x86_64-linux-gnu/libnss_nis-2.19.so
7f1402beb000-7f1402c02000 r-xp 00000000 08:02 5249363                    /lib/x86_64-linux-gnu/libnsl-2.19.so
7f1402c02000-7f1402e01000 ---p 00017000 08:02 5249363                    /lib/x86_64-linux-gnu/libnsl-2.19.so
7f1402e01000-7f1402e02000 r--p 00016000 08:02 5249363                    /lib/x86_64-linux-gnu/libnsl-2.19.so
7f1402e02000-7f1402e03000 rw-p 00017000 08:02 5249363                    /lib/x86_64-linux-gnu/libnsl-2.19.so
7f1402e03000-7f1402e05000 rw-p 00000000 00:00 0 
7f1402e05000-7f1402e0e000 r-xp 00000000 08:02 5249362                    /lib/x86_64-linux-gnu/libnss_compat-2.19.so
7f1402e0e000-7f140300d000 ---p 00009000 08:02 5249362                    /lib/x86_64-linux-gnu/libnss_compat-2.19.so
7f140300d000-7f140300e000 r--p 00008000 08:02 5249362                    /lib/x86_64-linux-gnu/libnss_compat-2.19.so
7f140300e000-7f140300f000 rw-p 00009000 08:02 5249362                    /lib/x86_64-linux-gnu/libnss_compat-2.19.so
7f140300f000-7f140303a000 r-xp 00000000 08:02 4204815                    /opt/jdk1.8.0_121/jre/lib/amd64/libjava.so
7f140303a000-7f1403239000 ---p 0002b000 08:02 4204815                    /opt/jdk1.8.0_121/jre/lib/amd64/libjava.so
7f1403239000-7f140323b000 rw-p 0002a000 08:02 4204815                    /opt/jdk1.8.0_121/jre/lib/amd64/libjava.so
7f140323b000-7f1403f09000 r-xp 00000000 08:02 4204819                    /opt/jdk1.8.0_121/jre/lib/amd64/server/libjvm.so
7f1403f09000-7f1404109000 ---p 00cce000 08:02 4204819                    /opt/jdk1.8.0_121/jre/lib/amd64/server/libjvm.so
7f1404109000-7f14041e2000 rw-p 00cce000 08:02 4204819                    /opt/jdk1.8.0_121/jre/lib/amd64/server/libjvm.so
7f14041e2000-7f14042ed000 rw-p 00000000 00:00 0 
7f14042ed000-7f14042ee000 r--s 00008000 08:02 6438505                    /opt/gumtree/gumtree/dist/build/distributions/gumtree-20170703-2.1.0-SNAPSHOT/lib/websocket-client-9.3.6.v20151106.jar
7f14042ee000-7f14042f1000 r--s 00017000 08:02 6438501                    /opt/gumtree/gumtree/dist/build/distributions/gumtree-20170703-2.1.0-SNAPSHOT/lib/jetty-io-9.3.6.v20151106.jar
7f14042f1000-7f14042f4000 r--s 0001a000 08:02 6438500                    /opt/gumtree/gumtree/dist/build/distributions/gumtree-20170703-2.1.0-SNAPSHOT/lib/jetty-http-9.3.6.v20151106.jar
7f14042f4000-7f140431f000 r--s 001fc000 08:02 6438474                    /opt/gumtree/gumtree/dist/build/distributions/gumtree-20170703-2.1.0-SNAPSHOT/lib/guava-18.0.jar
7f140431f000-7f140432c000 r-xp 00000000 08:02 4204766                    /opt/jdk1.8.0_121/jre/lib/amd64/libverify.so
7f140432c000-7f140452b000 ---p 0000d000 08:02 4204766                    /opt/jdk1.8.0_121/jre/lib/amd64/libverify.so
7f140452b000-7f140452d000 rw-p 0000c000 08:02 4204766                    /opt/jdk1.8.0_121/jre/lib/amd64/libverify.so
7f140452d000-7f140456d000 rw-p 00000000 00:00 0 
7f14045ad000-7f14048ee000 rw-p 00000000 00:00 0 
7f14049ae000-7f14049ee000 rw-p 00000000 00:00 0 
7f1404aee000-7f1404d2e000 rw-p 00000000 00:00 0 
7f1404d2e000-7f1404d33000 r-xp 00000000 08:02 6432973                    /opt/anaconda2/lib/python2.7/lib-dynload/zlib.so
7f1404d33000-7f1404f32000 ---p 00005000 08:02 6432973                    /opt/anaconda2/lib/python2.7/lib-dynload/zlib.so
7f1404f32000-7f1404f34000 rw-p 00004000 08:02 6432973                    /opt/anaconda2/lib/python2.7/lib-dynload/zlib.so
7f1404f34000-7f1404fb4000 rw-p 00000000 00:00 0 
7f1404fb4000-7f1405104000 r-xp 00000000 08:02 1315814                    /opt/anaconda2/lib/libxml2.so.2.9.2
7f1405104000-7f1405303000 ---p 00150000 08:02 1315814                    /opt/anaconda2/lib/libxml2.so.2.9.2
7f1405303000-7f140530d000 rw-p 0014f000 08:02 1315814                    /opt/anaconda2/lib/libxml2.so.2.9.2
7f140530d000-7f140530e000 rw-p 00000000 00:00 0 
7f140530e000-7f1405315000 r-xp 00000000 08:02 5249371                    /lib/x86_64-linux-gnu/librt-2.19.so
7f1405315000-7f1405514000 ---p 00007000 08:02 5249371                    /lib/x86_64-linux-gnu/librt-2.19.so
7f1405514000-7f1405515000 r--p 00006000 08:02 5249371                    /lib/x86_64-linux-gnu/librt-2.19.so
7f1405515000-7f1405516000 rw-p 00007000 08:02 5249371                    /lib/x86_64-linux-gnu/librt-2.19.so
7f1405516000-7f1405528000 r-xp 00000000 08:02 1316089                    /opt/anaconda2/lib/libexslt.so.0.8.17
7f1405528000-7f1405727000 ---p 00012000 08:02 1316089                    /opt/anaconda2/lib/libexslt.so.0.8.17
7f1405727000-7f1405728000 rw-p 00011000 08:02 1316089                    /opt/anaconda2/lib/libexslt.so.0.8.17
7f1405728000-7f1405761000 r-xp 00000000 08:02 1316094                    /opt/anaconda2/lib/libxslt.so.1.1.28
7f1405761000-7f1405960000 ---p 00039000 08:02 1316094                    /opt/anaconda2/lib/libxslt.so.1.1.28
7f1405960000-7f1405962000 rw-p 00038000 08:02 1316094                    /opt/anaconda2/lib/libxslt.so.1.1.28
7f1405962000-7f1405ad8000 r-xp 00000000 08:02 1316344                    /opt/anaconda2/lib/python2.7/site-packages/lxml/etree.so
7f1405ad8000-7f1405cd8000 ---p 00176000 08:02 1316344                    /opt/anaconda2/lib/python2.7/site-packages/lxml/etree.so
7f1405cd8000-7f1405d0f000 rw-p 00176000 08:02 1316344                    /opt/anaconda2/lib/python2.7/site-packages/lxml/etree.so
7f1405d0f000-7f1405d54000 rw-p 00000000 00:00 0 
7f1405d54000-7f1405ddd000 r-xp 00000000 08:02 6319494                    /opt/anaconda2/lib/python2.7/site-packages/_jpype.so
7f1405ddd000-7f1405fdc000 ---p 00089000 08:02 6319494                    /opt/anaconda2/lib/python2.7/site-packages/_jpype.so
7f1405fdc000-7f1405fdf000 r--p 00088000 08:02 6319494                    /opt/anaconda2/lib/python2.7/site-packages/_jpype.so
7f1405fdf000-7f1405fe3000 rw-p 0008b000 08:02 6319494                    /opt/anaconda2/lib/python2.7/site-packages/_jpype.so
7f1405fe3000-7f1406023000 rw-p 00000000 00:00 0 
7f1406023000-7f140604e000 r-xp 00000000 08:02 2762225                    /opt/anaconda2/lib/python2.7/site-packages/py2neo/packages/jsonstream/cjsonstream_2x.so
7f140604e000-7f140624d000 ---p 0002b000 08:02 2762225                    /opt/anaconda2/lib/python2.7/site-packages/py2neo/packages/jsonstream/cjsonstream_2x.so
7f140624d000-7f140624e000 r--p 0002a000 08:02 2762225                    /opt/anaconda2/lib/python2.7/site-packages/py2neo/packages/jsonstream/cjsonstream_2x.so
7f140624e000-7f1406253000 rw-p 0002b000 08:02 2762225                    /opt/anaconda2/lib/python2.7/site-packages/py2neo/packages/jsonstream/cjsonstream_2x.so
7f1406253000-7f1406394000 rw-p 00000000 00:00 0 
7f1406394000-7f140639c000 r-xp 00000000 08:02 6432943                    /opt/anaconda2/lib/python2.7/lib-dynload/array.so
7f140639c000-7f140659b000 ---p 00008000 08:02 6432943                    /opt/anaconda2/lib/python2.7/lib-dynload/array.so
7f140659b000-7f140659e000 rw-p 00007000 08:02 6432943                    /opt/anaconda2/lib/python2.7/lib-dynload/array.so
7f140659e000-7f140661e000 rw-p 00000000 00:00 0 
7f140661e000-7f1406632000 r-xp 00000000 08:02 6432939                    /opt/anaconda2/lib/python2.7/lib-dynload/_ssl.so
7f1406632000-7f1406831000 ---p 00014000 08:02 6432939                    /opt/anaconda2/lib/python2.7/lib-dynload/_ssl.so
7f1406831000-7f1406835000 rw-p 00013000 08:02 6432939                    /opt/anaconda2/lib/python2.7/lib-dynload/_ssl.so
7f1406835000-7f1406875000 rw-p 00000000 00:00 0 
7f1406875000-7f1406883000 r-xp 00000000 08:02 6432937                    /opt/anaconda2/lib/python2.7/lib-dynload/_socket.so
7f1406883000-7f1406a83000 ---p 0000e000 08:02 6432937                    /opt/anaconda2/lib/python2.7/lib-dynload/_socket.so
7f1406a83000-7f1406a88000 rw-p 0000e000 08:02 6432937                    /opt/anaconda2/lib/python2.7/lib-dynload/_socket.so
7f1406a88000-7f1406ac8000 rw-p 00000000 00:00 0 
7f1406ac8000-7f1406adc000 r-xp 00000000 08:02 1835120                    /opt/anaconda2/lib/python2.7/site-packages/scipy/spatial/_distance_wrap.so
7f1406adc000-7f1406cdc000 ---p 00014000 08:02 1835120                    /opt/anaconda2/lib/python2.7/site-packages/scipy/spatial/_distance_wrap.so
7f1406cdc000-7f1406cdd000 rw-p 00014000 08:02 1835120                    /opt/anaconda2/lib/python2.7/site-packages/scipy/spatial/_distance_wrap.so
7f1406cdd000-7f1406d1d000 rw-p 00000000 00:00 0 
7f1406d1d000-7f1406da3000 r-xp 00000000 08:02 1579013                    /opt/anaconda2/lib/python2.7/site-packages/scipy/linalg/cython_lapack.so
7f1406da3000-7f1406fa2000 ---p 00086000 08:02 1579013                    /opt/anaconda2/lib/python2.7/site-packages/scipy/linalg/cython_lapack.so
7f1406fa2000-7f1406fa9000 rw-p 00085000 08:02 1579013                    /opt/anaconda2/lib/python2.7/site-packages/scipy/linalg/cython_lapack.so
7f1406fa9000-7f1406fdd000 r-xp 00000000 08:02 1579011                    /opt/anaconda2/lib/python2.7/site-packages/scipy/linalg/cython_blas.so
7f1406fdd000-7f14071dc000 ---p 00034000 08:02 1579011                    /opt/anaconda2/lib/python2.7/site-packages/scipy/linalg/cython_blas.so
7f14071dc000-7f14071e1000 rw-p 00033000 08:02 1579011                    /opt/anaconda2/lib/python2.7/site-packages/scipy/linalg/cython_blas.so
7f14071e1000-7f140721f000 r-xp 00000000 08:02 1578984                    /opt/anaconda2/lib/python2.7/site-packages/scipy/linalg/_decomp_update.so
7f140721f000-7f140741f000 ---p 0003e000 08:02 1578984                    /opt/anaconda2/lib/python2.7/site-packages/scipy/linalg/_decomp_update.so
7f140741f000-7f1407429000 rw-p 0003e000 08:02 1578984                    /opt/anaconda2/lib/python2.7/site-packages/scipy/linalg/_decomp_update.so
7f1407429000-7f1407469000 rw-p 00000000 00:00 0 
7f1407469000-7f1407497000 r-xp 00000000 08:02 1578999                    /opt/anaconda2/lib/python2.7/site-packages/scipy/linalg/_solve_toeplitz.so
7f1407497000-7f1407696000 ---p 0002e000 08:02 1578999                    /opt/anaconda2/lib/python2.7/site-packages/scipy/linalg/_solve_toeplitz.so
7f1407696000-7f140769b000 rw-p 0002d000 08:02 1578999                    /opt/anaconda2/lib/python2.7/site-packages/scipy/linalg/_solve_toeplitz.so
7f140769b000-7f14076a7000 r-xp 00000000 08:02 1578989                    /opt/anaconda2/lib/python2.7/site-packages/scipy/linalg/_flinalg.so
7f14076a7000-7f14078a7000 ---p 0000c000 08:02 1578989                    /opt/anaconda2/lib/python2.7/site-packages/scipy/linalg/_flinalg.so
7f14078a7000-7f14078aa000 rw-p 0000c000 08:02 1578989                    /opt/anaconda2/lib/python2.7/site-packages/scipy/linalg/_flinalg.so
7f14078aa000-7f1407950000 r-xp 00000000 08:02 1578988                    /opt/anaconda2/lib/python2.7/site-packages/scipy/linalg/_flapack.so
7f1407950000-7f1407b50000 ---p 000a6000 08:02 1578988                    /opt/anaconda2/lib/python2.7/site-packages/scipy/linalg/_flapack.so
7f1407b50000-7f1407b8e000 rw-p 000a6000 08:02 1578988                    /opt/anaconda2/lib/python2.7/site-packages/scipy/linalg/_flapack.so
7f1407b8e000-7f1407bce000 rw-p 00000000 00:00 0 
7f1407bce000-7f1407ccd000 r-xp 00000000 08:02 1313009                    /opt/anaconda2/lib/libgfortran.so.3.0.0
7f1407ccd000-7f1407ecd000 ---p 000ff000 08:02 1313009                    /opt/anaconda2/lib/libgfortran.so.3.0.0
7f1407ecd000-7f1407ecf000 rw-p 000ff000 08:02 1313009                    /opt/anaconda2/lib/libgfortran.so.3.0.0
7f1407ecf000-7f1407ed7000 rw-p 00102000 08:02 1313009                    /opt/anaconda2/lib/libgfortran.so.3.0.0
7f1407ed7000-7f1407f1f000 r-xp 00000000 08:02 1578987                    /opt/anaconda2/lib/python2.7/site-packages/scipy/linalg/_fblas.so
7f1407f1f000-7f140811e000 ---p 00048000 08:02 1578987                    /opt/anaconda2/lib/python2.7/site-packages/scipy/linalg/_fblas.so
7f140811e000-7f1408138000 rw-p 00047000 08:02 1578987                    /opt/anaconda2/lib/python2.7/site-packages/scipy/linalg/_fblas.so
7f1408138000-7f1408178000 rw-p 00000000 00:00 0 
7f1408178000-7f140817d000 r-xp 00000000 08:02 6432968                    /opt/anaconda2/lib/python2.7/lib-dynload/strop.so
7f140817d000-7f140837c000 ---p 00005000 08:02 6432968                    /opt/anaconda2/lib/python2.7/lib-dynload/strop.so
7f140837c000-7f140837e000 rw-p 00004000 08:02 6432968                    /opt/anaconda2/lib/python2.7/lib-dynload/strop.so
7f140837e000-7f1408489000 r-xp 00000000 08:02 1317163                    /opt/anaconda2/lib/libiomp5.so
7f1408489000-7f1408688000 ---p 0010b000 08:02 1317163                    /opt/anaconda2/lib/libiomp5.so
7f1408688000-7f1408693000 rw-p 0010a000 08:02 1317163                    /opt/anaconda2/lib/libiomp5.so
7f1408693000-7f14086c2000 rw-p 00000000 00:00 0 
7f14086c2000-7f14086c8000 rw-p 00152000 08:02 1317163                    /opt/anaconda2/lib/libiomp5.so
7f14086c8000-7f1409e5d000 r-xp 00000000 08:02 1317168                    /opt/anaconda2/lib/libmkl_core.so
7f1409e5d000-7f140a05d000 ---p 01795000 08:02 1317168                    /opt/anaconda2/lib/libmkl_core.so
7f140a05d000-7f140a065000 r--p 01795000 08:02 1317168                    /opt/anaconda2/lib/libmkl_core.so
7f140a065000-7f140a086000 rw-p 0179d000 08:02 1317168                    /opt/anaconda2/lib/libmkl_core.so
7f140a086000-7f140a0d9000 rw-p 00000000 00:00 0 
7f140a0d9000-7f140a128000 rw-p 019a9000 08:02 1317168                    /opt/anaconda2/lib/libmkl_core.so
7f140a128000-7f140b68f000 r-xp 00000000 08:02 1317172                    /opt/anaconda2/lib/libmkl_intel_thread.so
7f140b68f000-7f140b88f000 ---p 01567000 08:02 1317172                    /opt/anaconda2/lib/libmkl_intel_thread.so
7f140b88f000-7f140b892000 r--p 01567000 08:02 1317172                    /opt/anaconda2/lib/libmkl_intel_thread.so
7f140b892000-7f140ba4e000 rw-p 0156a000 08:02 1317172                    /opt/anaconda2/lib/libmkl_intel_thread.so
7f140ba4e000-7f140ba54000 rw-p 00000000 00:00 0 
7f140ba54000-7f140baa9000 rw-p 01990000 08:02 1317172                    /opt/anaconda2/lib/libmkl_intel_thread.so
7f140baa9000-7f140c3a0000 r-xp 00000000 08:02 1317171                    /opt/anaconda2/lib/libmkl_intel_lp64.so
7f140c3a0000-7f140c59f000 ---p 008f7000 08:02 1317171                    /opt/anaconda2/lib/libmkl_intel_lp64.so
7f140c59f000-7f140c5a0000 r--p 008f6000 08:02 1317171                    /opt/anaconda2/lib/libmkl_intel_lp64.so
7f140c5a0000-7f140c5b4000 rw-p 008f7000 08:02 1317171                    /opt/anaconda2/lib/libmkl_intel_lp64.so
7f140c5b4000-7f140c5b9000 rw-p 00000000 00:00 0 
7f140c5b9000-7f140c5f8000 rw-p 00a54000 08:02 1317171                    /opt/anaconda2/lib/libmkl_intel_lp64.so
7f140c5f8000-7f140c6bb000 r-xp 00000000 08:02 1835643                    /opt/anaconda2/lib/python2.7/site-packages/scipy/spatial/qhull.so
7f140c6bb000-7f140c8ba000 ---p 000c3000 08:02 1835643                    /opt/anaconda2/lib/python2.7/site-packages/scipy/spatial/qhull.so
7f140c8ba000-7f140c8c7000 rw-p 000c2000 08:02 1835643                    /opt/anaconda2/lib/python2.7/site-packages/scipy/spatial/qhull.so
7f140c8c7000-7f140c908000 rw-p 00000000 00:00 0 
7f140c908000-7f140c90e000 r-xp 00000000 08:02 6432935                    /opt/anaconda2/lib/python2.7/lib-dynload/_multiprocessing.so
7f140c90e000-7f140cb0e000 ---p 00006000 08:02 6432935                    /opt/anaconda2/lib/python2.7/lib-dynload/_multiprocessing.so
7f140cb0e000-7f140cb0f000 rw-p 00006000 08:02 6432935                    /opt/anaconda2/lib/python2.7/lib-dynload/_multiprocessing.so
7f140cb0f000-7f140cb13000 r-xp 00000000 08:02 6432966                    /opt/anaconda2/lib/python2.7/lib-dynload/select.so
7f140cb13000-7f140cd13000 ---p 00004000 08:02 6432966                    /opt/anaconda2/lib/python2.7/lib-dynload/select.so
7f140cd13000-7f140cd15000 rw-p 00004000 08:02 6432966                    /opt/anaconda2/lib/python2.7/lib-dynload/select.so
7f140cd15000-7f140cd90000 r-xp 00000000 08:02 1835638                    /opt/anaconda2/lib/python2.7/site-packages/scipy/spatial/ckdtree.so
7f140cd90000-7f140cf90000 ---p 0007b000 08:02 1835638                    /opt/anaconda2/lib/python2.7/site-packages/scipy/spatial/ckdtree.so
7f140cf90000-7f140cf98000 rw-p 0007b000 08:02 1835638                    /opt/anaconda2/lib/python2.7/site-packages/scipy/spatial/ckdtree.so
7f140cf98000-7f140cfd8000 rw-p 00000000 00:00 0 
7f140cfd8000-7f140d019000 r-xp 00000000 08:02 1579399                    /opt/anaconda2/lib/python2.7/site-packages/scipy/sparse/csgraph/_reordering.so
7f140d019000-7f140d219000 ---p 00041000 08:02 1579399                    /opt/anaconda2/lib/python2.7/site-packages/scipy/sparse/csgraph/_reordering.so
7f140d219000-7f140d21e000 rw-p 00041000 08:02 1579399                    /opt/anaconda2/lib/python2.7/site-packages/scipy/sparse/csgraph/_reordering.so
7f140d21e000-7f140d21f000 rw-p 00000000 00:00 0 
7f140d21f000-7f140d243000 r-xp 00000000 08:02 1579398                    /opt/anaconda2/lib/python2.7/site-packages/scipy/sparse/csgraph/_min_spanning_tree.so
7f140d243000-7f140d443000 ---p 00024000 08:02 1579398                    /opt/anaconda2/lib/python2.7/site-packages/scipy/sparse/csgraph/_min_spanning_tree.so
7f140d443000-7f140d448000 rw-p 00024000 08:02 1579398                    /opt/anaconda2/lib/python2.7/site-packages/scipy/sparse/csgraph/_min_spanning_tree.so
7f140d448000-7f140d462000 r-xp 00000000 08:02 1579402                    /opt/anaconda2/lib/python2.7/site-packages/scipy/sparse/csgraph/_traversal.so
7f140d462000-7f140d661000 ---p 0001a000 08:02 1579402                    /opt/anaconda2/lib/python2.7/site-packages/scipy/sparse/csgraph/_traversal.so
7f140d661000-7f140d667000 rw-p 00019000 08:02 1579402                    /opt/anaconda2/lib/python2.7/site-packages/scipy/sparse/csgraph/_traversal.so
7f140d667000-7f140d685000 r-xp 00000000 08:02 1579401                    /opt/anaconda2/lib/python2.7/site-packages/scipy/sparse/csgraph/_tools.so
7f140d685000-7f140d885000 ---p 0001e000 08:02 1579401                    /opt/anaconda2/lib/python2.7/site-packages/scipy/sparse/csgraph/_tools.so
7f140d885000-7f140d88a000 rw-p 0001e000 08:02 1579401                    /opt/anaconda2/lib/python2.7/site-packages/scipy/sparse/csgraph/_tools.so
7f140d88a000-7f140d8bd000 r-xp 00000000 08:02 1579400                    /opt/anaconda2/lib/python2.7/site-packages/scipy/sparse/csgraph/_shortest_path.so
7f140d8bd000-7f140dabc000 ---p 00033000 08:02 1579400                    /opt/anaconda2/lib/python2.7/site-packages/scipy/sparse/csgraph/_shortest_path.so
7f140dabc000-7f140dac2000 rw-p 00032000 08:02 1579400                    /opt/anaconda2/lib/python2.7/site-packages/scipy/sparse/csgraph/_shortest_path.so
7f140dac2000-7f140dac3000 rw-p 00000000 00:00 0 
7f140dac3000-7f140db2a000 r-xp 00000000 08:02 1579377                    /opt/anaconda2/lib/python2.7/site-packages/scipy/sparse/_csparsetools.so
7f140db2a000-7f140dd29000 ---p 00067000 08:02 1579377                    /opt/anaconda2/lib/python2.7/site-packages/scipy/sparse/_csparsetools.so
7f140dd29000-7f140dd2f000 rw-p 00066000 08:02 1579377                    /opt/anaconda2/lib/python2.7/site-packages/scipy/sparse/_csparsetools.so
7f140dd2f000-7f140dd70000 rw-p 00000000 00:00 0 
7f140dd70000-7f140dd86000 r-xp 00000000 08:02 1312988                    /opt/anaconda2/lib/libgcc_s.so.1
7f140dd86000-7f140df85000 ---p 00016000 08:02 1312988                    /opt/anaconda2/lib/libgcc_s.so.1
7f140df85000-7f140df86000 rw-p 00015000 08:02 1312988                    /opt/anaconda2/lib/libgcc_s.so.1
7f140df86000-7f140e07d000 r-xp 00000000 08:02 1312985                    /opt/anaconda2/lib/libstdc++.so.6.0.19
7f140e07d000-7f140e27d000 ---p 000f7000 08:02 1312985                    /opt/anaconda2/lib/libstdc++.so.6.0.19
7f140e27d000-7f140e284000 r--p 000f7000 08:02 1312985                    /opt/anaconda2/lib/libstdc++.so.6.0.19
7f140e284000-7f140e287000 rw-p 000fe000 08:02 1312985                    /opt/anaconda2/lib/libstdc++.so.6.0.19
7f140e287000-7f140e29c000 rw-p 00000000 00:00 0 
7f140e29c000-7f140e63f000 r-xp 00000000 08:02 1579378                    /opt/anaconda2/lib/python2.7/site-packages/scipy/sparse/_sparsetools.so
7f140e63f000-7f140e83e000 ---p 003a3000 08:02 1579378                    /opt/anaconda2/lib/python2.7/site-packages/scipy/sparse/_sparsetools.so
7f140e83e000-7f140e845000 rw-p 003a2000 08:02 1579378                    /opt/anaconda2/lib/python2.7/site-packages/scipy/sparse/_sparsetools.so
7f140e845000-7f140e8c5000 rw-p 00000000 00:00 0 
7f140e8c5000-7f140e8c7000 r--s 0001a000 08:02 6438503                    /opt/gumtree/gumtree/dist/build/distributions/gumtree-20170703-2.1.0-SNAPSHOT/lib/jetty-servlet-9.3.6.v20151106.jar
7f140e8c7000-7f140e8ca000 r--s 00015000 08:02 6438499                    /opt/gumtree/gumtree/dist/build/distributions/gumtree-20170703-2.1.0-SNAPSHOT/lib/javax.servlet-api-3.1.0.jar
7f140e8ca000-7f140e8cb000 r--s 00000000 08:02 6438488                    /opt/gumtree/gumtree/dist/build/distributions/gumtree-20170703-2.1.0-SNAPSHOT/lib/javax.inject-1.jar
7f140e8cb000-7f140e8d5000 r--s 000a5000 08:02 6438476                    /opt/gumtree/gumtree/dist/build/distributions/gumtree-20170703-2.1.0-SNAPSHOT/lib/javassist-3.18.2-GA.jar
7f140e8d5000-7f140e8e4000 r--s 0009f000 08:02 6438487                    /opt/gumtree/gumtree/dist/build/distributions/gumtree-20170703-2.1.0-SNAPSHOT/lib/guice-3.0.jar
7f140e8e4000-7f140e8e9000 r--s 0002f000 08:02 6438463                    /opt/gumtree/gumtree/dist/build/distributions/gumtree-20170703-2.1.0-SNAPSHOT/lib/gson-2.4.jar
7f140e8e9000-7f140e8ea000 r--s 00001000 08:02 6438460                    /opt/gumtree/gumtree/dist/build/distributions/gumtree-20170703-2.1.0-SNAPSHOT/lib/gen.srcml-2.1.0-SNAPSHOT.jar
7f140e8ea000-7f140e8eb000 r--s 00000000 08:02 6438459                    /opt/gumtree/gumtree/dist/build/distributions/gumtree-20170703-2.1.0-SNAPSHOT/lib/gen.ruby-2.1.0-SNAPSHOT.jar
7f140e8eb000-7f140e8ec000 r--s 00000000 08:02 6438458                    /opt/gumtree/gumtree/dist/build/distributions/gumtree-20170703-2.1.0-SNAPSHOT/lib/gen.js-2.1.0-SNAPSHOT.jar
7f140e8ec000-7f140e8ed000 r--s 00004000 08:02 6438457                    /opt/gumtree/gumtree/dist/build/distributions/gumtree-20170703-2.1.0-SNAPSHOT/lib/gen.jdt-2.1.0-SNAPSHOT.jar
7f140e8ed000-7f140e8ef000 r--s 00004000 08:02 6438454                    /opt/gumtree/gumtree/dist/build/distributions/gumtree-20170703-2.1.0-SNAPSHOT/lib/gen.antlr3-xml-2.1.0-SNAPSHOT.jar
7f140e8ef000-7f140e8f1000 r--s 00018000 08:02 6438453                    /opt/gumtree/gumtree/dist/build/distributions/gumtree-20170703-2.1.0-SNAPSHOT/lib/gen.antlr3-r-2.1.0-SNAPSHOT.jar
7f140e8f1000-7f140e8f4000 r--s 0002b000 08:02 6438452                    /opt/gumtree/gumtree/dist/build/distributions/gumtree-20170703-2.1.0-SNAPSHOT/lib/gen.antlr3-php-2.1.0-SNAPSHOT.jar
7f140e8f4000-7f140e8f7000 r--s 00019000 08:02 6438450                    /opt/gumtree/gumtree/dist/build/distributions/gumtree-20170703-2.1.0-SNAPSHOT/lib/gen.antlr3-antlr-2.1.0-SNAPSHOT.jar
7f140e8f7000-7f140e8fc000 r--s 0002a000 08:02 6438446                    /opt/gumtree/gumtree/dist/build/distributions/gumtree-20170703-2.1.0-SNAPSHOT/lib/core-2.1.0-SNAPSHOT.jar
7f140e8fc000-7f140e93c000 rw-p 00000000 00:00 0 
7f140e93c000-7f140e9e7000 r-xp 00000000 08:02 6308263                    /opt/anaconda2/lib/python2.7/site-packages/numpy/random/mtrand.so
7f140e9e7000-7f140ebe6000 ---p 000ab000 08:02 6308263                    /opt/anaconda2/lib/python2.7/site-packages/numpy/random/mtrand.so
7f140ebe6000-7f140ec07000 rw-p 000aa000 08:02 6308263                    /opt/anaconda2/lib/python2.7/site-packages/numpy/random/mtrand.so
7f140ec07000-7f140ec09000 rw-p 00000000 00:00 0 
7f140ec09000-7f140ec12000 r-xp 00000000 08:02 6326262                    /opt/anaconda2/lib/python2.7/site-packages/numpy/fft/fftpack_lite.so
7f140ec12000-7f140ee11000 ---p 00009000 08:02 6326262                    /opt/anaconda2/lib/python2.7/site-packages/numpy/fft/fftpack_lite.so
7f140ee11000-7f140ee12000 rw-p 00008000 08:02 6326262                    /opt/anaconda2/lib/python2.7/site-packages/numpy/fft/fftpack_lite.so
7f140ee12000-7f140ee52000 rw-p 00000000 00:00 0 
7f140ee52000-7f140ee53000 r-xp 00000000 08:02 6432953                    /opt/anaconda2/lib/python2.7/lib-dynload/future_builtins.so
7f140ee53000-7f140f053000 ---p 00001000 08:02 6432953                    /opt/anaconda2/lib/python2.7/lib-dynload/future_builtins.so
7f140f053000-7f140f054000 rw-p 00001000 08:02 6432953                    /opt/anaconda2/lib/python2.7/lib-dynload/future_builtins.so
7f140f054000-7f140f094000 rw-p 00000000 00:00 0 
7f140f094000-7f140f0bd000 r-xp 00000000 08:02 6305577                    /opt/anaconda2/lib/python2.7/site-packages/numpy/linalg/_umath_linalg.so
7f140f0bd000-7f140f2bc000 ---p 00029000 08:02 6305577                    /opt/anaconda2/lib/python2.7/site-packages/numpy/linalg/_umath_linalg.so
7f140f2bc000-7f140f2be000 rw-p 00028000 08:02 6305577                    /opt/anaconda2/lib/python2.7/site-packages/numpy/linalg/_umath_linalg.so
7f140f2be000-7f140f2c0000 rw-p 000c4000 08:02 6305577                    /opt/anaconda2/lib/python2.7/site-packages/numpy/linalg/_umath_linalg.so
7f140f2c0000-7f140f2c4000 r-xp 00000000 08:02 6305573                    /opt/anaconda2/lib/python2.7/site-packages/numpy/linalg/lapack_lite.so
7f140f2c4000-7f140f4c4000 ---p 00004000 08:02 6305573                    /opt/anaconda2/lib/python2.7/site-packages/numpy/linalg/lapack_lite.so
7f140f4c4000-7f140f4c5000 rw-p 00004000 08:02 6305573                    /opt/anaconda2/lib/python2.7/site-packages/numpy/linalg/lapack_lite.so
7f140f4c5000-7f140f4c7000 rw-p 00019000 08:02 6305573                    /opt/anaconda2/lib/python2.7/site-packages/numpy/linalg/lapack_lite.so
7f140f4c7000-7f140f507000 rw-p 00000000 00:00 0 
7f140f507000-7f140f50a000 r-xp 00000000 08:02 6432952                    /opt/anaconda2/lib/python2.7/lib-dynload/fcntl.so
7f140f50a000-7f140f709000 ---p 00003000 08:02 6432952                    /opt/anaconda2/lib/python2.7/lib-dynload/fcntl.so
7f140f709000-7f140f70b000 rw-p 00002000 08:02 6432952                    /opt/anaconda2/lib/python2.7/lib-dynload/fcntl.so
7f140f70b000-7f140f70e000 r-xp 00000000 08:02 6432936                    /opt/anaconda2/lib/python2.7/lib-dynload/_random.so
7f140f70e000-7f140f90d000 ---p 00003000 08:02 6432936                    /opt/anaconda2/lib/python2.7/lib-dynload/_random.so
7f140f90d000-7f140f90e000 rw-p 00002000 08:02 6432936                    /opt/anaconda2/lib/python2.7/lib-dynload/_random.so
7f140f90e000-7f140fb1a000 r-xp 00000000 08:02 6310592                    /opt/anaconda2/lib/libcrypto.so.1.0.0
7f140fb1a000-7f140fd1a000 ---p 0020c000 08:02 6310592                    /opt/anaconda2/lib/libcrypto.so.1.0.0
7f140fd1a000-7f140fd41000 rw-p 0020c000 08:02 6310592                    /opt/anaconda2/lib/libcrypto.so.1.0.0
7f140fd41000-7f140fd45000 rw-p 00000000 00:00 0 
7f140fd45000-7f140fdb2000 r-xp 00000000 08:02 1444868                    /opt/anaconda2/lib/libssl.so.1.0.0
7f140fdb2000-7f140ffb1000 ---p 0006d000 08:02 1444868                    /opt/anaconda2/lib/libssl.so.1.0.0
7f140ffb1000-7f140ffbc000 rw-p 0006c000 08:02 1444868                    /opt/anaconda2/lib/libssl.so.1.0.0
7f140ffbc000-7f140ffc0000 r-xp 00000000 08:02 6432927                    /opt/anaconda2/lib/python2.7/lib-dynload/_hashlib.so
7f140ffc0000-7f14101c0000 ---p 00004000 08:02 6432927                    /opt/anaconda2/lib/python2.7/lib-dynload/_hashlib.so
7f14101c0000-7f14101c1000 rw-p 00004000 08:02 6432927                    /opt/anaconda2/lib/python2.7/lib-dynload/_hashlib.so
7f14101c1000-7f14101d7000 r-xp 00000000 08:02 1708445                    /opt/anaconda2/lib/libz.so.1.2.8
7f14101d7000-7f14103d6000 ---p 00016000 08:02 1708445                    /opt/anaconda2/lib/libz.so.1.2.8
7f14103d6000-7f14103d7000 rw-p 00015000 08:02 1708445                    /opt/anaconda2/lib/libz.so.1.2.8
7f14103d7000-7f14103db000 r-xp 00000000 08:02 6432945                    /opt/anaconda2/lib/python2.7/lib-dynload/binascii.so
7f14103db000-7f14105db000 ---p 00004000 08:02 6432945                    /opt/anaconda2/lib/python2.7/lib-dynload/binascii.so
7f14105db000-7f14105dc000 rw-p 00004000 08:02 6432945                    /opt/anaconda2/lib/python2.7/lib-dynload/binascii.so
7f14105dc000-7f141061c000 rw-p 00000000 00:00 0 
7f141061c000-7f141063a000 r-xp 00000000 08:02 6432930                    /opt/anaconda2/lib/python2.7/lib-dynload/_io.so
7f141063a000-7f1410839000 ---p 0001e000 08:02 6432930                    /opt/anaconda2/lib/python2.7/lib-dynload/_io.so
7f1410839000-7f1410843000 rw-p 0001d000 08:02 6432930                    /opt/anaconda2/lib/python2.7/lib-dynload/_io.so
7f1410843000-7f1410845000 r-xp 00000000 08:02 6432954                    /opt/anaconda2/lib/python2.7/lib-dynload/grp.so
7f1410845000-7f1410a44000 ---p 00002000 08:02 6432954                    /opt/anaconda2/lib/python2.7/lib-dynload/grp.so
7f1410a44000-7f1410a45000 rw-p 00001000 08:02 6432954                    /opt/anaconda2/lib/python2.7/lib-dynload/grp.so
7f1410a45000-7f1410a49000 r-xp 00000000 08:02 6432971                    /opt/anaconda2/lib/python2.7/lib-dynload/time.so
7f1410a49000-7f1410c48000 ---p 00004000 08:02 6432971                    /opt/anaconda2/lib/python2.7/lib-dynload/time.so
7f1410c48000-7f1410c4a000 rw-p 00003000 08:02 6432971                    /opt/anaconda2/lib/python2.7/lib-dynload/time.so
7f1410c4a000-7f1410d0a000 rw-p 00000000 00:00 0 
7f1410d0a000-7f1410d1d000 r-xp 00000000 08:02 6432947                    /opt/anaconda2/lib/python2.7/lib-dynload/cPickle.so
7f1410d1d000-7f1410f1c000 ---p 00013000 08:02 6432947                    /opt/anaconda2/lib/python2.7/lib-dynload/cPickle.so
7f1410f1c000-7f1410f1e000 rw-p 00012000 08:02 6432947                    /opt/anaconda2/lib/python2.7/lib-dynload/cPickle.so
7f1410f1e000-7f1410f21000 r-xp 00000000 08:02 6432928                    /opt/anaconda2/lib/python2.7/lib-dynload/_heapq.so
7f1410f21000-7f1411121000 ---p 00003000 08:02 6432928                    /opt/anaconda2/lib/python2.7/lib-dynload/_heapq.so
7f1411121000-7f1411123000 rw-p 00003000 08:02 6432928                    /opt/anaconda2/lib/python2.7/lib-dynload/_heapq.so
7f1411123000-7f141112a000 r-xp 00000000 08:02 6432919                    /opt/anaconda2/lib/python2.7/lib-dynload/_collections.so
7f141112a000-7f1411329000 ---p 00007000 08:02 6432919                    /opt/anaconda2/lib/python2.7/lib-dynload/_collections.so
7f1411329000-7f141132b000 rw-p 00006000 08:02 6432919                    /opt/anaconda2/lib/python2.7/lib-dynload/_collections.so
7f141132b000-7f1411333000 r-xp 00000000 08:02 6432960                    /opt/anaconda2/lib/python2.7/lib-dynload/operator.so
7f1411333000-7f1411533000 ---p 00008000 08:02 6432960                    /opt/anaconda2/lib/python2.7/lib-dynload/operator.so
7f1411533000-7f1411535000 rw-p 00008000 08:02 6432960                    /opt/anaconda2/lib/python2.7/lib-dynload/operator.so
7f1411535000-7f1411575000 rw-p 00000000 00:00 0 
7f1411575000-7f1411576000 r--s 00001000 08:02 6438456                    /opt/gumtree/gumtree/dist/build/distributions/gumtree-20170703-2.1.0-SNAPSHOT/lib/gen.css-2.1.0-SNAPSHOT.jar
7f1411576000-7f1411636000 rw-p 00000000 00:00 0 
7f1411636000-7f1411657000 r-xp 00000000 08:02 6432921                    /opt/anaconda2/lib/python2.7/lib-dynload/_ctypes.so
7f1411657000-7f1411856000 ---p 00021000 08:02 6432921                    /opt/anaconda2/lib/python2.7/lib-dynload/_ctypes.so
7f1411856000-7f141185b000 rw-p 00020000 08:02 6432921                    /opt/anaconda2/lib/python2.7/lib-dynload/_ctypes.so
7f141185b000-7f141585b000 rw-p 00000000 00:00 0 
7f141585b000-7f1415929000 r-xp 00000000 08:02 6326065                    /opt/anaconda2/lib/python2.7/site-packages/numpy/core/umath.so
7f1415929000-7f1415b29000 ---p 000ce000 08:02 6326065                    /opt/anaconda2/lib/python2.7/site-packages/numpy/core/umath.so
7f1415b29000-7f1415b2f000 rw-p 000ce000 08:02 6326065                    /opt/anaconda2/lib/python2.7/site-packages/numpy/core/umath.so
7f1415b2f000-7f1415b71000 rw-p 00000000 00:00 0 
7f1415b71000-7f1415b83000 r-xp 00000000 08:02 6432951                    /opt/anaconda2/lib/python2.7/lib-dynload/datetime.so
7f1415b83000-7f1415d82000 ---p 00012000 08:02 6432951                    /opt/anaconda2/lib/python2.7/lib-dynload/datetime.so
7f1415d82000-7f1415d86000 rw-p 00011000 08:02 6432951                    /opt/anaconda2/lib/python2.7/lib-dynload/datetime.so
7f1415d86000-7f1417d86000 rw-p 00000000 00:00 0 
7f1417d86000-7f1417d87000 ---p 00000000 00:00 0 
7f1417d87000-7f1418587000 rw-p 00000000 00:00 0 
7f1418587000-7f1418588000 ---p 00000000 00:00 0 
7f1418588000-7f1418d88000 rw-p 00000000 00:00 0 
7f1418d88000-7f1418d89000 ---p 00000000 00:00 0 
7f1418d89000-7f1419589000 rw-p 00000000 00:00 0 
7f1419589000-7f1419679000 r-xp 00000000 08:02 6307995                    /opt/anaconda2/lib/python2.7/site-packages/numpy/.libs/libgfortran-ed201abd.so.3.0.0
7f1419679000-7f1419878000 ---p 000f0000 08:02 6307995                    /opt/anaconda2/lib/python2.7/site-packages/numpy/.libs/libgfortran-ed201abd.so.3.0.0
7f1419878000-7f141987a000 rw-p 000ef000 08:02 6307995                    /opt/anaconda2/lib/python2.7/site-packages/numpy/.libs/libgfortran-ed201abd.so.3.0.0
7f141987a000-7f141987b000 rw-p 00000000 00:00 0 
7f141987b000-7f1419882000 rw-p 000f2000 08:02 6307995                    /opt/anaconda2/lib/python2.7/site-packages/numpy/.libs/libgfortran-ed201abd.so.3.0.0
7f1419882000-7f141bb96000 r-xp 00000000 08:02 6307994                    /opt/anaconda2/lib/python2.7/site-packages/numpy/.libs/libopenblasp-r0-39a31c03.2.18.so
7f141bb96000-7f141bd95000 ---p 02314000 08:02 6307994                    /opt/anaconda2/lib/python2.7/site-packages/numpy/.libs/libopenblasp-r0-39a31c03.2.18.so
7f141bd95000-7f141bdb4000 rw-p 02313000 08:02 6307994                    /opt/anaconda2/lib/python2.7/site-packages/numpy/.libs/libopenblasp-r0-39a31c03.2.18.so
7f141bdb4000-7f141be17000 rw-p 00000000 00:00 0 
7f141be17000-7f141be93000 rw-p 02425000 08:02 6307994                    /opt/anaconda2/lib/python2.7/site-packages/numpy/.libs/libopenblasp-r0-39a31c03.2.18.so
7f141be93000-7f141c05c000 r-xp 00000000 08:02 6326039                    /opt/anaconda2/lib/python2.7/site-packages/numpy/core/multiarray.so
7f141c05c000-7f141c25c000 ---p 001c9000 08:02 6326039                    /opt/anaconda2/lib/python2.7/site-packages/numpy/core/multiarray.so
7f141c25c000-7f141c26b000 rw-p 001c9000 08:02 6326039                    /opt/anaconda2/lib/python2.7/site-packages/numpy/core/multiarray.so
7f141c26b000-7f141c27d000 rw-p 00000000 00:00 0 
7f141c27d000-7f141c283000 rw-p 00902000 08:02 6326039                    /opt/anaconda2/lib/python2.7/site-packages/numpy/core/multiarray.so
7f141c283000-7f141c28b000 r-xp 00000000 08:02 6432957                    /opt/anaconda2/lib/python2.7/lib-dynload/math.so
7f141c28b000-7f141c48a000 ---p 00008000 08:02 6432957                    /opt/anaconda2/lib/python2.7/lib-dynload/math.so
7f141c48a000-7f141c48c000 rw-p 00007000 08:02 6432957                    /opt/anaconda2/lib/python2.7/lib-dynload/math.so
7f141c48c000-7f141c4cc000 rw-p 00000000 00:00 0 
7f141c4cc000-7f141c4d6000 r-xp 00000000 08:02 6432955                    /opt/anaconda2/lib/python2.7/lib-dynload/itertools.so
7f141c4d6000-7f141c6d6000 ---p 0000a000 08:02 6432955                    /opt/anaconda2/lib/python2.7/lib-dynload/itertools.so
7f141c6d6000-7f141c6db000 rw-p 0000a000 08:02 6432955                    /opt/anaconda2/lib/python2.7/lib-dynload/itertools.so
7f141c6db000-7f141c6e3000 r-xp 00000000 08:02 6432931                    /opt/anaconda2/lib/python2.7/lib-dynload/_json.so
7f141c6e3000-7f141c8e3000 ---p 00008000 08:02 6432931                    /opt/anaconda2/lib/python2.7/lib-dynload/_json.so
7f141c8e3000-7f141c8e4000 rw-p 00008000 08:02 6432931                    /opt/anaconda2/lib/python2.7/lib-dynload/_json.so
7f141c8e4000-7f141c8eb000 r-xp 00000000 08:02 6432940                    /opt/anaconda2/lib/python2.7/lib-dynload/_struct.so
7f141c8eb000-7f141caeb000 ---p 00007000 08:02 6432940                    /opt/anaconda2/lib/python2.7/lib-dynload/_struct.so
7f141caeb000-7f141caed000 rw-p 00007000 08:02 6432940                    /opt/anaconda2/lib/python2.7/lib-dynload/_struct.so
7f141caed000-7f141caf1000 r-xp 00000000 08:02 6432948                    /opt/anaconda2/lib/python2.7/lib-dynload/cStringIO.so
7f141caf1000-7f141ccf0000 ---p 00004000 08:02 6432948                    /opt/anaconda2/lib/python2.7/lib-dynload/cStringIO.so
7f141ccf0000-7f141ccf2000 rw-p 00003000 08:02 6432948                    /opt/anaconda2/lib/python2.7/lib-dynload/cStringIO.so
7f141ccf2000-7f141ccf7000 r-xp 00000000 08:02 6432920                    /opt/anaconda2/lib/python2.7/lib-dynload/_csv.so
7f141ccf7000-7f141cef6000 ---p 00005000 08:02 6432920                    /opt/anaconda2/lib/python2.7/lib-dynload/_csv.so
7f141cef6000-7f141cef9000 rw-p 00004000 08:02 6432920                    /opt/anaconda2/lib/python2.7/lib-dynload/_csv.so
7f141cef9000-7f141cefc000 r-xp 00000000 08:02 6432926                    /opt/anaconda2/lib/python2.7/lib-dynload/_functools.so
7f141cefc000-7f141d0fb000 ---p 00003000 08:02 6432926                    /opt/anaconda2/lib/python2.7/lib-dynload/_functools.so
7f141d0fb000-7f141d0fc000 rw-p 00002000 08:02 6432926                    /opt/anaconda2/lib/python2.7/lib-dynload/_functools.so
7f141d0fc000-7f141d568000 r--p 00000000 08:02 4987890                    /usr/lib/locale/locale-archive
7f141d568000-7f141d56c000 r-xp 00000000 08:02 6432932                    /opt/anaconda2/lib/python2.7/lib-dynload/_locale.so
7f141d56c000-7f141d76c000 ---p 00004000 08:02 6432932                    /opt/anaconda2/lib/python2.7/lib-dynload/_locale.so
7f141d76c000-7f141d76d000 rw-p 00004000 08:02 6432932                    /opt/anaconda2/lib/python2.7/lib-dynload/_locale.so
7f141d76d000-7f141d927000 r-xp 00000000 08:02 5249372                    /lib/x86_64-linux-gnu/libc-2.19.so
7f141d927000-7f141db27000 ---p 001ba000 08:02 5249372                    /lib/x86_64-linux-gnu/libc-2.19.so
7f141db27000-7f141db2b000 r--p 001ba000 08:02 5249372                    /lib/x86_64-linux-gnu/libc-2.19.so
7f141db2b000-7f141db2d000 rw-p 001be000 08:02 5249372                    /lib/x86_64-linux-gnu/libc-2.19.so
7f141db2d000-7f141db32000 rw-p 00000000 00:00 0 
7f141db32000-7f141dc37000 r-xp 00000000 08:02 5249348                    /lib/x86_64-linux-gnu/libm-2.19.so
7f141dc37000-7f141de36000 ---p 00105000 08:02 5249348                    /lib/x86_64-linux-gnu/libm-2.19.so
7f141de36000-7f141de37000 r--p 00104000 08:02 5249348                    /lib/x86_64-linux-gnu/libm-2.19.so
7f141de37000-7f141de38000 rw-p 00105000 08:02 5249348                    /lib/x86_64-linux-gnu/libm-2.19.so
7f141de38000-7f141de3a000 r-xp 00000000 08:02 5249374                    /lib/x86_64-linux-gnu/libutil-2.19.so
7f141de3a000-7f141e039000 ---p 00002000 08:02 5249374                    /lib/x86_64-linux-gnu/libutil-2.19.so
7f141e039000-7f141e03a000 r--p 00001000 08:02 5249374                    /lib/x86_64-linux-gnu/libutil-2.19.so
7f141e03a000-7f141e03b000 rw-p 00002000 08:02 5249374                    /lib/x86_64-linux-gnu/libutil-2.19.so
7f141e03b000-7f141e03e000 r-xp 00000000 08:02 5249352                    /lib/x86_64-linux-gnu/libdl-2.19.so
7f141e03e000-7f141e23d000 ---p 00003000 08:02 5249352                    /lib/x86_64-linux-gnu/libdl-2.19.so
7f141e23d000-7f141e23e000 r--p 00002000 08:02 5249352                    /lib/x86_64-linux-gnu/libdl-2.19.so
7f141e23e000-7f141e23f000 rw-p 00003000 08:02 5249352                    /lib/x86_64-linux-gnu/libdl-2.19.so
7f141e23f000-7f141e258000 r-xp 00000000 08:02 5249364                    /lib/x86_64-linux-gnu/libpthread-2.19.so
7f141e258000-7f141e457000 ---p 00019000 08:02 5249364                    /lib/x86_64-linux-gnu/libpthread-2.19.so
7f141e457000-7f141e458000 r--p 00018000 08:02 5249364                    /lib/x86_64-linux-gnu/libpthread-2.19.so
7f141e458000-7f141e459000 rw-p 00019000 08:02 5249364                    /lib/x86_64-linux-gnu/libpthread-2.19.so
7f141e459000-7f141e45d000 rw-p 00000000 00:00 0 
7f141e45d000-7f141e5f7000 r-xp 00000000 08:02 6309091                    /opt/anaconda2/lib/libpython2.7.so.1.0
7f141e5f7000-7f141e7f6000 ---p 0019a000 08:02 6309091                    /opt/anaconda2/lib/libpython2.7.so.1.0
7f141e7f6000-7f141e836000 rw-p 00199000 08:02 6309091                    /opt/anaconda2/lib/libpython2.7.so.1.0
7f141e836000-7f141e857000 rw-p 00000000 00:00 0 
7f141e857000-7f141e87a000 r-xp 00000000 08:02 5249365                    /lib/x86_64-linux-gnu/ld-2.19.so
7f141e87a000-7f141e87b000 r--s 00000000 08:02 6438455                    /opt/gumtree/gumtree/dist/build/distributions/gumtree-20170703-2.1.0-SNAPSHOT/lib/gen.c-2.1.0-SNAPSHOT.jar
7f141e87b000-7f141e87c000 r--s 00005000 08:02 6438451                    /opt/gumtree/gumtree/dist/build/distributions/gumtree-20170703-2.1.0-SNAPSHOT/lib/gen.antlr3-json-2.1.0-SNAPSHOT.jar
7f141e87c000-7f141e87d000 r--s 00000000 08:02 6438449                    /opt/gumtree/gumtree/dist/build/distributions/gumtree-20170703-2.1.0-SNAPSHOT/lib/gen.antlr3-2.1.0-SNAPSHOT.jar
7f141e87d000-7f141e87e000 rw-p 00000000 00:00 0 
7f141e87e000-7f141e880000 r--s 00015000 08:02 6438497                    /opt/gumtree/gumtree/dist/build/distributions/gumtree-20170703-2.1.0-SNAPSHOT/lib/contenttype-3.4.200-v20140207-1251.jar
7f141e880000-7f141e882000 r--s 0000e000 08:02 6438518                    /opt/gumtree/gumtree/dist/build/distributions/gumtree-20170703-2.1.0-SNAPSHOT/lib/commons-logging-1.2.jar
7f141e882000-7f141e888000 r--s 00048000 08:02 6438483                    /opt/gumtree/gumtree/dist/build/distributions/gumtree-20170703-2.1.0-SNAPSHOT/lib/commons-lang3-3.1.jar
7f141e888000-7f141e88b000 r--s 00024000 08:02 6438484                    /opt/gumtree/gumtree/dist/build/distributions/gumtree-20170703-2.1.0-SNAPSHOT/lib/commons-io-2.0.1.jar
7f141e88b000-7f141e892000 r--s 0003f000 08:02 6438475                    /opt/gumtree/gumtree/dist/build/distributions/gumtree-20170703-2.1.0-SNAPSHOT/lib/commons-codec-1.10.jar
7f141e892000-7f141e895000 r--s 00018000 08:02 6438493                    /opt/gumtree/gumtree/dist/build/distributions/gumtree-20170703-2.1.0-SNAPSHOT/lib/common-3.6.200-v20130402-1505.jar
7f141e895000-7f141e89c000 r--s 0003e000 08:02 6438513                    /opt/gumtree/gumtree/dist/build/distributions/gumtree-20170703-2.1.0-SNAPSHOT/lib/cglib-2.2.1-v20090111.jar
7f141e89c000-7f141e95d000 rw-p 00000000 00:00 0 
7f141e95d000-7f141e95f000 r--s 00006000 08:02 6438447                    /opt/gumtree/gumtree/dist/build/distributions/gumtree-20170703-2.1.0-SNAPSHOT/lib/client-2.1.0-SNAPSHOT.jar
7f141e95f000-7f141e961000 r--s 00046000 08:02 6438448                    /opt/gumtree/gumtree/dist/build/distributions/gumtree-20170703-2.1.0-SNAPSHOT/lib/client.diff-2.1.0-SNAPSHOT.jar
7f141e961000-7f141e964000 r--s 00013000 08:02 6438498                    /opt/gumtree/gumtree/dist/build/distributions/gumtree-20170703-2.1.0-SNAPSHOT/lib/app-1.3.200-v20130910-1609.jar
7f141e964000-7f141e966000 r--s 00000000 08:02 6438512                    /opt/gumtree/gumtree/dist/build/distributions/gumtree-20170703-2.1.0-SNAPSHOT/lib/aopalliance-1.0.jar
7f141e966000-7f141ea52000 rw-p 00000000 00:00 0 
7f141ea52000-7f141ea53000 r--s 0000a000 08:02 6438519                    /opt/gumtree/gumtree/dist/build/distributions/gumtree-20170703-2.1.0-SNAPSHOT/lib/asm-3.1.jar
7f141ea53000-7f141ea56000 r--s 00026000 08:02 6438489                    /opt/gumtree/gumtree/dist/build/distributions/gumtree-20170703-2.1.0-SNAPSHOT/lib/antlr-runtime-3.5.2.jar
7f141ea56000-7f141ea60000 r--s 00110000 08:02 6438467                    /opt/gumtree/gumtree/dist/build/distributions/gumtree-20170703-2.1.0-SNAPSHOT/lib/antlr-3.5.2.jar
7f141ea60000-7f141ea64000 r--s 0000f000 08:02 6438477                    /opt/gumtree/gumtree/dist/build/distributions/gumtree-20170703-2.1.0-SNAPSHOT/lib/annotations-2.0.1.jar
7f141ea64000-7f141ea6c000 rw-s 00000000 08:02 4063297                    /tmp/hsperfdata_root/7761 (deleted)
7f141ea6c000-7f141ea6d000 rw-p 00000000 00:00 0 
7f141ea6d000-7f141ea6e000 ---p 00000000 00:00 0 
7f141ea6e000-7f141ea6f000 rw-p 00000000 00:00 0 
7f141ea6f000-7f141ea76000 r--s 00000000 08:02 5640900                    /usr/lib/x86_64-linux-gnu/gconv/gconv-modules.cache
7f141ea76000-7f141ea77000 rwxp 00000000 00:00 0 
7f141ea77000-7f141ea79000 rw-p 00000000 00:00 0 
7f141ea79000-7f141ea7a000 r--p 00022000 08:02 5249365                    /lib/x86_64-linux-gnu/ld-2.19.so
7f141ea7a000-7f141ea7b000 rw-p 00023000 08:02 5249365                    /lib/x86_64-linux-gnu/ld-2.19.so
7f141ea7b000-7f141ea7c000 rw-p 00000000 00:00 0 
7ffd520a8000-7ffd521a4000 rw-p 00000000 00:00 0                          [stack]
7ffd521c2000-7ffd521c4000 r--p 00000000 00:00 0                          [vvar]
7ffd521c4000-7ffd521c6000 r-xp 00000000 00:00 0                          [vdso]
ffffffffff600000-ffffffffff601000 r-xp 00000000 00:00 0                  [vsyscall]

VM Arguments:
jvm_args: -d64 
java_command: <unknown>
java_class_path (initial): .:/usr/info/code/cpp/LogMonitor/LogMonitor/java:/opt/gumtree/gumtree/dist/build/distributions/gumtree-20170703-2.1.0-SNAPSHOT/lib/annotations-2.0.1.jar:/opt/gumtree/gumtree/dist/build/distributions/gumtree-20170703-2.1.0-SNAPSHOT/lib/antlr-3.5.2.jar:/opt/gumtree/gumtree/dist/build/distributions/gumtree-20170703-2.1.0-SNAPSHOT/lib/antlr-runtime-3.5.2.jar:/opt/gumtree/gumtree/dist/build/distributions/gumtree-20170703-2.1.0-SNAPSHOT/lib/aopalliance-1.0.jar:/opt/gumtree/gumtree/dist/build/distributions/gumtree-20170703-2.1.0-SNAPSHOT/lib/app-1.3.200-v20130910-1609.jar:/opt/gumtree/gumtree/dist/build/distributions/gumtree-20170703-2.1.0-SNAPSHOT/lib/asm-3.1.jar:/opt/gumtree/gumtree/dist/build/distributions/gumtree-20170703-2.1.0-SNAPSHOT/lib/cglib-2.2.1-v20090111.jar:/opt/gumtree/gumtree/dist/build/distributions/gumtree-20170703-2.1.0-SNAPSHOT/lib/client.diff-2.1.0-SNAPSHOT.jar:/opt/gumtree/gumtree/dist/build/distributions/gumtree-20170703-2.1.0-SNAPSHOT/lib/client-2.1.0-SNAPSHOT.jar:/opt/gumtree/gumtree/dist/build/distributions/gumtree-20170703-2.1.0-SNAPSHOT/lib/common-3.6.200-v20130402-1505.jar:/opt/gumtree/gumtree/dist/build/distributions/gumtree-20170703-2.1.0-SNAPSHOT/lib/commons-codec-1.10.jar:/opt/gumtree/gumtree/dist/build/distributions/gumtree-20170703-2.1.0-SNAPSHOT/lib/commons-io-2.0.1.jar:/opt/gumtree/gumtree/dist/build/distributions/gumtree-20170703-2.1.0-SNAPSHOT/lib/commons-lang3-3.1.jar:/opt/gumtree/gumtree/dist/build/distributions/gumtree-20170703-2.1.0-SNAPSHOT/lib/commons-logging-1.2.jar:/opt/gumtree/gumtree/dist/build/distributions/gumtree-20170703-2.1.0-SNAPSHOT/lib/contenttype-3.4.200-v20140207-1251.jar:/opt/gumtree/gumtree/dist/build/distributions/gumtree-20170703-2.1.0-SNAPSHOT/lib/core-2.1.0-SNAPSHOT.jar:/opt/gumtree/gumtree/dist/build/distributions/gumtree-20170703-2.1.0-SNAPSHOT/lib/gen.antlr3-2.1.0-SNAPSHOT.jar:/opt/gumtree/gumtree/dist/build/distributions/gumtree-20170703-2.1.0-SNAPSHOT/lib/gen.antlr3-antlr-2.1.0
Launcher Type: generic

Environment Variables:
CLASSPATH=.:/opt/gumtree/gumtree/dist/build/distributions/gumtree-20170703-2.1.0-SNAPSHOT/lib/*:/usr/info/code/cpp/LogMonitor/LogMonitor/java/*
PATH=/opt/llvm-build/bin:/opt/anaconda2/bin:/usr/local/sbin:/usr/local/bin:/usr/sbin:/usr/bin:/sbin:/bin:/usr/games:/usr/local/games
USERNAME=sarah
SHELL=/bin/bash
DISPLAY=:0

Signal Handlers:
SIGSEGV: [libjvm.so+0xac78c0], sa_mask[0]=11111111011111111101111111111110, sa_flags=SA_RESTART|SA_SIGINFO
SIGBUS: [libjvm.so+0xac78c0], sa_mask[0]=11111111011111111101111111111110, sa_flags=SA_RESTART|SA_SIGINFO
SIGFPE: [libjvm.so+0x920ac0], sa_mask[0]=11111111011111111101111111111110, sa_flags=SA_RESTART|SA_SIGINFO
SIGPIPE: [libjvm.so+0x920ac0], sa_mask[0]=11111111011111111101111111111110, sa_flags=SA_RESTART|SA_SIGINFO
SIGXFSZ: [libjvm.so+0x920ac0], sa_mask[0]=11111111011111111101111111111110, sa_flags=SA_RESTART|SA_SIGINFO
SIGILL: [libjvm.so+0x920ac0], sa_mask[0]=11111111011111111101111111111110, sa_flags=SA_RESTART|SA_SIGINFO
SIGUSR1: SIG_DFL, sa_mask[0]=00000000000000000000000000000000, sa_flags=none
SIGUSR2: [libjvm.so+0x922300], sa_mask[0]=00000000000000000000000000000000, sa_flags=SA_RESTART|SA_SIGINFO
SIGHUP: [libjvm.so+0x923700], sa_mask[0]=11111111011111111101111111111110, sa_flags=SA_RESTART|SA_SIGINFO
SIGINT: [libjvm.so+0x923700], sa_mask[0]=11111111011111111101111111111110, sa_flags=SA_RESTART|SA_SIGINFO
SIGTERM: [libjvm.so+0x923700], sa_mask[0]=11111111011111111101111111111110, sa_flags=SA_RESTART|SA_SIGINFO
SIGQUIT: [libjvm.so+0x923700], sa_mask[0]=11111111011111111101111111111110, sa_flags=SA_RESTART|SA_SIGINFO


---------------  S Y S T E M  ---------------

OS:DISTRIB_ID=LinuxMint
DISTRIB_RELEASE=17.3
DISTRIB_CODENAME=rosa
DISTRIB_DESCRIPTION="Linux Mint 17.3 Rosa"

uname:Linux 3.19.0-32-generic #37~14.04.1-Ubuntu SMP Thu Oct 22 09:41:40 UTC 2015 x86_64
libc:glibc 2.19 NPTL 2.19 
rlimit: STACK 8192k, CORE 0k, NPROC 30734, NOFILE 40000, AS infinity
load average:0.97 0.97 0.96

/proc/meminfo:
MemTotal:        8106964 kB
MemFree:          286592 kB
MemAvailable:    5194028 kB
Buffers:           34348 kB
Cached:          4643152 kB
SwapCached:        32112 kB
Active:          4196836 kB
Inactive:        2974340 kB
Active(anon):    1847028 kB
Inactive(anon):   649512 kB
Active(file):    2349808 kB
Inactive(file):  2324828 kB
Unevictable:          76 kB
Mlocked:              76 kB
SwapTotal:       8317948 kB
SwapFree:        7779808 kB
Dirty:              3112 kB
Writeback:             0 kB
AnonPages:       2487376 kB
Mapped:            62260 kB
Shmem:              2692 kB
Slab:             526840 kB
SReclaimable:     486216 kB
SUnreclaim:        40624 kB
KernelStack:        6816 kB
PageTables:        29068 kB
NFS_Unstable:          0 kB
Bounce:                0 kB
WritebackTmp:          0 kB
CommitLimit:    12371428 kB
Committed_AS:    4827536 kB
VmallocTotal:   34359738367 kB
VmallocUsed:      121904 kB
VmallocChunk:   34359612924 kB
HardwareCorrupted:     0 kB
AnonHugePages:   1595392 kB
CmaTotal:              0 kB
CmaFree:               0 kB
HugePages_Total:       0
HugePages_Free:        0
HugePages_Rsvd:        0
HugePages_Surp:        0
Hugepagesize:       2048 kB
DirectMap4k:      324164 kB
DirectMap2M:     7995392 kB
DirectMap1G:     1048576 kB


CPU:total 4 (4 cores per cpu, 1 threads per core) family 6 model 60 stepping 3, cmov, cx8, fxsr, mmx, sse, sse2, sse3, ssse3, sse4.1, sse4.2, popcnt, avx, avx2, aes, clmul, erms, lzcnt, tsc, tscinvbit, bmi1, bmi2

/proc/cpuinfo:
processor	: 0
vendor_id	: GenuineIntel
cpu family	: 6
model		: 60
model name	: Intel(R) Core(TM) i5-4590 CPU @ 3.30GHz
stepping	: 3
microcode	: 0x1d
cpu MHz		: 3685.042
cache size	: 6144 KB
physical id	: 0
siblings	: 4
core id		: 0
cpu cores	: 4
apicid		: 0
initial apicid	: 0
fpu		: yes
fpu_exception	: yes
cpuid level	: 13
wp		: yes
flags		: fpu vme de pse tsc msr pae mce cx8 apic sep mtrr pge mca cmov pat pse36 clflush dts acpi mmx fxsr sse sse2 ss ht tm pbe syscall nx pdpe1gb rdtscp lm constant_tsc arch_perfmon pebs bts rep_good nopl xtopology nonstop_tsc aperfmperf eagerfpu pni pclmulqdq dtes64 monitor ds_cpl vmx smx est tm2 ssse3 fma cx16 xtpr pdcm pcid sse4_1 sse4_2 x2apic movbe popcnt tsc_deadline_timer aes xsave avx f16c rdrand lahf_lm abm ida arat epb pln pts dtherm tpr_shadow vnmi flexpriority ept vpid fsgsbase tsc_adjust bmi1 avx2 smep bmi2 erms invpcid xsaveopt
bugs		:
bogomips	: 6585.12
clflush size	: 64
cache_alignment	: 64
address sizes	: 39 bits physical, 48 bits virtual
power management:

processor	: 1
vendor_id	: GenuineIntel
cpu family	: 6
model		: 60
model name	: Intel(R) Core(TM) i5-4590 CPU @ 3.30GHz
stepping	: 3
microcode	: 0x1d
cpu MHz		: 3181.664
cache size	: 6144 KB
physical id	: 0
siblings	: 4
core id		: 1
cpu cores	: 4
apicid		: 2
initial apicid	: 2
fpu		: yes
fpu_exception	: yes
cpuid level	: 13
wp		: yes
flags		: fpu vme de pse tsc msr pae mce cx8 apic sep mtrr pge mca cmov pat pse36 clflush dts acpi mmx fxsr sse sse2 ss ht tm pbe syscall nx pdpe1gb rdtscp lm constant_tsc arch_perfmon pebs bts rep_good nopl xtopology nonstop_tsc aperfmperf eagerfpu pni pclmulqdq dtes64 monitor ds_cpl vmx smx est tm2 ssse3 fma cx16 xtpr pdcm pcid sse4_1 sse4_2 x2apic movbe popcnt tsc_deadline_timer aes xsave avx f16c rdrand lahf_lm abm ida arat epb pln pts dtherm tpr_shadow vnmi flexpriority ept vpid fsgsbase tsc_adjust bmi1 avx2 smep bmi2 erms invpcid xsaveopt
bugs		:
bogomips	: 6585.12
clflush size	: 64
cache_alignment	: 64
address sizes	: 39 bits physical, 48 bits virtual
power management:

processor	: 2
vendor_id	: GenuineIntel
cpu family	: 6
model		: 60
model name	: Intel(R) Core(TM) i5-4590 CPU @ 3.30GHz
stepping	: 3
microcode	: 0x1d
cpu MHz		: 3300.000
cache size	: 6144 KB
physical id	: 0
siblings	: 4
core id		: 2
cpu cores	: 4
apicid		: 4
initial apicid	: 4
fpu		: yes
fpu_exception	: yes
cpuid level	: 13
wp		: yes
flags		: fpu vme de pse tsc msr pae mce cx8 apic sep mtrr pge mca cmov pat pse36 clflush dts acpi mmx fxsr sse sse2 ss ht tm pbe syscall nx pdpe1gb rdtscp lm constant_tsc arch_perfmon pebs bts rep_good nopl xtopology nonstop_tsc aperfmperf eagerfpu pni pclmulqdq dtes64 monitor ds_cpl vmx smx est tm2 ssse3 fma cx16 xtpr pdcm pcid sse4_1 sse4_2 x2apic movbe popcnt tsc_deadline_timer aes xsave avx f16c rdrand lahf_lm abm ida arat epb pln pts dtherm tpr_shadow vnmi flexpriority ept vpid fsgsbase tsc_adjust bmi1 avx2 smep bmi2 erms invpcid xsaveopt
bugs		:
bogomips	: 6585.12
clflush size	: 64
cache_alignment	: 64
address sizes	: 39 bits physical, 48 bits virtual
power management:

processor	: 3
vendor_id	: GenuineIntel
cpu family	: 6
model		: 60
model name	: Intel(R) Core(TM) i5-4590 CPU @ 3.30GHz
stepping	: 3
microcode	: 0x1d
cpu MHz		: 3276.667
cache size	: 6144 KB
physical id	: 0
siblings	: 4
core id		: 3
cpu cores	: 4
apicid		: 6
initial apicid	: 6
fpu		: yes
fpu_exception	: yes
cpuid level	: 13
wp		: yes
flags		: fpu vme de pse tsc msr pae mce cx8 apic sep mtrr pge mca cmov pat pse36 clflush dts acpi mmx fxsr sse sse2 ss ht tm pbe syscall nx pdpe1gb rdtscp lm constant_tsc arch_perfmon pebs bts rep_good nopl xtopology nonstop_tsc aperfmperf eagerfpu pni pclmulqdq dtes64 monitor ds_cpl vmx smx est tm2 ssse3 fma cx16 xtpr pdcm pcid sse4_1 sse4_2 x2apic movbe popcnt tsc_deadline_timer aes xsave avx f16c rdrand lahf_lm abm ida arat epb pln pts dtherm tpr_shadow vnmi flexpriority ept vpid fsgsbase tsc_adjust bmi1 avx2 smep bmi2 erms invpcid xsaveopt
bugs		:
bogomips	: 6585.12
clflush size	: 64
cache_alignment	: 64
address sizes	: 39 bits physical, 48 bits virtual
power management:



Memory: 4k page, physical 8106964k(286592k free), swap 8317948k(7779808k free)

vm_info: Java HotSpot(TM) 64-Bit Server VM (25.121-b13) for linux-amd64 JRE (1.8.0_121-b13), built on Dec 12 2016 16:36:53 by "java_re" with gcc 4.3.0 20080428 (Red Hat 4.3.0-8)

time: Wed Nov  8 01:37:26 2017
elapsed time: 25753 seconds (0d 7h 9m 13s)

