#
# A fatal error has been detected by the Java Runtime Environment:
#
#  SIGSEGV (0xb) at pc=0x00007f16e6405b72, pid=13194, tid=0x00007f16ff0b7740
#
# JRE version: Java(TM) SE Runtime Environment (8.0_121-b13) (build 1.8.0_121-b13)
# Java VM: Java HotSpot(TM) 64-Bit Server VM (25.121-b13 mixed mode linux-amd64 compressed oops)
# Problematic frame:
# C  [_jpype.so+0x47b72]  JPMethodOverload::getSignature()+0x202
#
# Failed to write core dump. Core dumps have been disabled. To enable core dumping, try "ulimit -c unlimited" before starting Java again
#
# If you would like to submit a bug report, please visit:
#   http://bugreport.java.com/bugreport/crash.jsp
#

---------------  T H R E A D  ---------------

Current thread is native thread

siginfo: si_signo: 11 (SIGSEGV), si_code: 128 (SI_KERNEL), si_addr: 0x0000000000000000

Registers:
RAX=0x00007ffefd7a5530, RBX=0x00007f16ee8ec200, RCX=0x0000000000000000, RDX=0x00007f16ee8ec2a0
RSP=0x00007ffefd7a54c0, RBP=0x00000000029fecd0, RSI=0x0000000002966cd8, RDI=0x00007f16ee9054c0
R8 =0x0000000000000200, R9 =0x0000000000000023, R10=0x00007f16ee904a40, R11=0x00007f16fdf5e500
R12=0x6172625f6c6c6174, R13=0x00007ffefd7a5730, R14=0x000000000290e100, R15=0x00007ffefd7a5520
RIP=0x00007f16e6405b72, EFLAGS=0x0000000000010206, CSGSFS=0x0000000000000033, ERR=0x0000000000000000
  TRAPNO=0x000000000000000d

Top of Stack: (sp=0x00007ffefd7a54c0)
0x00007ffefd7a54c0:   00007ffefd7a54ef 00007ffefd7a5730
0x00007ffefd7a54d0:   00007f16ee8ec138 00007f16ee8ec160
0x00007ffefd7a54e0:   00007f16ee8ec198 00007f16ee8ec1e8
0x00007ffefd7a54f0:   00007f16ee8ec0d8 00007f16ee8ec100
0x00007ffefd7a5500:   00007f16e7acc490 00007ffefd7a5570
0x00007ffefd7a5510:   00007f16e52323d0 00007f16fe195760
0x00007ffefd7a5520:   00007f16ee8ec278 0000000000000000
0x00007ffefd7a5530:   00007f16ee8ec2a0 00007f16ee8ebe90
0x00007ffefd7a5540:   0000000002966cd8 0000000002966cd8
0x00007ffefd7a5550:   0000000002966cd9 0000000002966cd8
0x00007ffefd7a5560:   0000000002966cd9 0000000002966ed8
0x00007ffefd7a5570:   00007f16ee904ee0 0000000000000018
0x00007ffefd7a5580:   0000000002966cd8 00007f16ee8ec2c8
0x00007ffefd7a5590:   0000000000000006 0000000000000000
0x00007ffefd7a55a0:   0000000000001002 0000059800000000
0x00007ffefd7a55b0:   0000000000000000 0000000000000000
0x00007ffefd7a55c0:   0000000000000000 0000000000000000
0x00007ffefd7a55d0:   0000000000000000 0000000000000000
0x00007ffefd7a55e0:   0000000000000000 0000000000000000
0x00007ffefd7a55f0:   0000000000000000 0000000000000000
0x00007ffefd7a5600:   0000000000000000 0000000000000000
0x00007ffefd7a5610:   0000000000000000 0000000000000000
0x00007ffefd7a5620:   0000000000000000 0000000000000000
0x00007ffefd7a5630:   0000000000000000 0000000000000000
0x00007ffefd7a5640:   0000000000000000 0000000000000008
0x00007ffefd7a5650:   00007ffefd7a55c8 00007f16ee904ee0
0x00007ffefd7a5660:   0000000000000000 0000000002900000
0x00007ffefd7a5670:   00007ffefd7a5538 00007f16ee904a40
0x00007ffefd7a5680:   00007f16ee9049d0 00007f16ee9049e0
0x00007ffefd7a5690:   00007ffefd7a57d0 0000000000000000
0x00007ffefd7a56a0:   00000000029fecd0 0000000000000000
0x00007ffefd7a56b0:   00007ffefd7a5730 000000000290e100 

Instructions: (pc=0x00007f16e6405b72)
0x00007f16e6405b52:   84 24 c0 00 00 00 e8 53 c3 fd ff 49 8d 7f 10 48
0x00007f16e6405b62:   8d 35 4f 97 02 00 ba 01 00 00 00 e8 7e c2 fd ff
0x00007f16e6405b72:   49 8b 6c 24 38 49 3b 6c 24 40 4d 8d 77 10 48 89
0x00007f16e6405b82:   eb 4c 8d 6d 08 74 29 0f 1f 80 00 00 00 00 48 89 

Register to memory mapping:

RAX=0x00007ffefd7a5530 is an unknown value
RBX=0x00007f16ee8ec200: _ZTTSt18basic_stringstreamIcSt11char_traitsIcESaIcEE+0 in /opt/anaconda2/lib/python2.7/site-packages/scipy/sparse/../../../../libstdc++.so.6 at 0x00007f16ee5f0000
RCX=0x0000000000000000 is an unknown value
RDX=0x00007f16ee8ec2a0: _ZTVSt18basic_stringstreamIcSt11char_traitsIcESaIcEE+0x40 in /opt/anaconda2/lib/python2.7/site-packages/scipy/sparse/../../../../libstdc++.so.6 at 0x00007f16ee5f0000
RSP=0x00007ffefd7a54c0 is an unknown value
RBP=0x00000000029fecd0 is an unknown value
RSI=0x0000000002966cd8 is an unknown value
RDI=0x00007f16ee9054c0: _ZNSs4_Rep20_S_empty_rep_storageE+0 in /opt/anaconda2/lib/python2.7/site-packages/scipy/sparse/../../../../libstdc++.so.6 at 0x00007f16ee5f0000
R8 =0x0000000000000200 is an unknown value
R9 =0x0000000000000023 is an unknown value
R10=0x00007f16ee904a40: <offset 0x314a40> in /opt/anaconda2/lib/python2.7/site-packages/scipy/sparse/../../../../libstdc++.so.6 at 0x00007f16ee5f0000
R11=0x00007f16fdf5e500: <offset 0x187500> in /lib/x86_64-linux-gnu/libc.so.6 at 0x00007f16fddd7000
R12=0x6172625f6c6c6174 is an unknown value
R13=0x00007ffefd7a5730 is an unknown value
R14=0x000000000290e100 is an unknown value
R15=0x00007ffefd7a5520 is an unknown value


Stack: [0x00007ffefd6aa000,0x00007ffefd7aa000],  sp=0x00007ffefd7a54c0,  free space=1005k
Native frames: (J=compiled Java code, j=interpreted, Vv=VM code, C=native code)
C  [_jpype.so+0x47b72]  JPMethodOverload::getSignature()+0x202


---------------  P R O C E S S  ---------------

VM state:at safepoint (shutting down)

VM Mutex/Monitor currently owned by a thread:  ([mutex/lock_event])
[0x00000000023519d0] Threads_lock - owner thread: 0x00000000027cd000

Heap:
 PSYoungGen      total 501760K, used 158965K [0x00000000d6c00000, 0x00000000fbc00000, 0x0000000100000000)
  eden space 496640K, 31% used [0x00000000d6c00000,0x00000000e0267a10,0x00000000f5100000)
  from space 5120K, 96% used [0x00000000f8700000,0x00000000f8bd5a88,0x00000000f8c00000)
  to   space 39936K, 0% used [0x00000000f9500000,0x00000000f9500000,0x00000000fbc00000)
 ParOldGen       total 171008K, used 103129K [0x0000000084400000, 0x000000008eb00000, 0x00000000d6c00000)
  object space 171008K, 60% used [0x0000000084400000,0x000000008a8b6580,0x000000008eb00000)
 Metaspace       used 10942K, capacity 11160K, committed 11392K, reserved 1058816K
  class space    used 1061K, capacity 1126K, committed 1152K, reserved 1048576K

Card table byte_map: [0x00007f16d3484000,0x00007f16d3863000] byte_map_base: 0x00007f16d3062000

Marking Bits: (ParMarkBitMap*) 0x00007f16e4869c80
 Begin Bits: [0x00007f16cf00c000, 0x00007f16d0efc000)
 End Bits:   [0x00007f16d0efc000, 0x00007f16d2dec000)

Polling page: 0x00007f16ff0d7000

CodeCache: size=245760Kb used=8605Kb max_used=8634Kb free=237155Kb
 bounds [0x00007f16d3c23000, 0x00007f16d44e3000, 0x00007f16e2c23000]
 total_blobs=2659 nmethods=2345 adapters=227
 compilation: enabled

Compilation events (10 events):
Event: 4076.846 Thread 0x000000000280f800 3462       4       gumtree.GumTreeApi::getDDGNodeOfLine (91 bytes)
Event: 4076.886 Thread 0x000000000280f800 nmethod 3462 0x00007f16d43033d0 code [0x00007f16d43036c0, 0x00007f16d4304f40]
Event: 4114.848 Thread 0x000000000280d000 3463       4       sun.security.provider.DigestBase::engineReset (25 bytes)
Event: 4114.849 Thread 0x000000000280d000 nmethod 3463 0x00007f16d43f3fd0 code [0x00007f16d43f4120, 0x00007f16d43f4238]
Event: 4151.908 Thread 0x000000000280f800 3464       4       sun.security.provider.SHA::implDigest (96 bytes)
Event: 4151.916 Thread 0x000000000280f800 nmethod 3464 0x00007f16d4426d50 code [0x00007f16d4426f20, 0x00007f16d4427728]
Event: 4176.297 Thread 0x0000000002811800 3465       1       gumtree.GumTreeApi::setDDGFlag (6 bytes)
Event: 4176.297 Thread 0x0000000002811800 nmethod 3465 0x00007f16d3f985d0 code [0x00007f16d3f98720, 0x00007f16d3f98830]
Event: 4727.439 Thread 0x0000000002811800 3466       1       java.util.logging.LogManager$LoggerContext::getOwner (5 bytes)
Event: 4727.439 Thread 0x0000000002811800 nmethod 3466 0x00007f16d3f98310 code [0x00007f16d3f98460, 0x00007f16d3f98570]

GC Heap History (10 events):
Event: 4229.445 GC heap before
{Heap before GC invocations=3351 (full 62):
 PSYoungGen      total 642048K, used 630287K [0x00000000d6c00000, 0x0000000100000000, 0x0000000100000000)
  eden space 609280K, 100% used [0x00000000d6c00000,0x00000000fbf00000,0x00000000fbf00000)
  from space 32768K, 64% used [0x00000000fe000000,0x00000000ff483ef8,0x0000000100000000)
  to   space 33280K, 0% used [0x00000000fbf00000,0x00000000fbf00000,0x00000000fdf80000)
 ParOldGen       total 171008K, used 92890K [0x0000000084400000, 0x000000008eb00000, 0x00000000d6c00000)
  object space 171008K, 54% used [0x0000000084400000,0x0000000089eb6958,0x000000008eb00000)
 Metaspace       used 10929K, capacity 11096K, committed 11392K, reserved 1058816K
  class space    used 1059K, capacity 1126K, committed 1152K, reserved 1048576K
Event: 4229.464 GC heap after
Heap after GC invocations=3351 (full 62):
 PSYoungGen      total 606720K, used 21842K [0x00000000d6c00000, 0x00000000fe900000, 0x0000000100000000)
  eden space 584704K, 0% used [0x00000000d6c00000,0x00000000d6c00000,0x00000000fa700000)
  from space 22016K, 99% used [0x00000000fbf00000,0x00000000fd4548c8,0x00000000fd480000)
  to   space 20992K, 0% used [0x00000000fd480000,0x00000000fd480000,0x00000000fe900000)
 ParOldGen       total 171008K, used 92906K [0x0000000084400000, 0x000000008eb00000, 0x00000000d6c00000)
  object space 171008K, 54% used [0x0000000084400000,0x0000000089eba958,0x000000008eb00000)
 Metaspace       used 10929K, capacity 11096K, committed 11392K, reserved 1058816K
  class space    used 1059K, capacity 1126K, committed 1152K, reserved 1048576K
}
Event: 4235.117 GC heap before
{Heap before GC invocations=3352 (full 62):
 PSYoungGen      total 606720K, used 606543K [0x00000000d6c00000, 0x00000000fe900000, 0x0000000100000000)
  eden space 584704K, 99% used [0x00000000d6c00000,0x00000000fa6ff558,0x00000000fa700000)
  from space 22016K, 99% used [0x00000000fbf00000,0x00000000fd4548c8,0x00000000fd480000)
  to   space 20992K, 0% used [0x00000000fd480000,0x00000000fd480000,0x00000000fe900000)
 ParOldGen       total 171008K, used 92906K [0x0000000084400000, 0x000000008eb00000, 0x00000000d6c00000)
  object space 171008K, 54% used [0x0000000084400000,0x0000000089eba958,0x000000008eb00000)
 Metaspace       used 10929K, capacity 11096K, committed 11392K, reserved 1058816K
  class space    used 1059K, capacity 1126K, committed 1152K, reserved 1048576K
Event: 4235.139 GC heap after
Heap after GC invocations=3352 (full 62):
 PSYoungGen      total 582144K, used 20990K [0x00000000d6c00000, 0x00000000fe900000, 0x0000000100000000)
  eden space 561152K, 0% used [0x00000000d6c00000,0x00000000d6c00000,0x00000000f9000000)
  from space 20992K, 99% used [0x00000000fd480000,0x00000000fe8ff9a8,0x00000000fe900000)
  to   space 37376K, 0% used [0x00000000fa000000,0x00000000fa000000,0x00000000fc480000)
 ParOldGen       total 171008K, used 103073K [0x0000000084400000, 0x000000008eb00000, 0x00000000d6c00000)
  object space 171008K, 60% used [0x0000000084400000,0x000000008a8a8580,0x000000008eb00000)
 Metaspace       used 10929K, capacity 11096K, committed 11392K, reserved 1058816K
  class space    used 1059K, capacity 1126K, committed 1152K, reserved 1048576K
}
Event: 4240.092 GC heap before
{Heap before GC invocations=3353 (full 62):
 PSYoungGen      total 582144K, used 582142K [0x00000000d6c00000, 0x00000000fe900000, 0x0000000100000000)
  eden space 561152K, 100% used [0x00000000d6c00000,0x00000000f9000000,0x00000000f9000000)
  from space 20992K, 99% used [0x00000000fd480000,0x00000000fe8ff9a8,0x00000000fe900000)
  to   space 37376K, 0% used [0x00000000fa000000,0x00000000fa000000,0x00000000fc480000)
 ParOldGen       total 171008K, used 103073K [0x0000000084400000, 0x000000008eb00000, 0x00000000d6c00000)
  object space 171008K, 60% used [0x0000000084400000,0x000000008a8a8580,0x000000008eb00000)
 Metaspace       used 10929K, capacity 11096K, committed 11392K, reserved 1058816K
  class space    used 1059K, capacity 1126K, committed 1152K, reserved 1048576K
Event: 4240.112 GC heap after
Heap after GC invocations=3353 (full 62):
 PSYoungGen      total 566784K, used 28015K [0x00000000d6c00000, 0x00000000fd500000, 0x0000000100000000)
  eden space 538624K, 0% used [0x00000000d6c00000,0x00000000d6c00000,0x00000000f7a00000)
  from space 28160K, 99% used [0x00000000fa000000,0x00000000fbb5bfd8,0x00000000fbb80000)
  to   space 26112K, 0% used [0x00000000fbb80000,0x00000000fbb80000,0x00000000fd500000)
 ParOldGen       total 171008K, used 103105K [0x0000000084400000, 0x000000008eb00000, 0x00000000d6c00000)
  object space 171008K, 60% used [0x0000000084400000,0x000000008a8b0580,0x000000008eb00000)
 Metaspace       used 10929K, capacity 11096K, committed 11392K, reserved 1058816K
  class space    used 1059K, capacity 1126K, committed 1152K, reserved 1048576K
}
Event: 4244.516 GC heap before
{Heap before GC invocations=3354 (full 62):
 PSYoungGen      total 566784K, used 566639K [0x00000000d6c00000, 0x00000000fd500000, 0x0000000100000000)
  eden space 538624K, 100% used [0x00000000d6c00000,0x00000000f7a00000,0x00000000f7a00000)
  from space 28160K, 99% used [0x00000000fa000000,0x00000000fbb5bfd8,0x00000000fbb80000)
  to   space 26112K, 0% used [0x00000000fbb80000,0x00000000fbb80000,0x00000000fd500000)
 ParOldGen       total 171008K, used 103105K [0x0000000084400000, 0x000000008eb00000, 0x00000000d6c00000)
  object space 171008K, 60% used [0x0000000084400000,0x000000008a8b0580,0x000000008eb00000)
 Metaspace       used 10929K, capacity 11096K, committed 11392K, reserved 1058816K
  class space    used 1059K, capacity 1126K, committed 1152K, reserved 1048576K
Event: 4244.534 GC heap after
Heap after GC invocations=3354 (full 62):
 PSYoungGen      total 542208K, used 24752K [0x00000000d6c00000, 0x00000000fd400000, 0x0000000100000000)
  eden space 517120K, 0% used [0x00000000d6c00000,0x00000000d6c00000,0x00000000f6500000)
  from space 25088K, 98% used [0x00000000fbb80000,0x00000000fd3ac160,0x00000000fd400000)
  to   space 39424K, 0% used [0x00000000f8700000,0x00000000f8700000,0x00000000fad80000)
 ParOldGen       total 171008K, used 103113K [0x0000000084400000, 0x000000008eb00000, 0x00000000d6c00000)
  object space 171008K, 60% used [0x0000000084400000,0x000000008a8b2580,0x000000008eb00000)
 Metaspace       used 10929K, capacity 11096K, committed 11392K, reserved 1058816K
  class space    used 1059K, capacity 1126K, committed 1152K, reserved 1048576K
}
Event: 4245.922 GC heap before
{Heap before GC invocations=3355 (full 62):
 PSYoungGen      total 542208K, used 541872K [0x00000000d6c00000, 0x00000000fd400000, 0x0000000100000000)
  eden space 517120K, 100% used [0x00000000d6c00000,0x00000000f6500000,0x00000000f6500000)
  from space 25088K, 98% used [0x00000000fbb80000,0x00000000fd3ac160,0x00000000fd400000)
  to   space 39424K, 0% used [0x00000000f8700000,0x00000000f8700000,0x00000000fad80000)
 ParOldGen       total 171008K, used 103113K [0x0000000084400000, 0x000000008eb00000, 0x00000000d6c00000)
  object space 171008K, 60% used [0x0000000084400000,0x000000008a8b2580,0x000000008eb00000)
 Metaspace       used 10929K, capacity 11096K, committed 11392K, reserved 1058816K
  class space    used 1059K, capacity 1126K, committed 1152K, reserved 1048576K
Event: 4245.928 GC heap after
Heap after GC invocations=3355 (full 62):
 PSYoungGen      total 501760K, used 4950K [0x00000000d6c00000, 0x00000000fbc00000, 0x0000000100000000)
  eden space 496640K, 0% used [0x00000000d6c00000,0x00000000d6c00000,0x00000000f5100000)
  from space 5120K, 96% used [0x00000000f8700000,0x00000000f8bd5a88,0x00000000f8c00000)
  to   space 39936K, 0% used [0x00000000f9500000,0x00000000f9500000,0x00000000fbc00000)
 ParOldGen       total 171008K, used 103129K [0x0000000084400000, 0x000000008eb00000, 0x00000000d6c00000)
  object space 171008K, 60% used [0x0000000084400000,0x000000008a8b6580,0x000000008eb00000)
 Metaspace       used 10929K, capacity 11096K, committed 11392K, reserved 1058816K
  class space    used 1059K, capacity 1126K, committed 1152K, reserved 1048576K
}

Deoptimization events (10 events):
Event: 3663.125 Thread 0x0000000002230000 Uncommon trap: reason=unstable_if action=reinterpret pc=0x00007f16d40e5338 method=java.util.ArrayDeque.isEmpty()Z @ 8
Event: 3669.310 Thread 0x0000000002230000 Uncommon trap: reason=unstable_if action=reinterpret pc=0x00007f16d4488c00 method=com.github.gumtreediff.matchers.heuristic.gt.AbstractBottomUpMatcher.lastChanceMatch(Lcom/github/gumtreediff/tree/ITree;Lcom/github/gumtreediff/tree/ITree;)V @ 39
Event: 3671.877 Thread 0x0000000002230000 Uncommon trap: reason=unstable_if action=reinterpret pc=0x00007f16d43a3754 method=gumtree.GumTreeApi.isDDGModified()Z @ 30
Event: 3727.184 Thread 0x0000000002230000 Uncommon trap: reason=bimorphic action=maybe_recompile pc=0x00007f16d40700e4 method=java.util.HashMap.putVal(ILjava/lang/Object;Ljava/lang/Object;ZZ)Ljava/lang/Object; @ 203
Event: 3859.965 Thread 0x0000000002230000 Uncommon trap: reason=bimorphic action=maybe_recompile pc=0x00007f16d40700e4 method=java.util.HashMap.putVal(ILjava/lang/Object;Ljava/lang/Object;ZZ)Ljava/lang/Object; @ 203
Event: 3944.949 Thread 0x0000000002230000 Uncommon trap: reason=bimorphic action=maybe_recompile pc=0x00007f16d40700e4 method=java.util.HashMap.putVal(ILjava/lang/Object;Ljava/lang/Object;ZZ)Ljava/lang/Object; @ 203
Event: 3949.601 Thread 0x0000000002230000 Uncommon trap: reason=bimorphic action=maybe_recompile pc=0x00007f16d40700e4 method=java.util.HashMap.putVal(ILjava/lang/Object;Ljava/lang/Object;ZZ)Ljava/lang/Object; @ 203
Event: 4058.144 Thread 0x0000000002230000 Uncommon trap: reason=unstable_if action=reinterpret pc=0x00007f16d430be30 method=gumtree.GumTreeApi.getDDGNodeOfLine(ILcom/github/gumtreediff/tree/ITree;Lcom/github/gumtreediff/tree/TreeContext;Ljava/lang/String;)Lcom/github/gumtreediff/tree/ITree; @ 1
Event: 4307.055 Thread 0x0000000002ef0800 Uncommon trap: reason=unstable_if action=reinterpret pc=0x00007f16d3db4518 method=java.util.concurrent.SynchronousQueue$TransferStack.awaitFulfill(Ljava/util/concurrent/SynchronousQueue$TransferStack$SNode;ZJ)Ljava/util/concurrent/SynchronousQueue$Transfe
Event: 4307.059 Thread 0x0000000002ef0800 Uncommon trap: reason=unstable_if action=reinterpret pc=0x00007f16d42eca84 method=java.util.concurrent.SynchronousQueue.poll(JLjava/util/concurrent/TimeUnit;)Ljava/lang/Object; @ 18

Internal exceptions (10 events):
Event: 0.638 Thread 0x0000000002230000 Exception <a 'java/security/PrivilegedActionException'> (0x00000000d71e0568) thrown at [/HUDSON3/workspace/8-2-build-linux-amd64/jdk8u121/8372/hotspot/src/share/vm/prims/jvm.cpp, line 1390]
Event: 0.638 Thread 0x0000000002230000 Exception <a 'java/security/PrivilegedActionException'> (0x00000000d71e0778) thrown at [/HUDSON3/workspace/8-2-build-linux-amd64/jdk8u121/8372/hotspot/src/share/vm/prims/jvm.cpp, line 1390]
Event: 0.638 Thread 0x0000000002230000 Exception <a 'java/security/PrivilegedActionException'> (0x00000000d71e2858) thrown at [/HUDSON3/workspace/8-2-build-linux-amd64/jdk8u121/8372/hotspot/src/share/vm/prims/jvm.cpp, line 1390]
Event: 0.638 Thread 0x0000000002230000 Exception <a 'java/security/PrivilegedActionException'> (0x00000000d71e2a68) thrown at [/HUDSON3/workspace/8-2-build-linux-amd64/jdk8u121/8372/hotspot/src/share/vm/prims/jvm.cpp, line 1390]
Event: 0.762 Thread 0x0000000002230000 Exception <a 'java/lang/NoSuchFieldError': method resolution failed> (0x00000000d7495958) thrown at [/HUDSON3/workspace/8-2-build-linux-amd64/jdk8u121/8372/hotspot/src/share/vm/prims/methodHandles.cpp, line 1146]
Event: 0.772 Thread 0x0000000002230000 Exception <a 'java/lang/NoSuchFieldError': method resolution failed> (0x00000000d74a30a8) thrown at [/HUDSON3/workspace/8-2-build-linux-amd64/jdk8u121/8372/hotspot/src/share/vm/prims/methodHandles.cpp, line 1146]
Event: 4.118 Thread 0x0000000002230000 Implicit null exception at 0x00007f16d40e3f68 to 0x00007f16d40e4441
Event: 5.609 Thread 0x0000000002230000 Implicit null exception at 0x00007f16d3d6556f to 0x00007f16d3d66005
Event: 1217.191 Thread 0x0000000002230000 Implicit null exception at 0x00007f16d42d7183 to 0x00007f16d42d79cd
Event: 4307.059 Thread 0x0000000002ef0800 Implicit null exception at 0x00007f16d42ec948 to 0x00007f16d42eca71

Events (10 events):
Event: 4727.438 loading class java/util/IdentityHashMap$KeyIterator
Event: 4727.438 loading class java/util/IdentityHashMap$IdentityHashMapIterator
Event: 4727.438 loading class java/util/IdentityHashMap$IdentityHashMapIterator done
Event: 4727.438 loading class java/util/IdentityHashMap$KeyIterator done
Event: 4727.439 Thread 0x00000000029b1000 Thread added: 0x00000000029b1000
Event: 4727.439 Thread 0x00000000029b1000 Thread exited: 0x00000000029b1000
Event: 4727.439 Thread 0x0000000002811800 flushing nmethod 0x00007f16d41b4090
Event: 4727.440 Thread 0x0000000002811800 flushing nmethod 0x00007f16d41e0e50
Event: 4727.440 Thread 0x0000000002811800 flushing nmethod 0x00007f16d41e83d0
Event: 4727.440 Thread 0x0000000002230000 Thread exited: 0x0000000002230000


Dynamic libraries:
00400000-00401000 r-xp 00000000 08:02 6308735                            /opt/anaconda2/bin/python2.7
00600000-00601000 rw-p 00000000 08:02 6308735                            /opt/anaconda2/bin/python2.7
01a2e000-05d02000 rw-p 00000000 00:00 0                                  [heap]
84400000-8eb00000 rw-p 00000000 00:00 0 
8eb00000-d6c00000 ---p 00000000 00:00 0 
d6c00000-fbc00000 rw-p 00000000 00:00 0 
fbc00000-100000000 ---p 00000000 00:00 0 
100000000-100120000 rw-p 00000000 00:00 0 
100120000-140000000 ---p 00000000 00:00 0 
7f167a1fe000-7f167a23e000 rw-p 00000000 00:00 0 
7f167a2be000-7f167a37e000 rw-p 00000000 00:00 0 
7f167a5fe000-7f167a63e000 rw-p 00000000 00:00 0 
7f167a67e000-7f167a6be000 rw-p 00000000 00:00 0 
7f167a77e000-7f167a7be000 rw-p 00000000 00:00 0 
7f167a83e000-7f167a87e000 rw-p 00000000 00:00 0 
7f167a8fe000-7f167a93e000 rw-p 00000000 00:00 0 
7f167a97e000-7f167a9be000 rw-p 00000000 00:00 0 
7f167abbe000-7f167abfe000 rw-p 00000000 00:00 0 
7f167ac3e000-7f167ac7e000 rw-p 00000000 00:00 0 
7f167acfe000-7f167adbe000 rw-p 00000000 00:00 0 
7f167aebe000-7f167aefe000 rw-p 00000000 00:00 0 
7f167af7e000-7f167afbe000 rw-p 00000000 00:00 0 
7f167b0be000-7f167b13e000 rw-p 00000000 00:00 0 
7f167b5fe000-7f167b63e000 rw-p 00000000 00:00 0 
7f167b6fe000-7f167b77e000 rw-p 00000000 00:00 0 
7f167b8fe000-7f167b93e000 rw-p 00000000 00:00 0 
7f167babe000-7f167bafe000 rw-p 00000000 00:00 0 
7f167bc7e000-7f167bcbe000 rw-p 00000000 00:00 0 
7f167be3e000-7f167be7e000 rw-p 00000000 00:00 0 
7f167befe000-7f167bf3e000 rw-p 00000000 00:00 0 
7f167c0fe000-7f167c17e000 rw-p 00000000 00:00 0 
7f167c1fe000-7f167c27e000 rw-p 00000000 00:00 0 
7f167c33e000-7f167c3be000 rw-p 00000000 00:00 0 
7f167c43e000-7f167c47e000 rw-p 00000000 00:00 0 
7f167c57e000-7f167c5fe000 rw-p 00000000 00:00 0 
7f167c6fe000-7f167c77e000 rw-p 00000000 00:00 0 
7f167c8be000-7f167c8fe000 rw-p 00000000 00:00 0 
7f167c93e000-7f167c97e000 rw-p 00000000 00:00 0 
7f167cafe000-7f167cb3e000 rw-p 00000000 00:00 0 
7f167cd3e000-7f167cd7e000 rw-p 00000000 00:00 0 
7f167cefe000-7f167cf3e000 rw-p 00000000 00:00 0 
7f167cffe000-7f167d03e000 rw-p 00000000 00:00 0 
7f167d0be000-7f167d0fe000 rw-p 00000000 00:00 0 
7f167d1be000-7f167d1fe000 rw-p 00000000 00:00 0 
7f167d23e000-7f167d27e000 rw-p 00000000 00:00 0 
7f16812ff000-7f16813ff000 rw-p 00000000 00:00 0 
7f168147f000-7f16815ff000 rw-p 00000000 00:00 0 
7f168163f000-7f16816ff000 rw-p 00000000 00:00 0 
7f168177f000-7f16817bf000 rw-p 00000000 00:00 0 
7f16817ff000-7f1681b3f000 rw-p 00000000 00:00 0 
7f1681b7f000-7f1681ebf000 rw-p 00000000 00:00 0 
7f1681eff000-7f16828ff000 rw-p 00000000 00:00 0 
7f168293f000-7f1682c7f000 rw-p 00000000 00:00 0 
7f1682cbf000-7f1682fbf000 rw-p 00000000 00:00 0 
7f1682fff000-7f168303f000 rw-p 00000000 00:00 0 
7f168307f000-7f16835ff000 rw-p 00000000 00:00 0 
7f168363f000-7f16837ff000 rw-p 00000000 00:00 0 
7f168383f000-7f16841ff000 rw-p 00000000 00:00 0 
7f168423f000-7f16845bf000 rw-p 00000000 00:00 0 
7f16845ff000-7f1684bff000 rw-p 00000000 00:00 0 
7f1684c00000-7f16853c0000 rw-p 00000000 00:00 0 
7f1685400000-7f1685d80000 rw-p 00000000 00:00 0 
7f1685dc0000-7f1686d80000 rw-p 00000000 00:00 0 
7f1686dc0000-7f1687140000 rw-p 00000000 00:00 0 
7f1687180000-7f1687240000 rw-p 00000000 00:00 0 
7f1687280000-7f1687980000 rw-p 00000000 00:00 0 
7f16879c0000-7f1687ac0000 rw-p 00000000 00:00 0 
7f1687b00000-7f1687e80000 rw-p 00000000 00:00 0 
7f1687f00000-7f1688000000 rw-p 00000000 00:00 0 
7f1688000000-7f1688021000 rw-p 00000000 00:00 0 
7f1688021000-7f168c000000 ---p 00000000 00:00 0 
7f168c03c000-7f168c73c000 rw-p 00000000 00:00 0 
7f168c77c000-7f168c7fc000 rw-p 00000000 00:00 0 
7f168c7fd000-7f168c9fd000 rw-p 00000000 00:00 0 
7f168ca3d000-7f168cafd000 rw-p 00000000 00:00 0 
7f168cb3d000-7f168ce7d000 rw-p 00000000 00:00 0 
7f168cebd000-7f168d3bd000 rw-p 00000000 00:00 0 
7f168d3fd000-7f168dabd000 rw-p 00000000 00:00 0 
7f168dafd000-7f168e23d000 rw-p 00000000 00:00 0 
7f168e27d000-7f168e2fd000 rw-p 00000000 00:00 0 
7f168e33d000-7f168e3fd000 rw-p 00000000 00:00 0 
7f168e43d000-7f168e5bd000 rw-p 00000000 00:00 0 
7f168e5fd000-7f168e73d000 rw-p 00000000 00:00 0 
7f168e73e000-7f168e87e000 rw-p 00000000 00:00 0 
7f168e8be000-7f168ea3e000 rw-p 00000000 00:00 0 
7f168ea7e000-7f168eabe000 rw-p 00000000 00:00 0 
7f168eafe000-7f168eebe000 rw-p 00000000 00:00 0 
7f168eefe000-7f168f33e000 rw-p 00000000 00:00 0 
7f168f340000-7f168f980000 rw-p 00000000 00:00 0 
7f168f9c0000-7f1690000000 rw-p 00000000 00:00 0 
7f1690000000-7f1690021000 rw-p 00000000 00:00 0 
7f1690021000-7f1694000000 ---p 00000000 00:00 0 
7f1694000000-7f1694021000 rw-p 00000000 00:00 0 
7f1694021000-7f1698000000 ---p 00000000 00:00 0 
7f1698000000-7f1698021000 rw-p 00000000 00:00 0 
7f1698021000-7f169c000000 ---p 00000000 00:00 0 
7f169c000000-7f169c021000 rw-p 00000000 00:00 0 
7f169c021000-7f16a0000000 ---p 00000000 00:00 0 
7f16a0000000-7f16a1446000 rw-p 00000000 00:00 0 
7f16a1446000-7f16a4000000 ---p 00000000 00:00 0 
7f16a4000000-7f16a4602000 rw-p 00000000 00:00 0 
7f16a4602000-7f16a8000000 ---p 00000000 00:00 0 
7f16a8000000-7f16a8021000 rw-p 00000000 00:00 0 
7f16a8021000-7f16ac000000 ---p 00000000 00:00 0 
7f16ac000000-7f16adeb6000 rw-p 00000000 00:00 0 
7f16adeb6000-7f16b0000000 ---p 00000000 00:00 0 
7f16b0000000-7f16b0021000 rw-p 00000000 00:00 0 
7f16b0021000-7f16b4000000 ---p 00000000 00:00 0 
7f16b4000000-7f16b4021000 rw-p 00000000 00:00 0 
7f16b4021000-7f16b8000000 ---p 00000000 00:00 0 
7f16b8000000-7f16b8021000 rw-p 00000000 00:00 0 
7f16b8021000-7f16bc000000 ---p 00000000 00:00 0 
7f16bc000000-7f16bc063000 rw-p 00000000 00:00 0 
7f16bc063000-7f16c0000000 ---p 00000000 00:00 0 
7f16c0000000-7f16c0021000 rw-p 00000000 00:00 0 
7f16c0021000-7f16c4000000 ---p 00000000 00:00 0 
7f16c4000000-7f16c4021000 rw-p 00000000 00:00 0 
7f16c4021000-7f16c8000000 ---p 00000000 00:00 0 
7f16c8000000-7f16c8021000 rw-p 00000000 00:00 0 
7f16c8021000-7f16cc000000 ---p 00000000 00:00 0 
7f16cc00a000-7f16cc14a000 rw-p 00000000 00:00 0 
7f16cc14a000-7f16cc14d000 ---p 00000000 00:00 0 
7f16cc14d000-7f16cc183000 rw-p 00000000 00:00 0 
7f16cc183000-7f16cc186000 ---p 00000000 00:00 0 
7f16cc186000-7f16cc1bc000 rw-p 00000000 00:00 0 
7f16cc1bc000-7f16cc1bf000 r--s 0001a000 08:02 4204888                    /opt/jdk1.8.0_121/jre/lib/jce.jar
7f16cc1bf000-7f16cc1c3000 r--s 0009a000 08:02 4204709                    /opt/jdk1.8.0_121/jre/lib/jsse.jar
7f16cc1c3000-7f16cc1c4000 r--s 00004000 08:02 6438481                    /opt/gumtree/gumtree/dist/build/distributions/gumtree-20170703-2.1.0-SNAPSHOT/lib/websocket-servlet-9.3.6.v20151106.jar
7f16cc1c4000-7f16cc1c6000 r--s 00008000 08:02 6438480                    /opt/gumtree/gumtree/dist/build/distributions/gumtree-20170703-2.1.0-SNAPSHOT/lib/websocket-server-9.3.6.v20151106.jar
7f16cc1c6000-7f16cc1ca000 r--s 0002a000 08:02 6438504                    /opt/gumtree/gumtree/dist/build/distributions/gumtree-20170703-2.1.0-SNAPSHOT/lib/websocket-common-9.3.6.v20151106.jar
7f16cc1ca000-7f16cc1cd000 r--s 00009000 08:02 6438506                    /opt/gumtree/gumtree/dist/build/distributions/gumtree-20170703-2.1.0-SNAPSHOT/lib/websocket-api-9.3.6.v20151106.jar
7f16cc1cd000-7f16cc1f5000 r--s 00241000 08:02 6438462                    /opt/gumtree/gumtree/dist/build/distributions/gumtree-20170703-2.1.0-SNAPSHOT/lib/trove4j-3.0.3.jar
7f16cc1f5000-7f16cc1f9000 r--s 00037000 08:02 6438490                    /opt/gumtree/gumtree/dist/build/distributions/gumtree-20170703-2.1.0-SNAPSHOT/lib/ST4-4.0.8.jar
7f16cc1f9000-7f16cc208000 r--s 000b0000 08:02 6438485                    /opt/gumtree/gumtree/dist/build/distributions/gumtree-20170703-2.1.0-SNAPSHOT/lib/spring-webmvc-4.1.6.RELEASE.jar
7f16cc208000-7f16cc218000 r--s 000a0000 08:02 6438511                    /opt/gumtree/gumtree/dist/build/distributions/gumtree-20170703-2.1.0-SNAPSHOT/lib/spring-web-4.1.6.RELEASE.jar
7f16cc218000-7f16cc21d000 r--s 0003b000 08:02 6438510                    /opt/gumtree/gumtree/dist/build/distributions/gumtree-20170703-2.1.0-SNAPSHOT/lib/spring-expression-4.1.6.RELEASE.jar
7f16cc21d000-7f16cc232000 r--s 000e2000 08:02 6438509                    /opt/gumtree/gumtree/dist/build/distributions/gumtree-20170703-2.1.0-SNAPSHOT/lib/spring-core-4.1.6.RELEASE.jar
7f16cc232000-7f16cc24a000 r--s 000e3000 08:02 6438508                    /opt/gumtree/gumtree/dist/build/distributions/gumtree-20170703-2.1.0-SNAPSHOT/lib/spring-context-4.1.6.RELEASE.jar
7f16cc24a000-7f16cc257000 r--s 000a0000 08:02 6438507                    /opt/gumtree/gumtree/dist/build/distributions/gumtree-20170703-2.1.0-SNAPSHOT/lib/spring-beans-4.1.6.RELEASE.jar
7f16cc257000-7f16cc260000 r--s 0004f000 08:02 6438517                    /opt/gumtree/gumtree/dist/build/distributions/gumtree-20170703-2.1.0-SNAPSHOT/lib/spring-aop-4.1.6.RELEASE.jar
7f16cc260000-7f16cc264000 r--s 00020000 08:02 6438465                    /opt/gumtree/gumtree/dist/build/distributions/gumtree-20170703-2.1.0-SNAPSHOT/lib/spark-core-2.5.2.jar
7f16cc264000-7f16cc266000 r--s 00009000 08:02 6438520                    /opt/gumtree/gumtree/dist/build/distributions/gumtree-20170703-2.1.0-SNAPSHOT/lib/slf4j-api-1.7.21.jar
7f16cc266000-7f16cc26a000 r--s 00015000 08:02 6438461                    /opt/gumtree/gumtree/dist/build/distributions/gumtree-20170703-2.1.0-SNAPSHOT/lib/simmetrics-core-3.2.3.jar
7f16cc26a000-7f16cc26c000 r--s 00011000 08:02 6438471                    /opt/gumtree/gumtree/dist/build/distributions/gumtree-20170703-2.1.0-SNAPSHOT/lib/runtime-3.10.0-v20140318-2214.jar
7f16cc26c000-7f16cc279000 r--s 00126000 08:02 6438473                    /opt/gumtree/gumtree/dist/build/distributions/gumtree-20170703-2.1.0-SNAPSHOT/lib/rhino-1.7.7.jar
7f16cc279000-7f16cc27c000 r--s 00012000 08:02 6438466                    /opt/gumtree/gumtree/dist/build/distributions/gumtree-20170703-2.1.0-SNAPSHOT/lib/rendersnake-1.9.0.jar
7f16cc27c000-7f16cc280000 r--s 00029000 08:02 6438495                    /opt/gumtree/gumtree/dist/build/distributions/gumtree-20170703-2.1.0-SNAPSHOT/lib/registry-3.5.400-v20140428-1507.jar
7f16cc280000-7f16cc283000 r--s 0001d000 08:02 6438464                    /opt/gumtree/gumtree/dist/build/distributions/gumtree-20170703-2.1.0-SNAPSHOT/lib/reflections-0.9.10.jar
7f16cc283000-7f16cc287000 r--s 0001c000 08:02 6438496                    /opt/gumtree/gumtree/dist/build/distributions/gumtree-20170703-2.1.0-SNAPSHOT/lib/preferences-3.5.200-v20140224-1527.jar
7f16cc287000-7f16cc28d000 r--s 00073000 08:02 6438469                    /opt/gumtree/gumtree/dist/build/distributions/gumtree-20170703-2.1.0-SNAPSHOT/lib/ph-css-5.0.1.jar
7f16cc28d000-7f16cc2a9000 r--s 0012f000 08:02 6438491                    /opt/gumtree/gumtree/dist/build/distributions/gumtree-20170703-2.1.0-SNAPSHOT/lib/ph-commons-8.3.0.jar
7f16cc2a9000-7f16cc2bd000 r--s 00121000 08:02 6438492                    /opt/gumtree/gumtree/dist/build/distributions/gumtree-20170703-2.1.0-SNAPSHOT/lib/osgi-3.10.0-v20140606-1445.jar
7f16cc2bd000-7f16cc2ed000 r--s 00544000 08:02 6438470                    /opt/gumtree/gumtree/dist/build/distributions/gumtree-20170703-2.1.0-SNAPSHOT/lib/org.eclipse.jdt.core-3.11.0.v20150602-1242.jar
7f16cc2ed000-7f16cc2f8000 r--s 000cd000 08:02 6438472                    /opt/gumtree/gumtree/dist/build/distributions/gumtree-20170703-2.1.0-SNAPSHOT/lib/org.eclipse.core.resources-3.10.0.v20150423-0755.jar
7f16cc2f8000-7f16cc2fe000 r--s 00034000 08:02 6438482                    /opt/gumtree/gumtree/dist/build/distributions/gumtree-20170703-2.1.0-SNAPSHOT/lib/junit-4.8.2.jar
7f16cc2fe000-7f16cc302000 r--s 0003a000 08:02 6438486                    /opt/gumtree/gumtree/dist/build/distributions/gumtree-20170703-2.1.0-SNAPSHOT/lib/jtidy-r938.jar
7f16cc302000-7f16cc304000 r--s 00003000 08:02 6438514                    /opt/gumtree/gumtree/dist/build/distributions/gumtree-20170703-2.1.0-SNAPSHOT/lib/jsr305-3.0.1.jar
7f16cc304000-7f16cc324000 r--s 00167000 08:02 6438468                    /opt/gumtree/gumtree/dist/build/distributions/gumtree-20170703-2.1.0-SNAPSHOT/lib/jrubyparser-0.5.3.jar
7f16cc324000-7f16cc326000 r--s 00016000 08:02 6438494                    /opt/gumtree/gumtree/dist/build/distributions/gumtree-20170703-2.1.0-SNAPSHOT/lib/jobs-3.6.0-v20140424-0053.jar
7f16cc326000-7f16cc328000 r--s 0000b000 08:02 6438502                    /opt/gumtree/gumtree/dist/build/distributions/gumtree-20170703-2.1.0-SNAPSHOT/lib/jetty-xml-9.3.6.v20151106.jar
7f16cc328000-7f16cc32b000 r--s 00019000 08:02 6438479                    /opt/gumtree/gumtree/dist/build/distributions/gumtree-20170703-2.1.0-SNAPSHOT/lib/jetty-webapp-9.3.6.v20151106.jar
7f16cc32b000-7f16cc332000 r--s 0005f000 08:02 6438515                    /opt/gumtree/gumtree/dist/build/distributions/gumtree-20170703-2.1.0-SNAPSHOT/lib/jetty-util-9.3.6.v20151106.jar
7f16cc332000-7f16cc339000 r--s 0006f000 08:02 6438478                    /opt/gumtree/gumtree/dist/build/distributions/gumtree-20170703-2.1.0-SNAPSHOT/lib/jetty-server-9.3.6.v20151106.jar
7f16cc339000-7f16cc33c000 r--s 00014000 08:02 6438516                    /opt/gumtree/gumtree/dist/build/distributions/gumtree-20170703-2.1.0-SNAPSHOT/lib/jetty-security-9.3.6.v20151106.jar
7f16cc33c000-7f16cc43c000 rw-p 00000000 00:00 0 
7f16cc47c000-7f16cc67c000 rw-p 00000000 00:00 0 
7f16cc6bb000-7f16cc77b000 rw-p 00000000 00:00 0 
7f16cc77c000-7f16cc93c000 rw-p 00000000 00:00 0 
7f16cc93c000-7f16cc93f000 ---p 00000000 00:00 0 
7f16cc93f000-7f16cca3d000 rw-p 00000000 00:00 0 
7f16cca3d000-7f16cca3e000 ---p 00000000 00:00 0 
7f16cca3e000-7f16ccb3e000 rw-p 00000000 00:00 0 
7f16ccb3e000-7f16ccb41000 ---p 00000000 00:00 0 
7f16ccb41000-7f16ccc3f000 rw-p 00000000 00:00 0                          [stack:13209]
7f16ccc3f000-7f16ccc42000 ---p 00000000 00:00 0 
7f16ccc42000-7f16ccd40000 rw-p 00000000 00:00 0                          [stack:13208]
7f16ccd40000-7f16ccd43000 ---p 00000000 00:00 0 
7f16ccd43000-7f16cce41000 rw-p 00000000 00:00 0                          [stack:13207]
7f16cce41000-7f16cce44000 ---p 00000000 00:00 0 
7f16cce44000-7f16ccf42000 rw-p 00000000 00:00 0                          [stack:13206]
7f16ccf42000-7f16ccf45000 ---p 00000000 00:00 0 
7f16ccf45000-7f16cd043000 rw-p 00000000 00:00 0                          [stack:13205]
7f16cd043000-7f16cd046000 ---p 00000000 00:00 0 
7f16cd046000-7f16cd144000 rw-p 00000000 00:00 0                          [stack:13204]
7f16cd144000-7f16cd147000 ---p 00000000 00:00 0 
7f16cd147000-7f16cd245000 rw-p 00000000 00:00 0                          [stack:13203]
7f16cd245000-7f16cd246000 ---p 00000000 00:00 0 
7f16cd246000-7f16ce255000 rw-p 00000000 00:00 0 
7f16ce255000-7f16ce42e000 r--s 03d3e000 08:02 4204757                    /opt/jdk1.8.0_121/jre/lib/rt.jar
7f16ce42e000-7f16d2dec000 rw-p 00000000 00:00 0 
7f16d2dec000-7f16d2ded000 ---p 00000000 00:00 0 
7f16d2ded000-7f16d2eed000 rw-p 00000000 00:00 0                          [stack:13201]
7f16d2eed000-7f16d2eee000 ---p 00000000 00:00 0 
7f16d2eee000-7f16d2fee000 rw-p 00000000 00:00 0                          [stack:13200]
7f16d2fee000-7f16d2fef000 ---p 00000000 00:00 0 
7f16d2fef000-7f16d30ef000 rw-p 00000000 00:00 0                          [stack:13199]
7f16d30ef000-7f16d30f0000 ---p 00000000 00:00 0 
7f16d30f0000-7f16d3244000 rw-p 00000000 00:00 0                          [stack:13198]
7f16d3244000-7f16d3484000 ---p 00000000 00:00 0 
7f16d3484000-7f16d34d8000 rw-p 00000000 00:00 0 
7f16d34d8000-7f16d3718000 ---p 00000000 00:00 0 
7f16d3718000-7f16d3840000 rw-p 00000000 00:00 0 
7f16d3840000-7f16d3862000 ---p 00000000 00:00 0 
7f16d3862000-7f16d3886000 rw-p 00000000 00:00 0 
7f16d3886000-7f16d3c23000 ---p 00000000 00:00 0 
7f16d3c23000-7f16d44e3000 rwxp 00000000 00:00 0 
7f16d44e3000-7f16e2c23000 ---p 00000000 00:00 0 
7f16e2c23000-7f16e2c3d000 r-xp 00000000 08:02 4204788                    /opt/jdk1.8.0_121/jre/lib/amd64/libzip.so
7f16e2c3d000-7f16e2e3d000 ---p 0001a000 08:02 4204788                    /opt/jdk1.8.0_121/jre/lib/amd64/libzip.so
7f16e2e3d000-7f16e2e3e000 rw-p 0001a000 08:02 4204788                    /opt/jdk1.8.0_121/jre/lib/amd64/libzip.so
7f16e2e3e000-7f16e2e48000 r-xp 00000000 08:02 5249375                    /lib/x86_64-linux-gnu/libnss_files-2.19.so
7f16e2e48000-7f16e3047000 ---p 0000a000 08:02 5249375                    /lib/x86_64-linux-gnu/libnss_files-2.19.so
7f16e3047000-7f16e3048000 r--p 00009000 08:02 5249375                    /lib/x86_64-linux-gnu/libnss_files-2.19.so
7f16e3048000-7f16e3049000 rw-p 0000a000 08:02 5249375                    /lib/x86_64-linux-gnu/libnss_files-2.19.so
7f16e3049000-7f16e3054000 r-xp 00000000 08:02 5249367                    /lib/x86_64-linux-gnu/libnss_nis-2.19.so
7f16e3054000-7f16e3253000 ---p 0000b000 08:02 5249367                    /lib/x86_64-linux-gnu/libnss_nis-2.19.so
7f16e3253000-7f16e3254000 r--p 0000a000 08:02 5249367                    /lib/x86_64-linux-gnu/libnss_nis-2.19.so
7f16e3254000-7f16e3255000 rw-p 0000b000 08:02 5249367                    /lib/x86_64-linux-gnu/libnss_nis-2.19.so
7f16e3255000-7f16e326c000 r-xp 00000000 08:02 5249363                    /lib/x86_64-linux-gnu/libnsl-2.19.so
7f16e326c000-7f16e346b000 ---p 00017000 08:02 5249363                    /lib/x86_64-linux-gnu/libnsl-2.19.so
7f16e346b000-7f16e346c000 r--p 00016000 08:02 5249363                    /lib/x86_64-linux-gnu/libnsl-2.19.so
7f16e346c000-7f16e346d000 rw-p 00017000 08:02 5249363                    /lib/x86_64-linux-gnu/libnsl-2.19.so
7f16e346d000-7f16e346f000 rw-p 00000000 00:00 0 
7f16e346f000-7f16e3478000 r-xp 00000000 08:02 5249362                    /lib/x86_64-linux-gnu/libnss_compat-2.19.so
7f16e3478000-7f16e3677000 ---p 00009000 08:02 5249362                    /lib/x86_64-linux-gnu/libnss_compat-2.19.so
7f16e3677000-7f16e3678000 r--p 00008000 08:02 5249362                    /lib/x86_64-linux-gnu/libnss_compat-2.19.so
7f16e3678000-7f16e3679000 rw-p 00009000 08:02 5249362                    /lib/x86_64-linux-gnu/libnss_compat-2.19.so
7f16e3679000-7f16e36a4000 r-xp 00000000 08:02 4204815                    /opt/jdk1.8.0_121/jre/lib/amd64/libjava.so
7f16e36a4000-7f16e38a3000 ---p 0002b000 08:02 4204815                    /opt/jdk1.8.0_121/jre/lib/amd64/libjava.so
7f16e38a3000-7f16e38a5000 rw-p 0002a000 08:02 4204815                    /opt/jdk1.8.0_121/jre/lib/amd64/libjava.so
7f16e38a5000-7f16e4573000 r-xp 00000000 08:02 4204819                    /opt/jdk1.8.0_121/jre/lib/amd64/server/libjvm.so
7f16e4573000-7f16e4773000 ---p 00cce000 08:02 4204819                    /opt/jdk1.8.0_121/jre/lib/amd64/server/libjvm.so
7f16e4773000-7f16e484c000 rw-p 00cce000 08:02 4204819                    /opt/jdk1.8.0_121/jre/lib/amd64/server/libjvm.so
7f16e484c000-7f16e4957000 rw-p 00000000 00:00 0 
7f16e4957000-7f16e4958000 r--s 00008000 08:02 6438505                    /opt/gumtree/gumtree/dist/build/distributions/gumtree-20170703-2.1.0-SNAPSHOT/lib/websocket-client-9.3.6.v20151106.jar
7f16e4958000-7f16e495b000 r--s 00017000 08:02 6438501                    /opt/gumtree/gumtree/dist/build/distributions/gumtree-20170703-2.1.0-SNAPSHOT/lib/jetty-io-9.3.6.v20151106.jar
7f16e495b000-7f16e495e000 r--s 0001a000 08:02 6438500                    /opt/gumtree/gumtree/dist/build/distributions/gumtree-20170703-2.1.0-SNAPSHOT/lib/jetty-http-9.3.6.v20151106.jar
7f16e495e000-7f16e4989000 r--s 001fc000 08:02 6438474                    /opt/gumtree/gumtree/dist/build/distributions/gumtree-20170703-2.1.0-SNAPSHOT/lib/guava-18.0.jar
7f16e4989000-7f16e4a09000 rw-p 00000000 00:00 0 
7f16e4a09000-7f16e4a16000 r-xp 00000000 08:02 4204766                    /opt/jdk1.8.0_121/jre/lib/amd64/libverify.so
7f16e4a16000-7f16e4c15000 ---p 0000d000 08:02 4204766                    /opt/jdk1.8.0_121/jre/lib/amd64/libverify.so
7f16e4c15000-7f16e4c17000 rw-p 0000c000 08:02 4204766                    /opt/jdk1.8.0_121/jre/lib/amd64/libverify.so
7f16e4c17000-7f16e5398000 rw-p 00000000 00:00 0 
7f16e5398000-7f16e539d000 r-xp 00000000 08:02 6432973                    /opt/anaconda2/lib/python2.7/lib-dynload/zlib.so
7f16e539d000-7f16e559c000 ---p 00005000 08:02 6432973                    /opt/anaconda2/lib/python2.7/lib-dynload/zlib.so
7f16e559c000-7f16e559e000 rw-p 00004000 08:02 6432973                    /opt/anaconda2/lib/python2.7/lib-dynload/zlib.so
7f16e559e000-7f16e561e000 rw-p 00000000 00:00 0 
7f16e561e000-7f16e576e000 r-xp 00000000 08:02 1315814                    /opt/anaconda2/lib/libxml2.so.2.9.2
7f16e576e000-7f16e596d000 ---p 00150000 08:02 1315814                    /opt/anaconda2/lib/libxml2.so.2.9.2
7f16e596d000-7f16e5977000 rw-p 0014f000 08:02 1315814                    /opt/anaconda2/lib/libxml2.so.2.9.2
7f16e5977000-7f16e5978000 rw-p 00000000 00:00 0 
7f16e5978000-7f16e597f000 r-xp 00000000 08:02 5249371                    /lib/x86_64-linux-gnu/librt-2.19.so
7f16e597f000-7f16e5b7e000 ---p 00007000 08:02 5249371                    /lib/x86_64-linux-gnu/librt-2.19.so
7f16e5b7e000-7f16e5b7f000 r--p 00006000 08:02 5249371                    /lib/x86_64-linux-gnu/librt-2.19.so
7f16e5b7f000-7f16e5b80000 rw-p 00007000 08:02 5249371                    /lib/x86_64-linux-gnu/librt-2.19.so
7f16e5b80000-7f16e5b92000 r-xp 00000000 08:02 1316089                    /opt/anaconda2/lib/libexslt.so.0.8.17
7f16e5b92000-7f16e5d91000 ---p 00012000 08:02 1316089                    /opt/anaconda2/lib/libexslt.so.0.8.17
7f16e5d91000-7f16e5d92000 rw-p 00011000 08:02 1316089                    /opt/anaconda2/lib/libexslt.so.0.8.17
7f16e5d92000-7f16e5dcb000 r-xp 00000000 08:02 1316094                    /opt/anaconda2/lib/libxslt.so.1.1.28
7f16e5dcb000-7f16e5fca000 ---p 00039000 08:02 1316094                    /opt/anaconda2/lib/libxslt.so.1.1.28
7f16e5fca000-7f16e5fcc000 rw-p 00038000 08:02 1316094                    /opt/anaconda2/lib/libxslt.so.1.1.28
7f16e5fcc000-7f16e6142000 r-xp 00000000 08:02 1316344                    /opt/anaconda2/lib/python2.7/site-packages/lxml/etree.so
7f16e6142000-7f16e6342000 ---p 00176000 08:02 1316344                    /opt/anaconda2/lib/python2.7/site-packages/lxml/etree.so
7f16e6342000-7f16e6379000 rw-p 00176000 08:02 1316344                    /opt/anaconda2/lib/python2.7/site-packages/lxml/etree.so
7f16e6379000-7f16e63be000 rw-p 00000000 00:00 0 
7f16e63be000-7f16e6447000 r-xp 00000000 08:02 6319494                    /opt/anaconda2/lib/python2.7/site-packages/_jpype.so
7f16e6447000-7f16e6646000 ---p 00089000 08:02 6319494                    /opt/anaconda2/lib/python2.7/site-packages/_jpype.so
7f16e6646000-7f16e6649000 r--p 00088000 08:02 6319494                    /opt/anaconda2/lib/python2.7/site-packages/_jpype.so
7f16e6649000-7f16e664d000 rw-p 0008b000 08:02 6319494                    /opt/anaconda2/lib/python2.7/site-packages/_jpype.so
7f16e664d000-7f16e668d000 rw-p 00000000 00:00 0 
7f16e668d000-7f16e66b8000 r-xp 00000000 08:02 2762225                    /opt/anaconda2/lib/python2.7/site-packages/py2neo/packages/jsonstream/cjsonstream_2x.so
7f16e66b8000-7f16e68b7000 ---p 0002b000 08:02 2762225                    /opt/anaconda2/lib/python2.7/site-packages/py2neo/packages/jsonstream/cjsonstream_2x.so
7f16e68b7000-7f16e68b8000 r--p 0002a000 08:02 2762225                    /opt/anaconda2/lib/python2.7/site-packages/py2neo/packages/jsonstream/cjsonstream_2x.so
7f16e68b8000-7f16e68bd000 rw-p 0002b000 08:02 2762225                    /opt/anaconda2/lib/python2.7/site-packages/py2neo/packages/jsonstream/cjsonstream_2x.so
7f16e68bd000-7f16e69fe000 rw-p 00000000 00:00 0 
7f16e69fe000-7f16e6a06000 r-xp 00000000 08:02 6432943                    /opt/anaconda2/lib/python2.7/lib-dynload/array.so
7f16e6a06000-7f16e6c05000 ---p 00008000 08:02 6432943                    /opt/anaconda2/lib/python2.7/lib-dynload/array.so
7f16e6c05000-7f16e6c08000 rw-p 00007000 08:02 6432943                    /opt/anaconda2/lib/python2.7/lib-dynload/array.so
7f16e6c08000-7f16e6c88000 rw-p 00000000 00:00 0 
7f16e6c88000-7f16e6c9c000 r-xp 00000000 08:02 6432939                    /opt/anaconda2/lib/python2.7/lib-dynload/_ssl.so
7f16e6c9c000-7f16e6e9b000 ---p 00014000 08:02 6432939                    /opt/anaconda2/lib/python2.7/lib-dynload/_ssl.so
7f16e6e9b000-7f16e6e9f000 rw-p 00013000 08:02 6432939                    /opt/anaconda2/lib/python2.7/lib-dynload/_ssl.so
7f16e6e9f000-7f16e6edf000 rw-p 00000000 00:00 0 
7f16e6edf000-7f16e6eed000 r-xp 00000000 08:02 6432937                    /opt/anaconda2/lib/python2.7/lib-dynload/_socket.so
7f16e6eed000-7f16e70ed000 ---p 0000e000 08:02 6432937                    /opt/anaconda2/lib/python2.7/lib-dynload/_socket.so
7f16e70ed000-7f16e70f2000 rw-p 0000e000 08:02 6432937                    /opt/anaconda2/lib/python2.7/lib-dynload/_socket.so
7f16e70f2000-7f16e7132000 rw-p 00000000 00:00 0 
7f16e7132000-7f16e7146000 r-xp 00000000 08:02 1835120                    /opt/anaconda2/lib/python2.7/site-packages/scipy/spatial/_distance_wrap.so
7f16e7146000-7f16e7346000 ---p 00014000 08:02 1835120                    /opt/anaconda2/lib/python2.7/site-packages/scipy/spatial/_distance_wrap.so
7f16e7346000-7f16e7347000 rw-p 00014000 08:02 1835120                    /opt/anaconda2/lib/python2.7/site-packages/scipy/spatial/_distance_wrap.so
7f16e7347000-7f16e7387000 rw-p 00000000 00:00 0 
7f16e7387000-7f16e740d000 r-xp 00000000 08:02 1579013                    /opt/anaconda2/lib/python2.7/site-packages/scipy/linalg/cython_lapack.so
7f16e740d000-7f16e760c000 ---p 00086000 08:02 1579013                    /opt/anaconda2/lib/python2.7/site-packages/scipy/linalg/cython_lapack.so
7f16e760c000-7f16e7613000 rw-p 00085000 08:02 1579013                    /opt/anaconda2/lib/python2.7/site-packages/scipy/linalg/cython_lapack.so
7f16e7613000-7f16e7647000 r-xp 00000000 08:02 1579011                    /opt/anaconda2/lib/python2.7/site-packages/scipy/linalg/cython_blas.so
7f16e7647000-7f16e7846000 ---p 00034000 08:02 1579011                    /opt/anaconda2/lib/python2.7/site-packages/scipy/linalg/cython_blas.so
7f16e7846000-7f16e784b000 rw-p 00033000 08:02 1579011                    /opt/anaconda2/lib/python2.7/site-packages/scipy/linalg/cython_blas.so
7f16e784b000-7f16e7889000 r-xp 00000000 08:02 1578984                    /opt/anaconda2/lib/python2.7/site-packages/scipy/linalg/_decomp_update.so
7f16e7889000-7f16e7a89000 ---p 0003e000 08:02 1578984                    /opt/anaconda2/lib/python2.7/site-packages/scipy/linalg/_decomp_update.so
7f16e7a89000-7f16e7a93000 rw-p 0003e000 08:02 1578984                    /opt/anaconda2/lib/python2.7/site-packages/scipy/linalg/_decomp_update.so
7f16e7a93000-7f16e7ad3000 rw-p 00000000 00:00 0 
7f16e7ad3000-7f16e7b01000 r-xp 00000000 08:02 1578999                    /opt/anaconda2/lib/python2.7/site-packages/scipy/linalg/_solve_toeplitz.so
7f16e7b01000-7f16e7d00000 ---p 0002e000 08:02 1578999                    /opt/anaconda2/lib/python2.7/site-packages/scipy/linalg/_solve_toeplitz.so
7f16e7d00000-7f16e7d05000 rw-p 0002d000 08:02 1578999                    /opt/anaconda2/lib/python2.7/site-packages/scipy/linalg/_solve_toeplitz.so
7f16e7d05000-7f16e7d11000 r-xp 00000000 08:02 1578989                    /opt/anaconda2/lib/python2.7/site-packages/scipy/linalg/_flinalg.so
7f16e7d11000-7f16e7f11000 ---p 0000c000 08:02 1578989                    /opt/anaconda2/lib/python2.7/site-packages/scipy/linalg/_flinalg.so
7f16e7f11000-7f16e7f14000 rw-p 0000c000 08:02 1578989                    /opt/anaconda2/lib/python2.7/site-packages/scipy/linalg/_flinalg.so
7f16e7f14000-7f16e7fba000 r-xp 00000000 08:02 1578988                    /opt/anaconda2/lib/python2.7/site-packages/scipy/linalg/_flapack.so
7f16e7fba000-7f16e81ba000 ---p 000a6000 08:02 1578988                    /opt/anaconda2/lib/python2.7/site-packages/scipy/linalg/_flapack.so
7f16e81ba000-7f16e81f8000 rw-p 000a6000 08:02 1578988                    /opt/anaconda2/lib/python2.7/site-packages/scipy/linalg/_flapack.so
7f16e81f8000-7f16e8238000 rw-p 00000000 00:00 0 
7f16e8238000-7f16e8337000 r-xp 00000000 08:02 1313009                    /opt/anaconda2/lib/libgfortran.so.3.0.0
7f16e8337000-7f16e8537000 ---p 000ff000 08:02 1313009                    /opt/anaconda2/lib/libgfortran.so.3.0.0
7f16e8537000-7f16e8539000 rw-p 000ff000 08:02 1313009                    /opt/anaconda2/lib/libgfortran.so.3.0.0
7f16e8539000-7f16e8541000 rw-p 00102000 08:02 1313009                    /opt/anaconda2/lib/libgfortran.so.3.0.0
7f16e8541000-7f16e8589000 r-xp 00000000 08:02 1578987                    /opt/anaconda2/lib/python2.7/site-packages/scipy/linalg/_fblas.so
7f16e8589000-7f16e8788000 ---p 00048000 08:02 1578987                    /opt/anaconda2/lib/python2.7/site-packages/scipy/linalg/_fblas.so
7f16e8788000-7f16e87a2000 rw-p 00047000 08:02 1578987                    /opt/anaconda2/lib/python2.7/site-packages/scipy/linalg/_fblas.so
7f16e87a2000-7f16e87e2000 rw-p 00000000 00:00 0 
7f16e87e2000-7f16e87e7000 r-xp 00000000 08:02 6432968                    /opt/anaconda2/lib/python2.7/lib-dynload/strop.so
7f16e87e7000-7f16e89e6000 ---p 00005000 08:02 6432968                    /opt/anaconda2/lib/python2.7/lib-dynload/strop.so
7f16e89e6000-7f16e89e8000 rw-p 00004000 08:02 6432968                    /opt/anaconda2/lib/python2.7/lib-dynload/strop.so
7f16e89e8000-7f16e8af3000 r-xp 00000000 08:02 1317163                    /opt/anaconda2/lib/libiomp5.so
7f16e8af3000-7f16e8cf2000 ---p 0010b000 08:02 1317163                    /opt/anaconda2/lib/libiomp5.so
7f16e8cf2000-7f16e8cfd000 rw-p 0010a000 08:02 1317163                    /opt/anaconda2/lib/libiomp5.so
7f16e8cfd000-7f16e8d2c000 rw-p 00000000 00:00 0 
7f16e8d2c000-7f16e8d32000 rw-p 00152000 08:02 1317163                    /opt/anaconda2/lib/libiomp5.so
7f16e8d32000-7f16ea4c7000 r-xp 00000000 08:02 1317168                    /opt/anaconda2/lib/libmkl_core.so
7f16ea4c7000-7f16ea6c7000 ---p 01795000 08:02 1317168                    /opt/anaconda2/lib/libmkl_core.so
7f16ea6c7000-7f16ea6cf000 r--p 01795000 08:02 1317168                    /opt/anaconda2/lib/libmkl_core.so
7f16ea6cf000-7f16ea6f0000 rw-p 0179d000 08:02 1317168                    /opt/anaconda2/lib/libmkl_core.so
7f16ea6f0000-7f16ea743000 rw-p 00000000 00:00 0 
7f16ea743000-7f16ea792000 rw-p 019a9000 08:02 1317168                    /opt/anaconda2/lib/libmkl_core.so
7f16ea792000-7f16ebcf9000 r-xp 00000000 08:02 1317172                    /opt/anaconda2/lib/libmkl_intel_thread.so
7f16ebcf9000-7f16ebef9000 ---p 01567000 08:02 1317172                    /opt/anaconda2/lib/libmkl_intel_thread.so
7f16ebef9000-7f16ebefc000 r--p 01567000 08:02 1317172                    /opt/anaconda2/lib/libmkl_intel_thread.so
7f16ebefc000-7f16ec0b8000 rw-p 0156a000 08:02 1317172                    /opt/anaconda2/lib/libmkl_intel_thread.so
7f16ec0b8000-7f16ec0be000 rw-p 00000000 00:00 0 
7f16ec0be000-7f16ec113000 rw-p 01990000 08:02 1317172                    /opt/anaconda2/lib/libmkl_intel_thread.so
7f16ec113000-7f16eca0a000 r-xp 00000000 08:02 1317171                    /opt/anaconda2/lib/libmkl_intel_lp64.so
7f16eca0a000-7f16ecc09000 ---p 008f7000 08:02 1317171                    /opt/anaconda2/lib/libmkl_intel_lp64.so
7f16ecc09000-7f16ecc0a000 r--p 008f6000 08:02 1317171                    /opt/anaconda2/lib/libmkl_intel_lp64.so
7f16ecc0a000-7f16ecc1e000 rw-p 008f7000 08:02 1317171                    /opt/anaconda2/lib/libmkl_intel_lp64.so
7f16ecc1e000-7f16ecc23000 rw-p 00000000 00:00 0 
7f16ecc23000-7f16ecc62000 rw-p 00a54000 08:02 1317171                    /opt/anaconda2/lib/libmkl_intel_lp64.so
7f16ecc62000-7f16ecd25000 r-xp 00000000 08:02 1835643                    /opt/anaconda2/lib/python2.7/site-packages/scipy/spatial/qhull.so
7f16ecd25000-7f16ecf24000 ---p 000c3000 08:02 1835643                    /opt/anaconda2/lib/python2.7/site-packages/scipy/spatial/qhull.so
7f16ecf24000-7f16ecf31000 rw-p 000c2000 08:02 1835643                    /opt/anaconda2/lib/python2.7/site-packages/scipy/spatial/qhull.so
7f16ecf31000-7f16ecf72000 rw-p 00000000 00:00 0 
7f16ecf72000-7f16ecf78000 r-xp 00000000 08:02 6432935                    /opt/anaconda2/lib/python2.7/lib-dynload/_multiprocessing.so
7f16ecf78000-7f16ed178000 ---p 00006000 08:02 6432935                    /opt/anaconda2/lib/python2.7/lib-dynload/_multiprocessing.so
7f16ed178000-7f16ed179000 rw-p 00006000 08:02 6432935                    /opt/anaconda2/lib/python2.7/lib-dynload/_multiprocessing.so
7f16ed179000-7f16ed17d000 r-xp 00000000 08:02 6432966                    /opt/anaconda2/lib/python2.7/lib-dynload/select.so
7f16ed17d000-7f16ed37d000 ---p 00004000 08:02 6432966                    /opt/anaconda2/lib/python2.7/lib-dynload/select.so
7f16ed37d000-7f16ed37f000 rw-p 00004000 08:02 6432966                    /opt/anaconda2/lib/python2.7/lib-dynload/select.so
7f16ed37f000-7f16ed3fa000 r-xp 00000000 08:02 1835638                    /opt/anaconda2/lib/python2.7/site-packages/scipy/spatial/ckdtree.so
7f16ed3fa000-7f16ed5fa000 ---p 0007b000 08:02 1835638                    /opt/anaconda2/lib/python2.7/site-packages/scipy/spatial/ckdtree.so
7f16ed5fa000-7f16ed602000 rw-p 0007b000 08:02 1835638                    /opt/anaconda2/lib/python2.7/site-packages/scipy/spatial/ckdtree.so
7f16ed602000-7f16ed642000 rw-p 00000000 00:00 0 
7f16ed642000-7f16ed683000 r-xp 00000000 08:02 1579399                    /opt/anaconda2/lib/python2.7/site-packages/scipy/sparse/csgraph/_reordering.so
7f16ed683000-7f16ed883000 ---p 00041000 08:02 1579399                    /opt/anaconda2/lib/python2.7/site-packages/scipy/sparse/csgraph/_reordering.so
7f16ed883000-7f16ed888000 rw-p 00041000 08:02 1579399                    /opt/anaconda2/lib/python2.7/site-packages/scipy/sparse/csgraph/_reordering.so
7f16ed888000-7f16ed889000 rw-p 00000000 00:00 0 
7f16ed889000-7f16ed8ad000 r-xp 00000000 08:02 1579398                    /opt/anaconda2/lib/python2.7/site-packages/scipy/sparse/csgraph/_min_spanning_tree.so
7f16ed8ad000-7f16edaad000 ---p 00024000 08:02 1579398                    /opt/anaconda2/lib/python2.7/site-packages/scipy/sparse/csgraph/_min_spanning_tree.so
7f16edaad000-7f16edab2000 rw-p 00024000 08:02 1579398                    /opt/anaconda2/lib/python2.7/site-packages/scipy/sparse/csgraph/_min_spanning_tree.so
7f16edab2000-7f16edacc000 r-xp 00000000 08:02 1579402                    /opt/anaconda2/lib/python2.7/site-packages/scipy/sparse/csgraph/_traversal.so
7f16edacc000-7f16edccb000 ---p 0001a000 08:02 1579402                    /opt/anaconda2/lib/python2.7/site-packages/scipy/sparse/csgraph/_traversal.so
7f16edccb000-7f16edcd1000 rw-p 00019000 08:02 1579402                    /opt/anaconda2/lib/python2.7/site-packages/scipy/sparse/csgraph/_traversal.so
7f16edcd1000-7f16edcef000 r-xp 00000000 08:02 1579401                    /opt/anaconda2/lib/python2.7/site-packages/scipy/sparse/csgraph/_tools.so
7f16edcef000-7f16edeef000 ---p 0001e000 08:02 1579401                    /opt/anaconda2/lib/python2.7/site-packages/scipy/sparse/csgraph/_tools.so
7f16edeef000-7f16edef4000 rw-p 0001e000 08:02 1579401                    /opt/anaconda2/lib/python2.7/site-packages/scipy/sparse/csgraph/_tools.so
7f16edef4000-7f16edf27000 r-xp 00000000 08:02 1579400                    /opt/anaconda2/lib/python2.7/site-packages/scipy/sparse/csgraph/_shortest_path.so
7f16edf27000-7f16ee126000 ---p 00033000 08:02 1579400                    /opt/anaconda2/lib/python2.7/site-packages/scipy/sparse/csgraph/_shortest_path.so
7f16ee126000-7f16ee12c000 rw-p 00032000 08:02 1579400                    /opt/anaconda2/lib/python2.7/site-packages/scipy/sparse/csgraph/_shortest_path.so
7f16ee12c000-7f16ee12d000 rw-p 00000000 00:00 0 
7f16ee12d000-7f16ee194000 r-xp 00000000 08:02 1579377                    /opt/anaconda2/lib/python2.7/site-packages/scipy/sparse/_csparsetools.so
7f16ee194000-7f16ee393000 ---p 00067000 08:02 1579377                    /opt/anaconda2/lib/python2.7/site-packages/scipy/sparse/_csparsetools.so
7f16ee393000-7f16ee399000 rw-p 00066000 08:02 1579377                    /opt/anaconda2/lib/python2.7/site-packages/scipy/sparse/_csparsetools.so
7f16ee399000-7f16ee3da000 rw-p 00000000 00:00 0 
7f16ee3da000-7f16ee3f0000 r-xp 00000000 08:02 1312988                    /opt/anaconda2/lib/libgcc_s.so.1
7f16ee3f0000-7f16ee5ef000 ---p 00016000 08:02 1312988                    /opt/anaconda2/lib/libgcc_s.so.1
7f16ee5ef000-7f16ee5f0000 rw-p 00015000 08:02 1312988                    /opt/anaconda2/lib/libgcc_s.so.1
7f16ee5f0000-7f16ee6e7000 r-xp 00000000 08:02 1312985                    /opt/anaconda2/lib/libstdc++.so.6.0.19
7f16ee6e7000-7f16ee8e7000 ---p 000f7000 08:02 1312985                    /opt/anaconda2/lib/libstdc++.so.6.0.19
7f16ee8e7000-7f16ee8ee000 r--p 000f7000 08:02 1312985                    /opt/anaconda2/lib/libstdc++.so.6.0.19
7f16ee8ee000-7f16ee8f1000 rw-p 000fe000 08:02 1312985                    /opt/anaconda2/lib/libstdc++.so.6.0.19
7f16ee8f1000-7f16ee906000 rw-p 00000000 00:00 0 
7f16ee906000-7f16eeca9000 r-xp 00000000 08:02 1579378                    /opt/anaconda2/lib/python2.7/site-packages/scipy/sparse/_sparsetools.so
7f16eeca9000-7f16eeea8000 ---p 003a3000 08:02 1579378                    /opt/anaconda2/lib/python2.7/site-packages/scipy/sparse/_sparsetools.so
7f16eeea8000-7f16eeeaf000 rw-p 003a2000 08:02 1579378                    /opt/anaconda2/lib/python2.7/site-packages/scipy/sparse/_sparsetools.so
7f16eeeaf000-7f16eef2f000 rw-p 00000000 00:00 0 
7f16eef2f000-7f16eef31000 r--s 0001a000 08:02 6438503                    /opt/gumtree/gumtree/dist/build/distributions/gumtree-20170703-2.1.0-SNAPSHOT/lib/jetty-servlet-9.3.6.v20151106.jar
7f16eef31000-7f16eef34000 r--s 00015000 08:02 6438499                    /opt/gumtree/gumtree/dist/build/distributions/gumtree-20170703-2.1.0-SNAPSHOT/lib/javax.servlet-api-3.1.0.jar
7f16eef34000-7f16eef35000 r--s 00000000 08:02 6438488                    /opt/gumtree/gumtree/dist/build/distributions/gumtree-20170703-2.1.0-SNAPSHOT/lib/javax.inject-1.jar
7f16eef35000-7f16eef3f000 r--s 000a5000 08:02 6438476                    /opt/gumtree/gumtree/dist/build/distributions/gumtree-20170703-2.1.0-SNAPSHOT/lib/javassist-3.18.2-GA.jar
7f16eef3f000-7f16eef4e000 r--s 0009f000 08:02 6438487                    /opt/gumtree/gumtree/dist/build/distributions/gumtree-20170703-2.1.0-SNAPSHOT/lib/guice-3.0.jar
7f16eef4e000-7f16eef53000 r--s 0002f000 08:02 6438463                    /opt/gumtree/gumtree/dist/build/distributions/gumtree-20170703-2.1.0-SNAPSHOT/lib/gson-2.4.jar
7f16eef53000-7f16eef54000 r--s 00001000 08:02 6438460                    /opt/gumtree/gumtree/dist/build/distributions/gumtree-20170703-2.1.0-SNAPSHOT/lib/gen.srcml-2.1.0-SNAPSHOT.jar
7f16eef54000-7f16eef55000 r--s 00000000 08:02 6438459                    /opt/gumtree/gumtree/dist/build/distributions/gumtree-20170703-2.1.0-SNAPSHOT/lib/gen.ruby-2.1.0-SNAPSHOT.jar
7f16eef55000-7f16eef56000 r--s 00000000 08:02 6438458                    /opt/gumtree/gumtree/dist/build/distributions/gumtree-20170703-2.1.0-SNAPSHOT/lib/gen.js-2.1.0-SNAPSHOT.jar
7f16eef56000-7f16eef57000 r--s 00004000 08:02 6438457                    /opt/gumtree/gumtree/dist/build/distributions/gumtree-20170703-2.1.0-SNAPSHOT/lib/gen.jdt-2.1.0-SNAPSHOT.jar
7f16eef57000-7f16eef59000 r--s 00004000 08:02 6438454                    /opt/gumtree/gumtree/dist/build/distributions/gumtree-20170703-2.1.0-SNAPSHOT/lib/gen.antlr3-xml-2.1.0-SNAPSHOT.jar
7f16eef59000-7f16eef5b000 r--s 00018000 08:02 6438453                    /opt/gumtree/gumtree/dist/build/distributions/gumtree-20170703-2.1.0-SNAPSHOT/lib/gen.antlr3-r-2.1.0-SNAPSHOT.jar
7f16eef5b000-7f16eef5e000 r--s 0002b000 08:02 6438452                    /opt/gumtree/gumtree/dist/build/distributions/gumtree-20170703-2.1.0-SNAPSHOT/lib/gen.antlr3-php-2.1.0-SNAPSHOT.jar
7f16eef5e000-7f16eef61000 r--s 00019000 08:02 6438450                    /opt/gumtree/gumtree/dist/build/distributions/gumtree-20170703-2.1.0-SNAPSHOT/lib/gen.antlr3-antlr-2.1.0-SNAPSHOT.jar
7f16eef61000-7f16eef66000 r--s 0002a000 08:02 6438446                    /opt/gumtree/gumtree/dist/build/distributions/gumtree-20170703-2.1.0-SNAPSHOT/lib/core-2.1.0-SNAPSHOT.jar
7f16eef66000-7f16eefa6000 rw-p 00000000 00:00 0 
7f16eefa6000-7f16ef051000 r-xp 00000000 08:02 6308263                    /opt/anaconda2/lib/python2.7/site-packages/numpy/random/mtrand.so
7f16ef051000-7f16ef250000 ---p 000ab000 08:02 6308263                    /opt/anaconda2/lib/python2.7/site-packages/numpy/random/mtrand.so
7f16ef250000-7f16ef271000 rw-p 000aa000 08:02 6308263                    /opt/anaconda2/lib/python2.7/site-packages/numpy/random/mtrand.so
7f16ef271000-7f16ef273000 rw-p 00000000 00:00 0 
7f16ef273000-7f16ef27c000 r-xp 00000000 08:02 6326262                    /opt/anaconda2/lib/python2.7/site-packages/numpy/fft/fftpack_lite.so
7f16ef27c000-7f16ef47b000 ---p 00009000 08:02 6326262                    /opt/anaconda2/lib/python2.7/site-packages/numpy/fft/fftpack_lite.so
7f16ef47b000-7f16ef47c000 rw-p 00008000 08:02 6326262                    /opt/anaconda2/lib/python2.7/site-packages/numpy/fft/fftpack_lite.so
7f16ef47c000-7f16ef4bc000 rw-p 00000000 00:00 0 
7f16ef4bc000-7f16ef4bd000 r-xp 00000000 08:02 6432953                    /opt/anaconda2/lib/python2.7/lib-dynload/future_builtins.so
7f16ef4bd000-7f16ef6bd000 ---p 00001000 08:02 6432953                    /opt/anaconda2/lib/python2.7/lib-dynload/future_builtins.so
7f16ef6bd000-7f16ef6be000 rw-p 00001000 08:02 6432953                    /opt/anaconda2/lib/python2.7/lib-dynload/future_builtins.so
7f16ef6be000-7f16ef6fe000 rw-p 00000000 00:00 0 
7f16ef6fe000-7f16ef727000 r-xp 00000000 08:02 6305577                    /opt/anaconda2/lib/python2.7/site-packages/numpy/linalg/_umath_linalg.so
7f16ef727000-7f16ef926000 ---p 00029000 08:02 6305577                    /opt/anaconda2/lib/python2.7/site-packages/numpy/linalg/_umath_linalg.so
7f16ef926000-7f16ef928000 rw-p 00028000 08:02 6305577                    /opt/anaconda2/lib/python2.7/site-packages/numpy/linalg/_umath_linalg.so
7f16ef928000-7f16ef92a000 rw-p 000c4000 08:02 6305577                    /opt/anaconda2/lib/python2.7/site-packages/numpy/linalg/_umath_linalg.so
7f16ef92a000-7f16ef92e000 r-xp 00000000 08:02 6305573                    /opt/anaconda2/lib/python2.7/site-packages/numpy/linalg/lapack_lite.so
7f16ef92e000-7f16efb2e000 ---p 00004000 08:02 6305573                    /opt/anaconda2/lib/python2.7/site-packages/numpy/linalg/lapack_lite.so
7f16efb2e000-7f16efb2f000 rw-p 00004000 08:02 6305573                    /opt/anaconda2/lib/python2.7/site-packages/numpy/linalg/lapack_lite.so
7f16efb2f000-7f16efb31000 rw-p 00019000 08:02 6305573                    /opt/anaconda2/lib/python2.7/site-packages/numpy/linalg/lapack_lite.so
7f16efb31000-7f16efb71000 rw-p 00000000 00:00 0 
7f16efb71000-7f16efb74000 r-xp 00000000 08:02 6432952                    /opt/anaconda2/lib/python2.7/lib-dynload/fcntl.so
7f16efb74000-7f16efd73000 ---p 00003000 08:02 6432952                    /opt/anaconda2/lib/python2.7/lib-dynload/fcntl.so
7f16efd73000-7f16efd75000 rw-p 00002000 08:02 6432952                    /opt/anaconda2/lib/python2.7/lib-dynload/fcntl.so
7f16efd75000-7f16efd78000 r-xp 00000000 08:02 6432936                    /opt/anaconda2/lib/python2.7/lib-dynload/_random.so
7f16efd78000-7f16eff77000 ---p 00003000 08:02 6432936                    /opt/anaconda2/lib/python2.7/lib-dynload/_random.so
7f16eff77000-7f16eff78000 rw-p 00002000 08:02 6432936                    /opt/anaconda2/lib/python2.7/lib-dynload/_random.so
7f16eff78000-7f16f0184000 r-xp 00000000 08:02 6310592                    /opt/anaconda2/lib/libcrypto.so.1.0.0
7f16f0184000-7f16f0384000 ---p 0020c000 08:02 6310592                    /opt/anaconda2/lib/libcrypto.so.1.0.0
7f16f0384000-7f16f03ab000 rw-p 0020c000 08:02 6310592                    /opt/anaconda2/lib/libcrypto.so.1.0.0
7f16f03ab000-7f16f03af000 rw-p 00000000 00:00 0 
7f16f03af000-7f16f041c000 r-xp 00000000 08:02 1444868                    /opt/anaconda2/lib/libssl.so.1.0.0
7f16f041c000-7f16f061b000 ---p 0006d000 08:02 1444868                    /opt/anaconda2/lib/libssl.so.1.0.0
7f16f061b000-7f16f0626000 rw-p 0006c000 08:02 1444868                    /opt/anaconda2/lib/libssl.so.1.0.0
7f16f0626000-7f16f062a000 r-xp 00000000 08:02 6432927                    /opt/anaconda2/lib/python2.7/lib-dynload/_hashlib.so
7f16f062a000-7f16f082a000 ---p 00004000 08:02 6432927                    /opt/anaconda2/lib/python2.7/lib-dynload/_hashlib.so
7f16f082a000-7f16f082b000 rw-p 00004000 08:02 6432927                    /opt/anaconda2/lib/python2.7/lib-dynload/_hashlib.so
7f16f082b000-7f16f0841000 r-xp 00000000 08:02 1708445                    /opt/anaconda2/lib/libz.so.1.2.8
7f16f0841000-7f16f0a40000 ---p 00016000 08:02 1708445                    /opt/anaconda2/lib/libz.so.1.2.8
7f16f0a40000-7f16f0a41000 rw-p 00015000 08:02 1708445                    /opt/anaconda2/lib/libz.so.1.2.8
7f16f0a41000-7f16f0a45000 r-xp 00000000 08:02 6432945                    /opt/anaconda2/lib/python2.7/lib-dynload/binascii.so
7f16f0a45000-7f16f0c45000 ---p 00004000 08:02 6432945                    /opt/anaconda2/lib/python2.7/lib-dynload/binascii.so
7f16f0c45000-7f16f0c46000 rw-p 00004000 08:02 6432945                    /opt/anaconda2/lib/python2.7/lib-dynload/binascii.so
7f16f0c46000-7f16f0c86000 rw-p 00000000 00:00 0 
7f16f0c86000-7f16f0ca4000 r-xp 00000000 08:02 6432930                    /opt/anaconda2/lib/python2.7/lib-dynload/_io.so
7f16f0ca4000-7f16f0ea3000 ---p 0001e000 08:02 6432930                    /opt/anaconda2/lib/python2.7/lib-dynload/_io.so
7f16f0ea3000-7f16f0ead000 rw-p 0001d000 08:02 6432930                    /opt/anaconda2/lib/python2.7/lib-dynload/_io.so
7f16f0ead000-7f16f0eaf000 r-xp 00000000 08:02 6432954                    /opt/anaconda2/lib/python2.7/lib-dynload/grp.so
7f16f0eaf000-7f16f10ae000 ---p 00002000 08:02 6432954                    /opt/anaconda2/lib/python2.7/lib-dynload/grp.so
7f16f10ae000-7f16f10af000 rw-p 00001000 08:02 6432954                    /opt/anaconda2/lib/python2.7/lib-dynload/grp.so
7f16f10af000-7f16f10ef000 rw-p 00000000 00:00 0 
7f16f10ef000-7f16f10f3000 r-xp 00000000 08:02 6432971                    /opt/anaconda2/lib/python2.7/lib-dynload/time.so
7f16f10f3000-7f16f12f2000 ---p 00004000 08:02 6432971                    /opt/anaconda2/lib/python2.7/lib-dynload/time.so
7f16f12f2000-7f16f12f4000 rw-p 00003000 08:02 6432971                    /opt/anaconda2/lib/python2.7/lib-dynload/time.so
7f16f12f4000-7f16f1374000 rw-p 00000000 00:00 0 
7f16f1374000-7f16f1387000 r-xp 00000000 08:02 6432947                    /opt/anaconda2/lib/python2.7/lib-dynload/cPickle.so
7f16f1387000-7f16f1586000 ---p 00013000 08:02 6432947                    /opt/anaconda2/lib/python2.7/lib-dynload/cPickle.so
7f16f1586000-7f16f1588000 rw-p 00012000 08:02 6432947                    /opt/anaconda2/lib/python2.7/lib-dynload/cPickle.so
7f16f1588000-7f16f158b000 r-xp 00000000 08:02 6432928                    /opt/anaconda2/lib/python2.7/lib-dynload/_heapq.so
7f16f158b000-7f16f178b000 ---p 00003000 08:02 6432928                    /opt/anaconda2/lib/python2.7/lib-dynload/_heapq.so
7f16f178b000-7f16f178d000 rw-p 00003000 08:02 6432928                    /opt/anaconda2/lib/python2.7/lib-dynload/_heapq.so
7f16f178d000-7f16f1794000 r-xp 00000000 08:02 6432919                    /opt/anaconda2/lib/python2.7/lib-dynload/_collections.so
7f16f1794000-7f16f1993000 ---p 00007000 08:02 6432919                    /opt/anaconda2/lib/python2.7/lib-dynload/_collections.so
7f16f1993000-7f16f1995000 rw-p 00006000 08:02 6432919                    /opt/anaconda2/lib/python2.7/lib-dynload/_collections.so
7f16f1995000-7f16f199d000 r-xp 00000000 08:02 6432960                    /opt/anaconda2/lib/python2.7/lib-dynload/operator.so
7f16f199d000-7f16f1b9d000 ---p 00008000 08:02 6432960                    /opt/anaconda2/lib/python2.7/lib-dynload/operator.so
7f16f1b9d000-7f16f1b9f000 rw-p 00008000 08:02 6432960                    /opt/anaconda2/lib/python2.7/lib-dynload/operator.so
7f16f1b9f000-7f16f1bdf000 rw-p 00000000 00:00 0 
7f16f1bdf000-7f16f1be0000 r--s 00001000 08:02 6438456                    /opt/gumtree/gumtree/dist/build/distributions/gumtree-20170703-2.1.0-SNAPSHOT/lib/gen.css-2.1.0-SNAPSHOT.jar
7f16f1be0000-7f16f1ca0000 rw-p 00000000 00:00 0 
7f16f1ca0000-7f16f1cc1000 r-xp 00000000 08:02 6432921                    /opt/anaconda2/lib/python2.7/lib-dynload/_ctypes.so
7f16f1cc1000-7f16f1ec0000 ---p 00021000 08:02 6432921                    /opt/anaconda2/lib/python2.7/lib-dynload/_ctypes.so
7f16f1ec0000-7f16f1ec5000 rw-p 00020000 08:02 6432921                    /opt/anaconda2/lib/python2.7/lib-dynload/_ctypes.so
7f16f1ec5000-7f16f1f93000 r-xp 00000000 08:02 6326065                    /opt/anaconda2/lib/python2.7/site-packages/numpy/core/umath.so
7f16f1f93000-7f16f2193000 ---p 000ce000 08:02 6326065                    /opt/anaconda2/lib/python2.7/site-packages/numpy/core/umath.so
7f16f2193000-7f16f2199000 rw-p 000ce000 08:02 6326065                    /opt/anaconda2/lib/python2.7/site-packages/numpy/core/umath.so
7f16f2199000-7f16f21db000 rw-p 00000000 00:00 0 
7f16f21db000-7f16f41db000 rw-p 00000000 00:00 0 
7f16f41db000-7f16f41ed000 r-xp 00000000 08:02 6432951                    /opt/anaconda2/lib/python2.7/lib-dynload/datetime.so
7f16f41ed000-7f16f43ec000 ---p 00012000 08:02 6432951                    /opt/anaconda2/lib/python2.7/lib-dynload/datetime.so
7f16f43ec000-7f16f43f0000 rw-p 00011000 08:02 6432951                    /opt/anaconda2/lib/python2.7/lib-dynload/datetime.so
7f16f43f0000-7f16f83f0000 rw-p 00000000 00:00 0 
7f16f83f0000-7f16f83f1000 ---p 00000000 00:00 0 
7f16f83f1000-7f16f8bf1000 rw-p 00000000 00:00 0 
7f16f8bf1000-7f16f8bf2000 ---p 00000000 00:00 0 
7f16f8bf2000-7f16f93f2000 rw-p 00000000 00:00 0 
7f16f93f2000-7f16f93f3000 ---p 00000000 00:00 0 
7f16f93f3000-7f16f9bf3000 rw-p 00000000 00:00 0 
7f16f9bf3000-7f16f9ce3000 r-xp 00000000 08:02 6307995                    /opt/anaconda2/lib/python2.7/site-packages/numpy/.libs/libgfortran-ed201abd.so.3.0.0
7f16f9ce3000-7f16f9ee2000 ---p 000f0000 08:02 6307995                    /opt/anaconda2/lib/python2.7/site-packages/numpy/.libs/libgfortran-ed201abd.so.3.0.0
7f16f9ee2000-7f16f9ee4000 rw-p 000ef000 08:02 6307995                    /opt/anaconda2/lib/python2.7/site-packages/numpy/.libs/libgfortran-ed201abd.so.3.0.0
7f16f9ee4000-7f16f9ee5000 rw-p 00000000 00:00 0 
7f16f9ee5000-7f16f9eec000 rw-p 000f2000 08:02 6307995                    /opt/anaconda2/lib/python2.7/site-packages/numpy/.libs/libgfortran-ed201abd.so.3.0.0
7f16f9eec000-7f16fc200000 r-xp 00000000 08:02 6307994                    /opt/anaconda2/lib/python2.7/site-packages/numpy/.libs/libopenblasp-r0-39a31c03.2.18.so
7f16fc200000-7f16fc3ff000 ---p 02314000 08:02 6307994                    /opt/anaconda2/lib/python2.7/site-packages/numpy/.libs/libopenblasp-r0-39a31c03.2.18.so
7f16fc3ff000-7f16fc41e000 rw-p 02313000 08:02 6307994                    /opt/anaconda2/lib/python2.7/site-packages/numpy/.libs/libopenblasp-r0-39a31c03.2.18.so
7f16fc41e000-7f16fc481000 rw-p 00000000 00:00 0 
7f16fc481000-7f16fc4fd000 rw-p 02425000 08:02 6307994                    /opt/anaconda2/lib/python2.7/site-packages/numpy/.libs/libopenblasp-r0-39a31c03.2.18.so
7f16fc4fd000-7f16fc6c6000 r-xp 00000000 08:02 6326039                    /opt/anaconda2/lib/python2.7/site-packages/numpy/core/multiarray.so
7f16fc6c6000-7f16fc8c6000 ---p 001c9000 08:02 6326039                    /opt/anaconda2/lib/python2.7/site-packages/numpy/core/multiarray.so
7f16fc8c6000-7f16fc8d5000 rw-p 001c9000 08:02 6326039                    /opt/anaconda2/lib/python2.7/site-packages/numpy/core/multiarray.so
7f16fc8d5000-7f16fc8e7000 rw-p 00000000 00:00 0 
7f16fc8e7000-7f16fc8ed000 rw-p 00902000 08:02 6326039                    /opt/anaconda2/lib/python2.7/site-packages/numpy/core/multiarray.so
7f16fc8ed000-7f16fc8f5000 r-xp 00000000 08:02 6432957                    /opt/anaconda2/lib/python2.7/lib-dynload/math.so
7f16fc8f5000-7f16fcaf4000 ---p 00008000 08:02 6432957                    /opt/anaconda2/lib/python2.7/lib-dynload/math.so
7f16fcaf4000-7f16fcaf6000 rw-p 00007000 08:02 6432957                    /opt/anaconda2/lib/python2.7/lib-dynload/math.so
7f16fcaf6000-7f16fcb36000 rw-p 00000000 00:00 0 
7f16fcb36000-7f16fcb40000 r-xp 00000000 08:02 6432955                    /opt/anaconda2/lib/python2.7/lib-dynload/itertools.so
7f16fcb40000-7f16fcd40000 ---p 0000a000 08:02 6432955                    /opt/anaconda2/lib/python2.7/lib-dynload/itertools.so
7f16fcd40000-7f16fcd45000 rw-p 0000a000 08:02 6432955                    /opt/anaconda2/lib/python2.7/lib-dynload/itertools.so
7f16fcd45000-7f16fcd4d000 r-xp 00000000 08:02 6432931                    /opt/anaconda2/lib/python2.7/lib-dynload/_json.so
7f16fcd4d000-7f16fcf4d000 ---p 00008000 08:02 6432931                    /opt/anaconda2/lib/python2.7/lib-dynload/_json.so
7f16fcf4d000-7f16fcf4e000 rw-p 00008000 08:02 6432931                    /opt/anaconda2/lib/python2.7/lib-dynload/_json.so
7f16fcf4e000-7f16fcf55000 r-xp 00000000 08:02 6432940                    /opt/anaconda2/lib/python2.7/lib-dynload/_struct.so
7f16fcf55000-7f16fd155000 ---p 00007000 08:02 6432940                    /opt/anaconda2/lib/python2.7/lib-dynload/_struct.so
7f16fd155000-7f16fd157000 rw-p 00007000 08:02 6432940                    /opt/anaconda2/lib/python2.7/lib-dynload/_struct.so
7f16fd157000-7f16fd15b000 r-xp 00000000 08:02 6432948                    /opt/anaconda2/lib/python2.7/lib-dynload/cStringIO.so
7f16fd15b000-7f16fd35a000 ---p 00004000 08:02 6432948                    /opt/anaconda2/lib/python2.7/lib-dynload/cStringIO.so
7f16fd35a000-7f16fd35c000 rw-p 00003000 08:02 6432948                    /opt/anaconda2/lib/python2.7/lib-dynload/cStringIO.so
7f16fd35c000-7f16fd361000 r-xp 00000000 08:02 6432920                    /opt/anaconda2/lib/python2.7/lib-dynload/_csv.so
7f16fd361000-7f16fd560000 ---p 00005000 08:02 6432920                    /opt/anaconda2/lib/python2.7/lib-dynload/_csv.so
7f16fd560000-7f16fd563000 rw-p 00004000 08:02 6432920                    /opt/anaconda2/lib/python2.7/lib-dynload/_csv.so
7f16fd563000-7f16fd566000 r-xp 00000000 08:02 6432926                    /opt/anaconda2/lib/python2.7/lib-dynload/_functools.so
7f16fd566000-7f16fd765000 ---p 00003000 08:02 6432926                    /opt/anaconda2/lib/python2.7/lib-dynload/_functools.so
7f16fd765000-7f16fd766000 rw-p 00002000 08:02 6432926                    /opt/anaconda2/lib/python2.7/lib-dynload/_functools.so
7f16fd766000-7f16fdbd2000 r--p 00000000 08:02 4987890                    /usr/lib/locale/locale-archive
7f16fdbd2000-7f16fdbd6000 r-xp 00000000 08:02 6432932                    /opt/anaconda2/lib/python2.7/lib-dynload/_locale.so
7f16fdbd6000-7f16fddd6000 ---p 00004000 08:02 6432932                    /opt/anaconda2/lib/python2.7/lib-dynload/_locale.so
7f16fddd6000-7f16fddd7000 rw-p 00004000 08:02 6432932                    /opt/anaconda2/lib/python2.7/lib-dynload/_locale.so
7f16fddd7000-7f16fdf91000 r-xp 00000000 08:02 5249372                    /lib/x86_64-linux-gnu/libc-2.19.so
7f16fdf91000-7f16fe191000 ---p 001ba000 08:02 5249372                    /lib/x86_64-linux-gnu/libc-2.19.so
7f16fe191000-7f16fe195000 r--p 001ba000 08:02 5249372                    /lib/x86_64-linux-gnu/libc-2.19.so
7f16fe195000-7f16fe197000 rw-p 001be000 08:02 5249372                    /lib/x86_64-linux-gnu/libc-2.19.so
7f16fe197000-7f16fe19c000 rw-p 00000000 00:00 0 
7f16fe19c000-7f16fe2a1000 r-xp 00000000 08:02 5249348                    /lib/x86_64-linux-gnu/libm-2.19.so
7f16fe2a1000-7f16fe4a0000 ---p 00105000 08:02 5249348                    /lib/x86_64-linux-gnu/libm-2.19.so
7f16fe4a0000-7f16fe4a1000 r--p 00104000 08:02 5249348                    /lib/x86_64-linux-gnu/libm-2.19.so
7f16fe4a1000-7f16fe4a2000 rw-p 00105000 08:02 5249348                    /lib/x86_64-linux-gnu/libm-2.19.so
7f16fe4a2000-7f16fe4a4000 r-xp 00000000 08:02 5249374                    /lib/x86_64-linux-gnu/libutil-2.19.so
7f16fe4a4000-7f16fe6a3000 ---p 00002000 08:02 5249374                    /lib/x86_64-linux-gnu/libutil-2.19.so
7f16fe6a3000-7f16fe6a4000 r--p 00001000 08:02 5249374                    /lib/x86_64-linux-gnu/libutil-2.19.so
7f16fe6a4000-7f16fe6a5000 rw-p 00002000 08:02 5249374                    /lib/x86_64-linux-gnu/libutil-2.19.so
7f16fe6a5000-7f16fe6a8000 r-xp 00000000 08:02 5249352                    /lib/x86_64-linux-gnu/libdl-2.19.so
7f16fe6a8000-7f16fe8a7000 ---p 00003000 08:02 5249352                    /lib/x86_64-linux-gnu/libdl-2.19.so
7f16fe8a7000-7f16fe8a8000 r--p 00002000 08:02 5249352                    /lib/x86_64-linux-gnu/libdl-2.19.so
7f16fe8a8000-7f16fe8a9000 rw-p 00003000 08:02 5249352                    /lib/x86_64-linux-gnu/libdl-2.19.so
7f16fe8a9000-7f16fe8c2000 r-xp 00000000 08:02 5249364                    /lib/x86_64-linux-gnu/libpthread-2.19.so
7f16fe8c2000-7f16feac1000 ---p 00019000 08:02 5249364                    /lib/x86_64-linux-gnu/libpthread-2.19.so
7f16feac1000-7f16feac2000 r--p 00018000 08:02 5249364                    /lib/x86_64-linux-gnu/libpthread-2.19.so
7f16feac2000-7f16feac3000 rw-p 00019000 08:02 5249364                    /lib/x86_64-linux-gnu/libpthread-2.19.so
7f16feac3000-7f16feac7000 rw-p 00000000 00:00 0 
7f16feac7000-7f16fec61000 r-xp 00000000 08:02 6309091                    /opt/anaconda2/lib/libpython2.7.so.1.0
7f16fec61000-7f16fee60000 ---p 0019a000 08:02 6309091                    /opt/anaconda2/lib/libpython2.7.so.1.0
7f16fee60000-7f16feea0000 rw-p 00199000 08:02 6309091                    /opt/anaconda2/lib/libpython2.7.so.1.0
7f16feea0000-7f16feec1000 rw-p 00000000 00:00 0 
7f16feec1000-7f16feee4000 r-xp 00000000 08:02 5249365                    /lib/x86_64-linux-gnu/ld-2.19.so
7f16feee4000-7f16feee5000 r--s 00000000 08:02 6438455                    /opt/gumtree/gumtree/dist/build/distributions/gumtree-20170703-2.1.0-SNAPSHOT/lib/gen.c-2.1.0-SNAPSHOT.jar
7f16feee5000-7f16feee6000 r--s 00005000 08:02 6438451                    /opt/gumtree/gumtree/dist/build/distributions/gumtree-20170703-2.1.0-SNAPSHOT/lib/gen.antlr3-json-2.1.0-SNAPSHOT.jar
7f16feee6000-7f16feee7000 r--s 00000000 08:02 6438449                    /opt/gumtree/gumtree/dist/build/distributions/gumtree-20170703-2.1.0-SNAPSHOT/lib/gen.antlr3-2.1.0-SNAPSHOT.jar
7f16feee7000-7f16feee8000 rw-p 00000000 00:00 0 
7f16feee8000-7f16feeea000 r--s 00015000 08:02 6438497                    /opt/gumtree/gumtree/dist/build/distributions/gumtree-20170703-2.1.0-SNAPSHOT/lib/contenttype-3.4.200-v20140207-1251.jar
7f16feeea000-7f16feeec000 r--s 0000e000 08:02 6438518                    /opt/gumtree/gumtree/dist/build/distributions/gumtree-20170703-2.1.0-SNAPSHOT/lib/commons-logging-1.2.jar
7f16feeec000-7f16feef2000 r--s 00048000 08:02 6438483                    /opt/gumtree/gumtree/dist/build/distributions/gumtree-20170703-2.1.0-SNAPSHOT/lib/commons-lang3-3.1.jar
7f16feef2000-7f16feef5000 r--s 00024000 08:02 6438484                    /opt/gumtree/gumtree/dist/build/distributions/gumtree-20170703-2.1.0-SNAPSHOT/lib/commons-io-2.0.1.jar
7f16feef5000-7f16feefc000 r--s 0003f000 08:02 6438475                    /opt/gumtree/gumtree/dist/build/distributions/gumtree-20170703-2.1.0-SNAPSHOT/lib/commons-codec-1.10.jar
7f16feefc000-7f16feeff000 r--s 00018000 08:02 6438493                    /opt/gumtree/gumtree/dist/build/distributions/gumtree-20170703-2.1.0-SNAPSHOT/lib/common-3.6.200-v20130402-1505.jar
7f16feeff000-7f16fef06000 r--s 0003e000 08:02 6438513                    /opt/gumtree/gumtree/dist/build/distributions/gumtree-20170703-2.1.0-SNAPSHOT/lib/cglib-2.2.1-v20090111.jar
7f16fef06000-7f16fefc7000 rw-p 00000000 00:00 0 
7f16fefc7000-7f16fefc9000 r--s 00006000 08:02 6438447                    /opt/gumtree/gumtree/dist/build/distributions/gumtree-20170703-2.1.0-SNAPSHOT/lib/client-2.1.0-SNAPSHOT.jar
7f16fefc9000-7f16fefcb000 r--s 00046000 08:02 6438448                    /opt/gumtree/gumtree/dist/build/distributions/gumtree-20170703-2.1.0-SNAPSHOT/lib/client.diff-2.1.0-SNAPSHOT.jar
7f16fefcb000-7f16fefce000 r--s 00013000 08:02 6438498                    /opt/gumtree/gumtree/dist/build/distributions/gumtree-20170703-2.1.0-SNAPSHOT/lib/app-1.3.200-v20130910-1609.jar
7f16fefce000-7f16fefd0000 r--s 00000000 08:02 6438512                    /opt/gumtree/gumtree/dist/build/distributions/gumtree-20170703-2.1.0-SNAPSHOT/lib/aopalliance-1.0.jar
7f16fefd0000-7f16ff0bc000 rw-p 00000000 00:00 0 
7f16ff0bc000-7f16ff0bd000 r--s 0000a000 08:02 6438519                    /opt/gumtree/gumtree/dist/build/distributions/gumtree-20170703-2.1.0-SNAPSHOT/lib/asm-3.1.jar
7f16ff0bd000-7f16ff0c0000 r--s 00026000 08:02 6438489                    /opt/gumtree/gumtree/dist/build/distributions/gumtree-20170703-2.1.0-SNAPSHOT/lib/antlr-runtime-3.5.2.jar
7f16ff0c0000-7f16ff0ca000 r--s 00110000 08:02 6438467                    /opt/gumtree/gumtree/dist/build/distributions/gumtree-20170703-2.1.0-SNAPSHOT/lib/antlr-3.5.2.jar
7f16ff0ca000-7f16ff0ce000 r--s 0000f000 08:02 6438477                    /opt/gumtree/gumtree/dist/build/distributions/gumtree-20170703-2.1.0-SNAPSHOT/lib/annotations-2.0.1.jar
7f16ff0ce000-7f16ff0d6000 rw-s 00000000 08:02 4067561                    /tmp/hsperfdata_root/13194 (deleted)
7f16ff0d6000-7f16ff0d7000 rw-p 00000000 00:00 0 
7f16ff0d7000-7f16ff0d8000 ---p 00000000 00:00 0 
7f16ff0d8000-7f16ff0d9000 rw-p 00000000 00:00 0 
7f16ff0d9000-7f16ff0e0000 r--s 00000000 08:02 5640900                    /usr/lib/x86_64-linux-gnu/gconv/gconv-modules.cache
7f16ff0e0000-7f16ff0e1000 rwxp 00000000 00:00 0 
7f16ff0e1000-7f16ff0e3000 rw-p 00000000 00:00 0 
7f16ff0e3000-7f16ff0e4000 r--p 00022000 08:02 5249365                    /lib/x86_64-linux-gnu/ld-2.19.so
7f16ff0e4000-7f16ff0e5000 rw-p 00023000 08:02 5249365                    /lib/x86_64-linux-gnu/ld-2.19.so
7f16ff0e5000-7f16ff0e6000 rw-p 00000000 00:00 0 
7ffefd6ae000-7ffefd7aa000 rw-p 00000000 00:00 0                          [stack]
7ffefd7e1000-7ffefd7e3000 r--p 00000000 00:00 0                          [vvar]
7ffefd7e3000-7ffefd7e5000 r-xp 00000000 00:00 0                          [vdso]
ffffffffff600000-ffffffffff601000 r-xp 00000000 00:00 0                  [vsyscall]

VM Arguments:
jvm_args: -d64 
java_command: <unknown>
java_class_path (initial): .:/usr/info/code/cpp/LogMonitor/LogMonitor/java:/opt/gumtree/gumtree/dist/build/distributions/gumtree-20170703-2.1.0-SNAPSHOT/lib/annotations-2.0.1.jar:/opt/gumtree/gumtree/dist/build/distributions/gumtree-20170703-2.1.0-SNAPSHOT/lib/antlr-3.5.2.jar:/opt/gumtree/gumtree/dist/build/distributions/gumtree-20170703-2.1.0-SNAPSHOT/lib/antlr-runtime-3.5.2.jar:/opt/gumtree/gumtree/dist/build/distributions/gumtree-20170703-2.1.0-SNAPSHOT/lib/aopalliance-1.0.jar:/opt/gumtree/gumtree/dist/build/distributions/gumtree-20170703-2.1.0-SNAPSHOT/lib/app-1.3.200-v20130910-1609.jar:/opt/gumtree/gumtree/dist/build/distributions/gumtree-20170703-2.1.0-SNAPSHOT/lib/asm-3.1.jar:/opt/gumtree/gumtree/dist/build/distributions/gumtree-20170703-2.1.0-SNAPSHOT/lib/cglib-2.2.1-v20090111.jar:/opt/gumtree/gumtree/dist/build/distributions/gumtree-20170703-2.1.0-SNAPSHOT/lib/client.diff-2.1.0-SNAPSHOT.jar:/opt/gumtree/gumtree/dist/build/distributions/gumtree-20170703-2.1.0-SNAPSHOT/lib/client-2.1.0-SNAPSHOT.jar:/opt/gumtree/gumtree/dist/build/distributions/gumtree-20170703-2.1.0-SNAPSHOT/lib/common-3.6.200-v20130402-1505.jar:/opt/gumtree/gumtree/dist/build/distributions/gumtree-20170703-2.1.0-SNAPSHOT/lib/commons-codec-1.10.jar:/opt/gumtree/gumtree/dist/build/distributions/gumtree-20170703-2.1.0-SNAPSHOT/lib/commons-io-2.0.1.jar:/opt/gumtree/gumtree/dist/build/distributions/gumtree-20170703-2.1.0-SNAPSHOT/lib/commons-lang3-3.1.jar:/opt/gumtree/gumtree/dist/build/distributions/gumtree-20170703-2.1.0-SNAPSHOT/lib/commons-logging-1.2.jar:/opt/gumtree/gumtree/dist/build/distributions/gumtree-20170703-2.1.0-SNAPSHOT/lib/contenttype-3.4.200-v20140207-1251.jar:/opt/gumtree/gumtree/dist/build/distributions/gumtree-20170703-2.1.0-SNAPSHOT/lib/core-2.1.0-SNAPSHOT.jar:/opt/gumtree/gumtree/dist/build/distributions/gumtree-20170703-2.1.0-SNAPSHOT/lib/gen.antlr3-2.1.0-SNAPSHOT.jar:/opt/gumtree/gumtree/dist/build/distributions/gumtree-20170703-2.1.0-SNAPSHOT/lib/gen.antlr3-antlr-2.1.0
Launcher Type: generic

Environment Variables:
CLASSPATH=.:/opt/gumtree/gumtree/dist/build/distributions/gumtree-20170703-2.1.0-SNAPSHOT/lib/*:/usr/info/code/cpp/LogMonitor/LogMonitor/java/*
PATH=/opt/llvm-build/bin:/opt/anaconda2/bin:/usr/local/sbin:/usr/local/bin:/usr/sbin:/usr/bin:/sbin:/bin:/usr/games:/usr/local/games
USERNAME=sarah
SHELL=/bin/bash
DISPLAY=:0

Signal Handlers:
SIGSEGV: [libjvm.so+0xac78c0], sa_mask[0]=11111111011111111101111111111110, sa_flags=SA_RESTART|SA_SIGINFO
SIGBUS: [libjvm.so+0xac78c0], sa_mask[0]=11111111011111111101111111111110, sa_flags=SA_RESTART|SA_SIGINFO
SIGFPE: [libjvm.so+0x920ac0], sa_mask[0]=11111111011111111101111111111110, sa_flags=SA_RESTART|SA_SIGINFO
SIGPIPE: [libjvm.so+0x920ac0], sa_mask[0]=11111111011111111101111111111110, sa_flags=SA_RESTART|SA_SIGINFO
SIGXFSZ: [libjvm.so+0x920ac0], sa_mask[0]=11111111011111111101111111111110, sa_flags=SA_RESTART|SA_SIGINFO
SIGILL: [libjvm.so+0x920ac0], sa_mask[0]=11111111011111111101111111111110, sa_flags=SA_RESTART|SA_SIGINFO
SIGUSR1: SIG_DFL, sa_mask[0]=00000000000000000000000000000000, sa_flags=none
SIGUSR2: [libjvm.so+0x922300], sa_mask[0]=00000000000000000000000000000000, sa_flags=SA_RESTART|SA_SIGINFO
SIGHUP: [libjvm.so+0x923700], sa_mask[0]=11111111011111111101111111111110, sa_flags=SA_RESTART|SA_SIGINFO
SIGINT: [libjvm.so+0x923700], sa_mask[0]=11111111011111111101111111111110, sa_flags=SA_RESTART|SA_SIGINFO
SIGTERM: [libjvm.so+0x923700], sa_mask[0]=11111111011111111101111111111110, sa_flags=SA_RESTART|SA_SIGINFO
SIGQUIT: [libjvm.so+0x923700], sa_mask[0]=11111111011111111101111111111110, sa_flags=SA_RESTART|SA_SIGINFO


---------------  S Y S T E M  ---------------

OS:DISTRIB_ID=LinuxMint
DISTRIB_RELEASE=17.3
DISTRIB_CODENAME=rosa
DISTRIB_DESCRIPTION="Linux Mint 17.3 Rosa"

uname:Linux 3.19.0-32-generic #37~14.04.1-Ubuntu SMP Thu Oct 22 09:41:40 UTC 2015 x86_64
libc:glibc 2.19 NPTL 2.19 
rlimit: STACK 8192k, CORE 0k, NPROC 30734, NOFILE 40000, AS infinity
load average:2.04 2.06 2.33

/proc/meminfo:
MemTotal:        8106964 kB
MemFree:         3942180 kB
MemAvailable:    4562908 kB
Buffers:           82836 kB
Cached:           660428 kB
SwapCached:       155672 kB
Active:          3007400 kB
Inactive:         766584 kB
Active(anon):    2467532 kB
Inactive(anon):   567264 kB
Active(file):     539868 kB
Inactive(file):   199320 kB
Unevictable:         776 kB
Mlocked:             776 kB
SwapTotal:       8317948 kB
SwapFree:         967696 kB
Dirty:               296 kB
Writeback:             0 kB
AnonPages:       2877420 kB
Mapped:           212372 kB
Shmem:              3700 kB
Slab:             150420 kB
SReclaimable:     100968 kB
SUnreclaim:        49452 kB
KernelStack:       11376 kB
PageTables:        69644 kB
NFS_Unstable:          0 kB
Bounce:                0 kB
WritebackTmp:          0 kB
CommitLimit:    12371428 kB
Committed_AS:   14465920 kB
VmallocTotal:   34359738367 kB
VmallocUsed:      122404 kB
VmallocChunk:   34359610160 kB
HardwareCorrupted:     0 kB
AnonHugePages:    559104 kB
CmaTotal:              0 kB
CmaFree:               0 kB
HugePages_Total:       0
HugePages_Free:        0
HugePages_Rsvd:        0
HugePages_Surp:        0
Hugepagesize:       2048 kB
DirectMap4k:     3799620 kB
DirectMap2M:     4519936 kB
DirectMap1G:     1048576 kB


CPU:total 4 (4 cores per cpu, 1 threads per core) family 6 model 60 stepping 3, cmov, cx8, fxsr, mmx, sse, sse2, sse3, ssse3, sse4.1, sse4.2, popcnt, avx, avx2, aes, clmul, erms, lzcnt, tsc, tscinvbit, bmi1, bmi2

/proc/cpuinfo:
processor	: 0
vendor_id	: GenuineIntel
cpu family	: 6
model		: 60
model name	: Intel(R) Core(TM) i5-4590 CPU @ 3.30GHz
stepping	: 3
microcode	: 0x1d
cpu MHz		: 3637.734
cache size	: 6144 KB
physical id	: 0
siblings	: 4
core id		: 0
cpu cores	: 4
apicid		: 0
initial apicid	: 0
fpu		: yes
fpu_exception	: yes
cpuid level	: 13
wp		: yes
flags		: fpu vme de pse tsc msr pae mce cx8 apic sep mtrr pge mca cmov pat pse36 clflush dts acpi mmx fxsr sse sse2 ss ht tm pbe syscall nx pdpe1gb rdtscp lm constant_tsc arch_perfmon pebs bts rep_good nopl xtopology nonstop_tsc aperfmperf eagerfpu pni pclmulqdq dtes64 monitor ds_cpl vmx smx est tm2 ssse3 fma cx16 xtpr pdcm pcid sse4_1 sse4_2 x2apic movbe popcnt tsc_deadline_timer aes xsave avx f16c rdrand lahf_lm abm ida arat epb pln pts dtherm tpr_shadow vnmi flexpriority ept vpid fsgsbase tsc_adjust bmi1 avx2 smep bmi2 erms invpcid xsaveopt
bugs		:
bogomips	: 6585.20
clflush size	: 64
cache_alignment	: 64
address sizes	: 39 bits physical, 48 bits virtual
power management:

processor	: 1
vendor_id	: GenuineIntel
cpu family	: 6
model		: 60
model name	: Intel(R) Core(TM) i5-4590 CPU @ 3.30GHz
stepping	: 3
microcode	: 0x1d
cpu MHz		: 3682.980
cache size	: 6144 KB
physical id	: 0
siblings	: 4
core id		: 1
cpu cores	: 4
apicid		: 2
initial apicid	: 2
fpu		: yes
fpu_exception	: yes
cpuid level	: 13
wp		: yes
flags		: fpu vme de pse tsc msr pae mce cx8 apic sep mtrr pge mca cmov pat pse36 clflush dts acpi mmx fxsr sse sse2 ss ht tm pbe syscall nx pdpe1gb rdtscp lm constant_tsc arch_perfmon pebs bts rep_good nopl xtopology nonstop_tsc aperfmperf eagerfpu pni pclmulqdq dtes64 monitor ds_cpl vmx smx est tm2 ssse3 fma cx16 xtpr pdcm pcid sse4_1 sse4_2 x2apic movbe popcnt tsc_deadline_timer aes xsave avx f16c rdrand lahf_lm abm ida arat epb pln pts dtherm tpr_shadow vnmi flexpriority ept vpid fsgsbase tsc_adjust bmi1 avx2 smep bmi2 erms invpcid xsaveopt
bugs		:
bogomips	: 6585.20
clflush size	: 64
cache_alignment	: 64
address sizes	: 39 bits physical, 48 bits virtual
power management:

processor	: 2
vendor_id	: GenuineIntel
cpu family	: 6
model		: 60
model name	: Intel(R) Core(TM) i5-4590 CPU @ 3.30GHz
stepping	: 3
microcode	: 0x1d
cpu MHz		: 3637.992
cache size	: 6144 KB
physical id	: 0
siblings	: 4
core id		: 2
cpu cores	: 4
apicid		: 4
initial apicid	: 4
fpu		: yes
fpu_exception	: yes
cpuid level	: 13
wp		: yes
flags		: fpu vme de pse tsc msr pae mce cx8 apic sep mtrr pge mca cmov pat pse36 clflush dts acpi mmx fxsr sse sse2 ss ht tm pbe syscall nx pdpe1gb rdtscp lm constant_tsc arch_perfmon pebs bts rep_good nopl xtopology nonstop_tsc aperfmperf eagerfpu pni pclmulqdq dtes64 monitor ds_cpl vmx smx est tm2 ssse3 fma cx16 xtpr pdcm pcid sse4_1 sse4_2 x2apic movbe popcnt tsc_deadline_timer aes xsave avx f16c rdrand lahf_lm abm ida arat epb pln pts dtherm tpr_shadow vnmi flexpriority ept vpid fsgsbase tsc_adjust bmi1 avx2 smep bmi2 erms invpcid xsaveopt
bugs		:
bogomips	: 6585.20
clflush size	: 64
cache_alignment	: 64
address sizes	: 39 bits physical, 48 bits virtual
power management:

processor	: 3
vendor_id	: GenuineIntel
cpu family	: 6
model		: 60
model name	: Intel(R) Core(TM) i5-4590 CPU @ 3.30GHz
stepping	: 3
microcode	: 0x1d
cpu MHz		: 3585.398
cache size	: 6144 KB
physical id	: 0
siblings	: 4
core id		: 3
cpu cores	: 4
apicid		: 6
initial apicid	: 6
fpu		: yes
fpu_exception	: yes
cpuid level	: 13
wp		: yes
flags		: fpu vme de pse tsc msr pae mce cx8 apic sep mtrr pge mca cmov pat pse36 clflush dts acpi mmx fxsr sse sse2 ss ht tm pbe syscall nx pdpe1gb rdtscp lm constant_tsc arch_perfmon pebs bts rep_good nopl xtopology nonstop_tsc aperfmperf eagerfpu pni pclmulqdq dtes64 monitor ds_cpl vmx smx est tm2 ssse3 fma cx16 xtpr pdcm pcid sse4_1 sse4_2 x2apic movbe popcnt tsc_deadline_timer aes xsave avx f16c rdrand lahf_lm abm ida arat epb pln pts dtherm tpr_shadow vnmi flexpriority ept vpid fsgsbase tsc_adjust bmi1 avx2 smep bmi2 erms invpcid xsaveopt
bugs		:
bogomips	: 6585.20
clflush size	: 64
cache_alignment	: 64
address sizes	: 39 bits physical, 48 bits virtual
power management:



Memory: 4k page, physical 8106964k(3942180k free), swap 8317948k(967696k free)

vm_info: Java HotSpot(TM) 64-Bit Server VM (25.121-b13) for linux-amd64 JRE (1.8.0_121-b13), built on Dec 12 2016 16:36:53 by "java_re" with gcc 4.3.0 20080428 (Red Hat 4.3.0-8)

time: Thu Nov 16 18:16:16 2017
elapsed time: 4737 seconds (0d 1h 18m 57s)

