#
# There is insufficient memory for the Java Runtime Environment to continue.
# Native memory allocation (mmap) failed to map 1431306240 bytes for committing reserved memory.
# Possible reasons:
#   The system is out of physical RAM or swap space
#   In 32 bit mode, the process size limit was hit
# Possible solutions:
#   Reduce memory load on the system
#   Increase physical memory or swap space
#   Check if swap backing store is full
#   Use 64 bit Java on a 64 bit OS
#   Decrease Java heap size (-Xmx/-Xms)
#   Decrease number of Java threads
#   Decrease Java thread stack sizes (-Xss)
#   Set larger code cache with -XX:ReservedCodeCacheSize=
# This output file may be truncated or incomplete.
#
#  Out of Memory Error (os_linux.cpp:2627), pid=29348, tid=0x00007f1572acb700
#
# JRE version:  (8.0_121-b13) (build )
# Java VM: Java HotSpot(TM) 64-Bit Server VM (25.121-b13 mixed mode linux-amd64 compressed oops)
# Failed to write core dump. Core dumps have been disabled. To enable core dumping, try "ulimit -c unlimited" before starting Java again
#

---------------  T H R E A D  ---------------

Current thread (0x00007f156c00b800):  JavaThread "Unknown thread" [_thread_in_vm, id=29349, stack(0x00007f15729cb000,0x00007f1572acc000)]

Stack: [0x00007f15729cb000,0x00007f1572acc000],  sp=0x00007f1572aca3c0,  free space=1020k
Native frames: (J=compiled Java code, j=interpreted, Vv=VM code, C=native code)
V  [libjvm.so+0xac703a]  VMError::report_and_die()+0x2ba
V  [libjvm.so+0x4fc7eb]  report_vm_out_of_memory(char const*, int, unsigned long, VMErrorType, char const*)+0x8b
V  [libjvm.so+0x923c43]  os::Linux::commit_memory_impl(char*, unsigned long, bool)+0x103
V  [libjvm.so+0x924199]  os::pd_commit_memory(char*, unsigned long, unsigned long, bool)+0x29
V  [libjvm.so+0x91e4aa]  os::commit_memory(char*, unsigned long, unsigned long, bool)+0x2a
V  [libjvm.so+0x992f03]  PSVirtualSpace::expand_by(unsigned long)+0x53
V  [libjvm.so+0x993ec5]  PSYoungGen::initialize_virtual_space(ReservedSpace, unsigned long)+0x75
V  [libjvm.so+0x99482e]  PSYoungGen::initialize(ReservedSpace, unsigned long)+0x3e
V  [libjvm.so+0x2d8955]  AdjoiningGenerations::AdjoiningGenerations(ReservedSpace, GenerationSizer*, unsigned long)+0x345
V  [libjvm.so+0x9472d6]  ParallelScavengeHeap::initialize()+0x1d6
V  [libjvm.so+0xa8eff3]  Universe::initialize_heap()+0xf3
V  [libjvm.so+0xa8f55e]  universe_init()+0x3e
V  [libjvm.so+0x63d4f5]  init_globals()+0x65
V  [libjvm.so+0xa72c4e]  Threads::create_vm(JavaVMInitArgs*, bool*)+0x23e
V  [libjvm.so+0x6d1d94]  JNI_CreateJavaVM+0x74
C  [libjli.so+0x745e]  JavaMain+0x9e
C  [libpthread.so.0+0x8184]  start_thread+0xc4


---------------  P R O C E S S  ---------------

Java Threads: ( => current thread )

Other Threads:

=>0x00007f156c00b800 (exited) JavaThread "Unknown thread" [_thread_in_vm, id=29349, stack(0x00007f15729cb000,0x00007f1572acc000)]

VM state:not at safepoint (not fully initialized)

VM Mutex/Monitor currently owned by a thread: None

GC Heap History (0 events):
No events

Deoptimization events (0 events):
No events

Internal exceptions (0 events):
No events

Events (0 events):
No events


Dynamic libraries:
00400000-00401000 r-xp 00000000 08:02 4204683                            /opt/jdk1.8.0_121/bin/java
00600000-00601000 rw-p 00000000 08:02 4204683                            /opt/jdk1.8.0_121/bin/java
01ce1000-01d02000 rw-p 00000000 00:00 0                                  [heap]
6c0000000-76ab00000 ---p 00000000 00:00 0 
7f155bc76000-7f155be0d000 rw-p 00000000 00:00 0 
7f155be0d000-7f155c60d000 ---p 00000000 00:00 0 
7f155c60d000-7f155c618000 rw-p 00000000 00:00 0 
7f155c618000-7f155c9ce000 ---p 00000000 00:00 0 
7f155c9ce000-7f155cc3e000 rwxp 00000000 00:00 0 
7f155cc3e000-7f156b9ce000 ---p 00000000 00:00 0 
7f156b9ce000-7f156b9e8000 r-xp 00000000 08:02 4204788                    /opt/jdk1.8.0_121/jre/lib/amd64/libzip.so
7f156b9e8000-7f156bbe8000 ---p 0001a000 08:02 4204788                    /opt/jdk1.8.0_121/jre/lib/amd64/libzip.so
7f156bbe8000-7f156bbe9000 rw-p 0001a000 08:02 4204788                    /opt/jdk1.8.0_121/jre/lib/amd64/libzip.so
7f156bbe9000-7f156bbf3000 r-xp 00000000 08:02 5249375                    /lib/x86_64-linux-gnu/libnss_files-2.19.so
7f156bbf3000-7f156bdf2000 ---p 0000a000 08:02 5249375                    /lib/x86_64-linux-gnu/libnss_files-2.19.so
7f156bdf2000-7f156bdf3000 r--p 00009000 08:02 5249375                    /lib/x86_64-linux-gnu/libnss_files-2.19.so
7f156bdf3000-7f156bdf4000 rw-p 0000a000 08:02 5249375                    /lib/x86_64-linux-gnu/libnss_files-2.19.so
7f156bdf4000-7f156bdff000 r-xp 00000000 08:02 5249367                    /lib/x86_64-linux-gnu/libnss_nis-2.19.so
7f156bdff000-7f156bffe000 ---p 0000b000 08:02 5249367                    /lib/x86_64-linux-gnu/libnss_nis-2.19.so
7f156bffe000-7f156bfff000 r--p 0000a000 08:02 5249367                    /lib/x86_64-linux-gnu/libnss_nis-2.19.so
7f156bfff000-7f156c000000 rw-p 0000b000 08:02 5249367                    /lib/x86_64-linux-gnu/libnss_nis-2.19.so
7f156c000000-7f156c033000 rw-p 00000000 00:00 0 
7f156c033000-7f1570000000 ---p 00000000 00:00 0 
7f1570089000-7f1570179000 rw-p 00000000 00:00 0 
7f1570179000-7f1570190000 r-xp 00000000 08:02 5249363                    /lib/x86_64-linux-gnu/libnsl-2.19.so
7f1570190000-7f157038f000 ---p 00017000 08:02 5249363                    /lib/x86_64-linux-gnu/libnsl-2.19.so
7f157038f000-7f1570390000 r--p 00016000 08:02 5249363                    /lib/x86_64-linux-gnu/libnsl-2.19.so
7f1570390000-7f1570391000 rw-p 00017000 08:02 5249363                    /lib/x86_64-linux-gnu/libnsl-2.19.so
7f1570391000-7f1570393000 rw-p 00000000 00:00 0 
7f1570393000-7f157039c000 r-xp 00000000 08:02 5249362                    /lib/x86_64-linux-gnu/libnss_compat-2.19.so
7f157039c000-7f157059b000 ---p 00009000 08:02 5249362                    /lib/x86_64-linux-gnu/libnss_compat-2.19.so
7f157059b000-7f157059c000 r--p 00008000 08:02 5249362                    /lib/x86_64-linux-gnu/libnss_compat-2.19.so
7f157059c000-7f157059d000 rw-p 00009000 08:02 5249362                    /lib/x86_64-linux-gnu/libnss_compat-2.19.so
7f157059d000-7f15705c8000 r-xp 00000000 08:02 4204815                    /opt/jdk1.8.0_121/jre/lib/amd64/libjava.so
7f15705c8000-7f15707c7000 ---p 0002b000 08:02 4204815                    /opt/jdk1.8.0_121/jre/lib/amd64/libjava.so
7f15707c7000-7f15707c9000 rw-p 0002a000 08:02 4204815                    /opt/jdk1.8.0_121/jre/lib/amd64/libjava.so
7f15707c9000-7f15707d6000 r-xp 00000000 08:02 4204766                    /opt/jdk1.8.0_121/jre/lib/amd64/libverify.so
7f15707d6000-7f15709d5000 ---p 0000d000 08:02 4204766                    /opt/jdk1.8.0_121/jre/lib/amd64/libverify.so
7f15709d5000-7f15709d7000 rw-p 0000c000 08:02 4204766                    /opt/jdk1.8.0_121/jre/lib/amd64/libverify.so
7f15709d7000-7f15709de000 r-xp 00000000 08:02 5249371                    /lib/x86_64-linux-gnu/librt-2.19.so
7f15709de000-7f1570bdd000 ---p 00007000 08:02 5249371                    /lib/x86_64-linux-gnu/librt-2.19.so
7f1570bdd000-7f1570bde000 r--p 00006000 08:02 5249371                    /lib/x86_64-linux-gnu/librt-2.19.so
7f1570bde000-7f1570bdf000 rw-p 00007000 08:02 5249371                    /lib/x86_64-linux-gnu/librt-2.19.so
7f1570bdf000-7f1570ce4000 r-xp 00000000 08:02 5249348                    /lib/x86_64-linux-gnu/libm-2.19.so
7f1570ce4000-7f1570ee3000 ---p 00105000 08:02 5249348                    /lib/x86_64-linux-gnu/libm-2.19.so
7f1570ee3000-7f1570ee4000 r--p 00104000 08:02 5249348                    /lib/x86_64-linux-gnu/libm-2.19.so
7f1570ee4000-7f1570ee5000 rw-p 00105000 08:02 5249348                    /lib/x86_64-linux-gnu/libm-2.19.so
7f1570ee5000-7f1571bb3000 r-xp 00000000 08:02 4204819                    /opt/jdk1.8.0_121/jre/lib/amd64/server/libjvm.so
7f1571bb3000-7f1571db3000 ---p 00cce000 08:02 4204819                    /opt/jdk1.8.0_121/jre/lib/amd64/server/libjvm.so
7f1571db3000-7f1571e8c000 rw-p 00cce000 08:02 4204819                    /opt/jdk1.8.0_121/jre/lib/amd64/server/libjvm.so
7f1571e8c000-7f1571ed7000 rw-p 00000000 00:00 0 
7f1571ed7000-7f1572091000 r-xp 00000000 08:02 5249372                    /lib/x86_64-linux-gnu/libc-2.19.so
7f1572091000-7f1572291000 ---p 001ba000 08:02 5249372                    /lib/x86_64-linux-gnu/libc-2.19.so
7f1572291000-7f1572295000 r--p 001ba000 08:02 5249372                    /lib/x86_64-linux-gnu/libc-2.19.so
7f1572295000-7f1572297000 rw-p 001be000 08:02 5249372                    /lib/x86_64-linux-gnu/libc-2.19.so
7f1572297000-7f157229c000 rw-p 00000000 00:00 0 
7f157229c000-7f157229f000 r-xp 00000000 08:02 5249352                    /lib/x86_64-linux-gnu/libdl-2.19.so
7f157229f000-7f157249e000 ---p 00003000 08:02 5249352                    /lib/x86_64-linux-gnu/libdl-2.19.so
7f157249e000-7f157249f000 r--p 00002000 08:02 5249352                    /lib/x86_64-linux-gnu/libdl-2.19.so
7f157249f000-7f15724a0000 rw-p 00003000 08:02 5249352                    /lib/x86_64-linux-gnu/libdl-2.19.so
7f15724a0000-7f15724b5000 r-xp 00000000 08:02 4203965                    /opt/jdk1.8.0_121/lib/amd64/jli/libjli.so
7f15724b5000-7f15726b5000 ---p 00015000 08:02 4203965                    /opt/jdk1.8.0_121/lib/amd64/jli/libjli.so
7f15726b5000-7f15726b6000 rw-p 00015000 08:02 4203965                    /opt/jdk1.8.0_121/lib/amd64/jli/libjli.so
7f15726b6000-7f15726cf000 r-xp 00000000 08:02 5249364                    /lib/x86_64-linux-gnu/libpthread-2.19.so
7f15726cf000-7f15728ce000 ---p 00019000 08:02 5249364                    /lib/x86_64-linux-gnu/libpthread-2.19.so
7f15728ce000-7f15728cf000 r--p 00018000 08:02 5249364                    /lib/x86_64-linux-gnu/libpthread-2.19.so
7f15728cf000-7f15728d0000 rw-p 00019000 08:02 5249364                    /lib/x86_64-linux-gnu/libpthread-2.19.so
7f15728d0000-7f15728d4000 rw-p 00000000 00:00 0 
7f15728d4000-7f15728f7000 r-xp 00000000 08:02 5249365                    /lib/x86_64-linux-gnu/ld-2.19.so
7f15729cb000-7f15729ce000 ---p 00000000 00:00 0 
7f15729ce000-7f1572ad0000 rw-p 00000000 00:00 0                          [stack:29349]
7f1572ae7000-7f1572aea000 rw-p 00000000 00:00 0 
7f1572aea000-7f1572af2000 rw-s 00000000 08:02 4067619                    /tmp/hsperfdata_root/29348
7f1572af2000-7f1572af3000 rw-p 00000000 00:00 0 
7f1572af3000-7f1572af4000 r--p 00000000 00:00 0 
7f1572af4000-7f1572af6000 rw-p 00000000 00:00 0 
7f1572af6000-7f1572af7000 r--p 00022000 08:02 5249365                    /lib/x86_64-linux-gnu/ld-2.19.so
7f1572af7000-7f1572af8000 rw-p 00023000 08:02 5249365                    /lib/x86_64-linux-gnu/ld-2.19.so
7f1572af8000-7f1572af9000 rw-p 00000000 00:00 0 
7ffcf619a000-7ffcf61bc000 rw-p 00000000 00:00 0                          [stack]
7ffcf61ea000-7ffcf61ec000 r--p 00000000 00:00 0                          [vvar]
7ffcf61ec000-7ffcf61ee000 r-xp 00000000 00:00 0                          [vdso]
ffffffffff600000-ffffffffff601000 r-xp 00000000 00:00 0                  [vsyscall]

VM Arguments:
jvm_args: -Xmx4g -Xms4g 
java_command: /opt/joern/bin/joern.jar second/download/CMake/CMake-old-new/CMake-old-new-joern/ -outdir second/download/CMake/CMake-old-new/.joernIndex/
java_class_path (initial): /opt/joern/bin/joern.jar
Launcher Type: SUN_STANDARD

Environment Variables:
CLASSPATH=.:/opt/gumtree/gumtree/dist/build/distributions/gumtree-20170703-2.1.0-SNAPSHOT/lib/*:/usr/info/code/cpp/LogMonitor/LogMonitor/java/*
PATH=/opt/llvm-build/bin:/opt/anaconda2/bin:/opt/llvm-build/bin:/opt/anaconda2/bin:/usr/local/sbin:/usr/local/bin:/usr/sbin:/usr/bin:/sbin:/bin:/usr/games:/usr/local/games
USERNAME=sarah
SHELL=/bin/bash
DISPLAY=:0

Signal Handlers:
SIGSEGV: [libjvm.so+0xac78c0], sa_mask[0]=11111111011111111101111111111110, sa_flags=SA_RESTART|SA_SIGINFO
SIGBUS: [libjvm.so+0xac78c0], sa_mask[0]=11111111011111111101111111111110, sa_flags=SA_RESTART|SA_SIGINFO
SIGFPE: [libjvm.so+0x920ac0], sa_mask[0]=11111111011111111101111111111110, sa_flags=SA_RESTART|SA_SIGINFO
SIGPIPE: [libjvm.so+0x920ac0], sa_mask[0]=11111111011111111101111111111110, sa_flags=SA_RESTART|SA_SIGINFO
SIGXFSZ: [libjvm.so+0x920ac0], sa_mask[0]=11111111011111111101111111111110, sa_flags=SA_RESTART|SA_SIGINFO
SIGILL: [libjvm.so+0x920ac0], sa_mask[0]=11111111011111111101111111111110, sa_flags=SA_RESTART|SA_SIGINFO
SIGUSR1: SIG_DFL, sa_mask[0]=00000000000000000000000000000000, sa_flags=none
SIGUSR2: [libjvm.so+0x922300], sa_mask[0]=00000000000000000000000000000000, sa_flags=SA_RESTART|SA_SIGINFO
SIGHUP: SIG_DFL, sa_mask[0]=00000000000000000000000000000000, sa_flags=none
SIGINT: SIG_DFL, sa_mask[0]=00000000000000000000000000000000, sa_flags=none
SIGTERM: SIG_DFL, sa_mask[0]=00000000000000000000000000000000, sa_flags=none
SIGQUIT: SIG_DFL, sa_mask[0]=00000000000000000000000000000000, sa_flags=none


---------------  S Y S T E M  ---------------

OS:DISTRIB_ID=LinuxMint
DISTRIB_RELEASE=17.3
DISTRIB_CODENAME=rosa
DISTRIB_DESCRIPTION="Linux Mint 17.3 Rosa"

uname:Linux 3.19.0-32-generic #37~14.04.1-Ubuntu SMP Thu Oct 22 09:41:40 UTC 2015 x86_64
libc:glibc 2.19 NPTL 2.19 
rlimit: STACK 8192k, CORE 0k, NPROC 30734, NOFILE 40000, AS infinity
load average:2.73 2.29 1.28

/proc/meminfo:
MemTotal:        8106964 kB
MemFree:          227700 kB
MemAvailable:     657092 kB
Buffers:           41720 kB
Cached:           554536 kB
SwapCached:       277356 kB
Active:          5907580 kB
Inactive:        1497496 kB
Active(anon):    5640740 kB
Inactive(anon):  1254808 kB
Active(file):     266840 kB
Inactive(file):   242688 kB
Unevictable:         248 kB
Mlocked:             248 kB
SwapTotal:       8317948 kB
SwapFree:          50980 kB
Dirty:              2816 kB
Writeback:             0 kB
AnonPages:       6534652 kB
Mapped:           419456 kB
Shmem:             86856 kB
Slab:             225088 kB
SReclaimable:     173280 kB
SUnreclaim:        51808 kB
KernelStack:       15168 kB
PageTables:        90772 kB
NFS_Unstable:          0 kB
Bounce:                0 kB
WritebackTmp:          0 kB
CommitLimit:    12371428 kB
Committed_AS:   23459368 kB
VmallocTotal:   34359738367 kB
VmallocUsed:      122616 kB
VmallocChunk:   34359612284 kB
HardwareCorrupted:     0 kB
AnonHugePages:   3110912 kB
CmaTotal:              0 kB
CmaFree:               0 kB
HugePages_Total:       0
HugePages_Free:        0
HugePages_Rsvd:        0
HugePages_Surp:        0
Hugepagesize:       2048 kB
DirectMap4k:      363076 kB
DirectMap2M:     7956480 kB
DirectMap1G:     1048576 kB


CPU:total 4 (4 cores per cpu, 1 threads per core) family 6 model 60 stepping 3, cmov, cx8, fxsr, mmx, sse, sse2, sse3, ssse3, sse4.1, sse4.2, popcnt, avx, avx2, aes, clmul, erms, lzcnt, tsc, tscinvbit, bmi1, bmi2

/proc/cpuinfo:
processor	: 0
vendor_id	: GenuineIntel
cpu family	: 6
model		: 60
model name	: Intel(R) Core(TM) i5-4590 CPU @ 3.30GHz
stepping	: 3
microcode	: 0x1d
cpu MHz		: 3639.539
cache size	: 6144 KB
physical id	: 0
siblings	: 4
core id		: 0
cpu cores	: 4
apicid		: 0
initial apicid	: 0
fpu		: yes
fpu_exception	: yes
cpuid level	: 13
wp		: yes
flags		: fpu vme de pse tsc msr pae mce cx8 apic sep mtrr pge mca cmov pat pse36 clflush dts acpi mmx fxsr sse sse2 ss ht tm pbe syscall nx pdpe1gb rdtscp lm constant_tsc arch_perfmon pebs bts rep_good nopl xtopology nonstop_tsc aperfmperf eagerfpu pni pclmulqdq dtes64 monitor ds_cpl vmx smx est tm2 ssse3 fma cx16 xtpr pdcm pcid sse4_1 sse4_2 x2apic movbe popcnt tsc_deadline_timer aes xsave avx f16c rdrand lahf_lm abm ida arat epb pln pts dtherm tpr_shadow vnmi flexpriority ept vpid fsgsbase tsc_adjust bmi1 avx2 smep bmi2 erms invpcid xsaveopt
bugs		:
bogomips	: 6585.16
clflush size	: 64
cache_alignment	: 64
address sizes	: 39 bits physical, 48 bits virtual
power management:

processor	: 1
vendor_id	: GenuineIntel
cpu family	: 6
model		: 60
model name	: Intel(R) Core(TM) i5-4590 CPU @ 3.30GHz
stepping	: 3
microcode	: 0x1d
cpu MHz		: 3595.582
cache size	: 6144 KB
physical id	: 0
siblings	: 4
core id		: 1
cpu cores	: 4
apicid		: 2
initial apicid	: 2
fpu		: yes
fpu_exception	: yes
cpuid level	: 13
wp		: yes
flags		: fpu vme de pse tsc msr pae mce cx8 apic sep mtrr pge mca cmov pat pse36 clflush dts acpi mmx fxsr sse sse2 ss ht tm pbe syscall nx pdpe1gb rdtscp lm constant_tsc arch_perfmon pebs bts rep_good nopl xtopology nonstop_tsc aperfmperf eagerfpu pni pclmulqdq dtes64 monitor ds_cpl vmx smx est tm2 ssse3 fma cx16 xtpr pdcm pcid sse4_1 sse4_2 x2apic movbe popcnt tsc_deadline_timer aes xsave avx f16c rdrand lahf_lm abm ida arat epb pln pts dtherm tpr_shadow vnmi flexpriority ept vpid fsgsbase tsc_adjust bmi1 avx2 smep bmi2 erms invpcid xsaveopt
bugs		:
bogomips	: 6585.16
clflush size	: 64
cache_alignment	: 64
address sizes	: 39 bits physical, 48 bits virtual
power management:

processor	: 2
vendor_id	: GenuineIntel
cpu family	: 6
model		: 60
model name	: Intel(R) Core(TM) i5-4590 CPU @ 3.30GHz
stepping	: 3
microcode	: 0x1d
cpu MHz		: 3506.250
cache size	: 6144 KB
physical id	: 0
siblings	: 4
core id		: 2
cpu cores	: 4
apicid		: 4
initial apicid	: 4
fpu		: yes
fpu_exception	: yes
cpuid level	: 13
wp		: yes
flags		: fpu vme de pse tsc msr pae mce cx8 apic sep mtrr pge mca cmov pat pse36 clflush dts acpi mmx fxsr sse sse2 ss ht tm pbe syscall nx pdpe1gb rdtscp lm constant_tsc arch_perfmon pebs bts rep_good nopl xtopology nonstop_tsc aperfmperf eagerfpu pni pclmulqdq dtes64 monitor ds_cpl vmx smx est tm2 ssse3 fma cx16 xtpr pdcm pcid sse4_1 sse4_2 x2apic movbe popcnt tsc_deadline_timer aes xsave avx f16c rdrand lahf_lm abm ida arat epb pln pts dtherm tpr_shadow vnmi flexpriority ept vpid fsgsbase tsc_adjust bmi1 avx2 smep bmi2 erms invpcid xsaveopt
bugs		:
bogomips	: 6585.16
clflush size	: 64
cache_alignment	: 64
address sizes	: 39 bits physical, 48 bits virtual
power management:

processor	: 3
vendor_id	: GenuineIntel
cpu family	: 6
model		: 60
model name	: Intel(R) Core(TM) i5-4590 CPU @ 3.30GHz
stepping	: 3
microcode	: 0x1d
cpu MHz		: 3649.078
cache size	: 6144 KB
physical id	: 0
siblings	: 4
core id		: 3
cpu cores	: 4
apicid		: 6
initial apicid	: 6
fpu		: yes
fpu_exception	: yes
cpuid level	: 13
wp		: yes
flags		: fpu vme de pse tsc msr pae mce cx8 apic sep mtrr pge mca cmov pat pse36 clflush dts acpi mmx fxsr sse sse2 ss ht tm pbe syscall nx pdpe1gb rdtscp lm constant_tsc arch_perfmon pebs bts rep_good nopl xtopology nonstop_tsc aperfmperf eagerfpu pni pclmulqdq dtes64 monitor ds_cpl vmx smx est tm2 ssse3 fma cx16 xtpr pdcm pcid sse4_1 sse4_2 x2apic movbe popcnt tsc_deadline_timer aes xsave avx f16c rdrand lahf_lm abm ida arat epb pln pts dtherm tpr_shadow vnmi flexpriority ept vpid fsgsbase tsc_adjust bmi1 avx2 smep bmi2 erms invpcid xsaveopt
bugs		:
bogomips	: 6585.16
clflush size	: 64
cache_alignment	: 64
address sizes	: 39 bits physical, 48 bits virtual
power management:



Memory: 4k page, physical 8106964k(227700k free), swap 8317948k(50980k free)

vm_info: Java HotSpot(TM) 64-Bit Server VM (25.121-b13) for linux-amd64 JRE (1.8.0_121-b13), built on Dec 12 2016 16:36:53 by "java_re" with gcc 4.3.0 20080428 (Red Hat 4.3.0-8)

time: Thu Aug 24 21:29:23 2017
elapsed time: 0 seconds (0d 0h 0m 0s)

