#
# A fatal error has been detected by the Java Runtime Environment:
#
#  SIGSEGV (0xb) at pc=0x00007feca03be070, pid=12851, tid=0x00007feca33de740
#
# JRE version: Java(TM) SE Runtime Environment (8.0_121-b13) (build 1.8.0_121-b13)
# Java VM: Java HotSpot(TM) 64-Bit Server VM (25.121-b13 mixed mode linux-amd64 compressed oops)
# Problematic frame:
# C  [_jpype.so+0x58070]  JPJavaEnv::GetEnv(_JNIEnv**)+0x0
#
# Failed to write core dump. Core dumps have been disabled. To enable core dumping, try "ulimit -c unlimited" before starting Java again
#
# If you would like to submit a bug report, please visit:
#   http://bugreport.java.com/bugreport/crash.jsp
#

---------------  T H R E A D  ---------------

Current thread is native thread

siginfo: si_signo: 11 (SIGSEGV), si_code: 1 (SEGV_MAPERR), si_addr: 0x0000000000000008

Registers:
RAX=0x0000000002a47188, RBX=0x00007feca05eef40, RCX=0x0000000002a47188, RDX=0x00007feca224ebfc
RSP=0x00007ffdc331dfe8, RBP=0x00007ffdc331e01f, RSI=0x00007ffdc331dff8, RDI=0x0000000000000000
R8 =0x0000000000000002, R9 =0x0000000000000004, R10=0x0000000001f47528, R11=0x00007feca2284790
R12=0x00007ffdc331e020, R13=0x0000000000000000, R14=0x000000000284e218, R15=0x0000000001e450a0
RIP=0x00007feca03be070, EFLAGS=0x0000000000010206, CSGSFS=0x0000000000000033, ERR=0x0000000000000004
  TRAPNO=0x000000000000000e

Top of Stack: (sp=0x00007ffdc331dfe8)
0x00007ffdc331dfe8:   00007feca03be0ae 00007feca05eef40
0x00007ffdc331dff8:   00007ffdc331e01f 00007ffdc331e020
0x00007ffdc331e008:   00007feca03be3f9 00007feca2df0eb8
0x00007ffdc331e018:   00000000020c76a4 00007feca05eef50
0x00007ffdc331e028:   0000000002a47188 0000000000000000
0x00007ffdc331e038:   00007feca33354b0 0000000002870e30
0x00007ffdc331e048:   000000000284e218 00007fec8a4a9280
0x00007ffdc331e058:   0000000001e450a0 00007feca31c74d0
0x00007ffdc331e068:   00007feca03a1ebb 0000000100000000
0x00007ffdc331e078:   0000000002870e30 0000000000000000
0x00007ffdc331e088:   00007feca03a1ef9 00007fec8a4c4120
0x00007ffdc331e098:   00007feca2e46a1f 00007fec8a4a9360
0x00007ffdc331e0a8:   00007feca2e7c15b 00007feca2e99130
0x00007ffdc331e0b8:   00007fec8a4c1c90 00007feca2e99130
0x00007ffdc331e0c8:   00007feca31a4f40 0000000001e450a0
0x00007ffdc331e0d8:   00007feca2e9bac1 00007feca1a57150
0x00007ffdc331e0e8:   00000000028705a0 00007feca2e9b5e0
0x00007ffdc331e0f8:   00007fec8a4c1ca0 000000000000000d
0x00007ffdc331e108:   00007feca2e7b295 00007fec9263ee88
0x00007ffdc331e118:   000000000235ed98 0000000000000007
0x00007ffdc331e128:   00007fec9263ee88 0000000001e450a0
0x00007ffdc331e138:   00007feca319eb50 000000000000000d
0x00007ffdc331e148:   00007feca2e7c15b 000000000000000f
0x00007ffdc331e158:   00007fec8b6ca808 00007feca323c660
0x00007ffdc331e168:   00007feca1a52d50 0000000000000034
0x00007ffdc331e178:   00007feca2e4856b 00007feca1a52d70
0x00007ffdc331e188:   00007feca2e7a017 0000000000000000
0x00007ffdc331e198:   00007feca1a52d70 00007feca323c660
0x00007ffdc331e1a8:   d0c3576074d8b0ae 00007feca1a52d70
0x00007ffdc331e1b8:   00007feca323c660 d0c3576074d8b0ae
0x00007ffdc331e1c8:   00007feca2e7d4ec 00007feca1a52d70
0x00007ffdc331e1d8:   00007ffdc331e220 00007ffdc331e228 

Instructions: (pc=0x00007feca03be070)
0x00007feca03be050:   c0 5b c3 90 66 66 66 2e 0f 1f 84 00 00 00 00 00
0x00007feca03be060:   48 8b 7f 08 48 8b 07 48 8b 40 28 ff e0 90 66 90
0x00007feca03be070:   48 8b 7f 08 48 85 ff 74 17 48 8b 07 ba 02 00 01
0x00007feca03be080:   00 48 8b 40 30 ff e0 66 0f 1f 84 00 00 00 00 00 

Register to memory mapping:

RAX=0x0000000002a47188 is an unknown value
RBX=0x00007feca05eef40: _ZTV11JPypeTracer+0 in /opt/anaconda2/lib/python2.7/site-packages/_jpype.so at 0x00007feca0366000
RCX=0x0000000002a47188 is an unknown value
RDX=0x00007feca224ebfc: <offset 0x151bfc> in /lib/x86_64-linux-gnu/libc.so.6 at 0x00007feca20fd000
RSP=0x00007ffdc331dfe8 is an unknown value
RBP=0x00007ffdc331e01f is an unknown value
RSI=0x00007ffdc331dff8 is an unknown value
RDI=0x0000000000000000 is an unknown value
R8 =0x0000000000000002 is an unknown value
R9 =0x0000000000000004 is an unknown value
R10=0x0000000001f47528 is an unknown value
R11=0x00007feca2284790: <offset 0x187790> in /lib/x86_64-linux-gnu/libc.so.6 at 0x00007feca20fd000
R12=0x00007ffdc331e020 is an unknown value
R13=0x0000000000000000 is an unknown value
R14=0x000000000284e218 is a global jni handle
R15=0x0000000001e450a0 is an unknown value


Stack: [0x00007ffdc3221000,0x00007ffdc3321000],  sp=0x00007ffdc331dfe8,  free space=1011k
Native frames: (J=compiled Java code, j=interpreted, Vv=VM code, C=native code)
C  [_jpype.so+0x58070]  JPJavaEnv::GetEnv(_JNIEnv**)+0x0


---------------  P R O C E S S  ---------------

VM state:at safepoint (shutting down)

VM Mutex/Monitor currently owned by a thread:  ([mutex/lock_event])
[0x00000000025d4950] Threads_lock - owner thread: 0x0000000002722000

Heap:
 PSYoungGen      total 647680K, used 247766K [0x00000000d6c00000, 0x0000000100000000, 0x0000000100000000)
  eden space 625664K, 36% used [0x00000000d6c00000,0x00000000e4879628,0x00000000fcf00000)
  from space 22016K, 99% used [0x00000000fea00000,0x00000000fff7c250,0x00000000fff80000)
  to   space 25088K, 0% used [0x00000000fcf00000,0x00000000fcf00000,0x00000000fe780000)
 ParOldGen       total 97792K, used 47479K [0x0000000084400000, 0x000000008a380000, 0x00000000d6c00000)
  object space 97792K, 48% used [0x0000000084400000,0x000000008725de38,0x000000008a380000)
 Metaspace       used 10338K, capacity 10524K, committed 10880K, reserved 1058816K
  class space    used 1000K, capacity 1066K, committed 1152K, reserved 1048576K

Card table byte_map: [0x00007fec78bb5000,0x00007fec78f94000] byte_map_base: 0x00007fec78793000

Marking Bits: (ParMarkBitMap*) 0x00007fec8a3b0c80
 Begin Bits: [0x00007fec7473d000, 0x00007fec7662d000)
 End Bits:   [0x00007fec7662d000, 0x00007fec7851d000)

Polling page: 0x00007feca3404000

CodeCache: size=245760Kb used=7561Kb max_used=7581Kb free=238198Kb
 bounds [0x00007fec79354000, 0x00007fec79ae4000, 0x00007fec88354000]
 total_blobs=2449 nmethods=2139 adapters=224
 compilation: enabled

Compilation events (10 events):
Event: 1878.514 Thread 0x0000000002764800 3097   !   4       java.util.concurrent.ThreadPoolExecutor::getTask (179 bytes)
Event: 1878.516 Thread 0x0000000002764800 nmethod 3097 0x00007fec797faad0 code [0x00007fec797fac60, 0x00007fec797fae88]
Event: 1878.516 Thread 0x0000000002764800 3098   !   4       javax.xml.stream.FactoryFinder::findServiceProvider (64 bytes)
Event: 1878.517 Thread 0x0000000002764800 nmethod 3098 0x00007fec79939190 code [0x00007fec79939300, 0x00007fec79939428]
Event: 1878.573 Thread 0x0000000002764800 3099       4       com.sun.org.apache.xerces.internal.impl.XMLEntityManager::setScannerVersion (115 bytes)
Event: 1878.575 Thread 0x0000000002764800 nmethod 3099 0x00007fec7963fad0 code [0x00007fec7963fc40, 0x00007fec7963ff18]
Event: 1879.488 Thread 0x0000000002761800 3100       4       com.sun.org.apache.xerces.internal.impl.PropertyManager::initConfigurableReaderProperties (344 bytes)
Event: 1879.498 Thread 0x0000000002761800 nmethod 3100 0x00007fec799154d0 code [0x00007fec79915860, 0x00007fec799167b0]
Event: 1882.000 Thread 0x0000000002764800 3101       4       com.sun.org.apache.xerces.internal.impl.XMLDocumentFragmentScannerImpl::<init> (304 bytes)
Event: 1882.051 Thread 0x0000000002764800 nmethod 3101 0x00007fec79ad4ed0 code [0x00007fec79ad5200, 0x00007fec79ad75d8]

GC Heap History (10 events):
Event: 1879.381 GC heap before
{Heap before GC invocations=1976 (full 42):
 PSYoungGen      total 647680K, used 637363K [0x00000000d6c00000, 0x0000000100000000, 0x0000000100000000)
  eden space 622592K, 100% used [0x00000000d6c00000,0x00000000fcc00000,0x00000000fcc00000)
  from space 25088K, 58% used [0x00000000fcc00000,0x00000000fda6ce38,0x00000000fe480000)
  to   space 24576K, 0% used [0x00000000fe800000,0x00000000fe800000,0x0000000100000000)
 ParOldGen       total 97792K, used 46691K [0x0000000084400000, 0x000000008a380000, 0x00000000d6c00000)
  object space 97792K, 47% used [0x0000000084400000,0x0000000087198d50,0x000000008a380000)
 Metaspace       used 10332K, capacity 10524K, committed 10880K, reserved 1058816K
  class space    used 999K, capacity 1066K, committed 1152K, reserved 1048576K
Event: 1879.391 GC heap after
Heap after GC invocations=1976 (full 42):
 PSYoungGen      total 649216K, used 14715K [0x00000000d6c00000, 0x00000000ffe80000, 0x0000000100000000)
  eden space 626176K, 0% used [0x00000000d6c00000,0x00000000d6c00000,0x00000000fcf80000)
  from space 23040K, 63% used [0x00000000fe800000,0x00000000ff65ee98,0x00000000ffe80000)
  to   space 24064K, 0% used [0x00000000fcf80000,0x00000000fcf80000,0x00000000fe700000)
 ParOldGen       total 97792K, used 46707K [0x0000000084400000, 0x000000008a380000, 0x00000000d6c00000)
  object space 97792K, 47% used [0x0000000084400000,0x000000008719cd50,0x000000008a380000)
 Metaspace       used 10332K, capacity 10524K, committed 10880K, reserved 1058816K
  class space    used 999K, capacity 1066K, committed 1152K, reserved 1048576K
}
Event: 1880.245 GC heap before
{Heap before GC invocations=1977 (full 42):
 PSYoungGen      total 649216K, used 640891K [0x00000000d6c00000, 0x00000000ffe80000, 0x0000000100000000)
  eden space 626176K, 100% used [0x00000000d6c00000,0x00000000fcf80000,0x00000000fcf80000)
  from space 23040K, 63% used [0x00000000fe800000,0x00000000ff65ee98,0x00000000ffe80000)
  to   space 24064K, 0% used [0x00000000fcf80000,0x00000000fcf80000,0x00000000fe700000)
 ParOldGen       total 97792K, used 46707K [0x0000000084400000, 0x000000008a380000, 0x00000000d6c00000)
  object space 97792K, 47% used [0x0000000084400000,0x000000008719cd50,0x000000008a380000)
 Metaspace       used 10332K, capacity 10524K, committed 10880K, reserved 1058816K
  class space    used 999K, capacity 1066K, committed 1152K, reserved 1048576K
Event: 1880.255 GC heap after
Heap after GC invocations=1977 (full 42):
 PSYoungGen      total 650240K, used 13269K [0x00000000d6c00000, 0x00000000fff00000, 0x0000000100000000)
  eden space 626176K, 0% used [0x00000000d6c00000,0x00000000d6c00000,0x00000000fcf80000)
  from space 24064K, 55% used [0x00000000fcf80000,0x00000000fdc75640,0x00000000fe700000)
  to   space 23040K, 0% used [0x00000000fe880000,0x00000000fe880000,0x00000000fff00000)
 ParOldGen       total 97792K, used 46723K [0x0000000084400000, 0x000000008a380000, 0x00000000d6c00000)
  object space 97792K, 47% used [0x0000000084400000,0x00000000871a0d50,0x000000008a380000)
 Metaspace       used 10332K, capacity 10524K, committed 10880K, reserved 1058816K
  class space    used 999K, capacity 1066K, committed 1152K, reserved 1048576K
}
Event: 1880.995 GC heap before
{Heap before GC invocations=1978 (full 42):
 PSYoungGen      total 650240K, used 639445K [0x00000000d6c00000, 0x00000000fff00000, 0x0000000100000000)
  eden space 626176K, 100% used [0x00000000d6c00000,0x00000000fcf80000,0x00000000fcf80000)
  from space 24064K, 55% used [0x00000000fcf80000,0x00000000fdc75640,0x00000000fe700000)
  to   space 23040K, 0% used [0x00000000fe880000,0x00000000fe880000,0x00000000fff00000)
 ParOldGen       total 97792K, used 46723K [0x0000000084400000, 0x000000008a380000, 0x00000000d6c00000)
  object space 97792K, 47% used [0x0000000084400000,0x00000000871a0d50,0x000000008a380000)
 Metaspace       used 10332K, capacity 10524K, committed 10880K, reserved 1058816K
  class space    used 999K, capacity 1066K, committed 1152K, reserved 1048576K
Event: 1881.006 GC heap after
Heap after GC invocations=1978 (full 42):
 PSYoungGen      total 650752K, used 11714K [0x00000000d6c00000, 0x00000000ffe00000, 0x0000000100000000)
  eden space 628736K, 0% used [0x00000000d6c00000,0x00000000d6c00000,0x00000000fd200000)
  from space 22016K, 53% used [0x00000000fe880000,0x00000000ff3f0a40,0x00000000ffe00000)
  to   space 22528K, 0% used [0x00000000fd200000,0x00000000fd200000,0x00000000fe800000)
 ParOldGen       total 97792K, used 46739K [0x0000000084400000, 0x000000008a380000, 0x00000000d6c00000)
  object space 97792K, 47% used [0x0000000084400000,0x00000000871a4d50,0x000000008a380000)
 Metaspace       used 10332K, capacity 10524K, committed 10880K, reserved 1058816K
  class space    used 999K, capacity 1066K, committed 1152K, reserved 1048576K
}
Event: 1881.763 GC heap before
{Heap before GC invocations=1979 (full 42):
 PSYoungGen      total 650752K, used 640450K [0x00000000d6c00000, 0x00000000ffe00000, 0x0000000100000000)
  eden space 628736K, 100% used [0x00000000d6c00000,0x00000000fd200000,0x00000000fd200000)
  from space 22016K, 53% used [0x00000000fe880000,0x00000000ff3f0a40,0x00000000ffe00000)
  to   space 22528K, 0% used [0x00000000fd200000,0x00000000fd200000,0x00000000fe800000)
 ParOldGen       total 97792K, used 46739K [0x0000000084400000, 0x000000008a380000, 0x00000000d6c00000)
  object space 97792K, 47% used [0x0000000084400000,0x00000000871a4d50,0x000000008a380000)
 Metaspace       used 10332K, capacity 10524K, committed 10880K, reserved 1058816K
  class space    used 999K, capacity 1066K, committed 1152K, reserved 1048576K
Event: 1881.775 GC heap after
Heap after GC invocations=1979 (full 42):
 PSYoungGen      total 651264K, used 14611K [0x00000000d6c00000, 0x00000000fff80000, 0x0000000100000000)
  eden space 628736K, 0% used [0x00000000d6c00000,0x00000000d6c00000,0x00000000fd200000)
  from space 22528K, 64% used [0x00000000fd200000,0x00000000fe044e38,0x00000000fe800000)
  to   space 22016K, 0% used [0x00000000fea00000,0x00000000fea00000,0x00000000fff80000)
 ParOldGen       total 97792K, used 46755K [0x0000000084400000, 0x000000008a380000, 0x00000000d6c00000)
  object space 97792K, 47% used [0x0000000084400000,0x00000000871a8d50,0x000000008a380000)
 Metaspace       used 10332K, capacity 10524K, committed 10880K, reserved 1058816K
  class space    used 999K, capacity 1066K, committed 1152K, reserved 1048576K
}
Event: 1882.737 GC heap before
{Heap before GC invocations=1980 (full 42):
 PSYoungGen      total 651264K, used 643347K [0x00000000d6c00000, 0x00000000fff80000, 0x0000000100000000)
  eden space 628736K, 100% used [0x00000000d6c00000,0x00000000fd200000,0x00000000fd200000)
  from space 22528K, 64% used [0x00000000fd200000,0x00000000fe044e38,0x00000000fe800000)
  to   space 22016K, 0% used [0x00000000fea00000,0x00000000fea00000,0x00000000fff80000)
 ParOldGen       total 97792K, used 46755K [0x0000000084400000, 0x000000008a380000, 0x00000000d6c00000)
  object space 97792K, 47% used [0x0000000084400000,0x00000000871a8d50,0x000000008a380000)
 Metaspace       used 10332K, capacity 10524K, committed 10880K, reserved 1058816K
  class space    used 999K, capacity 1066K, committed 1152K, reserved 1048576K
Event: 1882.755 GC heap after
Heap after GC invocations=1980 (full 42):
 PSYoungGen      total 647680K, used 22000K [0x00000000d6c00000, 0x0000000100000000, 0x0000000100000000)
  eden space 625664K, 0% used [0x00000000d6c00000,0x00000000d6c00000,0x00000000fcf00000)
  from space 22016K, 99% used [0x00000000fea00000,0x00000000fff7c250,0x00000000fff80000)
  to   space 25088K, 0% used [0x00000000fcf00000,0x00000000fcf00000,0x00000000fe780000)
 ParOldGen       total 97792K, used 47479K [0x0000000084400000, 0x000000008a380000, 0x00000000d6c00000)
  object space 97792K, 48% used [0x0000000084400000,0x000000008725de38,0x000000008a380000)
 Metaspace       used 10332K, capacity 10524K, committed 10880K, reserved 1058816K
  class space    used 999K, capacity 1066K, committed 1152K, reserved 1048576K
}

Deoptimization events (10 events):
Event: 549.002 Thread 0x0000000002476000 Uncommon trap: reason=class_check action=maybe_recompile pc=0x00007fec7960e7ec method=java.io.BufferedInputStream.available()I @ 14
Event: 549.002 Thread 0x0000000002476000 Uncommon trap: reason=bimorphic action=maybe_recompile pc=0x00007fec7990b558 method=java.io.BufferedInputStream.read1([BII)I @ 39
Event: 668.836 Thread 0x0000000002476000 Uncommon trap: reason=bimorphic action=maybe_recompile pc=0x00007fec7990b558 method=java.io.BufferedInputStream.read1([BII)I @ 39
Event: 763.902 Thread 0x0000000002476000 Uncommon trap: reason=class_check action=maybe_recompile pc=0x00007fec7960e7ec method=java.io.BufferedInputStream.available()I @ 14
Event: 772.963 Thread 0x0000000002476000 Uncommon trap: reason=class_check action=maybe_recompile pc=0x00007fec7960e7ec method=java.io.BufferedInputStream.available()I @ 14
Event: 1220.929 Thread 0x0000000002476000 Uncommon trap: reason=class_check action=maybe_recompile pc=0x00007fec7960e7ec method=java.io.BufferedInputStream.available()I @ 14
Event: 1522.732 Thread 0x0000000002476000 Uncommon trap: reason=unstable_if action=reinterpret pc=0x00007fec7948469c method=java.nio.charset.CharsetDecoder.decode(Ljava/nio/ByteBuffer;Ljava/nio/CharBuffer;Z)Ljava/nio/charset/CoderResult; @ 105
Event: 1522.922 Thread 0x0000000002476000 Uncommon trap: reason=unstable_if action=reinterpret pc=0x00007fec79a39c94 method=java.nio.charset.CharsetDecoder.decode(Ljava/nio/ByteBuffer;Ljava/nio/CharBuffer;Z)Ljava/nio/charset/CoderResult; @ 105
Event: 1523.712 Thread 0x000000000272a000 Uncommon trap: reason=unstable_if action=reinterpret pc=0x00007fec798eae90 method=java.lang.ref.Reference.tryHandlePending(Z)Z @ 104
Event: 1533.055 Thread 0x0000000002476000 Uncommon trap: reason=unstable_if action=reinterpret pc=0x00007fec794ca214 method=sun.nio.cs.UTF_8$Decoder.isNotContinuation(I)Z @ 8

Internal exceptions (10 events):
Event: 0.163 Thread 0x0000000002476000 Exception <a 'java/security/PrivilegedActionException'> (0x00000000d71e01a8) thrown at [/HUDSON3/workspace/8-2-build-linux-amd64/jdk8u121/8372/hotspot/src/share/vm/prims/jvm.cpp, line 1390]
Event: 0.163 Thread 0x0000000002476000 Exception <a 'java/security/PrivilegedActionException'> (0x00000000d71e03b8) thrown at [/HUDSON3/workspace/8-2-build-linux-amd64/jdk8u121/8372/hotspot/src/share/vm/prims/jvm.cpp, line 1390]
Event: 0.164 Thread 0x0000000002476000 Exception <a 'java/security/PrivilegedActionException'> (0x00000000d71e2498) thrown at [/HUDSON3/workspace/8-2-build-linux-amd64/jdk8u121/8372/hotspot/src/share/vm/prims/jvm.cpp, line 1390]
Event: 0.164 Thread 0x0000000002476000 Exception <a 'java/security/PrivilegedActionException'> (0x00000000d71e26a8) thrown at [/HUDSON3/workspace/8-2-build-linux-amd64/jdk8u121/8372/hotspot/src/share/vm/prims/jvm.cpp, line 1390]
Event: 0.211 Thread 0x0000000002476000 Exception <a 'java/lang/NoSuchFieldError': method resolution failed> (0x00000000d7494b38) thrown at [/HUDSON3/workspace/8-2-build-linux-amd64/jdk8u121/8372/hotspot/src/share/vm/prims/methodHandles.cpp, line 1146]
Event: 0.212 Thread 0x0000000002476000 Exception <a 'java/lang/NoSuchFieldError': method resolution failed> (0x00000000d74a2288) thrown at [/HUDSON3/workspace/8-2-build-linux-amd64/jdk8u121/8372/hotspot/src/share/vm/prims/methodHandles.cpp, line 1146]
Event: 0.396 Thread 0x0000000002476000 Implicit null exception at 0x00007fec795f1330 to 0x00007fec795f13b1
Event: 0.861 Thread 0x0000000002476000 Implicit null exception at 0x00007fec79779e30 to 0x00007fec79779ebd
Event: 3.672 Thread 0x0000000002476000 Implicit null exception at 0x00007fec799f8e2f to 0x00007fec799f98c5
Event: 7.817 Thread 0x0000000002476000 Implicit null exception at 0x00007fec7977864e to 0x00007fec79778fbd

Events (10 events):
Event: 1881.763 Executing VM operation: ParallelGCFailedAllocation
Event: 1881.775 Executing VM operation: ParallelGCFailedAllocation done
Event: 1882.737 Executing VM operation: ParallelGCFailedAllocation
Event: 1882.755 Executing VM operation: ParallelGCFailedAllocation done
Event: 1883.276 Thread 0x000000000278a000 Thread exited: 0x000000000278a000
Event: 1883.279 loading class java/lang/Shutdown
Event: 1883.283 loading class java/lang/Shutdown done
Event: 1883.284 loading class java/lang/Shutdown$Lock
Event: 1883.284 loading class java/lang/Shutdown$Lock done
Event: 1883.285 Thread 0x0000000002476000 Thread exited: 0x0000000002476000


Dynamic libraries:
00400000-00401000 r-xp 00000000 08:02 6308735                            /opt/anaconda2/bin/python2.7
00600000-00601000 rw-p 00000000 08:02 6308735                            /opt/anaconda2/bin/python2.7
01e45000-03012000 rw-p 00000000 00:00 0                                  [heap]
84400000-8a380000 rw-p 00000000 00:00 0 
8a380000-d6c00000 ---p 00000000 00:00 0 
d6c00000-100000000 rw-p 00000000 00:00 0 
100000000-100120000 rw-p 00000000 00:00 0 
100120000-140000000 ---p 00000000 00:00 0 
7fec30000000-7fec30021000 rw-p 00000000 00:00 0 
7fec30021000-7fec34000000 ---p 00000000 00:00 0 
7fec34000000-7fec34021000 rw-p 00000000 00:00 0 
7fec34021000-7fec38000000 ---p 00000000 00:00 0 
7fec38000000-7fec38021000 rw-p 00000000 00:00 0 
7fec38021000-7fec3c000000 ---p 00000000 00:00 0 
7fec3c000000-7fec3c021000 rw-p 00000000 00:00 0 
7fec3c021000-7fec40000000 ---p 00000000 00:00 0 
7fec40000000-7fec407b0000 rw-p 00000000 00:00 0 
7fec407b0000-7fec44000000 ---p 00000000 00:00 0 
7fec44000000-7fec45678000 rw-p 00000000 00:00 0 
7fec45678000-7fec48000000 ---p 00000000 00:00 0 
7fec48000000-7fec48021000 rw-p 00000000 00:00 0 
7fec48021000-7fec4c000000 ---p 00000000 00:00 0 
7fec4c000000-7fec4d015000 rw-p 00000000 00:00 0 
7fec4d015000-7fec50000000 ---p 00000000 00:00 0 
7fec50000000-7fec50021000 rw-p 00000000 00:00 0 
7fec50021000-7fec54000000 ---p 00000000 00:00 0 
7fec54000000-7fec54021000 rw-p 00000000 00:00 0 
7fec54021000-7fec58000000 ---p 00000000 00:00 0 
7fec58000000-7fec58021000 rw-p 00000000 00:00 0 
7fec58021000-7fec5c000000 ---p 00000000 00:00 0 
7fec5c000000-7fec5c053000 rw-p 00000000 00:00 0 
7fec5c053000-7fec60000000 ---p 00000000 00:00 0 
7fec60000000-7fec60021000 rw-p 00000000 00:00 0 
7fec60021000-7fec64000000 ---p 00000000 00:00 0 
7fec68000000-7fec68021000 rw-p 00000000 00:00 0 
7fec68021000-7fec6c000000 ---p 00000000 00:00 0 
7fec6d8ff000-7fec6d995000 r-xp 00000000 08:02 6432972                    /opt/anaconda2/lib/python2.7/lib-dynload/unicodedata.so
7fec6d995000-7fec6db94000 ---p 00096000 08:02 6432972                    /opt/anaconda2/lib/python2.7/lib-dynload/unicodedata.so
7fec6db94000-7fec6dba8000 rw-p 00095000 08:02 6432972                    /opt/anaconda2/lib/python2.7/lib-dynload/unicodedata.so
7fec6dba8000-7fec6dd29000 rw-p 00000000 00:00 0 
7fec6dd29000-7fec6dda9000 ---p 00000000 00:00 0 
7fec6dda9000-7fec6ddac000 ---p 00000000 00:00 0 
7fec6ddac000-7fec6dde2000 rw-p 00000000 00:00 0                          [stack:12876]
7fec6dde2000-7fec6dde5000 r--s 0001a000 08:02 4204888                    /opt/jdk1.8.0_121/jre/lib/jce.jar
7fec6dde5000-7fec6dde9000 r--s 0009a000 08:02 4204709                    /opt/jdk1.8.0_121/jre/lib/jsse.jar
7fec6dde9000-7fec6ddea000 r--s 00004000 08:02 6438481                    /opt/gumtree/gumtree/dist/build/distributions/gumtree-20170703-2.1.0-SNAPSHOT/lib/websocket-servlet-9.3.6.v20151106.jar
7fec6ddea000-7fec6ddec000 r--s 00008000 08:02 6438480                    /opt/gumtree/gumtree/dist/build/distributions/gumtree-20170703-2.1.0-SNAPSHOT/lib/websocket-server-9.3.6.v20151106.jar
7fec6ddec000-7fec6ddf0000 r--s 0002a000 08:02 6438504                    /opt/gumtree/gumtree/dist/build/distributions/gumtree-20170703-2.1.0-SNAPSHOT/lib/websocket-common-9.3.6.v20151106.jar
7fec6ddf0000-7fec6ddf3000 r--s 00009000 08:02 6438506                    /opt/gumtree/gumtree/dist/build/distributions/gumtree-20170703-2.1.0-SNAPSHOT/lib/websocket-api-9.3.6.v20151106.jar
7fec6ddf3000-7fec6de1b000 r--s 00241000 08:02 6438462                    /opt/gumtree/gumtree/dist/build/distributions/gumtree-20170703-2.1.0-SNAPSHOT/lib/trove4j-3.0.3.jar
7fec6de1b000-7fec6de1f000 r--s 00037000 08:02 6438490                    /opt/gumtree/gumtree/dist/build/distributions/gumtree-20170703-2.1.0-SNAPSHOT/lib/ST4-4.0.8.jar
7fec6de1f000-7fec6de2e000 r--s 000b0000 08:02 6438485                    /opt/gumtree/gumtree/dist/build/distributions/gumtree-20170703-2.1.0-SNAPSHOT/lib/spring-webmvc-4.1.6.RELEASE.jar
7fec6de2e000-7fec6de3e000 r--s 000a0000 08:02 6438511                    /opt/gumtree/gumtree/dist/build/distributions/gumtree-20170703-2.1.0-SNAPSHOT/lib/spring-web-4.1.6.RELEASE.jar
7fec6de3e000-7fec6de43000 r--s 0003b000 08:02 6438510                    /opt/gumtree/gumtree/dist/build/distributions/gumtree-20170703-2.1.0-SNAPSHOT/lib/spring-expression-4.1.6.RELEASE.jar
7fec6de43000-7fec6de58000 r--s 000e2000 08:02 6438509                    /opt/gumtree/gumtree/dist/build/distributions/gumtree-20170703-2.1.0-SNAPSHOT/lib/spring-core-4.1.6.RELEASE.jar
7fec6de58000-7fec6de70000 r--s 000e3000 08:02 6438508                    /opt/gumtree/gumtree/dist/build/distributions/gumtree-20170703-2.1.0-SNAPSHOT/lib/spring-context-4.1.6.RELEASE.jar
7fec6de70000-7fec6de7d000 r--s 000a0000 08:02 6438507                    /opt/gumtree/gumtree/dist/build/distributions/gumtree-20170703-2.1.0-SNAPSHOT/lib/spring-beans-4.1.6.RELEASE.jar
7fec6de7d000-7fec6de86000 r--s 0004f000 08:02 6438517                    /opt/gumtree/gumtree/dist/build/distributions/gumtree-20170703-2.1.0-SNAPSHOT/lib/spring-aop-4.1.6.RELEASE.jar
7fec6de86000-7fec6de8a000 r--s 00020000 08:02 6438465                    /opt/gumtree/gumtree/dist/build/distributions/gumtree-20170703-2.1.0-SNAPSHOT/lib/spark-core-2.5.2.jar
7fec6de8a000-7fec6de8e000 r--s 00015000 08:02 6438461                    /opt/gumtree/gumtree/dist/build/distributions/gumtree-20170703-2.1.0-SNAPSHOT/lib/simmetrics-core-3.2.3.jar
7fec6de8e000-7fec6de9b000 r--s 00126000 08:02 6438473                    /opt/gumtree/gumtree/dist/build/distributions/gumtree-20170703-2.1.0-SNAPSHOT/lib/rhino-1.7.7.jar
7fec6de9b000-7fec6deb7000 r--s 0012f000 08:02 6438491                    /opt/gumtree/gumtree/dist/build/distributions/gumtree-20170703-2.1.0-SNAPSHOT/lib/ph-commons-8.3.0.jar
7fec6deb7000-7fec6dee7000 r--s 00544000 08:02 6438470                    /opt/gumtree/gumtree/dist/build/distributions/gumtree-20170703-2.1.0-SNAPSHOT/lib/org.eclipse.jdt.core-3.11.0.v20150602-1242.jar
7fec6dee7000-7fec6deea000 ---p 00000000 00:00 0 
7fec6deea000-7fec6dfe8000 rw-p 00000000 00:00 0 
7fec6dfe8000-7fec6dfe9000 ---p 00000000 00:00 0 
7fec6dfe9000-7fec6e0e9000 rw-p 00000000 00:00 0 
7fec6e0e9000-7fec6e0ec000 ---p 00000000 00:00 0 
7fec6e0ec000-7fec6e1ea000 rw-p 00000000 00:00 0                          [stack:12866]
7fec6e1ea000-7fec6e1ed000 ---p 00000000 00:00 0 
7fec6e1ed000-7fec6e2eb000 rw-p 00000000 00:00 0                          [stack:12865]
7fec6e2eb000-7fec6e2ee000 ---p 00000000 00:00 0 
7fec6e2ee000-7fec6e3ec000 rw-p 00000000 00:00 0                          [stack:12864]
7fec6e3ec000-7fec6e3ef000 ---p 00000000 00:00 0 
7fec6e3ef000-7fec6e4ed000 rw-p 00000000 00:00 0                          [stack:12863]
7fec6e4ed000-7fec6e4f0000 ---p 00000000 00:00 0 
7fec6e4f0000-7fec6e5ee000 rw-p 00000000 00:00 0                          [stack:12862]
7fec6e5ee000-7fec6e5f1000 ---p 00000000 00:00 0 
7fec6e5f1000-7fec6e6ef000 rw-p 00000000 00:00 0                          [stack:12861]
7fec6e6ef000-7fec6e6f2000 ---p 00000000 00:00 0 
7fec6e6f2000-7fec6e7f0000 rw-p 00000000 00:00 0                          [stack:12860]
7fec6e7f0000-7fec6e7f1000 ---p 00000000 00:00 0 
7fec6e7f1000-7fec70000000 rw-p 00000000 00:00 0 
7fec70000000-7fec70021000 rw-p 00000000 00:00 0 
7fec70021000-7fec74000000 ---p 00000000 00:00 0 
7fec74000000-7fec74001000 r--s 00008000 08:02 6438505                    /opt/gumtree/gumtree/dist/build/distributions/gumtree-20170703-2.1.0-SNAPSHOT/lib/websocket-client-9.3.6.v20151106.jar
7fec74001000-7fec74003000 r--s 00009000 08:02 6438520                    /opt/gumtree/gumtree/dist/build/distributions/gumtree-20170703-2.1.0-SNAPSHOT/lib/slf4j-api-1.7.21.jar
7fec74003000-7fec74005000 r--s 00011000 08:02 6438471                    /opt/gumtree/gumtree/dist/build/distributions/gumtree-20170703-2.1.0-SNAPSHOT/lib/runtime-3.10.0-v20140318-2214.jar
7fec74005000-7fec74008000 r--s 00012000 08:02 6438466                    /opt/gumtree/gumtree/dist/build/distributions/gumtree-20170703-2.1.0-SNAPSHOT/lib/rendersnake-1.9.0.jar
7fec74008000-7fec7400c000 r--s 00029000 08:02 6438495                    /opt/gumtree/gumtree/dist/build/distributions/gumtree-20170703-2.1.0-SNAPSHOT/lib/registry-3.5.400-v20140428-1507.jar
7fec7400c000-7fec7400f000 r--s 0001d000 08:02 6438464                    /opt/gumtree/gumtree/dist/build/distributions/gumtree-20170703-2.1.0-SNAPSHOT/lib/reflections-0.9.10.jar
7fec7400f000-7fec74013000 r--s 0001c000 08:02 6438496                    /opt/gumtree/gumtree/dist/build/distributions/gumtree-20170703-2.1.0-SNAPSHOT/lib/preferences-3.5.200-v20140224-1527.jar
7fec74013000-7fec74019000 r--s 00073000 08:02 6438469                    /opt/gumtree/gumtree/dist/build/distributions/gumtree-20170703-2.1.0-SNAPSHOT/lib/ph-css-5.0.1.jar
7fec74019000-7fec7402d000 r--s 00121000 08:02 6438492                    /opt/gumtree/gumtree/dist/build/distributions/gumtree-20170703-2.1.0-SNAPSHOT/lib/osgi-3.10.0-v20140606-1445.jar
7fec7402d000-7fec74038000 r--s 000cd000 08:02 6438472                    /opt/gumtree/gumtree/dist/build/distributions/gumtree-20170703-2.1.0-SNAPSHOT/lib/org.eclipse.core.resources-3.10.0.v20150423-0755.jar
7fec74038000-7fec7403e000 r--s 00034000 08:02 6438482                    /opt/gumtree/gumtree/dist/build/distributions/gumtree-20170703-2.1.0-SNAPSHOT/lib/junit-4.8.2.jar
7fec7403e000-7fec74042000 r--s 0003a000 08:02 6438486                    /opt/gumtree/gumtree/dist/build/distributions/gumtree-20170703-2.1.0-SNAPSHOT/lib/jtidy-r938.jar
7fec74042000-7fec74044000 r--s 00003000 08:02 6438514                    /opt/gumtree/gumtree/dist/build/distributions/gumtree-20170703-2.1.0-SNAPSHOT/lib/jsr305-3.0.1.jar
7fec74044000-7fec74064000 r--s 00167000 08:02 6438468                    /opt/gumtree/gumtree/dist/build/distributions/gumtree-20170703-2.1.0-SNAPSHOT/lib/jrubyparser-0.5.3.jar
7fec74064000-7fec74066000 r--s 00016000 08:02 6438494                    /opt/gumtree/gumtree/dist/build/distributions/gumtree-20170703-2.1.0-SNAPSHOT/lib/jobs-3.6.0-v20140424-0053.jar
7fec74066000-7fec740b5000 rw-p 00000000 00:00 0 
7fec740b5000-7fec7428e000 r--s 03d3e000 08:02 4204757                    /opt/jdk1.8.0_121/jre/lib/rt.jar
7fec7428e000-7fec7851d000 rw-p 00000000 00:00 0 
7fec7851d000-7fec7851e000 ---p 00000000 00:00 0 
7fec7851e000-7fec7861e000 rw-p 00000000 00:00 0                          [stack:12858]
7fec7861e000-7fec7861f000 ---p 00000000 00:00 0 
7fec7861f000-7fec7871f000 rw-p 00000000 00:00 0                          [stack:12857]
7fec7871f000-7fec78720000 ---p 00000000 00:00 0 
7fec78720000-7fec78820000 rw-p 00000000 00:00 0                          [stack:12856]
7fec78820000-7fec78821000 ---p 00000000 00:00 0 
7fec78821000-7fec78951000 rw-p 00000000 00:00 0                          [stack:12855]
7fec78951000-7fec78bb5000 ---p 00000000 00:00 0 
7fec78bb5000-7fec78be5000 rw-p 00000000 00:00 0 
7fec78be5000-7fec78e49000 ---p 00000000 00:00 0 
7fec78e49000-7fec78f93000 rw-p 00000000 00:00 0 
7fec78f93000-7fec78fb3000 rw-p 00000000 00:00 0 
7fec78fb3000-7fec79354000 ---p 00000000 00:00 0 
7fec79354000-7fec79ae4000 rwxp 00000000 00:00 0 
7fec79ae4000-7fec88354000 ---p 00000000 00:00 0 
7fec88354000-7fec8836e000 r-xp 00000000 08:02 4204788                    /opt/jdk1.8.0_121/jre/lib/amd64/libzip.so
7fec8836e000-7fec8856e000 ---p 0001a000 08:02 4204788                    /opt/jdk1.8.0_121/jre/lib/amd64/libzip.so
7fec8856e000-7fec8856f000 rw-p 0001a000 08:02 4204788                    /opt/jdk1.8.0_121/jre/lib/amd64/libzip.so
7fec8856f000-7fec88579000 r-xp 00000000 08:02 5249375                    /lib/x86_64-linux-gnu/libnss_files-2.19.so
7fec88579000-7fec88778000 ---p 0000a000 08:02 5249375                    /lib/x86_64-linux-gnu/libnss_files-2.19.so
7fec88778000-7fec88779000 r--p 00009000 08:02 5249375                    /lib/x86_64-linux-gnu/libnss_files-2.19.so
7fec88779000-7fec8877a000 rw-p 0000a000 08:02 5249375                    /lib/x86_64-linux-gnu/libnss_files-2.19.so
7fec8877a000-7fec88785000 r-xp 00000000 08:02 5249367                    /lib/x86_64-linux-gnu/libnss_nis-2.19.so
7fec88785000-7fec88984000 ---p 0000b000 08:02 5249367                    /lib/x86_64-linux-gnu/libnss_nis-2.19.so
7fec88984000-7fec88985000 r--p 0000a000 08:02 5249367                    /lib/x86_64-linux-gnu/libnss_nis-2.19.so
7fec88985000-7fec88986000 rw-p 0000b000 08:02 5249367                    /lib/x86_64-linux-gnu/libnss_nis-2.19.so
7fec88986000-7fec8899d000 r-xp 00000000 08:02 5249363                    /lib/x86_64-linux-gnu/libnsl-2.19.so
7fec8899d000-7fec88b9c000 ---p 00017000 08:02 5249363                    /lib/x86_64-linux-gnu/libnsl-2.19.so
7fec88b9c000-7fec88b9d000 r--p 00016000 08:02 5249363                    /lib/x86_64-linux-gnu/libnsl-2.19.so
7fec88b9d000-7fec88b9e000 rw-p 00017000 08:02 5249363                    /lib/x86_64-linux-gnu/libnsl-2.19.so
7fec88b9e000-7fec88ba0000 rw-p 00000000 00:00 0 
7fec88ba0000-7fec88ba9000 r-xp 00000000 08:02 5249362                    /lib/x86_64-linux-gnu/libnss_compat-2.19.so
7fec88ba9000-7fec88da8000 ---p 00009000 08:02 5249362                    /lib/x86_64-linux-gnu/libnss_compat-2.19.so
7fec88da8000-7fec88da9000 r--p 00008000 08:02 5249362                    /lib/x86_64-linux-gnu/libnss_compat-2.19.so
7fec88da9000-7fec88daa000 rw-p 00009000 08:02 5249362                    /lib/x86_64-linux-gnu/libnss_compat-2.19.so
7fec88daa000-7fec88dd5000 r-xp 00000000 08:02 4204815                    /opt/jdk1.8.0_121/jre/lib/amd64/libjava.so
7fec88dd5000-7fec88fd4000 ---p 0002b000 08:02 4204815                    /opt/jdk1.8.0_121/jre/lib/amd64/libjava.so
7fec88fd4000-7fec88fd6000 rw-p 0002a000 08:02 4204815                    /opt/jdk1.8.0_121/jre/lib/amd64/libjava.so
7fec88fd6000-7fec88fe3000 r-xp 00000000 08:02 4204766                    /opt/jdk1.8.0_121/jre/lib/amd64/libverify.so
7fec88fe3000-7fec891e2000 ---p 0000d000 08:02 4204766                    /opt/jdk1.8.0_121/jre/lib/amd64/libverify.so
7fec891e2000-7fec891e4000 rw-p 0000c000 08:02 4204766                    /opt/jdk1.8.0_121/jre/lib/amd64/libverify.so
7fec891e4000-7fec891eb000 r-xp 00000000 08:02 5249371                    /lib/x86_64-linux-gnu/librt-2.19.so
7fec891eb000-7fec893ea000 ---p 00007000 08:02 5249371                    /lib/x86_64-linux-gnu/librt-2.19.so
7fec893ea000-7fec893eb000 r--p 00006000 08:02 5249371                    /lib/x86_64-linux-gnu/librt-2.19.so
7fec893eb000-7fec893ec000 rw-p 00007000 08:02 5249371                    /lib/x86_64-linux-gnu/librt-2.19.so
7fec893ec000-7fec8a0ba000 r-xp 00000000 08:02 4204819                    /opt/jdk1.8.0_121/jre/lib/amd64/server/libjvm.so
7fec8a0ba000-7fec8a2ba000 ---p 00cce000 08:02 4204819                    /opt/jdk1.8.0_121/jre/lib/amd64/server/libjvm.so
7fec8a2ba000-7fec8a393000 rw-p 00cce000 08:02 4204819                    /opt/jdk1.8.0_121/jre/lib/amd64/server/libjvm.so
7fec8a393000-7fec8a41e000 rw-p 00000000 00:00 0 
7fec8a41e000-7fec8a420000 r--s 0000b000 08:02 6438502                    /opt/gumtree/gumtree/dist/build/distributions/gumtree-20170703-2.1.0-SNAPSHOT/lib/jetty-xml-9.3.6.v20151106.jar
7fec8a420000-7fec8a423000 r--s 00019000 08:02 6438479                    /opt/gumtree/gumtree/dist/build/distributions/gumtree-20170703-2.1.0-SNAPSHOT/lib/jetty-webapp-9.3.6.v20151106.jar
7fec8a423000-7fec8a42a000 r--s 0005f000 08:02 6438515                    /opt/gumtree/gumtree/dist/build/distributions/gumtree-20170703-2.1.0-SNAPSHOT/lib/jetty-util-9.3.6.v20151106.jar
7fec8a42a000-7fec8a42c000 r--s 0001a000 08:02 6438503                    /opt/gumtree/gumtree/dist/build/distributions/gumtree-20170703-2.1.0-SNAPSHOT/lib/jetty-servlet-9.3.6.v20151106.jar
7fec8a42c000-7fec8a433000 r--s 0006f000 08:02 6438478                    /opt/gumtree/gumtree/dist/build/distributions/gumtree-20170703-2.1.0-SNAPSHOT/lib/jetty-server-9.3.6.v20151106.jar
7fec8a433000-7fec8a45e000 r--s 001fc000 08:02 6438474                    /opt/gumtree/gumtree/dist/build/distributions/gumtree-20170703-2.1.0-SNAPSHOT/lib/guava-18.0.jar
7fec8a45e000-7fec8a4de000 rw-p 00000000 00:00 0 
7fec8a4de000-7fec8a509000 r-xp 00000000 08:02 2762225                    /opt/anaconda2/lib/python2.7/site-packages/py2neo/packages/jsonstream/cjsonstream_2x.so
7fec8a509000-7fec8a708000 ---p 0002b000 08:02 2762225                    /opt/anaconda2/lib/python2.7/site-packages/py2neo/packages/jsonstream/cjsonstream_2x.so
7fec8a708000-7fec8a709000 r--p 0002a000 08:02 2762225                    /opt/anaconda2/lib/python2.7/site-packages/py2neo/packages/jsonstream/cjsonstream_2x.so
7fec8a709000-7fec8a70e000 rw-p 0002b000 08:02 2762225                    /opt/anaconda2/lib/python2.7/site-packages/py2neo/packages/jsonstream/cjsonstream_2x.so
7fec8a70e000-7fec8a84f000 rw-p 00000000 00:00 0 
7fec8a84f000-7fec8a857000 r-xp 00000000 08:02 6432943                    /opt/anaconda2/lib/python2.7/lib-dynload/array.so
7fec8a857000-7fec8aa56000 ---p 00008000 08:02 6432943                    /opt/anaconda2/lib/python2.7/lib-dynload/array.so
7fec8aa56000-7fec8aa59000 rw-p 00007000 08:02 6432943                    /opt/anaconda2/lib/python2.7/lib-dynload/array.so
7fec8aa59000-7fec8ab19000 rw-p 00000000 00:00 0 
7fec8ab19000-7fec8ab2d000 r-xp 00000000 08:02 6432939                    /opt/anaconda2/lib/python2.7/lib-dynload/_ssl.so
7fec8ab2d000-7fec8ad2c000 ---p 00014000 08:02 6432939                    /opt/anaconda2/lib/python2.7/lib-dynload/_ssl.so
7fec8ad2c000-7fec8ad30000 rw-p 00013000 08:02 6432939                    /opt/anaconda2/lib/python2.7/lib-dynload/_ssl.so
7fec8ad30000-7fec8ad3e000 r-xp 00000000 08:02 6432937                    /opt/anaconda2/lib/python2.7/lib-dynload/_socket.so
7fec8ad3e000-7fec8af3e000 ---p 0000e000 08:02 6432937                    /opt/anaconda2/lib/python2.7/lib-dynload/_socket.so
7fec8af3e000-7fec8af43000 rw-p 0000e000 08:02 6432937                    /opt/anaconda2/lib/python2.7/lib-dynload/_socket.so
7fec8af43000-7fec8afc3000 rw-p 00000000 00:00 0 
7fec8afc3000-7fec8afd7000 r-xp 00000000 08:02 1835120                    /opt/anaconda2/lib/python2.7/site-packages/scipy/spatial/_distance_wrap.so
7fec8afd7000-7fec8b1d7000 ---p 00014000 08:02 1835120                    /opt/anaconda2/lib/python2.7/site-packages/scipy/spatial/_distance_wrap.so
7fec8b1d7000-7fec8b1d8000 rw-p 00014000 08:02 1835120                    /opt/anaconda2/lib/python2.7/site-packages/scipy/spatial/_distance_wrap.so
7fec8b1d8000-7fec8b25e000 r-xp 00000000 08:02 1579013                    /opt/anaconda2/lib/python2.7/site-packages/scipy/linalg/cython_lapack.so
7fec8b25e000-7fec8b45d000 ---p 00086000 08:02 1579013                    /opt/anaconda2/lib/python2.7/site-packages/scipy/linalg/cython_lapack.so
7fec8b45d000-7fec8b464000 rw-p 00085000 08:02 1579013                    /opt/anaconda2/lib/python2.7/site-packages/scipy/linalg/cython_lapack.so
7fec8b464000-7fec8b498000 r-xp 00000000 08:02 1579011                    /opt/anaconda2/lib/python2.7/site-packages/scipy/linalg/cython_blas.so
7fec8b498000-7fec8b697000 ---p 00034000 08:02 1579011                    /opt/anaconda2/lib/python2.7/site-packages/scipy/linalg/cython_blas.so
7fec8b697000-7fec8b69c000 rw-p 00033000 08:02 1579011                    /opt/anaconda2/lib/python2.7/site-packages/scipy/linalg/cython_blas.so
7fec8b69c000-7fec8b6dc000 rw-p 00000000 00:00 0 
7fec8b6dc000-7fec8b71a000 r-xp 00000000 08:02 1578984                    /opt/anaconda2/lib/python2.7/site-packages/scipy/linalg/_decomp_update.so
7fec8b71a000-7fec8b91a000 ---p 0003e000 08:02 1578984                    /opt/anaconda2/lib/python2.7/site-packages/scipy/linalg/_decomp_update.so
7fec8b91a000-7fec8b924000 rw-p 0003e000 08:02 1578984                    /opt/anaconda2/lib/python2.7/site-packages/scipy/linalg/_decomp_update.so
7fec8b924000-7fec8b952000 r-xp 00000000 08:02 1578999                    /opt/anaconda2/lib/python2.7/site-packages/scipy/linalg/_solve_toeplitz.so
7fec8b952000-7fec8bb51000 ---p 0002e000 08:02 1578999                    /opt/anaconda2/lib/python2.7/site-packages/scipy/linalg/_solve_toeplitz.so
7fec8bb51000-7fec8bb56000 rw-p 0002d000 08:02 1578999                    /opt/anaconda2/lib/python2.7/site-packages/scipy/linalg/_solve_toeplitz.so
7fec8bb56000-7fec8bb62000 r-xp 00000000 08:02 1578989                    /opt/anaconda2/lib/python2.7/site-packages/scipy/linalg/_flinalg.so
7fec8bb62000-7fec8bd62000 ---p 0000c000 08:02 1578989                    /opt/anaconda2/lib/python2.7/site-packages/scipy/linalg/_flinalg.so
7fec8bd62000-7fec8bd65000 rw-p 0000c000 08:02 1578989                    /opt/anaconda2/lib/python2.7/site-packages/scipy/linalg/_flinalg.so
7fec8bd65000-7fec8bda5000 rw-p 00000000 00:00 0 
7fec8bda5000-7fec8be4b000 r-xp 00000000 08:02 1578988                    /opt/anaconda2/lib/python2.7/site-packages/scipy/linalg/_flapack.so
7fec8be4b000-7fec8c04b000 ---p 000a6000 08:02 1578988                    /opt/anaconda2/lib/python2.7/site-packages/scipy/linalg/_flapack.so
7fec8c04b000-7fec8c089000 rw-p 000a6000 08:02 1578988                    /opt/anaconda2/lib/python2.7/site-packages/scipy/linalg/_flapack.so
7fec8c089000-7fec8c188000 r-xp 00000000 08:02 1313009                    /opt/anaconda2/lib/libgfortran.so.3.0.0
7fec8c188000-7fec8c388000 ---p 000ff000 08:02 1313009                    /opt/anaconda2/lib/libgfortran.so.3.0.0
7fec8c388000-7fec8c38a000 rw-p 000ff000 08:02 1313009                    /opt/anaconda2/lib/libgfortran.so.3.0.0
7fec8c38a000-7fec8c392000 rw-p 00102000 08:02 1313009                    /opt/anaconda2/lib/libgfortran.so.3.0.0
7fec8c392000-7fec8c3da000 r-xp 00000000 08:02 1578987                    /opt/anaconda2/lib/python2.7/site-packages/scipy/linalg/_fblas.so
7fec8c3da000-7fec8c5d9000 ---p 00048000 08:02 1578987                    /opt/anaconda2/lib/python2.7/site-packages/scipy/linalg/_fblas.so
7fec8c5d9000-7fec8c5f3000 rw-p 00047000 08:02 1578987                    /opt/anaconda2/lib/python2.7/site-packages/scipy/linalg/_fblas.so
7fec8c5f3000-7fec8c673000 rw-p 00000000 00:00 0 
7fec8c673000-7fec8c77e000 r-xp 00000000 08:02 1317163                    /opt/anaconda2/lib/libiomp5.so
7fec8c77e000-7fec8c97d000 ---p 0010b000 08:02 1317163                    /opt/anaconda2/lib/libiomp5.so
7fec8c97d000-7fec8c988000 rw-p 0010a000 08:02 1317163                    /opt/anaconda2/lib/libiomp5.so
7fec8c988000-7fec8c9b7000 rw-p 00000000 00:00 0 
7fec8c9b7000-7fec8c9bd000 rw-p 00152000 08:02 1317163                    /opt/anaconda2/lib/libiomp5.so
7fec8c9bd000-7fec8e152000 r-xp 00000000 08:02 1317168                    /opt/anaconda2/lib/libmkl_core.so
7fec8e152000-7fec8e352000 ---p 01795000 08:02 1317168                    /opt/anaconda2/lib/libmkl_core.so
7fec8e352000-7fec8e35a000 r--p 01795000 08:02 1317168                    /opt/anaconda2/lib/libmkl_core.so
7fec8e35a000-7fec8e37b000 rw-p 0179d000 08:02 1317168                    /opt/anaconda2/lib/libmkl_core.so
7fec8e37b000-7fec8e3ce000 rw-p 00000000 00:00 0 
7fec8e3ce000-7fec8e41d000 rw-p 019a9000 08:02 1317168                    /opt/anaconda2/lib/libmkl_core.so
7fec8e41d000-7fec8f984000 r-xp 00000000 08:02 1317172                    /opt/anaconda2/lib/libmkl_intel_thread.so
7fec8f984000-7fec8fb84000 ---p 01567000 08:02 1317172                    /opt/anaconda2/lib/libmkl_intel_thread.so
7fec8fb84000-7fec8fb87000 r--p 01567000 08:02 1317172                    /opt/anaconda2/lib/libmkl_intel_thread.so
7fec8fb87000-7fec8fd43000 rw-p 0156a000 08:02 1317172                    /opt/anaconda2/lib/libmkl_intel_thread.so
7fec8fd43000-7fec8fd49000 rw-p 00000000 00:00 0 
7fec8fd49000-7fec8fd9e000 rw-p 01990000 08:02 1317172                    /opt/anaconda2/lib/libmkl_intel_thread.so
7fec8fd9e000-7fec90695000 r-xp 00000000 08:02 1317171                    /opt/anaconda2/lib/libmkl_intel_lp64.so
7fec90695000-7fec90894000 ---p 008f7000 08:02 1317171                    /opt/anaconda2/lib/libmkl_intel_lp64.so
7fec90894000-7fec90895000 r--p 008f6000 08:02 1317171                    /opt/anaconda2/lib/libmkl_intel_lp64.so
7fec90895000-7fec908a9000 rw-p 008f7000 08:02 1317171                    /opt/anaconda2/lib/libmkl_intel_lp64.so
7fec908a9000-7fec908ae000 rw-p 00000000 00:00 0 
7fec908ae000-7fec908ed000 rw-p 00a54000 08:02 1317171                    /opt/anaconda2/lib/libmkl_intel_lp64.so
7fec908ed000-7fec909b0000 r-xp 00000000 08:02 1835643                    /opt/anaconda2/lib/python2.7/site-packages/scipy/spatial/qhull.so
7fec909b0000-7fec90baf000 ---p 000c3000 08:02 1835643                    /opt/anaconda2/lib/python2.7/site-packages/scipy/spatial/qhull.so
7fec90baf000-7fec90bbc000 rw-p 000c2000 08:02 1835643                    /opt/anaconda2/lib/python2.7/site-packages/scipy/spatial/qhull.so
7fec90bbc000-7fec90bbd000 rw-p 00000000 00:00 0 
7fec90bbd000-7fec90bc3000 r-xp 00000000 08:02 6432935                    /opt/anaconda2/lib/python2.7/lib-dynload/_multiprocessing.so
7fec90bc3000-7fec90dc3000 ---p 00006000 08:02 6432935                    /opt/anaconda2/lib/python2.7/lib-dynload/_multiprocessing.so
7fec90dc3000-7fec90dc4000 rw-p 00006000 08:02 6432935                    /opt/anaconda2/lib/python2.7/lib-dynload/_multiprocessing.so
7fec90dc4000-7fec90dc8000 r-xp 00000000 08:02 6432966                    /opt/anaconda2/lib/python2.7/lib-dynload/select.so
7fec90dc8000-7fec90fc8000 ---p 00004000 08:02 6432966                    /opt/anaconda2/lib/python2.7/lib-dynload/select.so
7fec90fc8000-7fec90fca000 rw-p 00004000 08:02 6432966                    /opt/anaconda2/lib/python2.7/lib-dynload/select.so
7fec90fca000-7fec91045000 r-xp 00000000 08:02 1835638                    /opt/anaconda2/lib/python2.7/site-packages/scipy/spatial/ckdtree.so
7fec91045000-7fec91245000 ---p 0007b000 08:02 1835638                    /opt/anaconda2/lib/python2.7/site-packages/scipy/spatial/ckdtree.so
7fec91245000-7fec9124d000 rw-p 0007b000 08:02 1835638                    /opt/anaconda2/lib/python2.7/site-packages/scipy/spatial/ckdtree.so
7fec9124d000-7fec9128d000 rw-p 00000000 00:00 0 
7fec9128d000-7fec912ce000 r-xp 00000000 08:02 1579399                    /opt/anaconda2/lib/python2.7/site-packages/scipy/sparse/csgraph/_reordering.so
7fec912ce000-7fec914ce000 ---p 00041000 08:02 1579399                    /opt/anaconda2/lib/python2.7/site-packages/scipy/sparse/csgraph/_reordering.so
7fec914ce000-7fec914d3000 rw-p 00041000 08:02 1579399                    /opt/anaconda2/lib/python2.7/site-packages/scipy/sparse/csgraph/_reordering.so
7fec914d3000-7fec914d4000 rw-p 00000000 00:00 0 
7fec914d4000-7fec914f8000 r-xp 00000000 08:02 1579398                    /opt/anaconda2/lib/python2.7/site-packages/scipy/sparse/csgraph/_min_spanning_tree.so
7fec914f8000-7fec916f8000 ---p 00024000 08:02 1579398                    /opt/anaconda2/lib/python2.7/site-packages/scipy/sparse/csgraph/_min_spanning_tree.so
7fec916f8000-7fec916fd000 rw-p 00024000 08:02 1579398                    /opt/anaconda2/lib/python2.7/site-packages/scipy/sparse/csgraph/_min_spanning_tree.so
7fec916fd000-7fec91717000 r-xp 00000000 08:02 1579402                    /opt/anaconda2/lib/python2.7/site-packages/scipy/sparse/csgraph/_traversal.so
7fec91717000-7fec91916000 ---p 0001a000 08:02 1579402                    /opt/anaconda2/lib/python2.7/site-packages/scipy/sparse/csgraph/_traversal.so
7fec91916000-7fec9191c000 rw-p 00019000 08:02 1579402                    /opt/anaconda2/lib/python2.7/site-packages/scipy/sparse/csgraph/_traversal.so
7fec9191c000-7fec9193a000 r-xp 00000000 08:02 1579401                    /opt/anaconda2/lib/python2.7/site-packages/scipy/sparse/csgraph/_tools.so
7fec9193a000-7fec91b3a000 ---p 0001e000 08:02 1579401                    /opt/anaconda2/lib/python2.7/site-packages/scipy/sparse/csgraph/_tools.so
7fec91b3a000-7fec91b3f000 rw-p 0001e000 08:02 1579401                    /opt/anaconda2/lib/python2.7/site-packages/scipy/sparse/csgraph/_tools.so
7fec91b3f000-7fec91b72000 r-xp 00000000 08:02 1579400                    /opt/anaconda2/lib/python2.7/site-packages/scipy/sparse/csgraph/_shortest_path.so
7fec91b72000-7fec91d71000 ---p 00033000 08:02 1579400                    /opt/anaconda2/lib/python2.7/site-packages/scipy/sparse/csgraph/_shortest_path.so
7fec91d71000-7fec91d77000 rw-p 00032000 08:02 1579400                    /opt/anaconda2/lib/python2.7/site-packages/scipy/sparse/csgraph/_shortest_path.so
7fec91d77000-7fec91d78000 rw-p 00000000 00:00 0 
7fec91d78000-7fec91ddf000 r-xp 00000000 08:02 1579377                    /opt/anaconda2/lib/python2.7/site-packages/scipy/sparse/_csparsetools.so
7fec91ddf000-7fec91fde000 ---p 00067000 08:02 1579377                    /opt/anaconda2/lib/python2.7/site-packages/scipy/sparse/_csparsetools.so
7fec91fde000-7fec91fe4000 rw-p 00066000 08:02 1579377                    /opt/anaconda2/lib/python2.7/site-packages/scipy/sparse/_csparsetools.so
7fec91fe4000-7fec92025000 rw-p 00000000 00:00 0 
7fec92025000-7fec923c8000 r-xp 00000000 08:02 1579378                    /opt/anaconda2/lib/python2.7/site-packages/scipy/sparse/_sparsetools.so
7fec923c8000-7fec925c7000 ---p 003a3000 08:02 1579378                    /opt/anaconda2/lib/python2.7/site-packages/scipy/sparse/_sparsetools.so
7fec925c7000-7fec925ce000 rw-p 003a2000 08:02 1579378                    /opt/anaconda2/lib/python2.7/site-packages/scipy/sparse/_sparsetools.so
7fec925ce000-7fec9268e000 rw-p 00000000 00:00 0 
7fec9268e000-7fec92691000 r--s 00014000 08:02 6438516                    /opt/gumtree/gumtree/dist/build/distributions/gumtree-20170703-2.1.0-SNAPSHOT/lib/jetty-security-9.3.6.v20151106.jar
7fec92691000-7fec92694000 r--s 00017000 08:02 6438501                    /opt/gumtree/gumtree/dist/build/distributions/gumtree-20170703-2.1.0-SNAPSHOT/lib/jetty-io-9.3.6.v20151106.jar
7fec92694000-7fec92697000 r--s 0001a000 08:02 6438500                    /opt/gumtree/gumtree/dist/build/distributions/gumtree-20170703-2.1.0-SNAPSHOT/lib/jetty-http-9.3.6.v20151106.jar
7fec92697000-7fec9269a000 r--s 00015000 08:02 6438499                    /opt/gumtree/gumtree/dist/build/distributions/gumtree-20170703-2.1.0-SNAPSHOT/lib/javax.servlet-api-3.1.0.jar
7fec9269a000-7fec9269b000 r--s 00000000 08:02 6438488                    /opt/gumtree/gumtree/dist/build/distributions/gumtree-20170703-2.1.0-SNAPSHOT/lib/javax.inject-1.jar
7fec9269b000-7fec926a5000 r--s 000a5000 08:02 6438476                    /opt/gumtree/gumtree/dist/build/distributions/gumtree-20170703-2.1.0-SNAPSHOT/lib/javassist-3.18.2-GA.jar
7fec926a5000-7fec926b4000 r--s 0009f000 08:02 6438487                    /opt/gumtree/gumtree/dist/build/distributions/gumtree-20170703-2.1.0-SNAPSHOT/lib/guice-3.0.jar
7fec926b4000-7fec926b9000 r--s 0002f000 08:02 6438463                    /opt/gumtree/gumtree/dist/build/distributions/gumtree-20170703-2.1.0-SNAPSHOT/lib/gson-2.4.jar
7fec926b9000-7fec926ba000 r--s 00001000 08:02 6438460                    /opt/gumtree/gumtree/dist/build/distributions/gumtree-20170703-2.1.0-SNAPSHOT/lib/gen.srcml-2.1.0-SNAPSHOT.jar
7fec926ba000-7fec926bb000 r--s 00000000 08:02 6438459                    /opt/gumtree/gumtree/dist/build/distributions/gumtree-20170703-2.1.0-SNAPSHOT/lib/gen.ruby-2.1.0-SNAPSHOT.jar
7fec926bb000-7fec926bc000 r--s 00000000 08:02 6438458                    /opt/gumtree/gumtree/dist/build/distributions/gumtree-20170703-2.1.0-SNAPSHOT/lib/gen.js-2.1.0-SNAPSHOT.jar
7fec926bc000-7fec926bd000 r--s 00004000 08:02 6438457                    /opt/gumtree/gumtree/dist/build/distributions/gumtree-20170703-2.1.0-SNAPSHOT/lib/gen.jdt-2.1.0-SNAPSHOT.jar
7fec926bd000-7fec926be000 r--s 00001000 08:02 6438456                    /opt/gumtree/gumtree/dist/build/distributions/gumtree-20170703-2.1.0-SNAPSHOT/lib/gen.css-2.1.0-SNAPSHOT.jar
7fec926be000-7fec926c0000 r--s 00004000 08:02 6438454                    /opt/gumtree/gumtree/dist/build/distributions/gumtree-20170703-2.1.0-SNAPSHOT/lib/gen.antlr3-xml-2.1.0-SNAPSHOT.jar
7fec926c0000-7fec926c2000 r--s 00018000 08:02 6438453                    /opt/gumtree/gumtree/dist/build/distributions/gumtree-20170703-2.1.0-SNAPSHOT/lib/gen.antlr3-r-2.1.0-SNAPSHOT.jar
7fec926c2000-7fec926c5000 r--s 0002b000 08:02 6438452                    /opt/gumtree/gumtree/dist/build/distributions/gumtree-20170703-2.1.0-SNAPSHOT/lib/gen.antlr3-php-2.1.0-SNAPSHOT.jar
7fec926c5000-7fec92770000 r-xp 00000000 08:02 6308263                    /opt/anaconda2/lib/python2.7/site-packages/numpy/random/mtrand.so
7fec92770000-7fec9296f000 ---p 000ab000 08:02 6308263                    /opt/anaconda2/lib/python2.7/site-packages/numpy/random/mtrand.so
7fec9296f000-7fec92990000 rw-p 000aa000 08:02 6308263                    /opt/anaconda2/lib/python2.7/site-packages/numpy/random/mtrand.so
7fec92990000-7fec929d2000 rw-p 00000000 00:00 0 
7fec929d2000-7fec929db000 r-xp 00000000 08:02 6326262                    /opt/anaconda2/lib/python2.7/site-packages/numpy/fft/fftpack_lite.so
7fec929db000-7fec92bda000 ---p 00009000 08:02 6326262                    /opt/anaconda2/lib/python2.7/site-packages/numpy/fft/fftpack_lite.so
7fec92bda000-7fec92bdb000 rw-p 00008000 08:02 6326262                    /opt/anaconda2/lib/python2.7/site-packages/numpy/fft/fftpack_lite.so
7fec92bdb000-7fec92c1b000 rw-p 00000000 00:00 0 
7fec92c1b000-7fec92c1c000 r-xp 00000000 08:02 6432953                    /opt/anaconda2/lib/python2.7/lib-dynload/future_builtins.so
7fec92c1c000-7fec92e1c000 ---p 00001000 08:02 6432953                    /opt/anaconda2/lib/python2.7/lib-dynload/future_builtins.so
7fec92e1c000-7fec92e1d000 rw-p 00001000 08:02 6432953                    /opt/anaconda2/lib/python2.7/lib-dynload/future_builtins.so
7fec92e1d000-7fec92e46000 r-xp 00000000 08:02 6305577                    /opt/anaconda2/lib/python2.7/site-packages/numpy/linalg/_umath_linalg.so
7fec92e46000-7fec93045000 ---p 00029000 08:02 6305577                    /opt/anaconda2/lib/python2.7/site-packages/numpy/linalg/_umath_linalg.so
7fec93045000-7fec93047000 rw-p 00028000 08:02 6305577                    /opt/anaconda2/lib/python2.7/site-packages/numpy/linalg/_umath_linalg.so
7fec93047000-7fec93049000 rw-p 000c4000 08:02 6305577                    /opt/anaconda2/lib/python2.7/site-packages/numpy/linalg/_umath_linalg.so
7fec93049000-7fec9304d000 r-xp 00000000 08:02 6305573                    /opt/anaconda2/lib/python2.7/site-packages/numpy/linalg/lapack_lite.so
7fec9304d000-7fec9324d000 ---p 00004000 08:02 6305573                    /opt/anaconda2/lib/python2.7/site-packages/numpy/linalg/lapack_lite.so
7fec9324d000-7fec9324e000 rw-p 00004000 08:02 6305573                    /opt/anaconda2/lib/python2.7/site-packages/numpy/linalg/lapack_lite.so
7fec9324e000-7fec93250000 rw-p 00019000 08:02 6305573                    /opt/anaconda2/lib/python2.7/site-packages/numpy/linalg/lapack_lite.so
7fec93250000-7fec932d0000 rw-p 00000000 00:00 0 
7fec932d0000-7fec932d3000 r-xp 00000000 08:02 6432952                    /opt/anaconda2/lib/python2.7/lib-dynload/fcntl.so
7fec932d3000-7fec934d2000 ---p 00003000 08:02 6432952                    /opt/anaconda2/lib/python2.7/lib-dynload/fcntl.so
7fec934d2000-7fec934d4000 rw-p 00002000 08:02 6432952                    /opt/anaconda2/lib/python2.7/lib-dynload/fcntl.so
7fec934d4000-7fec934d7000 r-xp 00000000 08:02 6432936                    /opt/anaconda2/lib/python2.7/lib-dynload/_random.so
7fec934d7000-7fec936d6000 ---p 00003000 08:02 6432936                    /opt/anaconda2/lib/python2.7/lib-dynload/_random.so
7fec936d6000-7fec936d7000 rw-p 00002000 08:02 6432936                    /opt/anaconda2/lib/python2.7/lib-dynload/_random.so
7fec936d7000-7fec938e3000 r-xp 00000000 08:02 6310592                    /opt/anaconda2/lib/libcrypto.so.1.0.0
7fec938e3000-7fec93ae3000 ---p 0020c000 08:02 6310592                    /opt/anaconda2/lib/libcrypto.so.1.0.0
7fec93ae3000-7fec93b0a000 rw-p 0020c000 08:02 6310592                    /opt/anaconda2/lib/libcrypto.so.1.0.0
7fec93b0a000-7fec93b0e000 rw-p 00000000 00:00 0 
7fec93b0e000-7fec93b7b000 r-xp 00000000 08:02 1444868                    /opt/anaconda2/lib/libssl.so.1.0.0
7fec93b7b000-7fec93d7a000 ---p 0006d000 08:02 1444868                    /opt/anaconda2/lib/libssl.so.1.0.0
7fec93d7a000-7fec93d85000 rw-p 0006c000 08:02 1444868                    /opt/anaconda2/lib/libssl.so.1.0.0
7fec93d85000-7fec93d89000 r-xp 00000000 08:02 6432927                    /opt/anaconda2/lib/python2.7/lib-dynload/_hashlib.so
7fec93d89000-7fec93f89000 ---p 00004000 08:02 6432927                    /opt/anaconda2/lib/python2.7/lib-dynload/_hashlib.so
7fec93f89000-7fec93f8a000 rw-p 00004000 08:02 6432927                    /opt/anaconda2/lib/python2.7/lib-dynload/_hashlib.so
7fec93f8a000-7fec93fa8000 r-xp 00000000 08:02 6432930                    /opt/anaconda2/lib/python2.7/lib-dynload/_io.so
7fec93fa8000-7fec941a7000 ---p 0001e000 08:02 6432930                    /opt/anaconda2/lib/python2.7/lib-dynload/_io.so
7fec941a7000-7fec941b1000 rw-p 0001d000 08:02 6432930                    /opt/anaconda2/lib/python2.7/lib-dynload/_io.so
7fec941b1000-7fec941b3000 r-xp 00000000 08:02 6432954                    /opt/anaconda2/lib/python2.7/lib-dynload/grp.so
7fec941b3000-7fec943b2000 ---p 00002000 08:02 6432954                    /opt/anaconda2/lib/python2.7/lib-dynload/grp.so
7fec943b2000-7fec943b3000 rw-p 00001000 08:02 6432954                    /opt/anaconda2/lib/python2.7/lib-dynload/grp.so
7fec943b3000-7fec943f3000 rw-p 00000000 00:00 0 
7fec943f3000-7fec943f7000 r-xp 00000000 08:02 6432971                    /opt/anaconda2/lib/python2.7/lib-dynload/time.so
7fec943f7000-7fec945f6000 ---p 00004000 08:02 6432971                    /opt/anaconda2/lib/python2.7/lib-dynload/time.so
7fec945f6000-7fec945f8000 rw-p 00003000 08:02 6432971                    /opt/anaconda2/lib/python2.7/lib-dynload/time.so
7fec945f8000-7fec94638000 rw-p 00000000 00:00 0 
7fec94638000-7fec96638000 rw-p 00000000 00:00 0 
7fec96638000-7fec96678000 rw-p 00000000 00:00 0 
7fec96678000-7fec9668b000 r-xp 00000000 08:02 6432947                    /opt/anaconda2/lib/python2.7/lib-dynload/cPickle.so
7fec9668b000-7fec9688a000 ---p 00013000 08:02 6432947                    /opt/anaconda2/lib/python2.7/lib-dynload/cPickle.so
7fec9688a000-7fec9688c000 rw-p 00012000 08:02 6432947                    /opt/anaconda2/lib/python2.7/lib-dynload/cPickle.so
7fec9688c000-7fec9688f000 r-xp 00000000 08:02 6432928                    /opt/anaconda2/lib/python2.7/lib-dynload/_heapq.so
7fec9688f000-7fec96a8f000 ---p 00003000 08:02 6432928                    /opt/anaconda2/lib/python2.7/lib-dynload/_heapq.so
7fec96a8f000-7fec96a91000 rw-p 00003000 08:02 6432928                    /opt/anaconda2/lib/python2.7/lib-dynload/_heapq.so
7fec96a91000-7fec96ad1000 rw-p 00000000 00:00 0 
7fec96ad1000-7fec96ad8000 r-xp 00000000 08:02 6432919                    /opt/anaconda2/lib/python2.7/lib-dynload/_collections.so
7fec96ad8000-7fec96cd7000 ---p 00007000 08:02 6432919                    /opt/anaconda2/lib/python2.7/lib-dynload/_collections.so
7fec96cd7000-7fec96cd9000 rw-p 00006000 08:02 6432919                    /opt/anaconda2/lib/python2.7/lib-dynload/_collections.so
7fec96cd9000-7fec96ce1000 r-xp 00000000 08:02 6432960                    /opt/anaconda2/lib/python2.7/lib-dynload/operator.so
7fec96ce1000-7fec96ee1000 ---p 00008000 08:02 6432960                    /opt/anaconda2/lib/python2.7/lib-dynload/operator.so
7fec96ee1000-7fec96ee3000 rw-p 00008000 08:02 6432960                    /opt/anaconda2/lib/python2.7/lib-dynload/operator.so
7fec96ee3000-7fec96f23000 rw-p 00000000 00:00 0 
7fec96f23000-7fec96f44000 r-xp 00000000 08:02 6432921                    /opt/anaconda2/lib/python2.7/lib-dynload/_ctypes.so
7fec96f44000-7fec97143000 ---p 00021000 08:02 6432921                    /opt/anaconda2/lib/python2.7/lib-dynload/_ctypes.so
7fec97143000-7fec97148000 rw-p 00020000 08:02 6432921                    /opt/anaconda2/lib/python2.7/lib-dynload/_ctypes.so
7fec97148000-7fec97209000 rw-p 00000000 00:00 0 
7fec97209000-7fec972d7000 r-xp 00000000 08:02 6326065                    /opt/anaconda2/lib/python2.7/site-packages/numpy/core/umath.so
7fec972d7000-7fec974d7000 ---p 000ce000 08:02 6326065                    /opt/anaconda2/lib/python2.7/site-packages/numpy/core/umath.so
7fec974d7000-7fec974dd000 rw-p 000ce000 08:02 6326065                    /opt/anaconda2/lib/python2.7/site-packages/numpy/core/umath.so
7fec974dd000-7fec974df000 rw-p 00000000 00:00 0 
7fec974df000-7fec994df000 rw-p 00000000 00:00 0 
7fec994df000-7fec9951f000 rw-p 00000000 00:00 0 
7fec9951f000-7fec99531000 r-xp 00000000 08:02 6432951                    /opt/anaconda2/lib/python2.7/lib-dynload/datetime.so
7fec99531000-7fec99730000 ---p 00012000 08:02 6432951                    /opt/anaconda2/lib/python2.7/lib-dynload/datetime.so
7fec99730000-7fec99734000 rw-p 00011000 08:02 6432951                    /opt/anaconda2/lib/python2.7/lib-dynload/datetime.so
7fec99734000-7fec99735000 ---p 00000000 00:00 0 
7fec99735000-7fec99f35000 rw-p 00000000 00:00 0 
7fec99f35000-7fec9bf35000 rw-p 00000000 00:00 0 
7fec9bf35000-7fec9bf36000 ---p 00000000 00:00 0 
7fec9bf36000-7fec9c736000 rw-p 00000000 00:00 0 
7fec9c736000-7fec9c737000 ---p 00000000 00:00 0 
7fec9c737000-7fec9cf37000 rw-p 00000000 00:00 0 
7fec9cf37000-7fec9d027000 r-xp 00000000 08:02 6307995                    /opt/anaconda2/lib/python2.7/site-packages/numpy/.libs/libgfortran-ed201abd.so.3.0.0
7fec9d027000-7fec9d226000 ---p 000f0000 08:02 6307995                    /opt/anaconda2/lib/python2.7/site-packages/numpy/.libs/libgfortran-ed201abd.so.3.0.0
7fec9d226000-7fec9d228000 rw-p 000ef000 08:02 6307995                    /opt/anaconda2/lib/python2.7/site-packages/numpy/.libs/libgfortran-ed201abd.so.3.0.0
7fec9d228000-7fec9d229000 rw-p 00000000 00:00 0 
7fec9d229000-7fec9d230000 rw-p 000f2000 08:02 6307995                    /opt/anaconda2/lib/python2.7/site-packages/numpy/.libs/libgfortran-ed201abd.so.3.0.0
7fec9d230000-7fec9f544000 r-xp 00000000 08:02 6307994                    /opt/anaconda2/lib/python2.7/site-packages/numpy/.libs/libopenblasp-r0-39a31c03.2.18.so
7fec9f544000-7fec9f743000 ---p 02314000 08:02 6307994                    /opt/anaconda2/lib/python2.7/site-packages/numpy/.libs/libopenblasp-r0-39a31c03.2.18.so
7fec9f743000-7fec9f762000 rw-p 02313000 08:02 6307994                    /opt/anaconda2/lib/python2.7/site-packages/numpy/.libs/libopenblasp-r0-39a31c03.2.18.so
7fec9f762000-7fec9f7c5000 rw-p 00000000 00:00 0 
7fec9f7c5000-7fec9f841000 rw-p 02425000 08:02 6307994                    /opt/anaconda2/lib/python2.7/site-packages/numpy/.libs/libopenblasp-r0-39a31c03.2.18.so
7fec9f841000-7fec9fa0a000 r-xp 00000000 08:02 6326039                    /opt/anaconda2/lib/python2.7/site-packages/numpy/core/multiarray.so
7fec9fa0a000-7fec9fc0a000 ---p 001c9000 08:02 6326039                    /opt/anaconda2/lib/python2.7/site-packages/numpy/core/multiarray.so
7fec9fc0a000-7fec9fc19000 rw-p 001c9000 08:02 6326039                    /opt/anaconda2/lib/python2.7/site-packages/numpy/core/multiarray.so
7fec9fc19000-7fec9fc2b000 rw-p 00000000 00:00 0 
7fec9fc2b000-7fec9fc31000 rw-p 00902000 08:02 6326039                    /opt/anaconda2/lib/python2.7/site-packages/numpy/core/multiarray.so
7fec9fc31000-7fec9fc39000 r-xp 00000000 08:02 6432957                    /opt/anaconda2/lib/python2.7/lib-dynload/math.so
7fec9fc39000-7fec9fe38000 ---p 00008000 08:02 6432957                    /opt/anaconda2/lib/python2.7/lib-dynload/math.so
7fec9fe38000-7fec9fe3a000 rw-p 00007000 08:02 6432957                    /opt/anaconda2/lib/python2.7/lib-dynload/math.so
7fec9fe3a000-7fec9fe50000 r-xp 00000000 08:02 1312988                    /opt/anaconda2/lib/libgcc_s.so.1
7fec9fe50000-7feca004f000 ---p 00016000 08:02 1312988                    /opt/anaconda2/lib/libgcc_s.so.1
7feca004f000-7feca0050000 rw-p 00015000 08:02 1312988                    /opt/anaconda2/lib/libgcc_s.so.1
7feca0050000-7feca0147000 r-xp 00000000 08:02 1312985                    /opt/anaconda2/lib/libstdc++.so.6.0.19
7feca0147000-7feca0347000 ---p 000f7000 08:02 1312985                    /opt/anaconda2/lib/libstdc++.so.6.0.19
7feca0347000-7feca034e000 r--p 000f7000 08:02 1312985                    /opt/anaconda2/lib/libstdc++.so.6.0.19
7feca034e000-7feca0351000 rw-p 000fe000 08:02 1312985                    /opt/anaconda2/lib/libstdc++.so.6.0.19
7feca0351000-7feca0366000 rw-p 00000000 00:00 0 
7feca0366000-7feca03ef000 r-xp 00000000 08:02 6319494                    /opt/anaconda2/lib/python2.7/site-packages/_jpype.so
7feca03ef000-7feca05ee000 ---p 00089000 08:02 6319494                    /opt/anaconda2/lib/python2.7/site-packages/_jpype.so
7feca05ee000-7feca05f1000 r--p 00088000 08:02 6319494                    /opt/anaconda2/lib/python2.7/site-packages/_jpype.so
7feca05f1000-7feca05f5000 rw-p 0008b000 08:02 6319494                    /opt/anaconda2/lib/python2.7/site-packages/_jpype.so
7feca05f5000-7feca05ff000 r-xp 00000000 08:02 6432955                    /opt/anaconda2/lib/python2.7/lib-dynload/itertools.so
7feca05ff000-7feca07ff000 ---p 0000a000 08:02 6432955                    /opt/anaconda2/lib/python2.7/lib-dynload/itertools.so
7feca07ff000-7feca0804000 rw-p 0000a000 08:02 6432955                    /opt/anaconda2/lib/python2.7/lib-dynload/itertools.so
7feca0804000-7feca0809000 r-xp 00000000 08:02 6432973                    /opt/anaconda2/lib/python2.7/lib-dynload/zlib.so
7feca0809000-7feca0a08000 ---p 00005000 08:02 6432973                    /opt/anaconda2/lib/python2.7/lib-dynload/zlib.so
7feca0a08000-7feca0a0a000 rw-p 00004000 08:02 6432973                    /opt/anaconda2/lib/python2.7/lib-dynload/zlib.so
7feca0a0a000-7feca0a12000 r-xp 00000000 08:02 6432931                    /opt/anaconda2/lib/python2.7/lib-dynload/_json.so
7feca0a12000-7feca0c12000 ---p 00008000 08:02 6432931                    /opt/anaconda2/lib/python2.7/lib-dynload/_json.so
7feca0c12000-7feca0c13000 rw-p 00008000 08:02 6432931                    /opt/anaconda2/lib/python2.7/lib-dynload/_json.so
7feca0c13000-7feca0c29000 r-xp 00000000 08:02 1708445                    /opt/anaconda2/lib/libz.so.1.2.8
7feca0c29000-7feca0e28000 ---p 00016000 08:02 1708445                    /opt/anaconda2/lib/libz.so.1.2.8
7feca0e28000-7feca0e29000 rw-p 00015000 08:02 1708445                    /opt/anaconda2/lib/libz.so.1.2.8
7feca0e29000-7feca0e2d000 r-xp 00000000 08:02 6432945                    /opt/anaconda2/lib/python2.7/lib-dynload/binascii.so
7feca0e2d000-7feca102d000 ---p 00004000 08:02 6432945                    /opt/anaconda2/lib/python2.7/lib-dynload/binascii.so
7feca102d000-7feca102e000 rw-p 00004000 08:02 6432945                    /opt/anaconda2/lib/python2.7/lib-dynload/binascii.so
7feca102e000-7feca1033000 r-xp 00000000 08:02 6432968                    /opt/anaconda2/lib/python2.7/lib-dynload/strop.so
7feca1033000-7feca1232000 ---p 00005000 08:02 6432968                    /opt/anaconda2/lib/python2.7/lib-dynload/strop.so
7feca1232000-7feca1234000 rw-p 00004000 08:02 6432968                    /opt/anaconda2/lib/python2.7/lib-dynload/strop.so
7feca1234000-7feca123b000 r-xp 00000000 08:02 6432940                    /opt/anaconda2/lib/python2.7/lib-dynload/_struct.so
7feca123b000-7feca143b000 ---p 00007000 08:02 6432940                    /opt/anaconda2/lib/python2.7/lib-dynload/_struct.so
7feca143b000-7feca143d000 rw-p 00007000 08:02 6432940                    /opt/anaconda2/lib/python2.7/lib-dynload/_struct.so
7feca143d000-7feca1441000 r-xp 00000000 08:02 6432948                    /opt/anaconda2/lib/python2.7/lib-dynload/cStringIO.so
7feca1441000-7feca1640000 ---p 00004000 08:02 6432948                    /opt/anaconda2/lib/python2.7/lib-dynload/cStringIO.so
7feca1640000-7feca1642000 rw-p 00003000 08:02 6432948                    /opt/anaconda2/lib/python2.7/lib-dynload/cStringIO.so
7feca1642000-7feca1647000 r-xp 00000000 08:02 6432920                    /opt/anaconda2/lib/python2.7/lib-dynload/_csv.so
7feca1647000-7feca1846000 ---p 00005000 08:02 6432920                    /opt/anaconda2/lib/python2.7/lib-dynload/_csv.so
7feca1846000-7feca1849000 rw-p 00004000 08:02 6432920                    /opt/anaconda2/lib/python2.7/lib-dynload/_csv.so
7feca1849000-7feca184c000 r-xp 00000000 08:02 6432926                    /opt/anaconda2/lib/python2.7/lib-dynload/_functools.so
7feca184c000-7feca1a4b000 ---p 00003000 08:02 6432926                    /opt/anaconda2/lib/python2.7/lib-dynload/_functools.so
7feca1a4b000-7feca1a4c000 rw-p 00002000 08:02 6432926                    /opt/anaconda2/lib/python2.7/lib-dynload/_functools.so
7feca1a4c000-7feca1a8c000 rw-p 00000000 00:00 0 
7feca1a8c000-7feca1ef8000 r--p 00000000 08:02 4987890                    /usr/lib/locale/locale-archive
7feca1ef8000-7feca1efc000 r-xp 00000000 08:02 6432932                    /opt/anaconda2/lib/python2.7/lib-dynload/_locale.so
7feca1efc000-7feca20fc000 ---p 00004000 08:02 6432932                    /opt/anaconda2/lib/python2.7/lib-dynload/_locale.so
7feca20fc000-7feca20fd000 rw-p 00004000 08:02 6432932                    /opt/anaconda2/lib/python2.7/lib-dynload/_locale.so
7feca20fd000-7feca22b7000 r-xp 00000000 08:02 5249372                    /lib/x86_64-linux-gnu/libc-2.19.so
7feca22b7000-7feca24b7000 ---p 001ba000 08:02 5249372                    /lib/x86_64-linux-gnu/libc-2.19.so
7feca24b7000-7feca24bb000 r--p 001ba000 08:02 5249372                    /lib/x86_64-linux-gnu/libc-2.19.so
7feca24bb000-7feca24bd000 rw-p 001be000 08:02 5249372                    /lib/x86_64-linux-gnu/libc-2.19.so
7feca24bd000-7feca24c2000 rw-p 00000000 00:00 0 
7feca24c2000-7feca25c7000 r-xp 00000000 08:02 5249348                    /lib/x86_64-linux-gnu/libm-2.19.so
7feca25c7000-7feca27c6000 ---p 00105000 08:02 5249348                    /lib/x86_64-linux-gnu/libm-2.19.so
7feca27c6000-7feca27c7000 r--p 00104000 08:02 5249348                    /lib/x86_64-linux-gnu/libm-2.19.so
7feca27c7000-7feca27c8000 rw-p 00105000 08:02 5249348                    /lib/x86_64-linux-gnu/libm-2.19.so
7feca27c8000-7feca27ca000 r-xp 00000000 08:02 5249374                    /lib/x86_64-linux-gnu/libutil-2.19.so
7feca27ca000-7feca29c9000 ---p 00002000 08:02 5249374                    /lib/x86_64-linux-gnu/libutil-2.19.so
7feca29c9000-7feca29ca000 r--p 00001000 08:02 5249374                    /lib/x86_64-linux-gnu/libutil-2.19.so
7feca29ca000-7feca29cb000 rw-p 00002000 08:02 5249374                    /lib/x86_64-linux-gnu/libutil-2.19.so
7feca29cb000-7feca29ce000 r-xp 00000000 08:02 5249352                    /lib/x86_64-linux-gnu/libdl-2.19.so
7feca29ce000-7feca2bcd000 ---p 00003000 08:02 5249352                    /lib/x86_64-linux-gnu/libdl-2.19.so
7feca2bcd000-7feca2bce000 r--p 00002000 08:02 5249352                    /lib/x86_64-linux-gnu/libdl-2.19.so
7feca2bce000-7feca2bcf000 rw-p 00003000 08:02 5249352                    /lib/x86_64-linux-gnu/libdl-2.19.so
7feca2bcf000-7feca2be8000 r-xp 00000000 08:02 5249364                    /lib/x86_64-linux-gnu/libpthread-2.19.so
7feca2be8000-7feca2de7000 ---p 00019000 08:02 5249364                    /lib/x86_64-linux-gnu/libpthread-2.19.so
7feca2de7000-7feca2de8000 r--p 00018000 08:02 5249364                    /lib/x86_64-linux-gnu/libpthread-2.19.so
7feca2de8000-7feca2de9000 rw-p 00019000 08:02 5249364                    /lib/x86_64-linux-gnu/libpthread-2.19.so
7feca2de9000-7feca2ded000 rw-p 00000000 00:00 0 
7feca2ded000-7feca2f87000 r-xp 00000000 08:02 6309091                    /opt/anaconda2/lib/libpython2.7.so.1.0
7feca2f87000-7feca3186000 ---p 0019a000 08:02 6309091                    /opt/anaconda2/lib/libpython2.7.so.1.0
7feca3186000-7feca31c6000 rw-p 00199000 08:02 6309091                    /opt/anaconda2/lib/libpython2.7.so.1.0
7feca31c6000-7feca31e7000 rw-p 00000000 00:00 0 
7feca31e7000-7feca320a000 r-xp 00000000 08:02 5249365                    /lib/x86_64-linux-gnu/ld-2.19.so
7feca320a000-7feca320b000 r--s 00000000 08:02 6438455                    /opt/gumtree/gumtree/dist/build/distributions/gumtree-20170703-2.1.0-SNAPSHOT/lib/gen.c-2.1.0-SNAPSHOT.jar
7feca320b000-7feca320c000 r--s 00005000 08:02 6438451                    /opt/gumtree/gumtree/dist/build/distributions/gumtree-20170703-2.1.0-SNAPSHOT/lib/gen.antlr3-json-2.1.0-SNAPSHOT.jar
7feca320c000-7feca320f000 r--s 00019000 08:02 6438450                    /opt/gumtree/gumtree/dist/build/distributions/gumtree-20170703-2.1.0-SNAPSHOT/lib/gen.antlr3-antlr-2.1.0-SNAPSHOT.jar
7feca320f000-7feca3214000 r--s 0002a000 08:02 6438446                    /opt/gumtree/gumtree/dist/build/distributions/gumtree-20170703-2.1.0-SNAPSHOT/lib/core-2.1.0-SNAPSHOT.jar
7feca3214000-7feca3216000 r--s 00015000 08:02 6438497                    /opt/gumtree/gumtree/dist/build/distributions/gumtree-20170703-2.1.0-SNAPSHOT/lib/contenttype-3.4.200-v20140207-1251.jar
7feca3216000-7feca3218000 r--s 0000e000 08:02 6438518                    /opt/gumtree/gumtree/dist/build/distributions/gumtree-20170703-2.1.0-SNAPSHOT/lib/commons-logging-1.2.jar
7feca3218000-7feca321e000 r--s 00048000 08:02 6438483                    /opt/gumtree/gumtree/dist/build/distributions/gumtree-20170703-2.1.0-SNAPSHOT/lib/commons-lang3-3.1.jar
7feca321e000-7feca3221000 r--s 00024000 08:02 6438484                    /opt/gumtree/gumtree/dist/build/distributions/gumtree-20170703-2.1.0-SNAPSHOT/lib/commons-io-2.0.1.jar
7feca3221000-7feca3228000 r--s 0003f000 08:02 6438475                    /opt/gumtree/gumtree/dist/build/distributions/gumtree-20170703-2.1.0-SNAPSHOT/lib/commons-codec-1.10.jar
7feca3228000-7feca322b000 r--s 00018000 08:02 6438493                    /opt/gumtree/gumtree/dist/build/distributions/gumtree-20170703-2.1.0-SNAPSHOT/lib/common-3.6.200-v20130402-1505.jar
7feca322b000-7feca322d000 r--s 00006000 08:02 6438447                    /opt/gumtree/gumtree/dist/build/distributions/gumtree-20170703-2.1.0-SNAPSHOT/lib/client-2.1.0-SNAPSHOT.jar
7feca322d000-7feca32ed000 rw-p 00000000 00:00 0 
7feca32ed000-7feca32ee000 r--s 00000000 08:02 6438449                    /opt/gumtree/gumtree/dist/build/distributions/gumtree-20170703-2.1.0-SNAPSHOT/lib/gen.antlr3-2.1.0-SNAPSHOT.jar
7feca32ee000-7feca32f0000 r--s 00046000 08:02 6438448                    /opt/gumtree/gumtree/dist/build/distributions/gumtree-20170703-2.1.0-SNAPSHOT/lib/client.diff-2.1.0-SNAPSHOT.jar
7feca32f0000-7feca32f7000 r--s 0003e000 08:02 6438513                    /opt/gumtree/gumtree/dist/build/distributions/gumtree-20170703-2.1.0-SNAPSHOT/lib/cglib-2.2.1-v20090111.jar
7feca32f7000-7feca33e3000 rw-p 00000000 00:00 0 
7feca33e4000-7feca33e5000 r--s 0000a000 08:02 6438519                    /opt/gumtree/gumtree/dist/build/distributions/gumtree-20170703-2.1.0-SNAPSHOT/lib/asm-3.1.jar
7feca33e5000-7feca33e8000 r--s 00013000 08:02 6438498                    /opt/gumtree/gumtree/dist/build/distributions/gumtree-20170703-2.1.0-SNAPSHOT/lib/app-1.3.200-v20130910-1609.jar
7feca33e8000-7feca33ea000 r--s 00000000 08:02 6438512                    /opt/gumtree/gumtree/dist/build/distributions/gumtree-20170703-2.1.0-SNAPSHOT/lib/aopalliance-1.0.jar
7feca33ea000-7feca33ed000 r--s 00026000 08:02 6438489                    /opt/gumtree/gumtree/dist/build/distributions/gumtree-20170703-2.1.0-SNAPSHOT/lib/antlr-runtime-3.5.2.jar
7feca33ed000-7feca33f7000 r--s 00110000 08:02 6438467                    /opt/gumtree/gumtree/dist/build/distributions/gumtree-20170703-2.1.0-SNAPSHOT/lib/antlr-3.5.2.jar
7feca33f7000-7feca33fb000 r--s 0000f000 08:02 6438477                    /opt/gumtree/gumtree/dist/build/distributions/gumtree-20170703-2.1.0-SNAPSHOT/lib/annotations-2.0.1.jar
7feca33fb000-7feca3403000 rw-s 00000000 08:02 4063241                    /tmp/hsperfdata_root/12851 (deleted)
7feca3403000-7feca3404000 rw-p 00000000 00:00 0 
7feca3404000-7feca3405000 ---p 00000000 00:00 0 
7feca3406000-7feca3407000 rwxp 00000000 00:00 0 
7feca3407000-7feca3409000 rw-p 00000000 00:00 0 
7feca3409000-7feca340a000 r--p 00022000 08:02 5249365                    /lib/x86_64-linux-gnu/ld-2.19.so
7feca340a000-7feca340b000 rw-p 00023000 08:02 5249365                    /lib/x86_64-linux-gnu/ld-2.19.so
7feca340b000-7feca340c000 rw-p 00000000 00:00 0 
7ffdc3225000-7ffdc3321000 rw-p 00000000 00:00 0                          [stack]
7ffdc334a000-7ffdc334c000 r--p 00000000 00:00 0                          [vvar]
7ffdc334c000-7ffdc334e000 r-xp 00000000 00:00 0                          [vdso]
ffffffffff600000-ffffffffff601000 r-xp 00000000 00:00 0                  [vsyscall]

VM Arguments:
jvm_args: -d64 
java_command: <unknown>
java_class_path (initial): .:/usr/info/code/cpp/LogMonitor/LogMonitor/java:/opt/gumtree/gumtree/dist/build/distributions/gumtree-20170703-2.1.0-SNAPSHOT/lib/annotations-2.0.1.jar:/opt/gumtree/gumtree/dist/build/distributions/gumtree-20170703-2.1.0-SNAPSHOT/lib/antlr-3.5.2.jar:/opt/gumtree/gumtree/dist/build/distributions/gumtree-20170703-2.1.0-SNAPSHOT/lib/antlr-runtime-3.5.2.jar:/opt/gumtree/gumtree/dist/build/distributions/gumtree-20170703-2.1.0-SNAPSHOT/lib/aopalliance-1.0.jar:/opt/gumtree/gumtree/dist/build/distributions/gumtree-20170703-2.1.0-SNAPSHOT/lib/app-1.3.200-v20130910-1609.jar:/opt/gumtree/gumtree/dist/build/distributions/gumtree-20170703-2.1.0-SNAPSHOT/lib/asm-3.1.jar:/opt/gumtree/gumtree/dist/build/distributions/gumtree-20170703-2.1.0-SNAPSHOT/lib/cglib-2.2.1-v20090111.jar:/opt/gumtree/gumtree/dist/build/distributions/gumtree-20170703-2.1.0-SNAPSHOT/lib/client.diff-2.1.0-SNAPSHOT.jar:/opt/gumtree/gumtree/dist/build/distributions/gumtree-20170703-2.1.0-SNAPSHOT/lib/client-2.1.0-SNAPSHOT.jar:/opt/gumtree/gumtree/dist/build/distributions/gumtree-20170703-2.1.0-SNAPSHOT/lib/common-3.6.200-v20130402-1505.jar:/opt/gumtree/gumtree/dist/build/distributions/gumtree-20170703-2.1.0-SNAPSHOT/lib/commons-codec-1.10.jar:/opt/gumtree/gumtree/dist/build/distributions/gumtree-20170703-2.1.0-SNAPSHOT/lib/commons-io-2.0.1.jar:/opt/gumtree/gumtree/dist/build/distributions/gumtree-20170703-2.1.0-SNAPSHOT/lib/commons-lang3-3.1.jar:/opt/gumtree/gumtree/dist/build/distributions/gumtree-20170703-2.1.0-SNAPSHOT/lib/commons-logging-1.2.jar:/opt/gumtree/gumtree/dist/build/distributions/gumtree-20170703-2.1.0-SNAPSHOT/lib/contenttype-3.4.200-v20140207-1251.jar:/opt/gumtree/gumtree/dist/build/distributions/gumtree-20170703-2.1.0-SNAPSHOT/lib/core-2.1.0-SNAPSHOT.jar:/opt/gumtree/gumtree/dist/build/distributions/gumtree-20170703-2.1.0-SNAPSHOT/lib/gen.antlr3-2.1.0-SNAPSHOT.jar:/opt/gumtree/gumtree/dist/build/distributions/gumtree-20170703-2.1.0-SNAPSHOT/lib/gen.antlr3-antlr-2.1.0
Launcher Type: generic

Environment Variables:
CLASSPATH=.:/opt/gumtree/gumtree/dist/build/distributions/gumtree-20170703-2.1.0-SNAPSHOT/lib/*:/usr/info/code/cpp/LogMonitor/LogMonitor/java/*
PATH=/opt/llvm-build/bin:/opt/anaconda2/bin:/opt/llvm-build/bin:/opt/anaconda2/bin:/usr/local/sbin:/usr/local/bin:/usr/sbin:/usr/bin:/sbin:/bin:/usr/games:/usr/local/games
USERNAME=sarah
SHELL=/bin/bash
DISPLAY=:0

Signal Handlers:
SIGSEGV: [libjvm.so+0xac78c0], sa_mask[0]=11111111011111111101111111111110, sa_flags=SA_RESTART|SA_SIGINFO
SIGBUS: [libjvm.so+0xac78c0], sa_mask[0]=11111111011111111101111111111110, sa_flags=SA_RESTART|SA_SIGINFO
SIGFPE: [libjvm.so+0x920ac0], sa_mask[0]=11111111011111111101111111111110, sa_flags=SA_RESTART|SA_SIGINFO
SIGPIPE: [libjvm.so+0x920ac0], sa_mask[0]=11111111011111111101111111111110, sa_flags=SA_RESTART|SA_SIGINFO
SIGXFSZ: [libjvm.so+0x920ac0], sa_mask[0]=11111111011111111101111111111110, sa_flags=SA_RESTART|SA_SIGINFO
SIGILL: [libjvm.so+0x920ac0], sa_mask[0]=11111111011111111101111111111110, sa_flags=SA_RESTART|SA_SIGINFO
SIGUSR1: SIG_DFL, sa_mask[0]=00000000000000000000000000000000, sa_flags=none
SIGUSR2: [libjvm.so+0x922300], sa_mask[0]=00000000000000000000000000000000, sa_flags=SA_RESTART|SA_SIGINFO
SIGHUP: [libjvm.so+0x923700], sa_mask[0]=11111111011111111101111111111110, sa_flags=SA_RESTART|SA_SIGINFO
SIGINT: SIG_DFL, sa_mask[0]=00000000000000000000000000000000, sa_flags=none
SIGTERM: [libjvm.so+0x923700], sa_mask[0]=11111111011111111101111111111110, sa_flags=SA_RESTART|SA_SIGINFO
SIGQUIT: [libjvm.so+0x923700], sa_mask[0]=11111111011111111101111111111110, sa_flags=SA_RESTART|SA_SIGINFO


---------------  S Y S T E M  ---------------

OS:DISTRIB_ID=LinuxMint
DISTRIB_RELEASE=17.3
DISTRIB_CODENAME=rosa
DISTRIB_DESCRIPTION="Linux Mint 17.3 Rosa"

uname:Linux 3.19.0-32-generic #37~14.04.1-Ubuntu SMP Thu Oct 22 09:41:40 UTC 2015 x86_64
libc:glibc 2.19 NPTL 2.19 
rlimit: STACK 8192k, CORE 0k, NPROC 30734, NOFILE 40000, AS infinity
load average:1.47 2.25 2.18

/proc/meminfo:
MemTotal:        8106964 kB
MemFree:         3549184 kB
MemAvailable:    3578228 kB
Buffers:           11988 kB
Cached:           266428 kB
SwapCached:        15656 kB
Active:          3479680 kB
Inactive:         828520 kB
Active(anon):    3407324 kB
Inactive(anon):   725384 kB
Active(file):      72356 kB
Inactive(file):   103136 kB
Unevictable:         144 kB
Mlocked:             144 kB
SwapTotal:       8317948 kB
SwapFree:        7224660 kB
Dirty:               780 kB
Writeback:             0 kB
AnonPages:       4018460 kB
Mapped:           226908 kB
Shmem:            102372 kB
Slab:              83600 kB
SReclaimable:      44992 kB
SUnreclaim:        38608 kB
KernelStack:       10608 kB
PageTables:        49880 kB
NFS_Unstable:          0 kB
Bounce:                0 kB
WritebackTmp:          0 kB
CommitLimit:    12371428 kB
Committed_AS:   13038600 kB
VmallocTotal:   34359738367 kB
VmallocUsed:      127224 kB
VmallocChunk:   34359607932 kB
HardwareCorrupted:     0 kB
AnonHugePages:   1339392 kB
CmaTotal:              0 kB
CmaFree:               0 kB
HugePages_Total:       0
HugePages_Free:        0
HugePages_Rsvd:        0
HugePages_Surp:        0
Hugepagesize:       2048 kB
DirectMap4k:      246340 kB
DirectMap2M:     8073216 kB
DirectMap1G:     1048576 kB


CPU:total 4 (4 cores per cpu, 1 threads per core) family 6 model 60 stepping 3, cmov, cx8, fxsr, mmx, sse, sse2, sse3, ssse3, sse4.1, sse4.2, popcnt, avx, avx2, aes, clmul, erms, lzcnt, tsc, tscinvbit, bmi1, bmi2

/proc/cpuinfo:
processor	: 0
vendor_id	: GenuineIntel
cpu family	: 6
model		: 60
model name	: Intel(R) Core(TM) i5-4590 CPU @ 3.30GHz
stepping	: 3
microcode	: 0x1d
cpu MHz		: 3500.578
cache size	: 6144 KB
physical id	: 0
siblings	: 4
core id		: 0
cpu cores	: 4
apicid		: 0
initial apicid	: 0
fpu		: yes
fpu_exception	: yes
cpuid level	: 13
wp		: yes
flags		: fpu vme de pse tsc msr pae mce cx8 apic sep mtrr pge mca cmov pat pse36 clflush dts acpi mmx fxsr sse sse2 ss ht tm pbe syscall nx pdpe1gb rdtscp lm constant_tsc arch_perfmon pebs bts rep_good nopl xtopology nonstop_tsc aperfmperf eagerfpu pni pclmulqdq dtes64 monitor ds_cpl vmx smx est tm2 ssse3 fma cx16 xtpr pdcm pcid sse4_1 sse4_2 x2apic movbe popcnt tsc_deadline_timer aes xsave avx f16c rdrand lahf_lm abm ida arat epb pln pts dtherm tpr_shadow vnmi flexpriority ept vpid fsgsbase tsc_adjust bmi1 avx2 smep bmi2 erms invpcid xsaveopt
bugs		:
bogomips	: 6585.16
clflush size	: 64
cache_alignment	: 64
address sizes	: 39 bits physical, 48 bits virtual
power management:

processor	: 1
vendor_id	: GenuineIntel
cpu family	: 6
model		: 60
model name	: Intel(R) Core(TM) i5-4590 CPU @ 3.30GHz
stepping	: 3
microcode	: 0x1d
cpu MHz		: 3551.753
cache size	: 6144 KB
physical id	: 0
siblings	: 4
core id		: 1
cpu cores	: 4
apicid		: 2
initial apicid	: 2
fpu		: yes
fpu_exception	: yes
cpuid level	: 13
wp		: yes
flags		: fpu vme de pse tsc msr pae mce cx8 apic sep mtrr pge mca cmov pat pse36 clflush dts acpi mmx fxsr sse sse2 ss ht tm pbe syscall nx pdpe1gb rdtscp lm constant_tsc arch_perfmon pebs bts rep_good nopl xtopology nonstop_tsc aperfmperf eagerfpu pni pclmulqdq dtes64 monitor ds_cpl vmx smx est tm2 ssse3 fma cx16 xtpr pdcm pcid sse4_1 sse4_2 x2apic movbe popcnt tsc_deadline_timer aes xsave avx f16c rdrand lahf_lm abm ida arat epb pln pts dtherm tpr_shadow vnmi flexpriority ept vpid fsgsbase tsc_adjust bmi1 avx2 smep bmi2 erms invpcid xsaveopt
bugs		:
bogomips	: 6585.16
clflush size	: 64
cache_alignment	: 64
address sizes	: 39 bits physical, 48 bits virtual
power management:

processor	: 2
vendor_id	: GenuineIntel
cpu family	: 6
model		: 60
model name	: Intel(R) Core(TM) i5-4590 CPU @ 3.30GHz
stepping	: 3
microcode	: 0x1d
cpu MHz		: 3555.492
cache size	: 6144 KB
physical id	: 0
siblings	: 4
core id		: 2
cpu cores	: 4
apicid		: 4
initial apicid	: 4
fpu		: yes
fpu_exception	: yes
cpuid level	: 13
wp		: yes
flags		: fpu vme de pse tsc msr pae mce cx8 apic sep mtrr pge mca cmov pat pse36 clflush dts acpi mmx fxsr sse sse2 ss ht tm pbe syscall nx pdpe1gb rdtscp lm constant_tsc arch_perfmon pebs bts rep_good nopl xtopology nonstop_tsc aperfmperf eagerfpu pni pclmulqdq dtes64 monitor ds_cpl vmx smx est tm2 ssse3 fma cx16 xtpr pdcm pcid sse4_1 sse4_2 x2apic movbe popcnt tsc_deadline_timer aes xsave avx f16c rdrand lahf_lm abm ida arat epb pln pts dtherm tpr_shadow vnmi flexpriority ept vpid fsgsbase tsc_adjust bmi1 avx2 smep bmi2 erms invpcid xsaveopt
bugs		:
bogomips	: 6585.16
clflush size	: 64
cache_alignment	: 64
address sizes	: 39 bits physical, 48 bits virtual
power management:

processor	: 3
vendor_id	: GenuineIntel
cpu family	: 6
model		: 60
model name	: Intel(R) Core(TM) i5-4590 CPU @ 3.30GHz
stepping	: 3
microcode	: 0x1d
cpu MHz		: 3582.046
cache size	: 6144 KB
physical id	: 0
siblings	: 4
core id		: 3
cpu cores	: 4
apicid		: 6
initial apicid	: 6
fpu		: yes
fpu_exception	: yes
cpuid level	: 13
wp		: yes
flags		: fpu vme de pse tsc msr pae mce cx8 apic sep mtrr pge mca cmov pat pse36 clflush dts acpi mmx fxsr sse sse2 ss ht tm pbe syscall nx pdpe1gb rdtscp lm constant_tsc arch_perfmon pebs bts rep_good nopl xtopology nonstop_tsc aperfmperf eagerfpu pni pclmulqdq dtes64 monitor ds_cpl vmx smx est tm2 ssse3 fma cx16 xtpr pdcm pcid sse4_1 sse4_2 x2apic movbe popcnt tsc_deadline_timer aes xsave avx f16c rdrand lahf_lm abm ida arat epb pln pts dtherm tpr_shadow vnmi flexpriority ept vpid fsgsbase tsc_adjust bmi1 avx2 smep bmi2 erms invpcid xsaveopt
bugs		:
bogomips	: 6585.16
clflush size	: 64
cache_alignment	: 64
address sizes	: 39 bits physical, 48 bits virtual
power management:



Memory: 4k page, physical 8106964k(3549184k free), swap 8317948k(7224660k free)

vm_info: Java HotSpot(TM) 64-Bit Server VM (25.121-b13) for linux-amd64 JRE (1.8.0_121-b13), built on Dec 12 2016 16:36:53 by "java_re" with gcc 4.3.0 20080428 (Red Hat 4.3.0-8)

time: Wed Sep  6 16:09:31 2017
elapsed time: 1998 seconds (0d 0h 33m 18s)

