__builtin_constant_p bftpdutmp.c:23:16 1
calloc bftpdutmp.c:23:16 0
strlen bftpdutmp.c:23:16 1
malloc bftpdutmp.c:23:16 0
memcpy bftpdutmp.c:23:16 0
__strdup bftpdutmp.c:23:16 0
strrchr bftpdutmp.c:27:13 1
mkdir bftpdutmp.c:31:9 0
free bftpdutmp.c:33:5 0
__builtin_constant_p bftpdutmp.c:40:19 1
config_getoption bftpdutmp.c:40:19 0
config_getoption bftpdutmp.c:40:19 1
config_getoption bftpdutmp.c:40:19 0
config_getoption bftpdutmp.c:40:19 0
calloc bftpdutmp.c:40:19 0
strlen bftpdutmp.c:40:19 1
config_getoption bftpdutmp.c:40:19 0
malloc bftpdutmp.c:40:19 0
memcpy bftpdutmp.c:40:19 0
config_getoption bftpdutmp.c:40:19 0
__strdup bftpdutmp.c:40:19 0
config_getoption bftpdutmp.c:40:19 0
strcasecmp bftpdutmp.c:45:8 1
bftpdutmp_create_dir bftpdutmp.c:49:5 0
fopen bftpdutmp.c:52:17 1
fclose bftpdutmp.c:54:9 0
fopen bftpdutmp.c:56:23 1
bftpd_log bftpdutmp.c:57:9 0
control_printf bftpdutmp.c:58:9 0
exit bftpdutmp.c:60:9 0
rewind bftpdutmp.c:62:5 0
free bftpdutmp.c:64:5 0
bftpdutmp_log bftpdutmp.c:71:13 0
fclose bftpdutmp.c:72:9 0
memset bftpdutmp.c:85:5 0
getpid bftpdutmp.c:86:17 1
__builtin_strncpy bftpdutmp.c:89:9 0
__builtin_strncpy bftpdutmp.c:91:9 0
rewind bftpdutmp.c:94:9 0
fread bftpdutmp.c:96:16 0
time bftpdutmp.c:107:5 0
fseek bftpdutmp.c:108:5 0
fwrite bftpdutmp.c:109:5 0
fflush bftpdutmp.c:110:5 0
rewind bftpdutmp.c:118:5 0
fread bftpdutmp.c:119:12 0
rewind bftpdutmp.c:132:5 0
fread bftpdutmp.c:133:13 0
__builtin_constant_p bftpdutmp.c:138:31 1
__builtin_constant_p bftpdutmp.c:138:31 1
__builtin_strlen bftpdutmp.c:138:31 1
__builtin_strlen bftpdutmp.c:138:31 1
__builtin_strcmp bftpdutmp.c:138:31 1
__builtin_constant_p bftpdutmp.c:138:31 1
__builtin_strlen bftpdutmp.c:138:31 1
__builtin_constant_p bftpdutmp.c:138:31 1
__builtin_strcmp bftpdutmp.c:138:31 1
__builtin_constant_p bftpdutmp.c:138:31 1
__builtin_strlen bftpdutmp.c:138:31 1
__builtin_constant_p bftpdutmp.c:138:31 1
__builtin_strcmp bftpdutmp.c:138:31 1
__builtin_strcmp bftpdutmp.c:138:31 1
__builtin_constant_p bftpdutmp.c:138:65 1
__builtin_constant_p bftpdutmp.c:138:65 1
__builtin_strlen bftpdutmp.c:138:65 1
__builtin_strlen bftpdutmp.c:138:65 1
__builtin_strcmp bftpdutmp.c:138:65 1
__builtin_constant_p bftpdutmp.c:138:65 1
__builtin_strlen bftpdutmp.c:138:65 1
__builtin_constant_p bftpdutmp.c:138:65 1
__builtin_strcmp bftpdutmp.c:138:65 1
__builtin_constant_p bftpdutmp.c:138:65 1
__builtin_strlen bftpdutmp.c:138:65 1
__builtin_constant_p bftpdutmp.c:138:65 1
__builtin_strcmp bftpdutmp.c:138:65 1
__builtin_strcmp bftpdutmp.c:138:65 1
rewind bftpdutmp.c:155:4 0
fread bftpdutmp.c:156:12 0
__builtin_constant_p bftpdutmp.c:158:29 1
__builtin_constant_p bftpdutmp.c:158:29 1
__builtin_strlen bftpdutmp.c:158:29 1
__builtin_strlen bftpdutmp.c:158:29 1
__builtin_strcmp bftpdutmp.c:158:29 1
__builtin_constant_p bftpdutmp.c:158:29 1
__builtin_strlen bftpdutmp.c:158:29 1
__builtin_constant_p bftpdutmp.c:158:29 1
__builtin_strcmp bftpdutmp.c:158:29 1
__builtin_constant_p bftpdutmp.c:158:29 1
__builtin_strlen bftpdutmp.c:158:29 1
__builtin_constant_p bftpdutmp.c:158:29 1
__builtin_strcmp bftpdutmp.c:158:29 1
__builtin_strcmp bftpdutmp.c:158:29 1
rewind bftpdutmp.c:184:5 0
fread bftpdutmp.c:186:13 0
fseek bftpdutmp.c:191:12 0
memset bftpdutmp.c:192:12 0
fwrite bftpdutmp.c:193:12 0
__builtin_va_start commands.c:84:5 0
vsnprintf commands.c:85:5 0
__builtin_va_end commands.c:86:5 0
fprintf commands.c:87:5 0
replace commands.c:88:5 0
bftpd_statuslog commands.c:89:5 0
config_getoption commands.c:96:17 1
strtoul commands.c:101:18 1
bftpd_log commands.c:106:12 0
umask commands.c:110:5 0
setsockopt commands.c:123:2 0
setsockopt commands.c:126:2 0
setsockopt commands.c:130:2 0
geteuid commands.c:139:18 1
memset commands.c:141:2 0
memset commands.c:142:2 0
accept commands.c:145:10 1
control_printf commands.c:147:13 0
strerror commands.c:148:22 0
__errno_location commands.c:148:31 1
close commands.c:151:9 0
prepare_sock commands.c:152:9 0
socket commands.c:154:10 1
prepare_sock commands.c:155:9 0
strcasecmp commands.c:158:14 1
config_getoption commands.c:158:25 1
seteuid commands.c:159:13 0
__builtin_constant_p commands.c:160:30 1
bind commands.c:162:7 1
control_printf commands.c:163:4 0
strerror commands.c:164:6 0
__errno_location commands.c:164:15 1
strcasecmp commands.c:167:14 1
config_getoption commands.c:167:25 1
seteuid commands.c:168:13 0
connect commands.c:170:7 1
control_printf commands.c:171:4 0
strerror commands.c:172:32 0
__errno_location commands.c:172:41 1
control_printf commands.c:176:2 0
getpwnam commands.c:184:27 1
__builtin_constant_p commands.c:186:28 1
calloc commands.c:186:28 0
strlen commands.c:186:28 1
malloc commands.c:186:28 0
memcpy commands.c:186:28 0
__strdup commands.c:186:28 0
__builtin_constant_p commands.c:187:30 1
calloc commands.c:187:30 0
strlen commands.c:187:30 1
malloc commands.c:187:30 0
memcpy commands.c:187:30 0
__strdup commands.c:187:30 0
__builtin_constant_p commands.c:190:29 1
calloc commands.c:190:29 0
strlen commands.c:190:29 1
malloc commands.c:190:29 0
memcpy commands.c:190:29 0
__strdup commands.c:190:29 0
__builtin_constant_p commands.c:191:27 1
calloc commands.c:191:27 0
strlen commands.c:191:27 1
malloc commands.c:191:27 0
memcpy commands.c:191:27 0
__strdup commands.c:191:27 0
__builtin_constant_p commands.c:192:29 1
calloc commands.c:192:29 0
strlen commands.c:192:29 1
malloc commands.c:192:29 0
memcpy commands.c:192:29 0
__strdup commands.c:192:29 0
control_printf commands.c:202:3 0
mystrncpy commands.c:205:2 0
config_getoption commands.c:207:19 0
mystrncpy commands.c:210:3 0
init_userinfo commands.c:211:9 0
expand_groups commands.c:216:5 0
strcasecmp commands.c:217:7 1
config_getoption commands.c:217:18 1
control_printf commands.c:220:17 0
control_printf commands.c:225:3 0
control_printf commands.c:232:3 0
bftpd_login commands.c:235:6 1
bftpd_log commands.c:236:3 0
control_printf commands.c:237:3 0
bftpd_cwd_getcwd commands.c:248:15 1
control_printf commands.c:251:10 0
free commands.c:252:10 0
control_printf commands.c:260:9 0
control_printf commands.c:263:8 0
control_printf commands.c:266:9 0
control_printf commands.c:272:7 0
sscanf commands.c:275:3 0
__builtin_constant_p commands.c:276:10 1
strncasecmp commands.c:277:47 1
config_getoption commands.c:277:59 1
control_printf commands.c:278:7 0
__builtin_constant_p commands.c:282:17 1
close commands.c:284:5 0
control_printf commands.c:287:3 0
control_printf commands.c:298:9 0
strlen commands.c:301:9 1
control_printf commands.c:302:9 0
sprintf commands.c:306:5 0
sscanf commands.c:307:9 1
control_printf commands.c:308:9 0
control_printf commands.c:312:9 0
inet_addr commands.c:315:26 1
strncasecmp commands.c:316:64 1
config_getoption commands.c:316:76 1
control_printf commands.c:317:9 0
__builtin_constant_p commands.c:320:19 1
close commands.c:322:9 0
control_printf commands.c:325:5 0
control_printf commands.c:336:9 0
socket commands.c:339:13 1
config_getoption commands.c:343:10 1
strlen commands.c:343:48 1
config_getoption commands.c:343:55 1
bind commands.c:346:13 1
control_printf commands.c:348:13 0
strerror commands.c:348:92 0
__errno_location commands.c:348:101 1
int_from_list commands.c:356:20 1
config_getoption commands.c:356:34 0
__builtin_constant_p commands.c:359:27 1
bind commands.c:360:17 1
control_printf commands.c:369:13 0
prepare_sock commands.c:372:9 0
listen commands.c:375:6 1
control_printf commands.c:376:3 0
strerror commands.c:377:6 0
__errno_location commands.c:377:15 1
getsockname commands.c:381:2 0
config_getoption commands.c:384:26 1
sscanf commands.c:387:13 0
sscanf commands.c:392:8 0
inet_ntoa commands.c:392:24 0
control_printf commands.c:396:2 0
__builtin_constant_p commands.c:397:5 1
__builtin_constant_p commands.c:397:37 1
strncasecmp commands.c:407:14 1
sscanf commands.c:410:17 1
control_printf commands.c:411:17 0
control_printf commands.c:415:21 0
socket commands.c:421:16 1
bind commands.c:425:9 1
control_printf commands.c:426:3 0
strerror commands.c:427:6 0
__errno_location commands.c:427:15 1
listen commands.c:430:6 1
control_printf commands.c:431:3 0
strerror commands.c:432:6 0
__errno_location commands.c:432:15 1
getsockname commands.c:436:2 0
control_printf commands.c:437:5 0
__builtin_constant_p commands.c:438:14 1
fileno commands.c:453:9 1
fileno commands.c:453:9 1
select commands.c:454:14 1
fileno commands.c:454:21 1
fgets commands.c:458:14 1
strstr commands.c:459:24 1
control_printf commands.c:460:9 0
close commands.c:461:6 0
close commands.c:462:3 0
control_printf commands.c:463:6 0
bftpd_log commands.c:464:3 0
alarm commands.c:465:9 0
command_noop commands.c:473:5 0
memset commands.c:484:4 0
command_stor commands.c:494:11 0
memset commands.c:497:11 0
command_stor commands.c:512:14 0
memset commands.c:514:14 0
bftpd_log commands.c:522:11 0
bftpd_cwd_mappath commands.c:539:20 1
run_script commands.c:555:8 0
strtoul commands.c:568:21 1
config_getoption commands.c:568:30 0
bftpd_log commands.c:573:12 0
open commands.c:579:14 1
close commands.c:583:12 0
strcasecmp commands.c:585:18 1
config_getoption commands.c:585:30 1
bftpd_log commands.c:587:15 0
control_printf commands.c:588:15 0
free commands.c:591:15 0
close commands.c:592:15 0
open commands.c:599:9 1
bftpd_log commands.c:606:3 0
strerror commands.c:607:7 0
__errno_location commands.c:607:16 1
control_printf commands.c:608:3 0
strerror commands.c:608:48 0
__errno_location commands.c:608:57 1
close commands.c:610:17 0
run_script commands.c:612:20 0
free commands.c:613:17 0
bftpd_log commands.c:637:2 0
dataconn commands.c:638:6 1
close commands.c:640:13 0
run_script commands.c:642:16 0
free commands.c:644:16 0
strcasecmp commands.c:650:11 1
config_getoption commands.c:650:23 1
bftpdutmp_usercount commands.c:659:22 1
get_buffer_size commands.c:660:25 1
alarm commands.c:665:5 0
malloc commands.c:666:14 1
bftpd_log commands.c:670:8 0
control_printf commands.c:671:8 0
close commands.c:673:11 0
close commands.c:674:8 0
lseek commands.c:678:2 0
fileno commands.c:682:20 1
select commands.c:692:14 1
close commands.c:693:13 0
close commands.c:694:13 0
control_printf commands.c:695:13 0
bftpd_log commands.c:696:13 0
run_script commands.c:699:16 0
bftpdutmp_end commands.c:701:13 0
exit commands.c:703:13 0
test_abort commands.c:706:13 0
free commands.c:708:3 0
close commands.c:709:13 0
run_script commands.c:711:16 0
free commands.c:712:13 0
recv commands.c:716:13 1
strlen commands.c:730:17 1
write commands.c:739:30 1
bftpdutmp_usercount commands.c:747:30 1
get_buffer_size commands.c:751:33 1
select commands.c:762:13 0
free commands.c:768:2 0
close commands.c:772:4 0
close commands.c:775:2 0
alarm commands.c:776:9 0
control_printf commands.c:778:2 0
bftpd_log commands.c:779:2 0
run_script commands.c:781:11 0
free commands.c:784:12 0
do_stor commands.c:790:5 0
do_stor commands.c:795:5 0
memset commands.c:808:4 0
command_retr commands.c:818:11 0
memset commands.c:821:11 0
command_retr commands.c:836:14 0
memset commands.c:838:14 0
bftpd_log commands.c:846:4 0
strtoul commands.c:883:21 1
config_getoption commands.c:883:30 0
bftpd_log commands.c:888:12 0
bftpd_cwd_mappath commands.c:892:11 1
bftpd_log commands.c:895:12 0
control_printf commands.c:896:12 0
strcasecmp commands.c:900:15 1
config_getoption commands.c:900:27 1
open commands.c:903:10 1
bftpd_log commands.c:927:4 0
strerror commands.c:928:8 0
__errno_location commands.c:928:17 1
control_printf commands.c:929:4 0
strerror commands.c:929:49 0
__errno_location commands.c:929:58 1
free commands.c:931:5 0
stat commands.c:952:2 0
control_printf commands.c:954:3 0
free commands.c:956:4 0
__builtin_constant_p commands.c:961:22 1
config_getoption commands.c:961:22 1
__builtin_constant_p commands.c:961:22 1
__builtin_strlen commands.c:961:22 1
config_getoption commands.c:961:22 1
__builtin_strlen commands.c:961:22 1
config_getoption commands.c:961:22 1
config_getoption commands.c:961:22 1
__builtin_strcmp commands.c:961:22 1
config_getoption commands.c:961:22 1
__builtin_constant_p commands.c:961:22 1
config_getoption commands.c:961:22 1
config_getoption commands.c:961:22 1
config_getoption commands.c:961:22 1
__builtin_strlen commands.c:961:22 1
config_getoption commands.c:961:22 1
__builtin_constant_p commands.c:961:22 1
__builtin_strcmp commands.c:961:22 1
config_getoption commands.c:961:22 1
config_getoption commands.c:961:22 1
config_getoption commands.c:961:22 1
config_getoption commands.c:961:22 1
config_getoption commands.c:961:22 1
__builtin_constant_p commands.c:961:22 1
__builtin_strlen commands.c:961:22 1
__builtin_constant_p commands.c:961:22 1
config_getoption commands.c:961:22 1
config_getoption commands.c:961:22 1
config_getoption commands.c:961:22 1
__builtin_strcmp commands.c:961:22 1
config_getoption commands.c:961:22 1
config_getoption commands.c:961:22 1
__builtin_strcmp commands.c:961:22 1
config_getoption commands.c:961:22 1
bftpd_log commands.c:962:3 0
control_printf commands.c:964:3 0
free commands.c:968:4 0
bftpd_log commands.c:971:2 0
free commands.c:1201:5 0
dataconn commands.c:1204:8 1
alarm commands.c:1206:25 0
lseek commands.c:1207:4 0
malloc commands.c:1209:13 1
control_printf commands.c:1213:29 0
bftpd_log commands.c:1214:29 0
close commands.c:1215:29 0
close commands.c:1216:29 0
bftpdutmp_usercount commands.c:1221:41 1
get_buffer_size commands.c:1222:44 1
read commands.c:1227:16 1
test_abort commands.c:1228:9 1
free commands.c:1229:6 0
replace commands.c:1235:26 1
send commands.c:1237:19 1
free commands.c:1241:36 0
close commands.c:1242:36 0
close commands.c:1243:36 0
alarm commands.c:1244:36 0
control_printf commands.c:1245:36 0
control_printf commands.c:1246:36 0
bftpd_log commands.c:1247:36 0
bftpdutmp_usercount commands.c:1255:53 1
get_buffer_size commands.c:1256:52 1
select commands.c:1264:36 0
free commands.c:1268:13 0
close commands.c:1271:2 0
close commands.c:1272:2 0
alarm commands.c:1274:9 0
control_printf commands.c:1275:2 0
bftpd_log commands.c:1276:2 0
free commands.c:1277:21 0
dataconn commands.c:1304:6 1
alarm commands.c:1306:9 0
fdopen commands.c:1307:15 1
dirlist commands.c:1309:3 0
bftpd_cwd_mappath commands.c:1311:18 1
dirlist commands.c:1312:3 0
free commands.c:1313:3 0
fclose commands.c:1315:2 0
alarm commands.c:1316:9 0
control_printf commands.c:1317:2 0
do_dirlist commands.c:1322:2 0
do_dirlist commands.c:1327:2 0
control_printf commands.c:1332:2 0
bftpd_cwd_mappath commands.c:1339:23 1
stat commands.c:1340:7 1
gmtime commands.c:1341:14 1
control_printf commands.c:1342:3 0
control_printf commands.c:1347:3 0
strerror commands.c:1348:5 0
__errno_location commands.c:1348:14 1
free commands.c:1350:2 0
bftpd_cwd_chdir commands.c:1355:9 1
bftpd_log commands.c:1356:3 0
strerror commands.c:1357:7 0
__errno_location commands.c:1357:16 1
control_printf commands.c:1358:3 0
strerror commands.c:1358:48 0
__errno_location commands.c:1358:57 1
bftpd_log commands.c:1360:3 0
control_printf commands.c:1361:3 0
bftpd_log commands.c:1367:2 0
bftpd_cwd_chdir commands.c:1368:2 0
control_printf commands.c:1369:2 0
bftpd_cwd_mappath commands.c:1375:17 1
run_script commands.c:1377:12 0
lstat commands.c:1384:14 1
control_printf commands.c:1385:3 0
strerror commands.c:1385:48 0
__errno_location commands.c:1385:57 1
bftpd_log commands.c:1393:23 0
strerror commands.c:1393:96 0
__errno_location commands.c:1393:105 1
control_printf commands.c:1394:22 0
unlink commands.c:1398:24 1
bftpd_log commands.c:1400:25 0
strerror commands.c:1400:86 0
__errno_location commands.c:1400:95 1
control_printf commands.c:1401:25 0
strerror commands.c:1401:70 0
__errno_location commands.c:1401:79 1
bftpd_log commands.c:1405:25 0
control_printf commands.c:1406:25 0
run_script commands.c:1412:12 0
free commands.c:1414:2 0
bftpd_cwd_mappath commands.c:1419:17 1
run_script commands.c:1422:12 0
mkdir commands.c:1424:6 1
bftpd_log commands.c:1425:3 0
strerror commands.c:1426:7 0
__errno_location commands.c:1426:16 1
control_printf commands.c:1427:3 0
strerror commands.c:1427:48 0
__errno_location commands.c:1427:57 1
bftpd_log commands.c:1429:3 0
control_printf commands.c:1430:3 0
run_script commands.c:1434:12 0
free commands.c:1436:2 0
bftpd_cwd_mappath commands.c:1441:17 1
run_script commands.c:1443:12 0
rmdir commands.c:1445:6 1
__errno_location commands.c:1450:20 1
bftpd_log commands.c:1452:20 0
strerror commands.c:1452:97 0
__errno_location commands.c:1452:106 1
control_printf commands.c:1453:20 0
bftpd_log commands.c:1457:20 0
strerror commands.c:1457:86 0
__errno_location commands.c:1457:95 1
control_printf commands.c:1458:19 0
strerror commands.c:1458:64 0
__errno_location commands.c:1458:73 1
bftpd_log commands.c:1462:3 0
control_printf commands.c:1463:3 0
run_script commands.c:1467:12 0
free commands.c:1468:2 0
control_printf commands.c:1473:2 0
bftpd_cwd_mappath commands.c:1479:17 1
fopen commands.c:1480:14 1
fclose commands.c:1481:3 0
free commands.c:1483:4 0
control_printf commands.c:1486:3 0
free commands.c:1488:3 0
control_printf commands.c:1489:3 0
strerror commands.c:1489:48 0
__errno_location commands.c:1489:57 1
bftpd_cwd_mappath commands.c:1495:17 1
run_script commands.c:1498:12 0
rename commands.c:1500:6 1
bftpd_log commands.c:1501:3 0
strerror commands.c:1502:7 0
__errno_location commands.c:1502:16 1
bftpd_cwd_mappath commands.c:1502:35 0
control_printf commands.c:1503:3 0
strerror commands.c:1503:48 0
__errno_location commands.c:1503:57 1
bftpd_log commands.c:1505:3 0
bftpd_cwd_mappath commands.c:1505:64 0
control_printf commands.c:1506:3 0
run_script commands.c:1511:12 0
free commands.c:1513:2 0
free commands.c:1514:2 0
strtoul commands.c:1520:14 1
control_printf commands.c:1521:5 0
bftpd_cwd_mappath commands.c:1527:17 1
stat commands.c:1528:7 1
control_printf commands.c:1529:3 0
control_printf commands.c:1531:3 0
strerror commands.c:1531:48 0
__errno_location commands.c:1531:57 1
free commands.c:1533:2 0
control_printf commands.c:1538:2 0
config_getoption commands.c:1538:39 0
bftpdutmp_end commands.c:1540:9 0
exit commands.c:1542:2 0
bftpd_cwd_mappath commands.c:1547:17 1
control_printf commands.c:1548:5 0
bftpd_stat commands.c:1549:5 0
control_printf commands.c:1550:5 0
free commands.c:1551:2 0
__builtin_constant_p commands.c:1562:7 1
__builtin_constant_p commands.c:1562:7 1
__rawmemchr commands.c:1562:7 1
__builtin_strchr commands.c:1562:7 1
control_printf commands.c:1563:3 0
__builtin_constant_p commands.c:1566:21 1
__builtin_constant_p commands.c:1566:21 1
__builtin_constant_p commands.c:1566:21 1
__rawmemchr commands.c:1566:21 0
__builtin_strchr commands.c:1566:21 0
__builtin_constant_p commands.c:1566:21 1
__builtin_constant_p commands.c:1566:21 1
__rawmemchr commands.c:1566:21 0
__builtin_strchr commands.c:1566:21 0
__builtin_constant_p commands.c:1566:21 1
__builtin_constant_p commands.c:1566:21 1
__rawmemchr commands.c:1566:21 0
__builtin_strchr commands.c:1566:21 0
__builtin_constant_p commands.c:1566:21 1
__builtin_constant_p commands.c:1566:21 1
__rawmemchr commands.c:1566:21 0
__builtin_strchr commands.c:1566:21 0
calloc commands.c:1566:21 0
strlen commands.c:1566:21 1
__builtin_constant_p commands.c:1566:21 1
__builtin_constant_p commands.c:1566:21 1
__rawmemchr commands.c:1566:21 0
__builtin_strchr commands.c:1566:21 0
malloc commands.c:1566:21 0
memcpy commands.c:1566:21 0
__builtin_constant_p commands.c:1566:21 1
__builtin_constant_p commands.c:1566:21 1
__rawmemchr commands.c:1566:21 0
__builtin_strchr commands.c:1566:21 0
__strdup commands.c:1566:21 0
__builtin_constant_p commands.c:1566:21 1
__builtin_constant_p commands.c:1566:21 1
__rawmemchr commands.c:1566:21 0
__builtin_strchr commands.c:1566:21 0
control_printf commands.c:1569:13 0
bftpd_cwd_mappath commands.c:1573:18 1
free commands.c:1574:9 0
run_script commands.c:1577:12 0
__builtin_constant_p commands.c:1579:3 1
__builtin_constant_p commands.c:1579:3 1
__rawmemchr commands.c:1579:3 0
__builtin_strchr commands.c:1579:3 0
sscanf commands.c:1580:2 0
chmod commands.c:1581:6 1
control_printf commands.c:1582:3 0
strerror commands.c:1582:44 0
__errno_location commands.c:1582:53 1
bftpd_log commands.c:1584:3 0
control_printf commands.c:1586:3 0
run_script commands.c:1589:12 0
free commands.c:1591:2 0
__builtin_constant_p commands.c:1599:7 1
__builtin_constant_p commands.c:1599:7 1
__rawmemchr commands.c:1599:7 1
__builtin_strchr commands.c:1599:7 1
control_printf commands.c:1600:3 0
sscanf commands.c:1603:2 0
__builtin_constant_p commands.c:1604:6 1
__builtin_constant_p commands.c:1604:6 1
__rawmemchr commands.c:1604:6 1
__builtin_strchr commands.c:1604:6 1
sscanf commands.c:1605:3 0
strcpy commands.c:1607:3 0
sscanf commands.c:1610:7 1
mygetpwnam commands.c:1611:15 1
control_printf commands.c:1612:4 0
sscanf commands.c:1615:7 1
mygetpwnam commands.c:1616:15 1
control_printf commands.c:1617:4 0
bftpd_cwd_mappath commands.c:1620:11 1
run_script commands.c:1622:12 0
chown commands.c:1624:6 1
control_printf commands.c:1625:3 0
strerror commands.c:1625:48 0
__errno_location commands.c:1625:57 1
bftpd_log commands.c:1627:3 0
control_printf commands.c:1629:3 0
run_script commands.c:1632:12 0
free commands.c:1633:2 0
control_printf commands.c:1654:8 0
fopen commands.c:1659:15 1
control_printf commands.c:1662:9 0
md5_init commands.c:1666:5 0
fread commands.c:1667:18 1
md5_process commands.c:1670:9 0
fread commands.c:1671:22 1
md5_finish commands.c:1674:5 0
md5_sig_to_string commands.c:1675:5 0
control_printf commands.c:1676:5 0
fclose commands.c:1677:5 0
strcasecmp commands.c:1691:7 1
config_getoption commands.c:1691:18 1
control_printf commands.c:1692:3 0
strncasecmp commands.c:1696:8 1
strlen commands.c:1696:42 1
cutto commands.c:1697:4 0
strlen commands.c:1697:15 0
strcasecmp commands.c:1704:15 1
control_printf commands.c:1706:13 0
control_printf commands.c:1707:13 0
control_printf commands.c:1708:13 0
control_printf commands.c:1709:13 0
control_printf commands.c:1712:2 0
control_printf commands.c:1717:5 0
control_printf commands.c:1770:5 0
control_printf commands.c:1773:13 0
control_printf commands.c:1774:5 0
control_printf commands.c:1775:5 0
strcasecmp commands.c:1780:11 1
control_printf commands.c:1781:8 0
control_printf commands.c:1783:8 0
control_printf commands.c:1791:3 0
control_printf commands.c:1793:4 0
control_printf commands.c:1794:9 0
strcasecmp commands.c:1797:9 1
control_printf commands.c:1798:5 0
strncasecmp commands.c:1814:8 1
strlen commands.c:1814:43 1
sprintf commands.c:1815:13 0
strcasecmp commands.c:1816:18 1
config_getoption commands.c:1816:29 1
control_printf commands.c:1817:17 0
cutto commands.c:1821:4 0
strlen commands.c:1821:15 0
memmove commands.c:1825:4 0
strlen commands.c:1825:20 1
control_printf commands.c:1832:7 0
control_printf commands.c:1836:7 0
control_printf commands.c:1840:7 0
control_printf commands.c:1847:2 0
signal commands.c:1880:16 1
signal commands.c:1881:15 1
signal commands.c:1882:16 1
fork commands.c:1884:17 1
signal commands.c:1888:7 0
signal commands.c:1889:7 0
signal commands.c:1890:7 0
signal commands.c:1897:7 0
signal commands.c:1898:7 0
signal commands.c:1899:7 0
execv commands.c:1901:7 0
bftpd_log commands.c:1902:7 0
exit commands.c:1903:7 0
wait4 commands.c:1909:21 1
__errno_location commands.c:1910:37 1
signal commands.c:1912:4 0
signal commands.c:1913:4 0
signal commands.c:1914:4 0
Update_Send_Recv commands.c:1922:4 0
control_printf commands_admin.c:28:5 0
bftpd_log commands_admin.c:29:5 0
exit commands_admin.c:30:5 0
config_getoption commands_admin.c:38:27 1
sscanf commands_admin.c:39:9 1
loginfailed commands_admin.c:40:9 0
loginfailed commands_admin.c:42:9 0
__builtin_constant_p commands_admin.c:43:9 1
crypt commands_admin.c:43:9 1
__builtin_constant_p commands_admin.c:43:9 1
__builtin_strlen commands_admin.c:43:9 1
crypt commands_admin.c:43:9 1
__builtin_strlen commands_admin.c:43:9 1
crypt commands_admin.c:43:9 1
crypt commands_admin.c:43:9 1
__builtin_strcmp commands_admin.c:43:9 1
crypt commands_admin.c:43:9 1
__builtin_constant_p commands_admin.c:43:9 1
crypt commands_admin.c:43:9 1
crypt commands_admin.c:43:9 1
crypt commands_admin.c:43:9 1
__builtin_strlen commands_admin.c:43:9 1
crypt commands_admin.c:43:9 1
__builtin_constant_p commands_admin.c:43:9 1
__builtin_strcmp commands_admin.c:43:9 1
crypt commands_admin.c:43:9 1
crypt commands_admin.c:43:9 1
crypt commands_admin.c:43:9 1
crypt commands_admin.c:43:9 1
crypt commands_admin.c:43:9 1
__builtin_constant_p commands_admin.c:43:9 1
__builtin_strlen commands_admin.c:43:9 1
__builtin_constant_p commands_admin.c:43:9 1
crypt commands_admin.c:43:9 1
crypt commands_admin.c:43:9 1
crypt commands_admin.c:43:9 1
__builtin_strcmp commands_admin.c:43:9 1
crypt commands_admin.c:43:9 1
crypt commands_admin.c:43:9 1
__builtin_strcmp commands_admin.c:43:9 1
crypt commands_admin.c:43:9 1
loginfailed commands_admin.c:44:9 0
strcpy commands_admin.c:46:5 0
init_userinfo commands_admin.c:47:5 0
checkpass commands_admin.c:48:9 1
loginfailed commands_admin.c:49:9 0
signal commands_admin.c:51:5 0
control_printf commands_admin.c:52:5 0
bftpd_log commands_admin.c:53:5 0
fgets commands_admin.c:54:12 0
admin_parsecmd commands_admin.c:55:9 0
exit commands_admin.c:57:5 0
control_printf commands_admin.c:62:5 0
control_printf commands_admin.c:70:5 0
fseek commands_admin.c:72:5 0
fgets commands_admin.c:74:16 0
fprintf commands_admin.c:76:13 0
select commands_admin.c:81:13 1
fgets commands_admin.c:82:18 1
exit commands_admin.c:83:17 0
admin_parsecmd commands_admin.c:84:13 0
control_printf commands_admin.c:87:5 0
control_printf commands_admin.c:93:5 0
fprintf commands_admin.c:99:5 0
fprintf commands_admin.c:100:5 0
rewind commands_admin.c:101:5 0
fread commands_admin.c:102:12 0
fprintf commands_admin.c:105:9 0
ctime commands_admin.c:106:18 0
fprintf commands_admin.c:108:5 0
strtoul commands_admin.c:113:33 1
control_printf commands_admin.c:122:9 0
bftpdutmp_pidexists commands_admin.c:123:14 1
kill commands_admin.c:124:13 1
control_printf commands_admin.c:125:13 0
strerror commands_admin.c:125:58 0
__errno_location commands_admin.c:125:67 1
control_printf commands_admin.c:127:13 0
control_printf commands_admin.c:129:9 0
control_printf commands_admin.c:134:5 0
exit commands_admin.c:135:5 0
strlen commands_admin.c:152:6 1
strncasecmp commands_admin.c:161:8 1
strlen commands_admin.c:161:49 1
cutto commands_admin.c:162:4 0
strlen commands_admin.c:162:15 0
memmove commands_admin.c:166:4 0
strlen commands_admin.c:166:20 1
control_printf commands_admin.c:171:2 0
bftpd_cwd_mappath cwd.c:18:14 1
chdir cwd.c:19:6 1
free cwd.c:20:3 0
__errno_location cwd.c:21:10 1
realloc cwd.c:23:8 1
strlen cwd.c:23:21 1
strcpy cwd.c:24:2 0
new_umask cwd.c:25:2 0
free cwd.c:26:2 0
__builtin_constant_p cwd.c:33:10 1
calloc cwd.c:33:10 0
strlen cwd.c:33:10 1
malloc cwd.c:33:10 0
memcpy cwd.c:33:10 0
__strdup cwd.c:33:10 0
__builtin_constant_p cwd.c:40:7 1
__builtin_constant_p cwd.c:40:7 1
__builtin_strlen cwd.c:40:7 1
__builtin_strlen cwd.c:40:7 1
__builtin_strcmp cwd.c:40:7 1
__builtin_constant_p cwd.c:40:7 1
__builtin_strlen cwd.c:40:7 1
__builtin_constant_p cwd.c:40:7 1
__builtin_strcmp cwd.c:40:7 1
__builtin_constant_p cwd.c:40:7 1
__builtin_strlen cwd.c:40:7 1
__builtin_constant_p cwd.c:40:7 1
__builtin_strcmp cwd.c:40:7 1
__builtin_strcmp cwd.c:40:7 1
__builtin_constant_p cwd.c:42:7 1
__builtin_constant_p cwd.c:42:7 1
__builtin_strlen cwd.c:42:7 1
__builtin_strlen cwd.c:42:7 1
__builtin_strcmp cwd.c:42:7 1
__builtin_constant_p cwd.c:42:7 1
__builtin_strlen cwd.c:42:7 1
__builtin_constant_p cwd.c:42:7 1
__builtin_strcmp cwd.c:42:7 1
__builtin_constant_p cwd.c:42:7 1
__builtin_strlen cwd.c:42:7 1
__builtin_constant_p cwd.c:42:7 1
__builtin_strcmp cwd.c:42:7 1
__builtin_strcmp cwd.c:42:7 1
__builtin_constant_p cwd.c:43:13 1
__builtin_constant_p cwd.c:43:13 1
__builtin_strlen cwd.c:43:13 1
__builtin_strlen cwd.c:43:13 1
__builtin_strcmp cwd.c:43:13 1
__builtin_constant_p cwd.c:43:13 1
__builtin_strlen cwd.c:43:13 1
__builtin_constant_p cwd.c:43:13 1
__builtin_strcmp cwd.c:43:13 1
__builtin_constant_p cwd.c:43:13 1
__builtin_strlen cwd.c:43:13 1
__builtin_constant_p cwd.c:43:13 1
__builtin_strcmp cwd.c:43:13 1
__builtin_strcmp cwd.c:43:13 1
strlen cwd.c:44:24 1
strlen cwd.c:45:24 1
__builtin_constant_p cwd.c:47:20 1
__builtin_constant_p cwd.c:47:20 1
__rawmemchr cwd.c:47:20 0
__builtin_strchr cwd.c:47:20 0
__builtin_constant_p cwd.c:48:23 1
__builtin_constant_p cwd.c:48:23 1
__rawmemchr cwd.c:48:23 0
__builtin_strchr cwd.c:48:23 0
strlen cwd.c:50:25 1
strlen cwd.c:50:57 1
strlen cwd.c:51:24 1
strlen cwd.c:54:14 1
strcat cwd.c:55:4 0
strcat cwd.c:56:3 0
malloc cwd.c:64:17 1
strlen cwd.c:64:24 1
strlen cwd.c:64:39 1
__builtin_constant_p cwd.c:70:17 1
calloc cwd.c:70:17 0
strlen cwd.c:70:17 1
malloc cwd.c:70:17 0
memcpy cwd.c:70:17 0
__strdup cwd.c:70:17 0
free cwd.c:73:12 0
strcpy cwd.c:78:3 0
strcpy cwd.c:80:3 0
__builtin_constant_p cwd.c:82:9 1
__builtin_constant_p cwd.c:82:9 1
__rawmemchr cwd.c:82:9 0
__builtin_strchr cwd.c:82:9 0
__builtin_constant_p cwd.c:83:9 1
calloc cwd.c:83:9 0
strlen cwd.c:83:9 1
malloc cwd.c:83:9 0
memcpy cwd.c:83:9 0
__strdup cwd.c:83:9 0
__builtin_constant_p cwd.c:86:6 1
__builtin_constant_p cwd.c:86:6 1
__rawmemchr cwd.c:86:6 0
__builtin_strchr cwd.c:86:6 0
cutto cwd.c:87:5 0
strlen cwd.c:87:18 1
appendpath cwd.c:88:5 0
free cwd.c:89:5 0
appendpath cwd.c:92:2 0
free cwd.c:93:2 0
malloc cwd.c:99:8 1
getcwd cwd.c:100:2 0
free cwd.c:106:3 0
malloc dirlist.c:59:27 1
malloc dirlist.c:61:28 1
__builtin_constant_p dirlist.c:72:17 1
config_getoption dirlist.c:72:17 0
config_getoption dirlist.c:72:17 1
config_getoption dirlist.c:72:17 0
config_getoption dirlist.c:72:17 0
calloc dirlist.c:72:17 0
strlen dirlist.c:72:17 1
config_getoption dirlist.c:72:17 0
malloc dirlist.c:72:17 0
memcpy dirlist.c:72:17 0
config_getoption dirlist.c:72:17 0
__strdup dirlist.c:72:17 0
config_getoption dirlist.c:72:17 0
strtok dirlist.c:77:19 1
__builtin_constant_p dirlist.c:79:14 1
__builtin_constant_p dirlist.c:79:14 1
__builtin_strlen dirlist.c:79:14 1
__builtin_strlen dirlist.c:79:14 1
__builtin_strcmp dirlist.c:79:14 1
__builtin_constant_p dirlist.c:79:14 1
__builtin_strlen dirlist.c:79:14 1
__builtin_constant_p dirlist.c:79:14 1
__builtin_strcmp dirlist.c:79:14 1
__builtin_constant_p dirlist.c:79:14 1
__builtin_strlen dirlist.c:79:14 1
__builtin_constant_p dirlist.c:79:14 1
__builtin_strcmp dirlist.c:79:14 1
__builtin_strcmp dirlist.c:79:14 1
strtoul dirlist.c:79:37 1
getgrnam dirlist.c:81:27 1
add_to_hidegroups dirlist.c:82:17 0
strtoul dirlist.c:84:17 1
add_to_hidegroups dirlist.c:85:17 0
strtoul dirlist.c:85:35 0
free dirlist.c:87:2 0
free dirlist.c:96:13 0
lstat dirlist.c:110:9 1
fprintf dirlist.c:111:9 0
strerror dirlist.c:111:45 0
__errno_location dirlist.c:111:54 1
strcpy dirlist.c:116:3 0
readlink dirlist.c:117:8 0
sprintf dirlist.c:118:3 0
strcpy dirlist.c:121:3 0
localtime dirlist.c:147:18 1
memcpy dirlist.c:149:5 0
time dirlist.c:150:5 0
localtime dirlist.c:151:16 1
mystrncpy dirlist.c:155:6 0
ctime dirlist.c:155:25 1
strftime dirlist.c:157:9 0
mygetpwuid dirlist.c:158:5 0
mygetpwuid dirlist.c:159:5 0
fprintf dirlist.c:160:2 0
stat dirlist.c:172:10 1
strrchr dirlist.c:181:22 1
bftpd_stat dirlist.c:188:9 0
fprintf dirlist.c:190:9 0
strcasecmp dirlist.c:207:13 1
config_getoption dirlist.c:207:25 1
strcasecmp dirlist.c:211:11 1
config_getoption dirlist.c:211:23 1
strcasecmp dirlist.c:214:11 1
config_getoption dirlist.c:214:23 1
strstr dirlist.c:217:10 1
__builtin_constant_p dirlist.c:217:33 1
__builtin_constant_p dirlist.c:217:33 1
__rawmemchr dirlist.c:217:33 1
__builtin_strchr dirlist.c:217:33 1
opendir dirlist.c:220:23 1
closedir dirlist.c:222:9 0
bftpd_cwd_getcwd dirlist.c:223:21 1
chdir dirlist.c:224:9 0
opendir dirlist.c:262:21 1
readdir dirlist.c:265:23 1
fopen dirlist.c:268:30 1
fclose dirlist.c:270:19 0
strrchr dirlist.c:281:41 1
fnmatch dirlist.c:286:37 1
dirlist_one_file dirlist.c:294:19 0
readdir dirlist.c:296:27 1
closedir dirlist.c:298:11 0
chdir dirlist.c:302:3 0
free dirlist.c:303:3 0
malloc list.c:8:35 1
free list.c:27:3 0
free list.c:37:3 0
rewind login.c:72:3 0
fscanf login.c:73:16 1
__builtin_constant_p login.c:74:38 1
__builtin_constant_p login.c:74:38 1
__rawmemchr login.c:74:38 1
__builtin_strchr login.c:74:38 1
__builtin_constant_p login.c:74:60 1
__builtin_constant_p login.c:74:60 1
__rawmemchr login.c:74:60 1
__builtin_strchr login.c:74:60 1
__builtin_constant_p login.c:76:17 1
__builtin_constant_p login.c:76:17 1
__rawmemchr login.c:76:17 0
__builtin_strchr login.c:76:17 0
__builtin_strncpy login.c:77:13 0
sscanf login.c:79:4 0
__builtin_constant_p login.c:79:11 1
__builtin_constant_p login.c:79:11 1
__rawmemchr login.c:79:11 0
__builtin_strchr login.c:79:11 0
cutto login.c:82:6 0
sprintf login.c:87:2 0
rewind login.c:97:3 0
fscanf login.c:98:16 1
__builtin_constant_p login.c:99:38 1
__builtin_constant_p login.c:99:38 1
__rawmemchr login.c:99:38 1
__builtin_strchr login.c:99:38 1
__builtin_constant_p login.c:99:60 1
__builtin_constant_p login.c:99:60 1
__rawmemchr login.c:99:60 1
__builtin_strchr login.c:99:60 1
__builtin_constant_p login.c:101:17 1
__builtin_constant_p login.c:101:17 1
__rawmemchr login.c:101:17 0
__builtin_strchr login.c:101:17 0
__builtin_strncpy login.c:102:13 0
sscanf login.c:104:4 0
__builtin_constant_p login.c:104:11 1
__builtin_constant_p login.c:104:11 1
__rawmemchr login.c:104:11 0
__builtin_strchr login.c:104:11 0
cutto login.c:106:5 0
__builtin_constant_p login.c:107:9 1
__builtin_constant_p login.c:107:9 1
__builtin_strlen login.c:107:9 1
__builtin_strlen login.c:107:9 1
__builtin_strcmp login.c:107:9 1
__builtin_constant_p login.c:107:9 1
__builtin_strlen login.c:107:9 1
__builtin_constant_p login.c:107:9 1
__builtin_strcmp login.c:107:9 1
__builtin_constant_p login.c:107:9 1
__builtin_strlen login.c:107:9 1
__builtin_constant_p login.c:107:9 1
__builtin_strcmp login.c:107:9 1
__builtin_strcmp login.c:107:9 1
strcasecmp login.c:117:6 1
config_getoption login.c:117:17 1
fopen login.c:118:17 1
bftpd_log login.c:119:4 0
memset login.c:128:2 0
getpid login.c:130:14 1
sprintf login.c:132:2 0
getpid login.c:132:37 0
__builtin_strncpy login.c:137:3 0
__builtin_strncpy login.c:139:3 0
time login.c:146:2 0
fseek login.c:147:2 0
fwrite login.c:148:2 0
fflush login.c:149:2 0
bftpd_logwtmp login.c:156:4 0
fclose login.c:157:3 0
config_getoption login.c:164:17 1
wtmp_init login.c:166:2 0
chroot login.c:169:13 1
control_printf login.c:170:13 0
exit login.c:171:13 0
strcasecmp login.c:180:10 1
config_getoption login.c:180:21 1
seteuid login.c:181:16 1
setuid login.c:183:16 1
config_getoption login.c:202:21 1
config_getoption login.c:207:24 1
strcasecmp login.c:208:18 1
getpwnam login.c:214:15 1
control_printf login.c:215:17 0
check_file_password login.c:224:29 1
config_getoption login.c:225:24 1
strcasecmp login.c:228:22 1
control_printf login.c:232:19 0
strncasecmp login.c:239:6 1
config_getoption login.c:239:24 1
strncasecmp login.c:241:8 1
control_printf login.c:242:5 0
control_printf login.c:244:5 0
bftpd_log login.c:245:4 0
exit login.c:246:4 0
strtoul login.c:249:17 1
config_getoption login.c:249:25 0
bftpd_log login.c:254:12 0
bftpdutmp_usercount login.c:257:33 1
control_printf login.c:258:3 0
bftpd_log login.c:259:17 0
exit login.c:260:3 0
strtoul login.c:262:17 1
config_getoption login.c:262:25 0
bftpd_log login.c:267:12 0
bftpdutmp_usercount login.c:270:33 1
control_printf login.c:271:3 0
bftpd_log login.c:272:17 0
exit login.c:273:3 0
strtoul login.c:279:24 1
config_getoption login.c:279:33 0
bftpd_log login.c:284:13 0
bftpdutmp_dup_ip_count login.c:288:41 1
control_printf login.c:290:13 0
bftpd_log login.c:291:13 0
exit login.c:292:13 0
checkuser login.c:299:9 1
checkshell login.c:299:24 1
control_printf login.c:300:3 0
checkpass login.c:311:10 1
strcasecmp login.c:316:6 1
config_getoption login.c:316:26 1
sscanf login.c:317:3 0
config_getoption login.c:317:19 0
strcpy login.c:324:7 0
config_getoption login.c:324:19 0
strcpy login.c:326:3 0
replace login.c:327:7 0
replace login.c:328:7 0
strcasecmp login.c:329:12 1
config_getoption login.c:329:23 1
fopen login.c:331:16 1
fopen login.c:332:15 1
setgid login.c:335:2 0
initgroups login.c:336:2 0
strcasecmp login.c:337:6 1
config_getoption login.c:337:17 1
chroot login.c:338:7 1
control_printf login.c:339:4 0
strerror login.c:340:6 0
__errno_location login.c:340:15 1
exit login.c:341:4 0
bftpd_setuid login.c:343:7 1
control_printf login.c:344:4 0
exit login.c:345:4 0
chdir login.c:347:7 1
control_printf login.c:348:4 0
strerror login.c:349:7 0
__errno_location login.c:349:16 1
exit login.c:350:4 0
bftpd_setuid login.c:353:7 1
control_printf login.c:354:4 0
exit login.c:355:4 0
chdir login.c:357:7 1
control_printf login.c:358:4 0
strerror login.c:359:7 0
__errno_location login.c:359:16 1
chdir login.c:360:4 0
strcpy login.c:369:11 0
config_getoption login.c:369:23 0
replace login.c:372:11 0
replace login.c:373:11 0
strcasecmp login.c:375:17 1
config_getoption login.c:375:28 1
chroot login.c:377:19 1
control_printf login.c:379:18 0
exit login.c:380:18 0
chdir login.c:382:19 1
control_printf login.c:384:18 0
exit login.c:385:18 0
strcpy login.c:393:6 0
config_getoption login.c:393:18 0
strcpy login.c:395:17 0
replace login.c:396:6 0
replace login.c:397:13 0
strcasecmp login.c:400:19 1
config_getoption login.c:400:30 1
chroot login.c:402:22 1
control_printf login.c:404:21 0
exit login.c:405:21 0
chdir login.c:407:22 1
control_printf login.c:409:21 0
exit login.c:410:21 0
new_umask login.c:416:9 0
strcpy login.c:418:9 0
config_getoption login.c:418:21 0
replace login.c:420:9 0
replace login.c:421:9 0
print_file login.c:422:9 0
control_printf login.c:424:2 0
bftpd_logwtmp login.c:426:2 0
bftpdutmp_log login.c:428:9 0
bftpd_log login.c:429:2 0
config_getoption login.c:430:13 1
chdir login.c:431:13 0
config_getoption login.c:431:19 0
bftpd_cwd_init login.c:434:2 0
__builtin_constant_p login.c:437:36 1
__builtin_constant_p login.c:437:36 1
__builtin_strlen login.c:437:36 1
__builtin_strlen login.c:437:36 1
__builtin_strcmp login.c:437:36 1
__builtin_constant_p login.c:437:36 1
__builtin_strlen login.c:437:36 1
__builtin_constant_p login.c:437:36 1
__builtin_strcmp login.c:437:36 1
__builtin_constant_p login.c:437:36 1
__builtin_strlen login.c:437:36 1
__builtin_constant_p login.c:437:36 1
__builtin_strcmp login.c:437:36 1
__builtin_strcmp login.c:437:36 1
free login.c:438:13 0
getpwnam login.c:448:10 1
strcasecmp login.c:452:7 1
config_getoption login.c:452:18 1
checkpass_pwd login.c:460:10 1
wtmp_end login.c:472:2 0
__builtin_constant_p login.c:481:6 1
__builtin_constant_p login.c:481:6 1
crypt login.c:481:6 1
__builtin_strlen login.c:481:6 1
__builtin_strlen login.c:481:6 1
crypt login.c:481:6 1
crypt login.c:481:6 1
crypt login.c:481:6 1
__builtin_strcmp login.c:481:6 1
crypt login.c:481:6 1
__builtin_constant_p login.c:481:6 1
__builtin_strlen login.c:481:6 1
__builtin_constant_p login.c:481:6 1
crypt login.c:481:6 1
crypt login.c:481:6 1
crypt login.c:481:6 1
__builtin_strcmp login.c:481:6 1
crypt login.c:481:6 1
crypt login.c:481:6 1
__builtin_constant_p login.c:481:6 1
crypt login.c:481:6 1
crypt login.c:481:6 1
crypt login.c:481:6 1
__builtin_strlen login.c:481:6 1
crypt login.c:481:6 1
__builtin_constant_p login.c:481:6 1
__builtin_strcmp login.c:481:6 1
crypt login.c:481:6 1
crypt login.c:481:6 1
crypt login.c:481:6 1
crypt login.c:481:6 1
crypt login.c:481:6 1
__builtin_strcmp login.c:481:6 1
crypt login.c:481:6 1
getspnam login.c:483:15 1
__builtin_constant_p login.c:485:7 1
__builtin_constant_p login.c:485:7 1
crypt login.c:485:7 1
__builtin_strlen login.c:485:7 1
__builtin_strlen login.c:485:7 1
crypt login.c:485:7 1
crypt login.c:485:7 1
crypt login.c:485:7 1
__builtin_strcmp login.c:485:7 1
crypt login.c:485:7 1
__builtin_constant_p login.c:485:7 1
__builtin_strlen login.c:485:7 1
__builtin_constant_p login.c:485:7 1
crypt login.c:485:7 1
crypt login.c:485:7 1
crypt login.c:485:7 1
__builtin_strcmp login.c:485:7 1
crypt login.c:485:7 1
crypt login.c:485:7 1
__builtin_constant_p login.c:485:7 1
crypt login.c:485:7 1
crypt login.c:485:7 1
crypt login.c:485:7 1
__builtin_strlen login.c:485:7 1
crypt login.c:485:7 1
__builtin_constant_p login.c:485:7 1
__builtin_strcmp login.c:485:7 1
crypt login.c:485:7 1
crypt login.c:485:7 1
crypt login.c:485:7 1
crypt login.c:485:7 1
crypt login.c:485:7 1
__builtin_strcmp login.c:485:7 1
crypt login.c:485:7 1
fopen login.c:548:12 1
config_getoption login.c:548:18 1
fgets login.c:549:10 0
__builtin_constant_p login.c:550:13 1
__builtin_constant_p login.c:550:13 1
__rawmemchr login.c:550:13 1
__builtin_strchr login.c:550:13 1
strcasecmp login.c:554:10 1
fclose login.c:555:6 0
fclose login.c:559:3 0
strcasecmp login.c:570:10 1
config_getoption login.c:570:21 1
getpwnam login.c:573:8 1
getusershell login.c:574:15 1
__builtin_constant_p login.c:575:8 1
__builtin_constant_p login.c:575:8 1
__builtin_strlen login.c:575:8 1
__builtin_strlen login.c:575:8 1
__builtin_strcmp login.c:575:8 1
__builtin_constant_p login.c:575:8 1
__builtin_strlen login.c:575:8 1
__builtin_constant_p login.c:575:8 1
__builtin_strcmp login.c:575:8 1
__builtin_constant_p login.c:575:8 1
__builtin_strlen login.c:575:8 1
__builtin_constant_p login.c:575:8 1
__builtin_strcmp login.c:575:8 1
__builtin_strcmp login.c:575:8 1
endusershell login.c:577:2 0
fopen login.c:610:14 1
fscanf login.c:614:19 1
__builtin_constant_p login.c:615:10 1
__builtin_constant_p login.c:615:10 1
__builtin_strlen login.c:615:10 1
__builtin_strlen login.c:615:10 1
__builtin_strcmp login.c:615:10 1
__builtin_constant_p login.c:615:10 1
__builtin_strlen login.c:615:10 1
__builtin_constant_p login.c:615:10 1
__builtin_strcmp login.c:615:10 1
__builtin_constant_p login.c:615:10 1
__builtin_strlen login.c:615:10 1
__builtin_constant_p login.c:615:10 1
__builtin_strcmp login.c:615:10 1
__builtin_strcmp login.c:615:10 1
fscanf login.c:620:23 1
__builtin_constant_p login.c:621:14 1
__builtin_constant_p login.c:621:14 1
__builtin_strlen login.c:621:14 1
__builtin_strlen login.c:621:14 1
__builtin_strcmp login.c:621:14 1
__builtin_constant_p login.c:621:14 1
__builtin_strlen login.c:621:14 1
__builtin_constant_p login.c:621:14 1
__builtin_strcmp login.c:621:14 1
__builtin_constant_p login.c:621:14 1
__builtin_strlen login.c:621:14 1
__builtin_constant_p login.c:621:14 1
__builtin_strcmp login.c:621:14 1
__builtin_strcmp login.c:621:14 1
fclose login.c:625:4 0
__builtin_constant_p login.c:629:13 1
__builtin_constant_p login.c:629:13 1
__builtin_strlen login.c:629:13 1
__builtin_strlen login.c:629:13 1
__builtin_strcmp login.c:629:13 1
__builtin_constant_p login.c:629:13 1
__builtin_strlen login.c:629:13 1
__builtin_constant_p login.c:629:13 1
__builtin_strcmp login.c:629:13 1
__builtin_constant_p login.c:629:13 1
__builtin_strlen login.c:629:13 1
__builtin_constant_p login.c:629:13 1
__builtin_strcmp login.c:629:13 1
__builtin_strcmp login.c:629:13 1
__builtin_constant_p login.c:632:17 1
__builtin_constant_p login.c:632:17 1
__builtin_strlen login.c:632:17 1
__builtin_strlen login.c:632:17 1
__builtin_strcmp login.c:632:17 1
__builtin_constant_p login.c:632:17 1
__builtin_strlen login.c:632:17 1
__builtin_constant_p login.c:632:17 1
__builtin_strcmp login.c:632:17 1
__builtin_constant_p login.c:632:17 1
__builtin_strlen login.c:632:17 1
__builtin_constant_p login.c:632:17 1
__builtin_strcmp login.c:632:17 1
__builtin_strcmp login.c:632:17 1
calloc login.c:635:21 1
strlen login.c:635:29 1
strcpy login.c:638:7 0
config_getoption logging.c:32:17 1
strcasecmp logging.c:34:7 1
openlog logging.c:36:3 0
fopen logging.c:40:25 1
control_printf logging.c:41:7 0
exit logging.c:43:7 0
fopen logging.c:45:17 1
fopen logging.c:47:27 1
__builtin_va_start logging.c:62:9 0
vsnprintf logging.c:63:9 0
__builtin_va_end logging.c:64:9 0
fseek logging.c:65:9 0
fprintf logging.c:66:9 0
getpid logging.c:66:51 0
fflush logging.c:68:9 0
__builtin_va_start logging.c:77:2 0
vsnprintf logging.c:78:2 0
__builtin_va_end logging.c:79:2 0
fseek logging.c:81:3 0
time logging.c:82:3 0
strcpy logging.c:83:3 0
ctime logging.c:83:28 0
strlen logging.c:84:11 1
fprintf logging.c:85:3 0
getpid logging.c:86:11 0
fflush logging.c:87:3 0
syslog logging.c:91:9 0
fclose logging.c:98:3 0
closelog logging.c:103:3 0
fclose logging.c:106:9 0
memset logging.c:122:4 0
time logging.c:123:14 1
localtime logging.c:124:15 1
sprintf logging.c:126:8 0
config_getoption logging.c:140:18 1
Current_Date logging.c:144:15 1
calloc logging.c:145:25 0
strlen logging.c:145:33 1
strlen logging.c:145:54 1
sprintf logging.c:149:5 0
fopen logging.c:150:25 1
free logging.c:151:5 0
fseek logging.c:173:5 0
fprintf logging.c:175:5 0
fflush logging.c:176:5 0
fopen main.c:84:10 1
fgets main.c:86:10 0
strlen main.c:87:8 1
control_printf main.c:88:4 0
fclose main.c:90:3 0
Force_Update_Sent_Recv_Log main.c:96:5 0
fclose main.c:98:3 0
fclose main.c:100:3 0
config_end main.c:101:2 0
bftpd_log main.c:102:2 0
bftpd_statuslog main.c:103:5 0
bftpdutmp_end main.c:104:5 0
log_end main.c:105:2 0
login_end main.c:106:2 0
bftpd_cwd_end main.c:107:2 0
close main.c:109:3 0
close main.c:110:3 0
close main.c:111:3 0
close main.c:112:3 0
bftpd_log main.c:126:4 0
Reread_Config_File main.c:127:4 0
signal main.c:128:4 0
waitpid main.c:142:15 1
bftpd_list_count main.c:145:23 1
bftpd_list_get main.c:146:14 1
close main.c:148:4 0
bftpd_list_del main.c:149:4 0
free main.c:150:4 0
bftpdutmp_remove_pid main.c:152:25 0
waitpid main.c:155:20 1
bftpdutmp_end main.c:161:9 0
exit main.c:162:2 0
bftpdutmp_end main.c:168:5 0
close main.c:172:9 0
bftpd_log main.c:173:9 0
control_printf main.c:174:9 0
exit main.c:175:9 0
bftpd_log main.c:177:9 0
control_printf main.c:178:9 0
exit main.c:179:9 0
config_init main.c:187:6 0
hidegroups_init main.c:188:13 0
log_init main.c:190:2 0
bftpdutmp_init main.c:191:9 0
login_init main.c:192:2 0
Open_Send_Receive_Log main.c:193:9 0
signal main.c:207:9 0
getopt main.c:209:20 1
printf main.c:212:5 0
__builtin_constant_p main.c:224:27 1
calloc main.c:224:27 0
strlen main.c:224:27 1
malloc main.c:224:27 0
memcpy main.c:224:27 0
__strdup main.c:224:27 0
fork main.c:231:8 1
exit main.c:232:5 0
setsid main.c:233:4 0
fork main.c:234:8 1
signal main.c:237:3 0
config_init main.c:238:3 0
chdir main.c:239:3 0
hidegroups_init main.c:240:17 0
socket main.c:241:18 1
setsockopt main.c:243:3 0
setsockopt main.c:247:3 0
memset main.c:250:3 0
strtoul main.c:251:23 1
config_getoption main.c:251:31 1
__builtin_constant_p main.c:253:21 1
strcasecmp main.c:254:8 1
config_getoption main.c:254:19 1
config_getoption main.c:255:8 1
inet_addr main.c:258:29 1
config_getoption main.c:258:39 0
bind main.c:259:7 1
fprintf main.c:260:4 0
strerror main.c:260:41 0
__errno_location main.c:260:50 1
exit main.c:261:4 0
listen main.c:263:7 1
fprintf main.c:264:4 0
strerror main.c:264:43 0
__errno_location main.c:264:52 1
exit main.c:265:4 0
close main.c:272:4 0
open main.c:273:4 0
accept main.c:278:18 1
fork main.c:285:11 1
close main.c:287:6 0
close main.c:288:6 0
close main.c:289:6 0
dup2 main.c:291:6 0
fileno main.c:291:17 0
dup2 main.c:292:6 0
fileno main.c:292:17 0
malloc main.c:295:39 1
bftpd_list_add main.c:298:6 0
fopen main.c:306:12 1
init_everything main.c:309:2 0
atexit main.c:310:2 0
signal main.c:311:2 0
signal main.c:312:5 0
strtoul main.c:330:17 1
config_getoption main.c:330:25 0
strtoul main.c:338:17 1
config_getoption main.c:338:25 0
strtoul main.c:345:17 1
config_getoption main.c:345:25 0
config_getoption main.c:360:24 1
config_getoption main.c:363:25 1
getpeername main.c:369:9 1
fileno main.c:369:21 1
control_printf main.c:370:3 0
strerror main.c:371:18 0
__errno_location main.c:371:27 1
setsockopt main.c:375:2 0
fileno main.c:375:13 0
setsockopt main.c:377:2 0
fileno main.c:377:13 0
strcasecmp main.c:380:7 1
config_getoption main.c:380:27 1
gethostbyaddr main.c:381:13 1
__builtin_constant_p main.c:384:21 1
calloc main.c:384:21 0
strlen main.c:384:21 1
malloc main.c:384:21 0
memcpy main.c:384:21 0
__strdup main.c:384:21 0
inet_ntoa main.c:390:39 1
__builtin_constant_p main.c:392:45 1
calloc main.c:392:45 0
strlen main.c:392:45 1
malloc main.c:392:45 0
memcpy main.c:392:45 0
__strdup main.c:392:45 0
inet_ntoa main.c:400:29 1
__builtin_constant_p main.c:402:35 1
calloc main.c:402:35 0
strlen main.c:402:35 1
malloc main.c:402:35 0
memcpy main.c:402:35 0
__strdup main.c:402:35 0
bftpd_log main.c:407:2 0
bftpd_statuslog main.c:408:9 0
getsockname main.c:410:2 0
fileno main.c:410:14 0
print_file main.c:411:2 0
config_getoption main.c:411:18 0
strcpy main.c:413:2 0
config_getoption main.c:413:23 0
strstr main.c:415:6 1
gethostbyaddr main.c:416:13 1
replace main.c:417:4 0
replace main.c:419:4 0
inet_ntoa main.c:419:32 0
replace main.c:421:2 0
inet_ntoa main.c:421:30 0
control_printf main.c:422:2 0
alarm main.c:426:9 0
fgets main.c:429:9 0
alarm main.c:430:9 0
strlen main.c:431:13 1
bftpd_statuslog main.c:432:9 0
parsecmd main.c:436:3 0
free main.c:439:29 0
strstr mystring.c:7:6 1
strstr mystring.c:8:16 0
memmove mystring.c:16:2 0
strlen mystring.c:16:26 1
__builtin_strncpy mystring.c:21:2 0
strlen mystring.c:41:23 1
strlen mystring.c:42:21 1
strlen mystring.c:43:22 1
strstr mystring.c:45:15 1
strlen mystring.c:52:25 1
memmove mystring.c:53:13 0
strlen mystring.c:53:32 1
strlen mystring.c:53:46 1
strlen mystring.c:53:59 1
memcpy mystring.c:54:6 0
strlen mystring.c:54:22 0
strstr mystring.c:56:19 1
strlen mystring.c:57:26 1
malloc mystring.c:72:20 0
strlen mystring.c:72:43 1
memset mystring.c:76:5 0
strlen mystring.c:76:20 1
__builtin_strncpy mystring.c:77:5 0
strlen mystring.c:77:5 0
strlen mystring.c:80:6 0
strtok mystring.c:84:19 1
strtok mystring.c:86:19 1
free mystring.c:89:4 0
__builtin_constant_p mystring.c:93:13 1
__builtin_constant_p mystring.c:93:13 1
__rawmemchr mystring.c:93:13 1
__builtin_strchr mystring.c:93:13 1
__builtin_constant_p mystring.c:97:19 1
__builtin_constant_p mystring.c:97:19 1
__rawmemchr mystring.c:97:19 0
__builtin_strchr mystring.c:97:19 0
free mystring.c:101:5 0
atoi mystring.c:104:17 1
atoi mystring.c:105:17 1
free mystring.c:107:5 0
free mystring.c:112:5 0
atoi mystring.c:118:15 1
free mystring.c:119:5 0
fgets options.c:27:7 1
__builtin_constant_p options.c:29:10 1
__builtin_constant_p options.c:29:10 1
__rawmemchr options.c:29:10 0
__builtin_strchr options.c:29:10 0
__builtin_constant_p options.c:29:27 1
__builtin_constant_p options.c:29:27 1
__rawmemchr options.c:29:27 0
__builtin_strchr options.c:29:27 0
__builtin_constant_p options.c:29:46 1
__builtin_constant_p options.c:29:46 1
__rawmemchr options.c:29:46 0
__builtin_strchr options.c:29:46 0
__builtin_constant_p options.c:30:7 1
__builtin_constant_p options.c:30:7 1
__builtin_constant_p options.c:30:7 1
__builtin_constant_p options.c:30:7 1
__rawmemchr options.c:30:7 0
__builtin_strchr options.c:30:7 0
__rawmemchr options.c:30:7 0
__builtin_constant_p options.c:30:7 1
__builtin_constant_p options.c:30:7 1
__rawmemchr options.c:30:7 0
__builtin_strchr options.c:30:7 0
__builtin_strchr options.c:30:7 0
__builtin_constant_p options.c:30:7 1
__builtin_constant_p options.c:30:7 1
__rawmemchr options.c:30:7 0
__builtin_strchr options.c:30:7 0
__builtin_constant_p options.c:36:6 1
__builtin_constant_p options.c:36:6 1
__rawmemchr options.c:36:6 1
__builtin_strchr options.c:36:6 1
__builtin_constant_p options.c:37:4 1
__builtin_constant_p options.c:37:4 1
__rawmemchr options.c:37:4 0
__builtin_strchr options.c:37:4 0
config_read_line options.c:50:8 1
__builtin_constant_p options.c:54:10 1
__builtin_constant_p options.c:54:10 1
__rawmemchr options.c:54:10 0
__builtin_strchr options.c:54:10 0
strstr options.c:56:18 1
__builtin_constant_p options.c:56:48 1
__builtin_constant_p options.c:56:48 1
__rawmemchr options.c:56:48 1
__builtin_strchr options.c:56:48 1
malloc options.c:59:39 1
malloc options.c:61:42 1
__builtin_constant_p options.c:67:23 1
__builtin_constant_p options.c:67:23 1
__rawmemchr options.c:67:23 0
__builtin_strchr options.c:67:23 0
__builtin_constant_p options.c:71:21 1
__builtin_constant_p options.c:71:21 1
__rawmemchr options.c:71:21 0
__builtin_strchr options.c:71:21 0
__builtin_constant_p options.c:72:32 1
calloc options.c:72:32 0
strlen options.c:72:32 1
malloc options.c:72:32 0
memcpy options.c:72:32 0
__strdup options.c:72:32 0
create_options options.c:76:17 0
malloc options.c:79:30 1
malloc options.c:81:29 1
malloc options.c:87:32 0
strlen options.c:87:40 1
malloc options.c:89:47 0
strlen options.c:89:55 1
sscanf options.c:90:11 0
config_read_line options.c:93:9 1
strcat options.c:111:13 0
__builtin_constant_p options.c:112:20 1
__builtin_constant_p options.c:112:20 1
__rawmemchr options.c:112:20 0
__builtin_strchr options.c:112:20 0
sscanf options.c:113:17 0
cutto options.c:114:17 0
strlen options.c:114:42 1
sscanf options.c:116:25 1
getgrgid options.c:117:42 1
getgrnam options.c:120:42 1
malloc options.c:123:45 1
malloc options.c:125:46 1
__builtin_constant_p options.c:128:41 1
calloc options.c:128:41 0
strlen options.c:128:41 1
malloc options.c:128:41 0
memcpy options.c:128:41 0
__strdup options.c:128:41 0
__builtin_constant_p options.c:129:43 1
calloc options.c:129:43 0
strlen options.c:129:43 1
malloc options.c:129:43 0
memcpy options.c:129:43 0
__strdup options.c:129:43 0
malloc options.c:132:40 1
__builtin_constant_p options.c:134:47 1
calloc options.c:134:47 0
strlen options.c:134:47 1
malloc options.c:134:47 0
memcpy options.c:134:47 0
__strdup options.c:134:47 0
sscanf options.c:137:21 1
getpwuid options.c:138:35 1
getpwnam options.c:141:35 1
malloc options.c:144:41 1
malloc options.c:146:41 1
__builtin_constant_p options.c:150:37 1
calloc options.c:150:37 0
strlen options.c:150:37 1
malloc options.c:150:37 0
memcpy options.c:150:37 0
__strdup options.c:150:37 0
__builtin_constant_p options.c:151:39 1
calloc options.c:151:39 0
strlen options.c:151:39 1
malloc options.c:151:39 0
memcpy options.c:151:39 0
__strdup options.c:151:39 0
__builtin_constant_p options.c:154:38 1
calloc options.c:154:38 0
strlen options.c:154:38 1
malloc options.c:154:38 0
memcpy options.c:154:38 0
__strdup options.c:154:38 0
__builtin_constant_p options.c:155:36 1
calloc options.c:155:36 0
strlen options.c:155:36 1
malloc options.c:155:36 0
memcpy options.c:155:36 0
__strdup options.c:155:36 0
__builtin_constant_p options.c:156:38 1
calloc options.c:156:38 0
strlen options.c:156:38 1
malloc options.c:156:38 0
memcpy options.c:156:38 0
__strdup options.c:156:38 0
free options.c:158:13 0
fopen options.c:173:15 1
control_printf options.c:175:3 0
exit options.c:176:3 0
config_read_line options.c:178:16 1
__builtin_constant_p options.c:179:7 1
__builtin_constant_p options.c:179:7 1
__rawmemchr options.c:179:7 1
__builtin_strchr options.c:179:7 1
replace options.c:180:13 0
replace options.c:181:13 0
replace options.c:182:13 0
replace options.c:183:13 0
strcasecmp options.c:184:18 1
create_options options.c:185:17 0
strstr options.c:186:24 1
malloc options.c:188:39 1
malloc options.c:190:42 1
fclose options.c:195:21 0
control_printf options.c:196:21 0
__builtin_constant_p options.c:200:29 1
calloc options.c:200:29 0
strlen options.c:200:29 1
malloc options.c:200:29 0
memcpy options.c:200:29 0
__strdup options.c:200:29 0
fclose options.c:203:20 0
control_printf options.c:204:20 0
exit options.c:205:20 0
__builtin_constant_p options.c:207:18 1
__builtin_constant_p options.c:207:18 1
__rawmemchr options.c:207:18 0
__builtin_strchr options.c:207:18 0
create_options options.c:208:17 0
strstr options.c:209:24 1
malloc options.c:211:39 1
malloc options.c:213:43 1
fclose options.c:217:21 0
control_printf options.c:218:21 0
exit options.c:219:21 0
cutto options.c:221:17 0
__builtin_constant_p options.c:222:18 1
__builtin_constant_p options.c:222:18 1
__rawmemchr options.c:222:18 0
__builtin_strchr options.c:222:18 0
__builtin_constant_p options.c:225:37 1
calloc options.c:225:37 0
strlen options.c:225:37 1
malloc options.c:225:37 0
memcpy options.c:225:37 0
__strdup options.c:225:37 0
create_options options.c:226:17 0
fclose options.c:230:2 0
strcasecmp options.c:244:8 1
memset options.c:256:5 0
getcwd options.c:257:5 0
strcat options.c:258:5 0
malloc options.c:260:15 1
strlen options.c:260:22 1
strcpy options.c:264:9 0
strcat options.c:265:9 0
__builtin_constant_p options.c:266:14 1
strlen options.c:266:14 1
__builtin_constant_p options.c:266:14 1
strlen options.c:266:14 1
strlen options.c:266:14 1
__builtin_constant_p options.c:266:14 1
strlen options.c:266:14 1
strlen options.c:266:14 1
__builtin_constant_p options.c:266:14 1
__builtin_constant_p options.c:266:14 1
__builtin_strlen options.c:266:14 1
__builtin_strlen options.c:266:14 1
__builtin_strcmp options.c:266:14 1
__builtin_constant_p options.c:266:14 1
__builtin_strlen options.c:266:14 1
__builtin_constant_p options.c:266:14 1
__builtin_strcmp options.c:266:14 1
__builtin_constant_p options.c:266:14 1
__builtin_strlen options.c:266:14 1
__builtin_constant_p options.c:266:14 1
__builtin_strcmp options.c:266:14 1
__builtin_strcmp options.c:266:14 1
strncmp options.c:266:14 1
strlen options.c:266:14 1
strlen options.c:268:22 1
strlen options.c:268:36 1
getoption options.c:269:25 1
getoption options.c:272:21 1
free options.c:276:9 0
getoption options.c:279:16 1
__builtin_constant_p options.c:289:18 1
__builtin_constant_p options.c:289:18 1
__builtin_strlen options.c:289:18 1
__builtin_strlen options.c:289:18 1
__builtin_strcmp options.c:289:18 1
__builtin_constant_p options.c:289:18 1
__builtin_strlen options.c:289:18 1
__builtin_constant_p options.c:289:18 1
__builtin_strcmp options.c:289:18 1
__builtin_constant_p options.c:289:18 1
__builtin_strlen options.c:289:18 1
__builtin_constant_p options.c:289:18 1
__builtin_strcmp options.c:289:18 1
__builtin_strcmp options.c:289:18 1
__builtin_constant_p options.c:300:22 1
__builtin_constant_p options.c:300:22 1
__builtin_strlen options.c:300:22 1
__builtin_strlen options.c:300:22 1
__builtin_strcmp options.c:300:22 1
__builtin_constant_p options.c:300:22 1
__builtin_strlen options.c:300:22 1
__builtin_constant_p options.c:300:22 1
__builtin_strcmp options.c:300:22 1
__builtin_constant_p options.c:300:22 1
__builtin_strlen options.c:300:22 1
__builtin_constant_p options.c:300:22 1
__builtin_strcmp options.c:300:22 1
__builtin_strcmp options.c:300:22 1
user_is_in_group options.c:314:17 1
getoption_directories options.c:315:31 1
getoption options.c:317:31 1
__builtin_constant_p options.c:331:18 1
__builtin_constant_p options.c:331:18 1
__builtin_strlen options.c:331:18 1
__builtin_strlen options.c:331:18 1
__builtin_strcmp options.c:331:18 1
__builtin_constant_p options.c:331:18 1
__builtin_strlen options.c:331:18 1
__builtin_constant_p options.c:331:18 1
__builtin_strcmp options.c:331:18 1
__builtin_constant_p options.c:331:18 1
__builtin_strlen options.c:331:18 1
__builtin_constant_p options.c:331:18 1
__builtin_strcmp options.c:331:18 1
__builtin_strcmp options.c:331:18 1
getoption_directories options.c:332:31 1
getoption options.c:334:31 1
getoption_directories options.c:345:19 1
getoption options.c:348:23 1
getoption_user options.c:361:20 1
getoption_group options.c:363:20 1
getoption_global options.c:366:16 1
getoption options.c:394:20 1
fopen options.c:420:19 1
config_read_line options.c:425:12 1
__builtin_constant_p options.c:428:13 1
__builtin_constant_p options.c:428:13 1
__rawmemchr options.c:428:13 1
__builtin_strchr options.c:428:13 1
strstr options.c:432:13 1
config_getoption_reread options.c:433:26 1
strstr options.c:434:18 1
config_getoption_reread options.c:435:26 1
strstr options.c:436:18 1
config_getoption_reread options.c:437:26 1
strstr options.c:438:18 1
config_getoption_reread options.c:439:26 1
strstr options.c:440:18 1
config_getoption_reread options.c:441:26 1
strstr options.c:442:18 1
config_getoption_reread options.c:443:26 1
strstr options.c:444:18 1
config_getoption_reread options.c:445:26 1
strstr options.c:446:18 1
config_getoption_reread options.c:447:26 1
strstr options.c:448:18 1
config_getoption_reread options.c:449:26 1
strstr options.c:450:18 1
config_getoption_reread options.c:451:26 1
strstr options.c:452:18 1
config_getoption_reread options.c:453:26 1
__builtin_constant_p options.c:458:20 1
__builtin_constant_p options.c:458:20 1
__rawmemchr options.c:458:20 0
__builtin_strchr options.c:458:20 0
__builtin_constant_p options.c:463:19 1
__builtin_constant_p options.c:463:19 1
__rawmemchr options.c:463:19 0
__builtin_strchr options.c:463:19 0
strlen options.c:472:17 1
strcpy options.c:473:15 0
config_read_line options.c:476:15 1
fclose options.c:479:5 0
strtoul options.c:482:17 1
config_getoption options.c:482:26 0
atoi options.c:491:23 1
config_getoption options.c:491:29 0
atoi options.c:495:20 1
config_getoption options.c:495:26 0
atoi options.c:499:18 1
config_getoption options.c:499:24 0
memcpy md5.c:136:5 0
memcpy md5.c:137:5 0
memcpy md5.c:138:5 0
memcpy md5.c:139:5 0
memcpy md5.c:140:5 0
memcpy md5.c:141:5 0
memcpy md5.c:142:5 0
memcpy md5.c:143:5 0
memcpy md5.c:144:5 0
memcpy md5.c:145:5 0
memcpy md5.c:146:5 0
memcpy md5.c:147:5 0
memcpy md5.c:148:5 0
memcpy md5.c:149:5 0
memcpy md5.c:150:5 0
memcpy md5.c:151:5 0
memcpy md5.c:245:3 0
memcpy md5.c:249:3 0
memcpy md5.c:253:3 0
memcpy md5.c:257:3 0
memcpy md5.c:337:5 0
process_block md5.c:342:7 0
memcpy md5.c:344:7 0
process_block md5.c:356:5 0
memcpy md5.c:363:5 0
memset md5.c:426:7 0
memcpy md5.c:436:3 0
memcpy md5.c:442:3 0
process_block md5.c:446:3 0
md5_get_result md5.c:447:3 0
md5_init md5.c:477:3 0
md5_process md5.c:480:3 0
md5_finish md5.c:483:3 0
__builtin_constant_p md5.c:564:12 1
__builtin_constant_p md5.c:564:12 1
__rawmemchr md5.c:564:12 0
__builtin_strchr md5.c:564:12 0
__builtin_constant_p md5.c:565:11 1
__builtin_constant_p md5.c:565:11 1
__rawmemchr md5.c:565:11 0
__builtin_strchr md5.c:565:11 0
