fprintf@assert.cc:13:5
__assert_fail@parse.c:267:5
print_error@parse.c:583:13
print_error@parse.c:597:25
print_error@parse.c:659:9
print_error@parse.c:701:21
print_error@parse.c:712:13
print_error@parse.c:726:9
print_error@parse.c:743:9
print_error@parse.c:772:9
print_error@parse.c:861:9
print_error@parse.c:873:9
print_error@parse.c:885:9
print_error@parse.c:956:9
print_error@parse.c:972:13
print_error@parse.c:974:9
print_error@parse.c:1021:21
print_error@parse.c:1027:21
print_error@parse.c:1040:21
print_error@parse.c:1046:21
print_error@parse.c:1059:13
fprintf@rfcnb-util.c:306:13
fprintf@rfcnb-util.c:308:13
fprintf@ntlmauth.cc:30:5
fprintf@ntlmauth.cc:72:9
fprintf@ntlmauth.cc:123:17
fprintf@ntlmauth.cc:136:17
fprintf@ntlmauth.cc:245:9
fprintf@ntlmauth.cc:248:5
fprintf@ntlmauth.cc:249:5
fprintf@ntlmauth.cc:250:5
fprintf@ntlmauth.cc:251:5
fprintf@ntlmauth.cc:252:5
fprintf@ntlmauth.cc:253:5
fprintf@ntlmauth.cc:254:5
fprintf@ntlmauth.cc:255:5
fprintf@ntlmauth.cc:261:9
fprintf@ntlmauth.cc:264:9
fprintf@ntlmauth.cc:272:9
__assert_fail@hash.cc:210:5
__assert_fail@MemPoolChunked.cc:297:5
__assert_fail@MemPoolChunked.cc:318:5
__assert_fail@MemPoolChunked.cc:328:5
__assert_fail@MemPoolChunked.cc:345:9
__assert_fail@MemPoolChunked.cc:346:9
__assert_fail@heap.c:75:5
__assert_fail@heap.c:80:5
__assert_fail@heap.c:147:5
__assert_fail@heap.c:213:5
__assert_fail@heap.c:249:5
__assert_fail@heap.c:259:5
__assert_fail@heap.c:270:5
__assert_fail@heap.c:284:5
__assert_fail@heap.c:330:13
fprintf@radix.c:527:9
fprintf@radix.c:677:17
fprintf@radix.c:729:13
fprintf@radix.c:734:13
fprintf@radix.c:755:9
fprintf@radix.c:787:17
__assert_fail@radix.c:844:13
fprintf@radix.c:952:9
fprintf@radix.c:958:9
fprintf@radix.c:967:9
__assert_fail@rfc1035.c:169:5
__assert_fail@rfc1035.c:189:5
__assert_fail@rfc1035.c:228:5
__assert_fail@rfc1035.c:253:5
__assert_fail@rfc1035.c:315:5
__assert_fail@rfc1035.c:447:5
__assert_fail@rfc1035.c:690:5
__assert_fail@rfc1035.c:737:5
__assert_fail@rfc3596.c:86:5
fprintf@lt__alloc.c:46:3
__assert_fail@lt_error.c:53:3
__assert_fail@lt_error.c:95:3
__assert_fail@lt_error.c:96:3
__assert_fail@ltdl.c:199:3
__assert_fail@ltdl.c:591:3
__assert_fail@ltdl.c:592:3
__assert_fail@ltdl.c:717:2
__assert_fail@ltdl.c:1755:3
__assert_fail@ltdl.c:1756:3
__assert_fail@ltdl.c:1757:3
__assert_fail@ltdl.c:2135:3
fprintf@basic_ncsa_auth.cc:80:9
fprintf@basic_ncsa_auth.cc:85:9
fprintf@basic_ncsa_auth.cc:97:13
fprintf@basic_ncsa_auth.cc:125:9
fprintf@basic_ncsa_auth.cc:138:13
fprintf@basic_ncsa_auth.cc:142:13
fprintf@basic_ncsa_auth.cc:149:13
fprintf@basic_ncsa_auth.cc:169:13
fprintf@basic_ncsa_auth.cc:182:9
printf@basic_nis_auth.cc:60:13
printf@basic_nis_auth.cc:64:13
printf@basic_nis_auth.cc:75:13
printf@basic_nis_auth.cc:86:13
fprintf@basic_radius_auth.cc:178:9
fprintf@basic_radius_auth.cc:193:9
fprintf@basic_radius_auth.cc:428:17
fprintf@basic_radius_auth.cc:458:17
fprintf@basic_radius_auth.cc:464:5
fprintf@basic_radius_auth.cc:465:5
fprintf@basic_radius_auth.cc:520:13
fprintf@basic_radius_auth.cc:525:9
fprintf@basic_radius_auth.cc:529:9
fprintf@basic_radius_auth.cc:552:9
fprintf@basic_radius_auth.cc:576:9
fprintf@basic_radius_auth.cc:589:13
fprintf@basic_radius_auth.cc:594:13
fprintf@basic_radius_auth.cc:605:13
fprintf@basic_smb_auth.cc:189:13
fprintf@basic_smb_auth.cc:215:13
fprintf@basic_smb_auth.cc:219:13
fprintf@basic_smb_auth.cc:237:13
puts@msntauth.cc:132:13
puts@msntauth.cc:144:13
puts@msntauth.cc:149:13
puts@msntauth.cc:160:13
fprintf@fake.cc:60:5
fprintf@fake.cc:82:13
fprintf@basic_getpwnam_auth.cc:104:13
fprintf@basic_getpwnam_auth.cc:108:13
fprintf@basic_getpwnam_auth.cc:119:13
fprintf@basic_getpwnam_auth.cc:122:17
fprintf@digest_file_auth.cc:85:9
fprintf@digest_file_auth.cc:99:9
fprintf@text_backend.cc:78:9
fprintf@text_backend.cc:83:9
fprintf@text_backend.cc:94:13
fprintf@text_backend.cc:115:17
fprintf@text_backend.cc:153:9
fprintf@ext_file_userip_acl.cc:104:17
fprintf@ext_file_userip_acl.cc:198:9
fprintf@ext_file_userip_acl.cc:242:13
fprintf@ext_file_userip_acl.cc:248:9
fprintf@ext_file_userip_acl.cc:254:9
fprintf@ext_file_userip_acl.cc:262:13
fprintf@ext_file_userip_acl.cc:264:17
fprintf@ext_file_userip_acl.cc:268:13
fprintf@ext_file_userip_acl.cc:275:13
fprintf@ext_file_userip_acl.cc:276:13
fprintf@ext_file_userip_acl.cc:286:13
fprintf@check_group.cc:94:9
fprintf@check_group.cc:117:9
fprintf@check_group.cc:135:5
fprintf@check_group.cc:175:17
fprintf@check_group.cc:177:17
fprintf@check_group.cc:187:9
fprintf@check_group.cc:195:13
fprintf@check_group.cc:197:17
fprintf@check_group.cc:201:13
fprintf@check_group.cc:206:13
fprintf@check_group.cc:236:13
fprintf@log_file_daemon.cc:62:13
fprintf@log_file_daemon.cc:73:13
printf@log_file_daemon.cc:99:9
fprintf@log_file_daemon.cc:127:25
fprintf@negotiate_wrapper.cc:90:5
fprintf@negotiate_wrapper.cc:153:9
fprintf@negotiate_wrapper.cc:165:9
fprintf@negotiate_wrapper.cc:182:9
fprintf@negotiate_wrapper.cc:186:9
fprintf@negotiate_wrapper.cc:191:9
fprintf@negotiate_wrapper.cc:210:9
fprintf@negotiate_wrapper.cc:219:9
fprintf@negotiate_wrapper.cc:223:9
fprintf@negotiate_wrapper.cc:228:9
fprintf@negotiate_wrapper.cc:247:9
fprintf@negotiate_wrapper.cc:261:9
fprintf@negotiate_wrapper.cc:274:21
fprintf@negotiate_wrapper.cc:279:17
fprintf@negotiate_wrapper.cc:282:13
fprintf@negotiate_wrapper.cc:302:17
fprintf@negotiate_wrapper.cc:304:13
fprintf@negotiate_wrapper.cc:309:17
fprintf@negotiate_wrapper.cc:311:13
fprintf@negotiate_wrapper.cc:315:13
fprintf@negotiate_wrapper.cc:320:17
fprintf@negotiate_wrapper.cc:322:13
fprintf@negotiate_wrapper.cc:327:17
fprintf@negotiate_wrapper.cc:329:13
fprintf@negotiate_wrapper.cc:338:13
fprintf@negotiate_wrapper.cc:354:21
fprintf@negotiate_wrapper.cc:359:17
fprintf@negotiate_wrapper.cc:386:21
fprintf@negotiate_wrapper.cc:391:17
fprintf@fake.cc:60:5
fprintf@fake.cc:85:13
fprintf@fake.cc:124:13
fprintf@fake.cc:127:13
fprintf@ntlm_fake_auth.cc:80:5
fprintf@ntlm_fake_auth.cc:114:13
fprintf@ntlm_fake_auth.cc:191:17
printf@ntlm_fake_auth.cc:191:17
fprintf@ntlm_fake_auth.cc:202:21
printf@ntlm_fake_auth.cc:202:21
fprintf@ntlm_fake_auth.cc:205:17
printf@ntlm_fake_auth.cc:205:17
fprintf@ntlm_smb_lm_auth.cc:150:9
fprintf@ntlm_smb_lm_auth.cc:154:9
fprintf@ntlm_smb_lm_auth.cc:220:9
fprintf@ntlm_smb_lm_auth.cc:237:9
fprintf@ntlm_smb_lm_auth.cc:278:9
fprintf@ntlm_smb_lm_auth.cc:303:17
fprintf@ntlm_smb_lm_auth.cc:349:5
fprintf@ntlm_smb_lm_auth.cc:373:13
fprintf@ntlm_smb_lm_auth.cc:380:13
fprintf@ntlm_smb_lm_auth.cc:397:13
fprintf@ntlm_smb_lm_auth.cc:411:13
fprintf@ntlm_smb_lm_auth.cc:431:9
fprintf@ntlm_smb_lm_auth.cc:463:9
fprintf@ntlm_smb_lm_auth.cc:489:9
fprintf@ntlm_smb_lm_auth.cc:506:13
printf@ntlm_smb_lm_auth.cc:506:13
fprintf@ntlm_smb_lm_auth.cc:519:13
printf@ntlm_smb_lm_auth.cc:519:13
fprintf@ntlm_smb_lm_auth.cc:534:17
fprintf@ntlm_smb_lm_auth.cc:535:17
printf@ntlm_smb_lm_auth.cc:535:17
fprintf@ntlm_smb_lm_auth.cc:542:21
printf@ntlm_smb_lm_auth.cc:542:21
fprintf@ntlm_smb_lm_auth.cc:553:17
fprintf@ntlm_smb_lm_auth.cc:558:21
printf@ntlm_smb_lm_auth.cc:558:21
fprintf@ntlm_smb_lm_auth.cc:559:21
fprintf@ntlm_smb_lm_auth.cc:566:21
printf@ntlm_smb_lm_auth.cc:566:21
fprintf@ntlm_smb_lm_auth.cc:570:21
fprintf@ntlm_smb_lm_auth.cc:578:25
printf@ntlm_smb_lm_auth.cc:578:25
fprintf@ntlm_smb_lm_auth.cc:581:25
printf@ntlm_smb_lm_auth.cc:581:25
fprintf@ntlm_smb_lm_auth.cc:584:25
printf@ntlm_smb_lm_auth.cc:584:25
fprintf@ntlm_smb_lm_auth.cc:587:25
printf@ntlm_smb_lm_auth.cc:587:25
fprintf@ntlm_smb_lm_auth.cc:591:21
fprintf@ntlm_smb_lm_auth.cc:595:25
printf@ntlm_smb_lm_auth.cc:595:25
fprintf@ntlm_smb_lm_auth.cc:598:25
printf@ntlm_smb_lm_auth.cc:598:25
fprintf@ntlm_smb_lm_auth.cc:601:25
printf@ntlm_smb_lm_auth.cc:601:25
fprintf@ntlm_smb_lm_auth.cc:605:21
printf@ntlm_smb_lm_auth.cc:605:21
fprintf@ntlm_smb_lm_auth.cc:608:21
printf@ntlm_smb_lm_auth.cc:608:21
fprintf@ntlm_smb_lm_auth.cc:611:17
printf@ntlm_smb_lm_auth.cc:611:17
fprintf@ntlm_smb_lm_auth.cc:619:13
printf@ntlm_smb_lm_auth.cc:619:13
fprintf@ntlm_smb_lm_auth.cc:637:5
printf@ntlm_smb_lm_auth.cc:637:5
mustStop@AsyncJob.cc:131:5
Printf@AsyncJob.cc:164:9
_comm_close@ConnOpener.cc:210:5
xassert@ConnOpener.cc:292:5
xassert@ConnOpener.cc:293:5
xassert@ConnOpener.cc:454:5
xassert@ConnOpener.cc:472:5
fatalf@ModEpoll.cc:72:9
xassert@Read.cc:61:5
fatalf@TcpAcceptor.cc:233:9
fatal@TcpAcceptor.cc:235:9
fatal@Acl.cc:85:5
fatal@Acl.cc:92:5
fatal@Acl.cc:116:9
fatalf@Acl.cc:283:9
fatal@Acl.cc:309:5
xassert@BoolOps.cc:36:5
xassert@Checklist.cc:60:5
xassert@Checklist.cc:146:9
xassert@Checklist.cc:273:5
xassert@InnerNode.cc:36:5
xassert@Tree.cc:34:5
xassert@Tree.cc:36:9
xassert@Tree.cc:47:5
xassert@Tree.cc:89:9
xassert@FilledChecklist.cc:108:5
xassert@FilledChecklist.cc:121:5
xassert@AllOf.cc:37:5
fatal@Asn.cc:572:9
xassert@DestinationDomain.cc:47:5
fatalf@HierCodeData.cc:56:17
fatal@Ip.cc:23:5
fatal@Ip.cc:30:5
xassert@NoteData.cc:81:5
xassert@Format.cc:1302:17
fatalf@Token.cc:395:13
xassert@Client.cc:68:5
xassert@Client.cc:113:5
abortOnData@Client.cc:385:9
abortOnData@Client.cc:390:9
xassert@Client.cc:563:5
abortOnBadEntry@Client.cc:699:9
abortOnBadEntry@Client.cc:733:9
abortOnBadEntry@Client.cc:796:9
abortOnBadEntry@Client.cc:815:9
lengthWentBad@Client.cc:829:5
abortOnBadEntry@Client.cc:859:9
abortAll@Client.cc:864:9
abortAll@Client.cc:878:9
abortOnBadEntry@Client.cc:894:9
abortOnBadEntry@Client.cc:924:9
abortOnData@Client.cc:953:5
xassert@FtpClient.cc:63:5
xassert@FtpClient.cc:74:5
xassert@FtpClient.cc:77:5
abortOnData@FtpClient.cc:359:13
xassert@FtpClient.cc:423:5
abortOnBadEntry@FtpClient.cc:871:9
abortOnData@FtpClient.cc:938:9
xassert@FtpClient.cc:1146:5
xassert@FtpGateway.cc:460:5
xassert@FtpGateway.cc:481:5
abortAll@FtpGateway.cc:1006:9
abortAll@FtpGateway.cc:1738:9
abortAll@FtpGateway.cc:1977:9
abortOnData@FtpRelay.cc:307:9
xassert@FtpRelay.cc:353:5
xassert@FtpRelay.cc:445:5
xassert@FtpRelay.cc:462:5
abortAll@FtpRelay.cc:507:9
xassert@FtpServer.cc:171:5
writeCustomReply@FtpServer.cc:379:9
putStr@FtpServer.cc:749:9
writeCustomReply@FtpServer.cc:819:9
writeCustomReply@FtpServer.cc:891:9
writeCustomReply@FtpServer.cc:928:9
writeCustomReply@FtpServer.cc:965:9
fatal@FtpServer.cc:1028:9
writeCustomReply@FtpServer.cc:1066:9
writeCustomReply@FtpServer.cc:1079:9
Printf@FtpServer.cc:1112:9
writeCustomReply@FtpServer.cc:1819:5
stopReceiving@HttpServer.cc:133:5
xassert@rock/RockRebuild.cc:122:5
mustStop@rock/RockRebuild.cc:140:9
fatalf@rock/RockRebuild.cc:404:5
xassert@rock/RockRebuild.cc:470:9
freeBadEntry@rock/RockRebuild.cc:484:9
freeBadEntry@rock/RockRebuild.cc:501:9
freeBadEntry@rock/RockRebuild.cc:510:9
xassert@rock/RockRebuild.cc:640:5
xassert@rock/RockSwapDir.cc:164:5
xassert@rock/RockSwapDir.cc:222:5
createError@rock/RockSwapDir.cc:291:9
fatal@rock/RockSwapDir.cc:308:5
fatal@rock/RockSwapDir.cc:334:9
storeAppendPrintf@rock/RockSwapDir.cc:464:9
storeAppendPrintf@rock/RockSwapDir.cc:511:9
fatal@rock/RockSwapDir.cc:562:9
fatalf@rock/RockSwapDir.cc:792:9
fatalf@rock/RockSwapDir.cc:795:9
storeAppendPrintf@rock/RockSwapDir.cc:972:5
storeAppendPrintf@rock/RockSwapDir.cc:979:5
storeAppendPrintf@rock/RockSwapDir.cc:986:5
storeAppendPrintf@rock/RockSwapDir.cc:1001:5
storeAppendPrintf@rock/RockSwapDir.cc:1010:9
xassert@ufs/UFSStoreState.cc:35:9
xassert@ufs/UFSStoreState.cc:59:5
fatal@ufs/UFSSwapDir.cc:151:9
fatal@ufs/UFSSwapDir.cc:168:9
fatal@ufs/UFSSwapDir.cc:173:9
storeAppendPrintf@ufs/UFSSwapDir.cc:380:5
storeAppendPrintf@ufs/UFSSwapDir.cc:394:9
storeAppendPrintf@ufs/UFSSwapDir.cc:406:9
fatalf@ufs/UFSSwapDir.cc:615:13
fatalf@ufs/UFSSwapDir.cc:621:9
fatal@ufs/UFSSwapDir.cc:742:9
fatalf@ufs/UFSSwapDir.cc:855:9
fatalf@ufs/UFSSwapDir.cc:862:9
fatalf@ufs/UFSSwapDir.cc:905:9
fatalf@ufs/UFSSwapDir.cc:928:9
fatal@ufs/UFSSwapDir.cc:1294:9
fatal@lru/store_repl_lru.cc:41:5
xassert@lru/store_repl_lru.cc:81:5
xassert@lru/store_repl_lru.cc:107:5
xassert@lru/store_repl_lru.cc:290:5
setDenyMessage@Config.cc:227:9
setDenyMessage@Config.cc:232:13
xassert@UserRequest.cc:55:5
xassert@UserRequest.cc:107:5
xassert@UserRequest.cc:109:5
xassert@UserRequest.cc:169:5
xassert@UserRequest.cc:170:5
xassert@UserRequest.cc:180:5
xassert@Config.cc:182:9
xassert@Config.cc:190:9
xassert@Config.cc:206:9
xassert@Config.cc:224:13
xassert@Config.cc:259:13
xassert@Config.cc:277:5
xassert@Config.cc:297:5
storeAppendPrintf@Config.cc:475:5
httpHeaderPutStrf@Config.cc:531:5
xassert@Config.cc:707:5
xassert@UserRequest.cc:47:5
xassert@UserRequest.cc:95:5
setDenyMessage@UserRequest.cc:145:17
setDenyMessage@UserRequest.cc:170:13
httpHeaderPutStrf@UserRequest.cc:248:9
xassert@UserRequest.cc:291:5
xassert@UserRequest.cc:325:5
xassert@UserRequest.cc:346:9
xassert@UserRequest.cc:356:9
xassert@UserRequest.cc:379:9
fatal@Config.cc:239:13
xassert@UserRequest.cc:37:5
xassert@UserRequest.cc:102:9
xassert@UserRequest.cc:122:5
xassert@UserRequest.cc:123:5
xassert@UserRequest.cc:125:5
xassert@UserRequest.cc:126:5
xassert@UserRequest.cc:229:9
fatal@UserRequest.cc:251:9
xassert@UserRequest.cc:275:5
xassert@UserRequest.cc:284:5
xassert@UserRequest.cc:285:5
xassert@UserRequest.cc:290:5
xassert@UserRequest.cc:291:5
xassert@UserRequest.cc:296:9
denyMessage@UserRequest.cc:311:13
fatalf@UserRequest.cc:321:13
denyMessage@UserRequest.cc:327:9
denyMessage@UserRequest.cc:369:13
denyMessage@UserRequest.cc:391:13
denyMessage@UserRequest.cc:395:13
fatal@Config.cc:219:13
xassert@UserRequest.cc:36:5
xassert@UserRequest.cc:101:9
xassert@UserRequest.cc:121:5
xassert@UserRequest.cc:122:5
xassert@UserRequest.cc:224:9
fatal@UserRequest.cc:246:9
xassert@UserRequest.cc:270:5
xassert@UserRequest.cc:279:5
xassert@UserRequest.cc:280:5
xassert@UserRequest.cc:285:5
xassert@UserRequest.cc:286:5
xassert@UserRequest.cc:291:9
denyMessage@UserRequest.cc:306:13
denyMessage@UserRequest.cc:321:9
denyMessage@UserRequest.cc:361:13
denyMessage@UserRequest.cc:381:13
denyMessage@UserRequest.cc:385:13
xassert@User.cc:106:21
xassert@User.cc:128:5
xassert@User.cc:236:9
xassert@User.cc:242:5
xassert@User.cc:258:13
xassert@User.cc:293:13
xassert@UserRequest.cc:44:5
xassert@UserRequest.cc:45:5
fatal@UserRequest.cc:80:5
fatal@UserRequest.cc:87:5
xassert@UserRequest.cc:100:5
xassert@UserRequest.cc:165:5
xassert@UserRequest.cc:166:5
fatal@UserRequest.cc:209:5
xassert@UserRequest.cc:222:5
xassert@UserRequest.cc:276:5
xassert@UserRequest.cc:322:9
xassert@UserRequest.cc:370:13
fatal@Acl.cc:33:9
fatal@Acl.cc:84:9
printf@Address.cc:539:9
printf@Address.cc:539:9
printf@Address.cc:671:9
printf@Address.cc:671:9
fprintf@Address.cc:850:9
__assert_fail@Address.cc:853:9
printf@Address.cc:933:9
printf@Address.cc:933:9
storeAppendPrintf@net_db.cc:1033:5
storeAppendPrintf@net_db.cc:1264:5
xassert@AclIdent.cc:114:5
fatalf@access_log.cc:137:17
fatalf@File.cc:59:13
logfilePrintf@FormatSquidNative.cc:57:5
fatal@ModDaemon.cc:118:9
fatal@ModDaemon.cc:124:9
fatal@ModDaemon.cc:235:13
fatalf@ModDaemon.cc:343:9
fatalf@ModStdio.cc:146:9
fatalf@ModStdio.cc:186:13
fatalf@ModStdio.cc:190:13
fatalf@ModStdio.cc:195:13
fatalf@ModUdp.cc:152:13
fatalf@ModUdp.cc:171:13
fatalf@ModUdp.cc:178:13
fatalf@ModUdp.cc:186:13
fatalf@ModUdp.cc:190:13
fatal@TcpLogger.cc:189:9
fatalf@TcpLogger.cc:459:13
xassert@Kid.cc:44:5
xassert@Kid.cc:55:5
xassert@Kids.cc:59:5
xassert@Kids.cc:71:5
xassert@MemMap.cc:21:5
xassert@MemMap.cc:29:5
xassert@MemMap.cc:95:5
xassert@MemMap.cc:110:5
xassert@MemMap.cc:119:5
xassert@MemMap.cc:135:5
xassert@MemMap.cc:170:5
xassert@MemMap.cc:203:5
xassert@Queue.cc:86:5
xassert@StoreMap.cc:33:5
xassert@StoreMap.cc:48:5
xassert@StoreMap.cc:49:5
xassert@StoreMap.cc:73:5
xassert@StoreMap.cc:427:5
mustStop@UdsOp.cc:185:5
fatalf@Strand.cc:165:9
mustStop@Forwarder.cc:123:5
mustStop@Forwarder.cc:129:5
mustStop@Forwarder.cc:137:5
mustStop@Inquirer.cc:97:9
mustStop@Inquirer.cc:124:5
xassert@mem/Segment.cc:42:5
xassert@mem/Segment.cc:43:5
xassert@mem/Segment.cc:44:5
fatalf@mem/Segment.cc:102:9
fatalf@mem/Segment.cc:110:9
fatalf@mem/Segment.cc:136:9
fatalf@mem/Segment.cc:173:9
fatalf@mem/Segment.cc:188:9
fatalf@mem/Segment.cc:214:9
storeAppendPrintf@BasicActions.cc:145:5
storeAppendPrintf@StoreIoAction.cc:70:5
storeAppendPrintf@StoreIoAction.cc:71:5
suspend@ServiceRep.cc:87:9
Printf@ServiceRep.cc:701:9
xassert@Launcher.cc:34:5
disableRepeats@Launcher.cc:57:9
xassert@Xaction.cc:175:5
mustStop@Xaction.cc:503:9
Printf@Xaction.cc:628:9
disableBypass@ModXact.cc:124:17
disableRepeats@ModXact.cc:129:13
disableRepeats@ModXact.cc:155:9
mustStop@ModXact.cc:1231:5
stop@ModXact.cc:2000:17
xassert@Iterator.cc:46:5
mustStop@Iterator.cc:208:5
finalizeMsg@ServiceGroups.cc:93:13
fatal@DiskIO/AIO/AIODiskFile.cc:97:9
fatalf@DiskIO/AIO/AIODiskFile.cc:134:9
fatal@DiskIO/AIO/AIODiskFile.cc:155:9
fatalf@DiskIO/AIO/AIODiskFile.cc:192:9
fatal@DiskIO/AIO/AIODiskIOStrategy.cc:125:17
xassert@DiskIO/AIO/AIODiskIOStrategy.cc:178:5
fatal@DiskIO/DiskDaemon/DiskdIOStrategy.cc:154:9
fatal@DiskIO/DiskDaemon/DiskdIOStrategy.cc:161:9
fatal@DiskIO/DiskDaemon/DiskdIOStrategy.cc:252:9
fatal@DiskIO/DiskDaemon/DiskdIOStrategy.cc:259:9
xassert@DiskIO/DiskDaemon/DiskdIOStrategy.cc:386:9
storeAppendPrintf@DiskIO/DiskDaemon/DiskdAction.cc:119:5
storeAppendPrintf@DiskIO/DiskDaemon/DiskdAction.cc:120:5
storeAppendPrintf@DiskIO/DiskDaemon/DiskdAction.cc:121:5
storeAppendPrintf@DiskIO/DiskDaemon/DiskdAction.cc:122:5
storeAppendPrintf@DiskIO/DiskDaemon/DiskdAction.cc:123:5
storeAppendPrintf@DiskIO/DiskDaemon/DiskdAction.cc:125:5
storeAppendPrintf@DiskIO/DiskDaemon/DiskdAction.cc:132:5
fatal@DiskIO/DiskThreads/aiops.cc:258:9
fatal@DiskIO/DiskThreads/aiops.cc:261:9
fatal@DiskIO/DiskThreads/aiops.cc:273:9
fatal@DiskIO/DiskThreads/aiops.cc:276:9
fprintf@DiskIO/DiskThreads/aiops.cc:304:13
storeAppendPrintf@DiskIO/DiskThreads/DiskThreadsIOStrategy.cc:174:5
storeAppendPrintf@DiskIO/DiskThreads/DiskThreadsIOStrategy.cc:182:5
xassert@DiskIO/IpcIo/IpcIoFile.cc:696:13
xassert@DiskIO/Mmapped/MmappedFile.cc:153:5
xassert@DiskIO/Mmapped/MmappedFile.cc:155:5
xassert@DiskIO/Mmapped/MmappedFile.cc:156:5
xassert@DiskIO/Mmapped/MmappedFile.cc:183:5
xassert@DiskIO/Mmapped/MmappedFile.cc:185:5
xassert@DiskIO/Mmapped/MmappedFile.cc:186:5
xassert@comm.cc:416:5
xassert@comm.cc:503:5
xassert@comm.cc:542:5
xassert@comm.cc:554:5
xassert@comm.cc:555:5
xassert@comm.cc:870:5
xassert@comm.cc:1697:5
xassert@comm.cc:1738:5
fatal_dump@comm.cc:1846:9
xassert@DescriptorSet.cc:70:5
xassert@DescriptorSet.cc:88:5
fprintf@DiskIO/DiskDaemon/diskd.cc:30:5
fprintf@DiskIO/DiskDaemon/diskd.cc:218:13
fprintf@DiskIO/DiskDaemon/diskd.cc:226:9
fprintf@DiskIO/DiskDaemon/diskd.cc:248:9
fprintf@DiskIO/DiskDaemon/diskd.cc:404:9
printf@unlinkd_daemon.cc:67:13
xassert@YesNoNone.cc:14:5
fatalf@cache_cf.cc:290:13
fatalf@cache_cf.cc:401:13
fatalf@cache_cf.cc:404:13
fatalf@cache_cf.cc:409:5
fatalf@cache_cf.cc:427:9
fatalf@cache_cf.cc:439:9
fatalf@cache_cf.cc:526:17
fatalf@cache_cf.cc:531:17
fatalf@cache_cf.cc:547:9
fatalf@cache_cf.cc:553:13
fatal@cache_cf.cc:667:13
fatalf@cache_cf.cc:839:17
fatalf@cache_cf.cc:872:13
fatalf@cache_cf.cc:919:9
storeAppendPrintf@cache_cf.cc:1421:13
storeAppendPrintf@cache_cf.cc:1568:13
fatalf@cache_cf.cc:2152:25
fatalf@cache_cf.cc:2158:25
fatalf@cache_cf.cc:2165:21
fatalf@cache_cf.cc:2175:17
fatalf@cache_cf.cc:2180:17
fatalf@cache_cf.cc:2197:21
fatalf@cache_cf.cc:2203:17
fatalf@cache_cf.cc:2211:17
fatalf@cache_cf.cc:2313:9
fatalf@cache_cf.cc:2316:9
storeAppendPrintf@cache_cf.cc:2706:13
storeAppendPrintf@cache_cf.cc:2717:13
storeAppendPrintf@cache_cf.cc:2720:13
storeAppendPrintf@cache_cf.cc:2726:13
storeAppendPrintf@cache_cf.cc:2729:13
storeAppendPrintf@cache_cf.cc:2732:13
storeAppendPrintf@cache_cf.cc:2735:13
storeAppendPrintf@cache_cf.cc:2738:13
storeAppendPrintf@cache_cf.cc:3396:9
fatalf@cache_cf.cc:3575:5
storeAppendPrintf@cache_cf.cc:3897:9
storeAppendPrintf@cache_cf.cc:3911:13
storeAppendPrintf@cache_cf.cc:3921:13
storeAppendPrintf@cache_cf.cc:3932:9
storeAppendPrintf@cache_cf.cc:3948:9
storeAppendPrintf@cache_cf.cc:4240:13
storeAppendPrintf@cache_cf.cc:4265:13
xassert@cache_cf.cc:4845:5
xassert@cbdata.cc:399:5
storeAppendPrintf@cbdata.cc:585:5
xassert@ChunkedCodingParser.cc:63:5
xassert@client_side.cc:943:5
xassert@client_side.cc:1116:13
xassert@client_side.cc:1117:13
xassert@client_side.cc:1163:9
xassert@client_side.cc:1333:9
httpHeaderPutStrf@client_side.cc:1367:13
xassert@client_side.cc:1457:5
xassert@client_side.cc:1464:5
xassert@client_side.cc:1465:5
xassert@client_side.cc:1490:5
xassert@client_side.cc:1496:5
xassert@client_side.cc:1498:5
xassert@client_side.cc:1500:5
xassert@client_side.cc:1541:9
xassert@client_side.cc:1709:17
fatal@client_side.cc:1793:5
initiateClose@client_side.cc:1873:9
initiateClose@client_side.cc:1889:13
initiateClose@client_side.cc:1893:9
initiateClose@client_side.cc:1897:9
fatal@client_side.cc:1901:9
abortRequestParsing@client_side.cc:2192:16
abortRequestParsing@client_side.cc:2204:16
abortRequestParsing@client_side.cc:2237:16
abortRequestParsing@client_side.cc:2249:16
abortRequestParsing@client_side.cc:2260:16
abortRequestParsing@client_side.cc:2267:16
xassert@client_side.cc:2437:5
xassert@client_side.cc:2619:13
xassert@client_side.cc:2634:13
xassert@client_side.cc:2655:13
xassert@client_side.cc:2674:13
xassert@client_side.cc:2788:9
xassert@client_side.cc:2803:9
xassert@client_side.cc:2820:13
xassert@client_side.cc:2875:13
proxyProtocolError@client_side.cc:2963:16
proxyProtocolError@client_side.cc:2971:16
proxyProtocolError@client_side.cc:3025:16
proxyProtocolError@client_side.cc:3056:16
proxyProtocolError@client_side.cc:3064:20
proxyProtocolError@client_side.cc:3068:20
proxyProtocolError@client_side.cc:3082:20
proxyProtocolError@client_side.cc:3088:20
proxyProtocolError@client_side.cc:3091:20
proxyProtocolError@client_side.cc:3096:20
proxyProtocolError@client_side.cc:3101:20
proxyProtocolError@client_side.cc:3123:16
proxyProtocolError@client_side.cc:3137:16
proxyProtocolError@client_side.cc:3141:16
proxyProtocolError@client_side.cc:3145:16
proxyProtocolError@client_side.cc:3149:16
xassert@client_side.cc:3293:5
fatalf@client_side.cc:4503:13
xassert@client_side.cc:4644:5
fatal@client_side.cc:4684:9
xassert@client_side_reply.cc:118:5
xassert@client_side_reply.cc:251:5
xassert@client_side_reply.cc:317:5
xassert@client_side_reply.cc:352:5
xassert@client_side_reply.cc:372:5
xassert@client_side_reply.cc:551:5
xassert@client_side_reply.cc:740:9
putWarning@client_side_reply.cc:1459:13
httpHeaderPutStrf@client_side_reply.cc:1523:5
putStr@client_side_reply.cc:1577:9
xassert@client_side_reply.cc:1765:5
xassert@client_side_reply.cc:1766:5
xassert@client_side_reply.cc:1767:5
xassert@client_side_reply.cc:1768:5
xassert@client_side_reply.cc:1846:9
xassert@client_side_reply.cc:1847:9
xassert@client_side_reply.cc:1944:5
xassert@client_side_request.cc:258:5
xassert@client_side_request.cc:1530:5
xassert@client_side_request.cc:1680:5
xassert@client_side_request.cc:1957:5
xassert@BodyPipe.cc:151:5
xassert@BodyPipe.cc:165:5
xassert@BodyPipe.cc:208:13
xassert@BodyPipe.cc:239:9
xassert@BodyPipe.cc:343:5
xassert@BodyPipe.cc:351:5
xassert@BodyPipe.cc:363:5
xassert@BodyPipe.cc:379:5
xassert@BodyPipe.cc:394:5
xassert@clientStream.cc:158:5
xassert@clientStream.cc:201:5
xassert@clientStream.cc:265:5
xassert@CollapsedForwarding.cc:119:9
fatalf@ConfigParser.cc:54:9
xassert@debug.cc:187:5
fprintf@debug.cc:233:9
fprintf@debug.cc:235:9
fprintf@debug.cc:387:9
xassert@debug.cc:664:5
_db_print@debug.cc:685:13
_db_print@debug.cc:688:13
xassert@debug.cc:731:5
fatal@disk.cc:252:17
storeAppendPrintf@dns_internal.cc:692:5
storeAppendPrintf@dns_internal.cc:708:9
fatal@dns_internal.cc:1543:13
xassert@errorpage.cc:187:13
xassert@errorpage.cc:254:5
xassert@errorpage.cc:297:5
xassert@errorpage.cc:499:5
xassert@errorpage.cc:552:5
xassert@errorpage.cc:598:5
xassert@errorpage.cc:599:5
xassert@errorpage.cc:611:9
xassert@errorpage.cc:612:9
xassert@errorpage.cc:633:5
Printf@errorpage.cc:704:5
Printf@errorpage.cc:710:5
Printf@errorpage.cc:713:9
Printf@errorpage.cc:715:9
Printf@errorpage.cc:719:9
Printf@errorpage.cc:722:9
Printf@errorpage.cc:762:9
Printf@errorpage.cc:830:13
Printf@errorpage.cc:841:13
denyMessage@errorpage.cc:917:17
xassert@errorpage.cc:1098:5
xassert@errorpage.cc:1131:5
xassert@errorpage.cc:1229:5
xassert@errorpage.cc:1245:13
xassert@errorpage.cc:1277:5
xassert@errorpage.cc:1292:5
storeAppendPrintf@event.cc:276:9
storeAppendPrintf@event.cc:285:9
fatal_dump@EventLoop.cc:50:13
xassert@EventLoop.cc:79:5
fatal@EventLoop.cc:157:5
xassert@external_acl.cc:89:1
storeAppendPrintf@external_acl.cc:477:13
storeAppendPrintf@external_acl.cc:519:17
fatal@external_acl.cc:557:17
fatalf@external_acl.cc:1195:13
xassert@external_acl.cc:1488:13
fprintf@fatal.cc:23:5
fprintf@fatal.cc:26:9
fprintf@fatal.cc:28:5
xassert@fd.cc:57:5
fatalf@fd.cc:349:9
storeAppendPrintf@fde.cc:65:5
storeAppendPrintf@fqdncache.cc:558:5
closeServerConnection@FwdState.cc:110:9
xassert@FwdState.cc:243:13
xassert@FwdState.cc:449:5
xassert@FwdState.cc:656:5
xassert@FwdState.cc:740:5
xassert@FwdState.cc:741:5
xassert@FwdState.cc:804:5
xassert@FwdState.cc:914:5
storeAppendPrintf@gopher.cc:321:5
storeAppendPrintf@gopher.cc:331:5
storeAppendPrintf@gopher.cc:387:9
storeAppendPrintf@gopher.cc:402:9
xassert@helper.cc:180:5
xassert@helper.cc:297:5
xassert@helper.cc:404:9
xassert@helper.cc:405:9
storeAppendPrintf@helper.cc:486:9
storeAppendPrintf@helper.cc:502:5
storeAppendPrintf@helper.cc:541:9
storeAppendPrintf@helper.cc:558:5
xassert@helper.cc:690:5
fatalf@helper.cc:703:21
xassert@helper.cc:758:5
fatalf@helper.cc:771:21
fatalf@helper.cc:1093:9
fatalf@helper.cc:1114:9
storeAppendPrintf@helper.cc:1407:13
xassert@htcp.cc:170:1
fatal_dump@htcp.cc:453:9
fatal_dump@htcp.cc:473:9
fatal@htcp.cc:1480:9
fatal@htcp.cc:1503:13
fatal@htcp.cc:1515:13
fatal@htcp.cc:1531:9
xassert@htcp.cc:1684:5
mustStop@http.cc:170:5
xassert@http.cc:728:13
abortTransaction@http.cc:1147:9
xassert@http.cc:1315:5
xassert@http.cc:1371:5
xassert@http.cc:1372:5
abortTransaction@http.cc:1432:9
mustStop@http.cc:1555:9
xassert@http.cc:1711:5
putStr@http.cc:1877:9
mustStop@http.cc:2283:9
abortTransaction@http.cc:2411:5
xassert@HttpHdrRange.cc:138:9
xassert@HttpHdrRange.cc:141:9
xassert@HttpHdrRange.cc:146:5
xassert@HttpHdrRange.cc:148:5
xassert@HttpHeader.cc:370:5
xassert@HttpHeader.cc:393:5
xassert@HttpHeader.cc:445:5
xassert@HttpHeader.cc:479:5
xassert@HttpHeader.cc:967:5
xassert@HttpHeader.cc:1659:5
storeAppendPrintf@HttpHeader.cc:1844:5
storeAppendPrintf@HttpHeader.cc:1848:5
storeAppendPrintf@HttpHeader.cc:1852:5
storeAppendPrintf@HttpHeader.cc:1856:5
storeAppendPrintf@HttpHeader.cc:1886:5
xassert@HttpHeaderTools.cc:46:5
xassert@HttpHeaderTools.cc:55:9
xassert@HttpHeaderTools.cc:56:9
xassert@HttpHeaderTools.cc:57:9
xassert@HttpHeaderTools.cc:62:9
xassert@HttpHeaderTools.cc:91:5
xassert@HttpHeaderTools.cc:92:5
xassert@HttpHeaderTools.cc:95:9
xassert@HttpHeaderTools.cc:127:5
xassert@HttpHeaderTools.cc:178:5
xassert@HttpHeaderTools.cc:279:5
xassert@HttpHeaderTools.cc:322:5
xassert@HttpHeaderTools.cc:476:5
xassert@HttpMsg.cc:146:5
xassert@HttpReply.cc:202:5
fatal@icp_v2.cc:662:9
fatal@icp_v2.cc:685:13
fatal@icp_v2.cc:697:13
fatal@icp_v2.cc:710:9
xassert@icp_v2.cc:751:5
xassert@ipc.cc:177:9
xassert@ipcache.cc:345:5
xassert@ipcache.cc:347:5
storeAppendPrintf@ipcache.cc:660:9
storeAppendPrintf@ipcache.cc:687:13
storeAppendPrintf@ipcache.cc:691:13
storeAppendPrintf@ipcache.cc:721:5
storeAppendPrintf@ipcache.cc:729:5
storeAppendPrintf@ipcache.cc:731:5
fprintf@main.cc:268:5
fatalf@main.cc:507:21
fatal@main.cc:510:17
fatal@main.cc:940:9
fatalf@main.cc:965:13
fatalf@main.cc:968:13
fatal_dump@main.cc:1540:9
fprintf@main.cc:1578:13
fprintf@main.cc:1585:13
fprintf@main.cc:1588:13
xassert@mem_node.cc:39:5
xassert@mem_node.cc:68:5
xassert@MemBuf.cc:107:5
xassert@MemBuf.cc:162:5
xassert@MemBuf.cc:359:5
xassert@MemBuf.cc:378:5
Printf@MemBuf.cc:400:5
xassert@MemObject.cc:120:9
Printf@MemObject.cc:226:5
Printf@MemObject.cc:230:9
xassert@MemObject.cc:293:5
xassert@mime.cc:56:1
xassert@mime.cc:79:1
fatal@mime.cc:361:9
fatalf@mime.cc:413:9
xassert@neighbors.cc:612:5
storeAppendPrintf@neighbors.cc:1490:9
storeAppendPrintf@neighbors.cc:1493:9
storeAppendPrintf@neighbors.cc:1496:9
storeAppendPrintf@neighbors.cc:1499:9
storeAppendPrintf@neighbors.cc:1502:9
storeAppendPrintf@neighbors.cc:1505:9
storeAppendPrintf@neighbors.cc:1519:9
storeAppendPrintf@neighbors.cc:1533:9
storeAppendPrintf@neighbors.cc:1543:17
storeAppendPrintf@neighbors.cc:1545:17
storeAppendPrintf@neighbors.cc:1547:17
storeAppendPrintf@neighbors.cc:1553:9
storeAppendPrintf@neighbors.cc:1567:9
storeAppendPrintf@neighbors.cc:1570:9
storeAppendPrintf@neighbors.cc:1580:9
storeAppendPrintf@neighbors.cc:1583:9
storeAppendPrintf@neighbors.cc:1586:9
storeAppendPrintf@neighbors.cc:1616:9
storeAppendPrintf@neighbors.cc:1642:13
storeAppendPrintf@neighbors.cc:1646:17
storeAppendPrintf@neighbors.cc:1649:17
storeAppendPrintf@neighbors.cc:1658:9
storeAppendPrintf@neighbors.cc:1665:17
storeAppendPrintf@neighbors.cc:1693:13
xassert@Notes.cc:260:9
storeAppendPrintf@pconn.cc:336:5
xassert@pconn.cc:420:5
notifyManager@pconn.cc:441:9
xassert@pconn.cc:490:5
xassert@peer_select.cc:108:5
xassert@peer_select.cc:325:9
xassert@peer_select.cc:569:5
storeAppendPrintf@redirect.cc:199:9
storeAppendPrintf@redirect.cc:206:9
storeAppendPrintf@redirect.cc:214:9
storeAppendPrintf@redirect.cc:221:9
xassert@refresh.cc:467:9
xassert@refresh.cc:474:9
storeAppendPrintf@refresh.cc:676:5
xassert@send-announce.cc:63:5
xassert@send-announce.cc:96:5
fatal@snmp_core.cc:268:9
fatal@snmp_core.cc:286:13
fatalf@snmp_core.cc:305:9
storeAppendPrintf@stat.cc:136:5
storeAppendPrintf@stat.cc:141:9
storeAppendPrintf@stat.cc:145:5
storeAppendPrintf@stat.cc:150:9
storeAppendPrintf@stat.cc:154:5
storeAppendPrintf@stat.cc:159:9
storeAppendPrintf@stat.cc:163:5
storeAppendPrintf@stat.cc:168:9
storeAppendPrintf@stat.cc:172:5
storeAppendPrintf@stat.cc:177:9
storeAppendPrintf@stat.cc:181:5
storeAppendPrintf@stat.cc:186:9
storeAppendPrintf@stat.cc:641:5
storeAppendPrintf@stat.cc:644:5
storeAppendPrintf@stat.cc:647:5
storeAppendPrintf@stat.cc:655:5
storeAppendPrintf@stat.cc:659:5
storeAppendPrintf@stat.cc:663:5
storeAppendPrintf@stat.cc:667:5
storeAppendPrintf@stat.cc:688:5
storeAppendPrintf@stat.cc:691:5
storeAppendPrintf@stat.cc:698:5
storeAppendPrintf@stat.cc:710:5
storeAppendPrintf@stat.cc:732:5
storeAppendPrintf@stat.cc:735:5
storeAppendPrintf@stat.cc:738:5
storeAppendPrintf@stat.cc:741:5
storeAppendPrintf@stat.cc:757:5
storeAppendPrintf@stat.cc:758:5
storeAppendPrintf@stat.cc:770:5
storeAppendPrintf@stat.cc:840:5
storeAppendPrintf@stat.cc:849:9
storeAppendPrintf@stat.cc:867:9
xassert@stat.cc:903:5
xassert@stat.cc:904:5
storeAppendPrintf@stat.cc:1042:5
storeAppendPrintf@stat.cc:1046:5
storeAppendPrintf@stat.cc:1052:5
storeAppendPrintf@stat.cc:1063:5
storeAppendPrintf@stat.cc:1067:5
storeAppendPrintf@stat.cc:1072:5
storeAppendPrintf@stat.cc:1076:5
storeAppendPrintf@stat.cc:1081:5
storeAppendPrintf@stat.cc:1085:5
storeAppendPrintf@stat.cc:1090:5
storeAppendPrintf@stat.cc:1094:5
storeAppendPrintf@stat.cc:1111:5
storeAppendPrintf@stat.cc:1131:5
storeAppendPrintf@stat.cc:1133:5
storeAppendPrintf@stat.cc:1143:5
storeAppendPrintf@stat.cc:1149:5
storeAppendPrintf@stat.cc:1163:5
storeAppendPrintf@stat.cc:1400:5
storeAppendPrintf@stat.cc:1402:5
storeAppendPrintf@stat.cc:1513:5
storeAppendPrintf@stat.cc:1517:5
storeAppendPrintf@stat.cc:1519:5
storeAppendPrintf@stat.cc:1524:5
storeAppendPrintf@stat.cc:1528:5
storeAppendPrintf@stat.cc:1533:5
storeAppendPrintf@stat.cc:1537:5
storeAppendPrintf@stat.cc:1542:5
storeAppendPrintf@stat.cc:1546:5
storeAppendPrintf@stat.cc:1551:5
storeAppendPrintf@stat.cc:1555:5
storeAppendPrintf@stat.cc:1570:5
storeAppendPrintf@stat.cc:1607:5
storeAppendPrintf@stat.cc:1609:5
storeAppendPrintf@stat.cc:1617:5
storeAppendPrintf@stat.cc:1623:5
storeAppendPrintf@stat.cc:1670:5
storeAppendPrintf@stat.cc:1677:5
storeAppendPrintf@stat.cc:1679:5
xassert@stat.cc:1755:5
xassert@stat.cc:1762:5
xassert@stat.cc:1770:5
xassert@stat.cc:1780:5
xassert@stat.cc:1790:5
xassert@stat.cc:1807:5
storeAppendPrintf@stat.cc:1865:9
xassert@StatHist.cc:31:5
xassert@String.cc:33:5
xassert@String.cc:44:5
xassert@String.cc:45:5
xassert@stmem.cc:28:5
xassert@stmem.cc:114:5
xassert@stmem.cc:116:5
xassert@stmem.cc:119:5
xassert@stmem.cc:153:5
xassert@stmem.cc:194:5
xassert@stmem.cc:196:5
fatal_dump@stmem.cc:250:9
fatal_dump@stmem.cc:349:9
xassert@store.cc:124:5
fatal@store.cc:143:5
xassert@store.cc:149:5
xassert@store.cc:522:5
storeAppendPrintf@store.cc:1038:5
storeAppendPrintf@store.cc:1046:5
storeAppendPrintf@store.cc:1048:5
storeAppendPrintf@store.cc:1050:5
storeAppendPrintf@store.cc:1052:5
storeAppendPrintf@store.cc:1054:5
storeAppendPrintf@store.cc:1056:5
storeAppendPrintf@store.cc:1058:5
storeAppendPrintf@store.cc:1060:5
storeAppendPrintf@store.cc:1062:5
storeAppendPrintf@store.cc:1064:5
xassert@store.cc:1086:9
xassert@store.cc:1098:5
lengthWentBad@store.cc:1101:9
xassert@store.cc:1648:5
fatalf@store.cc:1861:5
xassert@store_client.cc:163:9
xassert@store_client.cc:196:5
xassert@store_client.cc:450:13
xassert@store_dir.cc:292:5
storeAppendPrintf@store_dir.cc:329:5
fatal@store_dir.cc:751:5
fatal@store_dir.cc:1052:17
fatal@store_dir.cc:1089:5
fatal@store_dir.cc:1272:9
fatalf@store_rebuild.cc:104:13
xassert@store_swapin.cc:61:9
xassert@store_swapmeta.cc:45:5
xassert@store_swapout.cc:41:5
xassert@store_swapout.cc:60:5
xassert@store_swapout.cc:96:5
xassert@store_swapout.cc:97:5
xassert@store_swapout.cc:98:5
xassert@store_swapout.cc:99:5
xassert@store_swapout.cc:100:5
xassert@store_swapout.cc:120:9
xassert@store_swapout.cc:134:9
xassert@store_swapout.cc:176:9
xassert@store_swapout.cc:213:9
xassert@store_swapout.cc:217:5
xassert@store_swapout.cc:222:13
xassert@store_swapout.cc:245:9
xassert@store_swapout.cc:246:9
xassert@store_swapout.cc:263:9
xassert@store_swapout.cc:264:9
xassert@store_swapout.cc:272:5
xassert@store_swapout.cc:289:5
xassert@store_swapout.cc:290:5
xassert@store_swapout.cc:309:9
xassert@store_swapout.cc:345:5
xassert@store_swapout.cc:346:5
xassert@store_swapout.cc:351:5
xassert@StoreMetaUnpacker.cc:73:5
xassert@StoreMetaUnpacker.cc:123:5
xassert@StoreMetaUnpacker.cc:130:5
storeAppendPrintf@SwapDir.cc:325:9
storeAppendPrintf@SwapDir.cc:365:9
storeAppendPrintf@SwapDir.cc:368:9
fatal@SwapDir.cc:381:5
storeAppendPrintf@Transients.cc:78:5
storeAppendPrintf@Transients.cc:85:9
fatal@Transients.cc:155:5
fatal@Transients.cc:220:5
storeAppendPrintf@MemStore.cc:96:5
storeAppendPrintf@MemStore.cc:104:9
storeAppendPrintf@MemStore.cc:110:9
fatal@MemStore.cc:186:5
fatal@MemStore.cc:227:5
xassert@MemStore.cc:298:5
xassert@MemStore.cc:573:5
fatal@MemStore.cc:809:9
fatal@MemStore.cc:811:9
fprintf@tools.cc:281:5
fprintf@tools.cc:283:5
fprintf@tools.cc:291:9
fprintf@tools.cc:293:9
fprintf@tools.cc:295:9
_db_print@tools.cc:398:5
fprintf@tools.cc:788:9
fprintf@tools.cc:810:13
xassert@tools.cc:1006:5
StopTransparency@tools.cc:1248:5
xassert@tunnel.cc:200:5
xassert@tunnel.cc:284:5
xassert@tunnel.cc:341:5
xassert@tunnel.cc:376:5
xassert@tunnel.cc:430:5
xassert@tunnel.cc:441:5
xassert@tunnel.cc:461:9
xassert@tunnel.cc:462:9
informUserOfPeerError@tunnel.cc:487:9
xassert@tunnel.cc:522:5
xassert@tunnel.cc:609:5
xassert@tunnel.cc:659:5
xassert@tunnel.cc:669:5
xassert@tunnel.cc:770:5
xassert@tunnel.cc:789:5
xassert@tunnel.cc:804:5
xassert@tunnel.cc:861:5
xassert@tunnel.cc:881:9
xassert@tunnel.cc:910:5
xassert@tunnel.cc:1106:5
xassert@tunnel.cc:1144:5
xassert@unlinkd.cc:97:13
xassert@unlinkd.cc:102:5
fatal@unlinkd.cc:221:9
xassert@unlinkd.cc:239:5
xassert@url.cc:47:5
xassert@url.cc:76:5
xassert@url.cc:77:5
xassert@url.cc:78:5
xassert@url.cc:79:5
Printf@urn.cc:371:5
Printf@urn.cc:386:13
Printf@urn.cc:392:5
fatal@wccp.cc:136:9
fatal@wccp.cc:147:9
fatal@wccp.cc:153:9
fatalf@wccp2.cc:711:13
fatalf@wccp2.cc:786:17
fatalf@wccp2.cc:799:13
fatal@wccp2.cc:977:9
fatal@wccp2.cc:1008:17
fatal@wccp2.cc:1015:17
fatalf@wccp2.cc:1458:17
fatalf@wccp2.cc:1571:17
fatalf@wccp2.cc:1699:13
fatalf@wccp2.cc:1738:13
fatalf@wccp2.cc:1876:21
fatalf@wccp2.cc:1917:25
fatalf@wccp2.cc:1939:17
fatalf@wccp2.cc:2220:13
fatalf@wccp2.cc:2245:13
fatalf@wccp2.cc:2248:13
fatalf@wccp2.cc:2256:13
fatalf@wccp2.cc:2298:9
fatalf@wccp2.cc:2314:13
fatalf@wccp2.cc:2319:17
fatalf@wccp2.cc:2322:13
fatalf@wccp2.cc:2328:9
fatalf@wccp2.cc:2332:9
fatalf@wccp2.cc:2336:9
xassert@LoadableModule.cc:44:5
fprintf@signal.cc:117:13
fprintf@copyout.cc:81:9
fprintf@copyout.cc:88:13
xassert@copyout.cc:137:5
fprintf@copyout.cc:176:9
fprintf@copyout.cc:207:13
fprintf@purge.cc:173:9
fprintf@purge.cc:192:9
fprintf@purge.cc:345:13
fprintf@purge.cc:353:13
fprintf@purge.cc:362:13
fprintf@purge.cc:374:13
fprintf@purge.cc:390:13
fputs@purge.cc:421:17
fputs@purge.cc:434:21
fputs@purge.cc:438:21
fprintf@purge.cc:477:21
fprintf@purge.cc:485:9
fprintf@purge.cc:505:9
fprintf@purge.cc:548:9
printf@purge.cc:599:5
fprintf@purge.cc:659:17
fprintf@purge.cc:669:17
fprintf@purge.cc:678:17
fprintf@purge.cc:691:17
fprintf@purge.cc:702:25
fprintf@purge.cc:722:17
fprintf@purge.cc:733:17
fprintf@purge.cc:746:25
fprintf@purge.cc:758:21
fprintf@purge.cc:762:21
fprintf@purge.cc:769:17
fputs@purge.cc:790:9
printf@purge.cc:806:9
printf@purge.cc:812:9
printf@purge.cc:815:13
fputs@purge.cc:851:13
fprintf@purge.cc:882:9
fprintf@purge.cc:896:9
puts@purge.cc:905:5
fprintf@purge.cc:930:21
fprintf@purge.cc:966:29
fprintf@purge.cc:988:9
xassert@test_tools.cc:65:9
printf@cachemgr.cc:221:5
printf@cachemgr.cc:254:5
printf@cachemgr.cc:257:5
printf@cachemgr.cc:260:5
printf@cachemgr.cc:281:5
printf@cachemgr.cc:371:5
printf@cachemgr.cc:384:5
printf@cachemgr.cc:385:5
printf@cachemgr.cc:386:5
Printf@cachemgr.cc:455:9
Printf@cachemgr.cc:463:17
printf@cachemgr.cc:664:13
printf@cachemgr.cc:673:17
printf@cachemgr.cc:690:17
printf@cachemgr.cc:744:13
fprintf@cachemgr.cc:854:9
fprintf@cachemgr.cc:1051:5
fprintf@cachemgr.cc:1120:5
fprintf@cachemgr.cc:1127:5
xassert@MemBuf.cc:107:5
xassert@MemBuf.cc:162:5
xassert@MemBuf.cc:359:5
xassert@MemBuf.cc:378:5
Printf@MemBuf.cc:400:5
xassert@test_tools.cc:65:9
