#
# There is insufficient memory for the Java Runtime Environment to continue.
# Native memory allocation (mmap) failed to map 2863661056 bytes for committing reserved memory.
# Possible reasons:
#   The system is out of physical RAM or swap space
#   In 32 bit mode, the process size limit was hit
# Possible solutions:
#   Reduce memory load on the system
#   Increase physical memory or swap space
#   Check if swap backing store is full
#   Use 64 bit Java on a 64 bit OS
#   Decrease Java heap size (-Xmx/-Xms)
#   Decrease number of Java threads
#   Decrease Java thread stack sizes (-Xss)
#   Set larger code cache with -XX:ReservedCodeCacheSize=
# This output file may be truncated or incomplete.
#
#  Out of Memory Error (os_linux.cpp:2627), pid=3853, tid=0x00007ff5a3937700
#
# JRE version:  (8.0_121-b13) (build )
# Java VM: Java HotSpot(TM) 64-Bit Server VM (25.121-b13 mixed mode linux-amd64 compressed oops)
# Failed to write core dump. Core dumps have been disabled. To enable core dumping, try "ulimit -c unlimited" before starting Java again
#

---------------  T H R E A D  ---------------

Current thread (0x00007ff59c00b800):  JavaThread "Unknown thread" [_thread_in_vm, id=3854, stack(0x00007ff5a3837000,0x00007ff5a3938000)]

Stack: [0x00007ff5a3837000,0x00007ff5a3938000],  sp=0x00007ff5a3936380,  free space=1020k
Native frames: (J=compiled Java code, j=interpreted, Vv=VM code, C=native code)
V  [libjvm.so+0xac703a]  VMError::report_and_die()+0x2ba
V  [libjvm.so+0x4fc7eb]  report_vm_out_of_memory(char const*, int, unsigned long, VMErrorType, char const*)+0x8b
V  [libjvm.so+0x923c43]  os::Linux::commit_memory_impl(char*, unsigned long, bool)+0x103
V  [libjvm.so+0x924199]  os::pd_commit_memory(char*, unsigned long, unsigned long, bool)+0x29
V  [libjvm.so+0x91e4aa]  os::commit_memory(char*, unsigned long, unsigned long, bool)+0x2a
V  [libjvm.so+0x992f03]  PSVirtualSpace::expand_by(unsigned long)+0x53
V  [libjvm.so+0x983017]  PSOldGen::initialize(ReservedSpace, unsigned long, char const*, int)+0xb7
V  [libjvm.so+0x2d89aa]  AdjoiningGenerations::AdjoiningGenerations(ReservedSpace, GenerationSizer*, unsigned long)+0x39a
V  [libjvm.so+0x9472d6]  ParallelScavengeHeap::initialize()+0x1d6
V  [libjvm.so+0xa8eff3]  Universe::initialize_heap()+0xf3
V  [libjvm.so+0xa8f55e]  universe_init()+0x3e
V  [libjvm.so+0x63d4f5]  init_globals()+0x65
V  [libjvm.so+0xa72c4e]  Threads::create_vm(JavaVMInitArgs*, bool*)+0x23e
V  [libjvm.so+0x6d1d94]  JNI_CreateJavaVM+0x74
C  [libjli.so+0x745e]  JavaMain+0x9e
C  [libpthread.so.0+0x8184]  start_thread+0xc4


---------------  P R O C E S S  ---------------

Java Threads: ( => current thread )

Other Threads:

=>0x00007ff59c00b800 (exited) JavaThread "Unknown thread" [_thread_in_vm, id=3854, stack(0x00007ff5a3837000,0x00007ff5a3938000)]

VM state:not at safepoint (not fully initialized)

VM Mutex/Monitor currently owned by a thread: None

GC Heap History (0 events):
No events

Deoptimization events (0 events):
No events

Internal exceptions (0 events):
No events

Events (0 events):
No events


Dynamic libraries:
00400000-00401000 r-xp 00000000 08:02 4204683                            /opt/jdk1.8.0_121/bin/java
00600000-00601000 rw-p 00000000 08:02 4204683                            /opt/jdk1.8.0_121/bin/java
01f32000-01f53000 rw-p 00000000 00:00 0                                  [heap]
76ab00000-7c0000000 rw-p 00000000 00:00 0 
7ff58c7ff000-7ff58cd54000 ---p 00000000 00:00 0 
7ff58cd54000-7ff58d000000 rw-p 00000000 00:00 0 
7ff58d000000-7ff58d270000 rwxp 00000000 00:00 0 
7ff58d270000-7ff59c000000 ---p 00000000 00:00 0 
7ff59c000000-7ff59c034000 rw-p 00000000 00:00 0 
7ff59c034000-7ff5a0000000 ---p 00000000 00:00 0 
7ff5a036c000-7ff5a05fd000 rw-p 00000000 00:00 0 
7ff5a05fd000-7ff5a09b3000 ---p 00000000 00:00 0 
7ff5a09b3000-7ff5a09cd000 r-xp 00000000 08:02 4204788                    /opt/jdk1.8.0_121/jre/lib/amd64/libzip.so
7ff5a09cd000-7ff5a0bcd000 ---p 0001a000 08:02 4204788                    /opt/jdk1.8.0_121/jre/lib/amd64/libzip.so
7ff5a0bcd000-7ff5a0bce000 rw-p 0001a000 08:02 4204788                    /opt/jdk1.8.0_121/jre/lib/amd64/libzip.so
7ff5a0bce000-7ff5a0bd8000 r-xp 00000000 08:02 5249375                    /lib/x86_64-linux-gnu/libnss_files-2.19.so
7ff5a0bd8000-7ff5a0dd7000 ---p 0000a000 08:02 5249375                    /lib/x86_64-linux-gnu/libnss_files-2.19.so
7ff5a0dd7000-7ff5a0dd8000 r--p 00009000 08:02 5249375                    /lib/x86_64-linux-gnu/libnss_files-2.19.so
7ff5a0dd8000-7ff5a0dd9000 rw-p 0000a000 08:02 5249375                    /lib/x86_64-linux-gnu/libnss_files-2.19.so
7ff5a0dd9000-7ff5a0de4000 r-xp 00000000 08:02 5249367                    /lib/x86_64-linux-gnu/libnss_nis-2.19.so
7ff5a0de4000-7ff5a0fe3000 ---p 0000b000 08:02 5249367                    /lib/x86_64-linux-gnu/libnss_nis-2.19.so
7ff5a0fe3000-7ff5a0fe4000 r--p 0000a000 08:02 5249367                    /lib/x86_64-linux-gnu/libnss_nis-2.19.so
7ff5a0fe4000-7ff5a0fe5000 rw-p 0000b000 08:02 5249367                    /lib/x86_64-linux-gnu/libnss_nis-2.19.so
7ff5a0fe5000-7ff5a0ffc000 r-xp 00000000 08:02 5249363                    /lib/x86_64-linux-gnu/libnsl-2.19.so
7ff5a0ffc000-7ff5a11fb000 ---p 00017000 08:02 5249363                    /lib/x86_64-linux-gnu/libnsl-2.19.so
7ff5a11fb000-7ff5a11fc000 r--p 00016000 08:02 5249363                    /lib/x86_64-linux-gnu/libnsl-2.19.so
7ff5a11fc000-7ff5a11fd000 rw-p 00017000 08:02 5249363                    /lib/x86_64-linux-gnu/libnsl-2.19.so
7ff5a11fd000-7ff5a11ff000 rw-p 00000000 00:00 0 
7ff5a11ff000-7ff5a1208000 r-xp 00000000 08:02 5249362                    /lib/x86_64-linux-gnu/libnss_compat-2.19.so
7ff5a1208000-7ff5a1407000 ---p 00009000 08:02 5249362                    /lib/x86_64-linux-gnu/libnss_compat-2.19.so
7ff5a1407000-7ff5a1408000 r--p 00008000 08:02 5249362                    /lib/x86_64-linux-gnu/libnss_compat-2.19.so
7ff5a1408000-7ff5a1409000 rw-p 00009000 08:02 5249362                    /lib/x86_64-linux-gnu/libnss_compat-2.19.so
7ff5a1409000-7ff5a1434000 r-xp 00000000 08:02 4204815                    /opt/jdk1.8.0_121/jre/lib/amd64/libjava.so
7ff5a1434000-7ff5a1633000 ---p 0002b000 08:02 4204815                    /opt/jdk1.8.0_121/jre/lib/amd64/libjava.so
7ff5a1633000-7ff5a1635000 rw-p 0002a000 08:02 4204815                    /opt/jdk1.8.0_121/jre/lib/amd64/libjava.so
7ff5a1635000-7ff5a1642000 r-xp 00000000 08:02 4204766                    /opt/jdk1.8.0_121/jre/lib/amd64/libverify.so
7ff5a1642000-7ff5a1841000 ---p 0000d000 08:02 4204766                    /opt/jdk1.8.0_121/jre/lib/amd64/libverify.so
7ff5a1841000-7ff5a1843000 rw-p 0000c000 08:02 4204766                    /opt/jdk1.8.0_121/jre/lib/amd64/libverify.so
7ff5a1843000-7ff5a184a000 r-xp 00000000 08:02 5249371                    /lib/x86_64-linux-gnu/librt-2.19.so
7ff5a184a000-7ff5a1a49000 ---p 00007000 08:02 5249371                    /lib/x86_64-linux-gnu/librt-2.19.so
7ff5a1a49000-7ff5a1a4a000 r--p 00006000 08:02 5249371                    /lib/x86_64-linux-gnu/librt-2.19.so
7ff5a1a4a000-7ff5a1a4b000 rw-p 00007000 08:02 5249371                    /lib/x86_64-linux-gnu/librt-2.19.so
7ff5a1a4b000-7ff5a1b50000 r-xp 00000000 08:02 5249348                    /lib/x86_64-linux-gnu/libm-2.19.so
7ff5a1b50000-7ff5a1d4f000 ---p 00105000 08:02 5249348                    /lib/x86_64-linux-gnu/libm-2.19.so
7ff5a1d4f000-7ff5a1d50000 r--p 00104000 08:02 5249348                    /lib/x86_64-linux-gnu/libm-2.19.so
7ff5a1d50000-7ff5a1d51000 rw-p 00105000 08:02 5249348                    /lib/x86_64-linux-gnu/libm-2.19.so
7ff5a1d51000-7ff5a2a1f000 r-xp 00000000 08:02 4204819                    /opt/jdk1.8.0_121/jre/lib/amd64/server/libjvm.so
7ff5a2a1f000-7ff5a2c1f000 ---p 00cce000 08:02 4204819                    /opt/jdk1.8.0_121/jre/lib/amd64/server/libjvm.so
7ff5a2c1f000-7ff5a2cf8000 rw-p 00cce000 08:02 4204819                    /opt/jdk1.8.0_121/jre/lib/amd64/server/libjvm.so
7ff5a2cf8000-7ff5a2d43000 rw-p 00000000 00:00 0 
7ff5a2d43000-7ff5a2efd000 r-xp 00000000 08:02 5249372                    /lib/x86_64-linux-gnu/libc-2.19.so
7ff5a2efd000-7ff5a30fd000 ---p 001ba000 08:02 5249372                    /lib/x86_64-linux-gnu/libc-2.19.so
7ff5a30fd000-7ff5a3101000 r--p 001ba000 08:02 5249372                    /lib/x86_64-linux-gnu/libc-2.19.so
7ff5a3101000-7ff5a3103000 rw-p 001be000 08:02 5249372                    /lib/x86_64-linux-gnu/libc-2.19.so
7ff5a3103000-7ff5a3108000 rw-p 00000000 00:00 0 
7ff5a3108000-7ff5a310b000 r-xp 00000000 08:02 5249352                    /lib/x86_64-linux-gnu/libdl-2.19.so
7ff5a310b000-7ff5a330a000 ---p 00003000 08:02 5249352                    /lib/x86_64-linux-gnu/libdl-2.19.so
7ff5a330a000-7ff5a330b000 r--p 00002000 08:02 5249352                    /lib/x86_64-linux-gnu/libdl-2.19.so
7ff5a330b000-7ff5a330c000 rw-p 00003000 08:02 5249352                    /lib/x86_64-linux-gnu/libdl-2.19.so
7ff5a330c000-7ff5a3321000 r-xp 00000000 08:02 4203965                    /opt/jdk1.8.0_121/lib/amd64/jli/libjli.so
7ff5a3321000-7ff5a3521000 ---p 00015000 08:02 4203965                    /opt/jdk1.8.0_121/lib/amd64/jli/libjli.so
7ff5a3521000-7ff5a3522000 rw-p 00015000 08:02 4203965                    /opt/jdk1.8.0_121/lib/amd64/jli/libjli.so
7ff5a3522000-7ff5a353b000 r-xp 00000000 08:02 5249364                    /lib/x86_64-linux-gnu/libpthread-2.19.so
7ff5a353b000-7ff5a373a000 ---p 00019000 08:02 5249364                    /lib/x86_64-linux-gnu/libpthread-2.19.so
7ff5a373a000-7ff5a373b000 r--p 00018000 08:02 5249364                    /lib/x86_64-linux-gnu/libpthread-2.19.so
7ff5a373b000-7ff5a373c000 rw-p 00019000 08:02 5249364                    /lib/x86_64-linux-gnu/libpthread-2.19.so
7ff5a373c000-7ff5a3740000 rw-p 00000000 00:00 0 
7ff5a3740000-7ff5a3763000 r-xp 00000000 08:02 5249365                    /lib/x86_64-linux-gnu/ld-2.19.so
7ff5a3837000-7ff5a383a000 ---p 00000000 00:00 0 
7ff5a383a000-7ff5a393c000 rw-p 00000000 00:00 0                          [stack:3854]
7ff5a3953000-7ff5a3956000 rw-p 00000000 00:00 0 
7ff5a3956000-7ff5a395e000 rw-s 00000000 08:02 4063522                    /tmp/hsperfdata_root/3853
7ff5a395e000-7ff5a395f000 rw-p 00000000 00:00 0 
7ff5a395f000-7ff5a3960000 r--p 00000000 00:00 0 
7ff5a3960000-7ff5a3962000 rw-p 00000000 00:00 0 
7ff5a3962000-7ff5a3963000 r--p 00022000 08:02 5249365                    /lib/x86_64-linux-gnu/ld-2.19.so
7ff5a3963000-7ff5a3964000 rw-p 00023000 08:02 5249365                    /lib/x86_64-linux-gnu/ld-2.19.so
7ff5a3964000-7ff5a3965000 rw-p 00000000 00:00 0 
7fffda1a7000-7fffda1c9000 rw-p 00000000 00:00 0                          [stack]
7fffda1ec000-7fffda1ee000 r--p 00000000 00:00 0                          [vvar]
7fffda1ee000-7fffda1f0000 r-xp 00000000 00:00 0                          [vdso]
ffffffffff600000-ffffffffff601000 r-xp 00000000 00:00 0                  [vsyscall]

VM Arguments:
jvm_args: -Xmx4g -Xms4g 
java_command: /opt/joern/bin/joern.jar /usr/info/code/cpp/LogMonitor/LogMonitor/second/download/CMake/CMake-old-new-joern/
java_class_path (initial): /opt/joern/bin/joern.jar
Launcher Type: SUN_STANDARD

Environment Variables:
CLASSPATH=.:/opt/gumtree/gumtree/dist/build/distributions/gumtree-20170703-2.1.0-SNAPSHOT/lib/*:/usr/info/code/cpp/LogMonitor/LogMonitor/java/*
PATH=/opt/llvm-build/bin:/opt/anaconda2/bin:/usr/local/sbin:/usr/local/bin:/usr/sbin:/usr/bin:/sbin:/bin:/usr/games:/usr/local/games
USERNAME=sarah
SHELL=/bin/bash
DISPLAY=:0

Signal Handlers:
SIGSEGV: [libjvm.so+0xac78c0], sa_mask[0]=11111111011111111101111111111110, sa_flags=SA_RESTART|SA_SIGINFO
SIGBUS: [libjvm.so+0xac78c0], sa_mask[0]=11111111011111111101111111111110, sa_flags=SA_RESTART|SA_SIGINFO
SIGFPE: [libjvm.so+0x920ac0], sa_mask[0]=11111111011111111101111111111110, sa_flags=SA_RESTART|SA_SIGINFO
SIGPIPE: [libjvm.so+0x920ac0], sa_mask[0]=11111111011111111101111111111110, sa_flags=SA_RESTART|SA_SIGINFO
SIGXFSZ: [libjvm.so+0x920ac0], sa_mask[0]=11111111011111111101111111111110, sa_flags=SA_RESTART|SA_SIGINFO
SIGILL: [libjvm.so+0x920ac0], sa_mask[0]=11111111011111111101111111111110, sa_flags=SA_RESTART|SA_SIGINFO
SIGUSR1: SIG_DFL, sa_mask[0]=00000000000000000000000000000000, sa_flags=none
SIGUSR2: [libjvm.so+0x922300], sa_mask[0]=00000000000000000000000000000000, sa_flags=SA_RESTART|SA_SIGINFO
SIGHUP: SIG_DFL, sa_mask[0]=00000000000000000000000000000000, sa_flags=none
SIGINT: SIG_DFL, sa_mask[0]=00000000000000000000000000000000, sa_flags=none
SIGTERM: SIG_DFL, sa_mask[0]=00000000000000000000000000000000, sa_flags=none
SIGQUIT: SIG_DFL, sa_mask[0]=00000000000000000000000000000000, sa_flags=none


---------------  S Y S T E M  ---------------

OS:DISTRIB_ID=LinuxMint
DISTRIB_RELEASE=17.3
DISTRIB_CODENAME=rosa
DISTRIB_DESCRIPTION="Linux Mint 17.3 Rosa"

uname:Linux 3.19.0-32-generic #37~14.04.1-Ubuntu SMP Thu Oct 22 09:41:40 UTC 2015 x86_64
libc:glibc 2.19 NPTL 2.19 
rlimit: STACK 8192k, CORE 0k, NPROC 30734, NOFILE 40000, AS infinity
load average:0.23 0.91 1.13

/proc/meminfo:
MemTotal:        8106964 kB
MemFree:         1241504 kB
MemAvailable:    1439192 kB
Buffers:           36892 kB
Cached:           317088 kB
SwapCached:       108556 kB
Active:          5090532 kB
Inactive:        1433600 kB
Active(anon):    4990644 kB
Inactive(anon):  1207748 kB
Active(file):      99888 kB
Inactive(file):   225852 kB
Unevictable:         232 kB
Mlocked:             232 kB
SwapTotal:       8317948 kB
SwapFree:         597504 kB
Dirty:               576 kB
Writeback:             0 kB
AnonPages:       6064912 kB
Mapped:           285660 kB
Shmem:             28240 kB
Slab:             124448 kB
SReclaimable:      81780 kB
SUnreclaim:        42668 kB
KernelStack:       10384 kB
PageTables:        69432 kB
NFS_Unstable:          0 kB
Bounce:                0 kB
WritebackTmp:          0 kB
CommitLimit:    12371428 kB
Committed_AS:   19789512 kB
VmallocTotal:   34359738367 kB
VmallocUsed:      122624 kB
VmallocChunk:   34359612540 kB
HardwareCorrupted:     0 kB
AnonHugePages:   1744896 kB
CmaTotal:              0 kB
CmaFree:               0 kB
HugePages_Total:       0
HugePages_Free:        0
HugePages_Rsvd:        0
HugePages_Surp:        0
Hugepagesize:       2048 kB
DirectMap4k:      309828 kB
DirectMap2M:     8009728 kB
DirectMap1G:     1048576 kB


CPU:total 4 (4 cores per cpu, 1 threads per core) family 6 model 60 stepping 3, cmov, cx8, fxsr, mmx, sse, sse2, sse3, ssse3, sse4.1, sse4.2, popcnt, avx, avx2, aes, clmul, erms, lzcnt, tsc, tscinvbit, bmi1, bmi2

/proc/cpuinfo:
processor	: 0
vendor_id	: GenuineIntel
cpu family	: 6
model		: 60
model name	: Intel(R) Core(TM) i5-4590 CPU @ 3.30GHz
stepping	: 3
microcode	: 0x1d
cpu MHz		: 3300.000
cache size	: 6144 KB
physical id	: 0
siblings	: 4
core id		: 0
cpu cores	: 4
apicid		: 0
initial apicid	: 0
fpu		: yes
fpu_exception	: yes
cpuid level	: 13
wp		: yes
flags		: fpu vme de pse tsc msr pae mce cx8 apic sep mtrr pge mca cmov pat pse36 clflush dts acpi mmx fxsr sse sse2 ss ht tm pbe syscall nx pdpe1gb rdtscp lm constant_tsc arch_perfmon pebs bts rep_good nopl xtopology nonstop_tsc aperfmperf eagerfpu pni pclmulqdq dtes64 monitor ds_cpl vmx smx est tm2 ssse3 fma cx16 xtpr pdcm pcid sse4_1 sse4_2 x2apic movbe popcnt tsc_deadline_timer aes xsave avx f16c rdrand lahf_lm abm ida arat epb pln pts dtherm tpr_shadow vnmi flexpriority ept vpid fsgsbase tsc_adjust bmi1 avx2 smep bmi2 erms invpcid xsaveopt
bugs		:
bogomips	: 6585.16
clflush size	: 64
cache_alignment	: 64
address sizes	: 39 bits physical, 48 bits virtual
power management:

processor	: 1
vendor_id	: GenuineIntel
cpu family	: 6
model		: 60
model name	: Intel(R) Core(TM) i5-4590 CPU @ 3.30GHz
stepping	: 3
microcode	: 0x1d
cpu MHz		: 3300.000
cache size	: 6144 KB
physical id	: 0
siblings	: 4
core id		: 1
cpu cores	: 4
apicid		: 2
initial apicid	: 2
fpu		: yes
fpu_exception	: yes
cpuid level	: 13
wp		: yes
flags		: fpu vme de pse tsc msr pae mce cx8 apic sep mtrr pge mca cmov pat pse36 clflush dts acpi mmx fxsr sse sse2 ss ht tm pbe syscall nx pdpe1gb rdtscp lm constant_tsc arch_perfmon pebs bts rep_good nopl xtopology nonstop_tsc aperfmperf eagerfpu pni pclmulqdq dtes64 monitor ds_cpl vmx smx est tm2 ssse3 fma cx16 xtpr pdcm pcid sse4_1 sse4_2 x2apic movbe popcnt tsc_deadline_timer aes xsave avx f16c rdrand lahf_lm abm ida arat epb pln pts dtherm tpr_shadow vnmi flexpriority ept vpid fsgsbase tsc_adjust bmi1 avx2 smep bmi2 erms invpcid xsaveopt
bugs		:
bogomips	: 6585.16
clflush size	: 64
cache_alignment	: 64
address sizes	: 39 bits physical, 48 bits virtual
power management:

processor	: 2
vendor_id	: GenuineIntel
cpu family	: 6
model		: 60
model name	: Intel(R) Core(TM) i5-4590 CPU @ 3.30GHz
stepping	: 3
microcode	: 0x1d
cpu MHz		: 3300.000
cache size	: 6144 KB
physical id	: 0
siblings	: 4
core id		: 2
cpu cores	: 4
apicid		: 4
initial apicid	: 4
fpu		: yes
fpu_exception	: yes
cpuid level	: 13
wp		: yes
flags		: fpu vme de pse tsc msr pae mce cx8 apic sep mtrr pge mca cmov pat pse36 clflush dts acpi mmx fxsr sse sse2 ss ht tm pbe syscall nx pdpe1gb rdtscp lm constant_tsc arch_perfmon pebs bts rep_good nopl xtopology nonstop_tsc aperfmperf eagerfpu pni pclmulqdq dtes64 monitor ds_cpl vmx smx est tm2 ssse3 fma cx16 xtpr pdcm pcid sse4_1 sse4_2 x2apic movbe popcnt tsc_deadline_timer aes xsave avx f16c rdrand lahf_lm abm ida arat epb pln pts dtherm tpr_shadow vnmi flexpriority ept vpid fsgsbase tsc_adjust bmi1 avx2 smep bmi2 erms invpcid xsaveopt
bugs		:
bogomips	: 6585.16
clflush size	: 64
cache_alignment	: 64
address sizes	: 39 bits physical, 48 bits virtual
power management:

processor	: 3
vendor_id	: GenuineIntel
cpu family	: 6
model		: 60
model name	: Intel(R) Core(TM) i5-4590 CPU @ 3.30GHz
stepping	: 3
microcode	: 0x1d
cpu MHz		: 3401.449
cache size	: 6144 KB
physical id	: 0
siblings	: 4
core id		: 3
cpu cores	: 4
apicid		: 6
initial apicid	: 6
fpu		: yes
fpu_exception	: yes
cpuid level	: 13
wp		: yes
flags		: fpu vme de pse tsc msr pae mce cx8 apic sep mtrr pge mca cmov pat pse36 clflush dts acpi mmx fxsr sse sse2 ss ht tm pbe syscall nx pdpe1gb rdtscp lm constant_tsc arch_perfmon pebs bts rep_good nopl xtopology nonstop_tsc aperfmperf eagerfpu pni pclmulqdq dtes64 monitor ds_cpl vmx smx est tm2 ssse3 fma cx16 xtpr pdcm pcid sse4_1 sse4_2 x2apic movbe popcnt tsc_deadline_timer aes xsave avx f16c rdrand lahf_lm abm ida arat epb pln pts dtherm tpr_shadow vnmi flexpriority ept vpid fsgsbase tsc_adjust bmi1 avx2 smep bmi2 erms invpcid xsaveopt
bugs		:
bogomips	: 6585.16
clflush size	: 64
cache_alignment	: 64
address sizes	: 39 bits physical, 48 bits virtual
power management:



Memory: 4k page, physical 8106964k(1241504k free), swap 8317948k(597504k free)

vm_info: Java HotSpot(TM) 64-Bit Server VM (25.121-b13) for linux-amd64 JRE (1.8.0_121-b13), built on Dec 12 2016 16:36:53 by "java_re" with gcc 4.3.0 20080428 (Red Hat 4.3.0-8)

time: Fri Aug 25 17:50:47 2017
elapsed time: 0 seconds (0d 0h 0m 0s)

