This file contains any messages produced by compilers while
running configure, to aid debugging if configure makes a mistake.

configure:566: checking for a BSD compatible install
configure:619: checking whether build environment is sane
configure:676: checking whether make sets ${MAKE}
configure:722: checking for working aclocal
configure:735: checking for working autoconf
configure:748: checking for working automake
configure:761: checking for working autoheader
configure:774: checking for working makeinfo
configure:796: checking for mawk
configure:827: checking for gcc
configure:904: checking whether the C compiler (gcc  ) works
configure:918: gcc -o conftest    conftest.c  1>&5
configure:938: checking whether the C compiler (gcc  ) is a cross-compiler
configure:943: checking whether we are using GNU C
configure:952: gcc -E conftest.c
configure:967: checking whether gcc accepts -g
configure:1005: checking for a BSD compatible install
configure:1057: checking for ranlib
configure:1088: checking whether large file support needs explicit enabling
configure:1119: checking how to run the C preprocessor
configure:1140: gcc -E  conftest.c >/dev/null 2>conftest.out
configure:1180: checking for ANSI C header files
configure:1193: gcc -E  conftest.c >/dev/null 2>conftest.out
configure:1260: gcc -o conftest -g -O2   conftest.c  1>&5
configure: In function 'main':
configure:1255:67: warning: incompatible implicit declaration of built-in function 'exit' [enabled by default]
 if (XOR (islower (i), ISLOWER (i)) || toupper (i) != TOUPPER (i)) exit(2);
                                                                   ^
configure:1284: checking for size_t
configure:1317: checking for working const
configure:1371: gcc -c -g -O2  conftest.c 1>&5
configure:1393: checking for ANSI C header files
configure:1500: checking for string.h
configure:1510: gcc -E  conftest.c >/dev/null 2>conftest.out
configure:1500: checking for stdlib.h
configure:1510: gcc -E  conftest.c >/dev/null 2>conftest.out
configure:1500: checking for sys/param.h
configure:1510: gcc -E  conftest.c >/dev/null 2>conftest.out
configure:1500: checking for memory.h
configure:1510: gcc -E  conftest.c >/dev/null 2>conftest.out
configure:1500: checking for unistd.h
configure:1510: gcc -E  conftest.c >/dev/null 2>conftest.out
configure:1500: checking for libintl.h
configure:1510: gcc -E  conftest.c >/dev/null 2>conftest.out
configure:1540: checking for wctype.h
configure:1550: gcc -E  conftest.c >/dev/null 2>conftest.out
configure:1540: checking for wchar.h
configure:1550: gcc -E  conftest.c >/dev/null 2>conftest.out
configure:1578: checking whether stat file-mode macros are broken
configure:1637: checking for working alloca.h
configure:1649: gcc -o conftest -g -O2   conftest.c  1>&5
configure:1670: checking for alloca
configure:1698: gcc -o conftest -g -O2   conftest.c  1>&5
configure:1867: checking for unistd.h
configure:1906: checking for getpagesize
configure:1934: gcc -o conftest -g -O2   conftest.c  1>&5
configure:1959: checking for working mmap
configure:2107: gcc -o conftest -g -O2   conftest.c  1>&5
configure:2038:7: warning: conflicting types for built-in function 'malloc' [enabled by default]
 char *malloc();
       ^
configure: In function 'main':
configure:2055:3: warning: incompatible implicit declaration of built-in function 'exit' [enabled by default]
   exit(1);
   ^
configure:2077:24: warning: cast from pointer to integer of different size [-Wpointer-to-int-cast]
  data2 += (pagesize - ((int) data2 & (pagesize - 1))) & (pagesize - 1);
                        ^
configure:2132: checking for strerror
configure:2160: gcc -o conftest -g -O2   conftest.c  1>&5
configure:2132: checking for valloc
configure:2160: gcc -o conftest -g -O2   conftest.c  1>&5
configure:2132: checking for isascii
configure:2160: gcc -o conftest -g -O2   conftest.c  1>&5
configure:2144:6: warning: conflicting types for built-in function 'isascii' [enabled by default]
 char $ac_func();
      ^
configure:2187: checking for memchr
configure:2215: gcc -o conftest -g -O2   conftest.c  1>&5
configure:2199:6: warning: conflicting types for built-in function 'memchr' [enabled by default]
 char $ac_func();
      ^
configure:2242: checking for wctype in -lw
configure:2261: gcc -o conftest -g -O2   conftest.c -lw   1>&5
/usr/bin/ld: cannot find -lw
collect2: error: ld returned 1 exit status
configure: failed program was:
#line 2250 "configure"
#include "confdefs.h"
/* Override any gcc2 internal prototype to avoid an error.  */
/* We use char because int might match the return type of a gcc2
    builtin and then its argument prototype would still apply.  */
char wctype();

int main() {
wctype()
; return 0; }
configure:2285: checking for btowc
configure:2313: gcc -o conftest -g -O2   conftest.c  1>&5
configure:2343: checking for POSIXized ISC
configure:2364: checking for inline
configure:2378: gcc -c -g -O2  conftest.c 1>&5
configure:2404: checking for off_t
configure:2442: checking for argz.h
configure:2452: gcc -E  conftest.c >/dev/null 2>conftest.out
configure:2442: checking for limits.h
configure:2452: gcc -E  conftest.c >/dev/null 2>conftest.out
configure:2442: checking for locale.h
configure:2452: gcc -E  conftest.c >/dev/null 2>conftest.out
configure:2442: checking for nl_types.h
configure:2452: gcc -E  conftest.c >/dev/null 2>conftest.out
configure:2442: checking for malloc.h
configure:2452: gcc -E  conftest.c >/dev/null 2>conftest.out
configure:2442: checking for string.h
configure:2442: checking for unistd.h
configure:2442: checking for values.h
configure:2452: gcc -E  conftest.c >/dev/null 2>conftest.out
configure:2442: checking for sys/param.h
configure:2482: checking for getcwd
configure:2510: gcc -o conftest -g -O2   conftest.c  1>&5
configure:2482: checking for munmap
configure:2510: gcc -o conftest -g -O2   conftest.c  1>&5
configure:2482: checking for putenv
configure:2510: gcc -o conftest -g -O2   conftest.c  1>&5
configure:2482: checking for setenv
configure:2510: gcc -o conftest -g -O2   conftest.c  1>&5
configure:2482: checking for setlocale
configure:2510: gcc -o conftest -g -O2   conftest.c  1>&5
configure:2482: checking for strchr
configure:2510: gcc -o conftest -g -O2   conftest.c  1>&5
configure:2494:6: warning: conflicting types for built-in function 'strchr' [enabled by default]
 char $ac_func();
      ^
configure:2482: checking for strcasecmp
configure:2510: gcc -o conftest -g -O2   conftest.c  1>&5
configure:2494:6: warning: conflicting types for built-in function 'strcasecmp' [enabled by default]
 char $ac_func();
      ^
configure:2482: checking for __argz_count
configure:2510: gcc -o conftest -g -O2   conftest.c  1>&5
configure:2482: checking for __argz_stringify
configure:2510: gcc -o conftest -g -O2   conftest.c  1>&5
configure:2482: checking for __argz_next
configure:2510: gcc -o conftest -g -O2   conftest.c  1>&5
configure:2539: checking for stpcpy
configure:2567: gcc -o conftest -g -O2   conftest.c  1>&5
configure:2551:6: warning: conflicting types for built-in function 'stpcpy' [enabled by default]
 char $ac_func();
      ^
configure:2601: checking for LC_MESSAGES
configure:2613: gcc -o conftest -g -O2   conftest.c  1>&5
configure:2634: checking whether NLS is requested
configure:2654: checking whether included gettext is requested
configure:2673: checking for libintl.h
configure:2700: checking for gettext in libc
configure:2712: gcc -o conftest -g -O2   conftest.c  1>&5
configure: In function 'main':
configure:2708:8: warning: cast from pointer to integer of different size [-Wpointer-to-int-cast]
 return (int) gettext ("")
        ^
configure:2803: checking for msgfmt
configure:2837: checking for dcgettext
configure:2865: gcc -o conftest -g -O2   conftest.c  1>&5
configure:2849:6: warning: conflicting types for built-in function 'dcgettext' [enabled by default]
 char $ac_func();
      ^
configure:2892: checking for gmsgfmt
configure:2924: checking for xgettext
configure:2964: gcc -o conftest -g -O2   conftest.c  1>&5
configure:3407: checking for catalogs to be installed
